<?xml version="1.0" encoding="UTF-8"?>
<testsuites name="TS01_TechnofestAdmin" time="830.41" tests="83" failures="10" errors="0">
   <testsuite name="TS01_TechnofestAdmin" tests="83" failures="10" errors="0" time="830.41" skipped="0" timestamp="2023-02-10 12:12:23" hostname="GA502GU - DESKTOP-O2JTDS3" id="Test Suites/TS01_TechnofestAdmin">
      <properties>
         <property name="deviceName" value=""/>
         <property name="devicePlatform" value=""/>
         <property name="logFolder" value="C:\\Users\\GA502GU\\Katalon Studio\\TechnofestAdmin5\\Reports\\20230210_121214\\TS01_TechnofestAdmin\\20230210_121214"/>
         <property name="logFiles" value="C:\\Users\\GA502GU\\Katalon Studio\\TechnofestAdmin5\\Reports\\20230210_121214\\TS01_TechnofestAdmin\\20230210_121214\\execution0.log"/>
         <property name="attachments" value="C:\\Users\\GA502GU\\Katalon Studio\\TechnofestAdmin5\\Reports\\20230210_121214\\TS01_TechnofestAdmin\\20230210_121214\\1676005998571.png, C:\\Users\\GA502GU\\Katalon Studio\\TechnofestAdmin5\\Reports\\20230210_121214\\TS01_TechnofestAdmin\\20230210_121214\\1676006173856.png, C:\\Users\\GA502GU\\Katalon Studio\\TechnofestAdmin5\\Reports\\20230210_121214\\TS01_TechnofestAdmin\\20230210_121214\\1676006317583.png, C:\\Users\\GA502GU\\Katalon Studio\\TechnofestAdmin5\\Reports\\20230210_121214\\TS01_TechnofestAdmin\\20230210_121214\\1676006481571.png, C:\\Users\\GA502GU\\Katalon Studio\\TechnofestAdmin5\\Reports\\20230210_121214\\TS01_TechnofestAdmin\\20230210_121214\\1676006591786.png, C:\\Users\\GA502GU\\Katalon Studio\\TechnofestAdmin5\\Reports\\20230210_121214\\TS01_TechnofestAdmin\\20230210_121214\\1676006645556.png, C:\\Users\\GA502GU\\Katalon Studio\\TechnofestAdmin5\\Reports\\20230210_121214\\TS01_TechnofestAdmin\\20230210_121214\\1676006711395.png"/>
         <property name="hostName" value="GA502GU - DESKTOP-O2JTDS3"/>
         <property name="os" value="Windows 10 64bit"/>
         <property name="katalonVersion" value="8.5.5.208"/>
         <property name="browser" value="Chrome 110.0.0.0"/>
         <property name="hostAddress" value="192.168.1.5"/>
         <property name="sessionId" value="3890c6da2bec318820792e0c7fca5527"/>
         <property name="seleniumVersion" value="3.141.59"/>
         <property name="proxyInformation" value="ProxyInformation { proxyOption=NO_PROXY, proxyServerType=HTTP, username=, password=********, proxyServerAddress=, proxyServerPort=0, executionList=&quot;&quot;, isApplyToDesiredCapabilities=true }"/>
         <property name="platform" value="Windows 10"/>
      </properties>
      <testcase name="Test Cases/Auth/TC01-04_Login" time="40.457" classname="Test Cases/Auth/TC01-04_Login" status="PASSED">
         <system-out><![CDATA[2023-02-10 12:12:24 - [TEST_CASE][PASSED] - Test Cases/Auth/TC01-04_Login: Test Cases/Auth/TC01-04_Login

2023-02-10 12:12:25 - [TEST_STEP][PASSED] - openBrowser(""): Browser is opened with url: ''

2023-02-10 12:12:26 - [MESSAGE][INFO] - Starting 'Chrome' driver

2023-02-10 12:12:27 - [MESSAGE][INFO] - Action delay is set to 0 milliseconds

2023-02-10 12:12:31 - [MESSAGE][PASSED] - Browser is opened with url: ''

2023-02-10 12:12:31 - [TEST_STEP][PASSED] - navigateToUrl("https://technofest.stiki.ac.id/"): Navigate to 'https://technofest.stiki.ac.id/' successfully

2023-02-10 12:12:43 - [MESSAGE][PASSED] - Navigate to 'https://technofest.stiki.ac.id/' successfully

2023-02-10 12:12:43 - [TEST_STEP][PASSED] - maximizeWindow(): Current window maximized

2023-02-10 12:12:43 - [MESSAGE][PASSED] - Current window maximized

2023-02-10 12:12:43 - [TEST_STEP][PASSED] - for ([i = 1, i <= 4, (i++)]): Object: 'Object Repository/Auth/Login button' is clicked on

2023-02-10 12:12:43 - [TEST_STEP][PASSED] - navigateToUrl("https://technofest.stiki.ac.id/en/login"): Navigate to 'https://technofest.stiki.ac.id/en/login' successfully

2023-02-10 12:12:44 - [MESSAGE][PASSED] - Navigate to 'https://technofest.stiki.ac.id/en/login' successfully

2023-02-10 12:12:44 - [TEST_STEP][PASSED] - setText(findTestObject("Auth/Email"), findTestData("Data Login").getValue(1, i)): Text 'adminaja@technofest.stiki.ac.id' is set on object 'Object Repository/Auth/Email'

2023-02-10 12:12:46 - [MESSAGE][PASSED] - Text 'adminaja@technofest.stiki.ac.id' is set on object 'Object Repository/Auth/Email'

2023-02-10 12:12:46 - [TEST_STEP][PASSED] - setText(findTestObject("Auth/Password"), findTestData("Data Login").getValue(2, i)): Text 'technofest123!' is set on object 'Object Repository/Auth/Password'

2023-02-10 12:12:47 - [MESSAGE][PASSED] - Text 'technofest123!' is set on object 'Object Repository/Auth/Password'

2023-02-10 12:12:47 - [TEST_STEP][PASSED] - click(findTestObject("Auth/Login button")): Object: 'Object Repository/Auth/Login button' is clicked on

2023-02-10 12:12:49 - [MESSAGE][PASSED] - Object: 'Object Repository/Auth/Login button' is clicked on

2023-02-10 12:12:49 - [TEST_STEP][PASSED] - navigateToUrl("https://technofest.stiki.ac.id/en/login"): Navigate to 'https://technofest.stiki.ac.id/en/login' successfully

2023-02-10 12:12:49 - [MESSAGE][PASSED] - Navigate to 'https://technofest.stiki.ac.id/en/login' successfully

2023-02-10 12:12:49 - [TEST_STEP][PASSED] - setText(findTestObject("Auth/Email"), findTestData("Data Login").getValue(1, i)): Text 'superadmin@technofest.stiki.ac.id' is set on object 'Object Repository/Auth/Email'

2023-02-10 12:12:51 - [MESSAGE][PASSED] - Text 'superadmin@technofest.stiki.ac.id' is set on object 'Object Repository/Auth/Email'

2023-02-10 12:12:51 - [TEST_STEP][PASSED] - setText(findTestObject("Auth/Password"), findTestData("Data Login").getValue(2, i)): Text 'technofest999' is set on object 'Object Repository/Auth/Password'

2023-02-10 12:12:52 - [MESSAGE][PASSED] - Text 'technofest999' is set on object 'Object Repository/Auth/Password'

2023-02-10 12:12:52 - [TEST_STEP][PASSED] - click(findTestObject("Auth/Login button")): Object: 'Object Repository/Auth/Login button' is clicked on

2023-02-10 12:12:53 - [MESSAGE][PASSED] - Object: 'Object Repository/Auth/Login button' is clicked on

2023-02-10 12:12:53 - [TEST_STEP][PASSED] - navigateToUrl("https://technofest.stiki.ac.id/en/login"): Navigate to 'https://technofest.stiki.ac.id/en/login' successfully

2023-02-10 12:12:54 - [MESSAGE][PASSED] - Navigate to 'https://technofest.stiki.ac.id/en/login' successfully

2023-02-10 12:12:54 - [TEST_STEP][PASSED] - setText(findTestObject("Auth/Email"), findTestData("Data Login").getValue(1, i)): Text 'adminaja@technofest.stiki.ac.id' is set on object 'Object Repository/Auth/Email'

2023-02-10 12:12:55 - [MESSAGE][PASSED] - Text 'adminaja@technofest.stiki.ac.id' is set on object 'Object Repository/Auth/Email'

2023-02-10 12:12:55 - [TEST_STEP][PASSED] - setText(findTestObject("Auth/Password"), findTestData("Data Login").getValue(2, i)): Text 'technofest999' is set on object 'Object Repository/Auth/Password'

2023-02-10 12:12:56 - [MESSAGE][PASSED] - Text 'technofest999' is set on object 'Object Repository/Auth/Password'

2023-02-10 12:12:56 - [TEST_STEP][PASSED] - click(findTestObject("Auth/Login button")): Object: 'Object Repository/Auth/Login button' is clicked on

2023-02-10 12:12:57 - [MESSAGE][PASSED] - Object: 'Object Repository/Auth/Login button' is clicked on

2023-02-10 12:12:57 - [TEST_STEP][PASSED] - navigateToUrl("https://technofest.stiki.ac.id/en/login"): Navigate to 'https://technofest.stiki.ac.id/en/login' successfully

2023-02-10 12:12:57 - [MESSAGE][PASSED] - Navigate to 'https://technofest.stiki.ac.id/en/login' successfully

2023-02-10 12:12:57 - [TEST_STEP][PASSED] - setText(findTestObject("Auth/Email"), findTestData("Data Login").getValue(1, i)): Text 'superadmin@technofest.stiki.ac.id' is set on object 'Object Repository/Auth/Email'

2023-02-10 12:12:59 - [MESSAGE][PASSED] - Text 'superadmin@technofest.stiki.ac.id' is set on object 'Object Repository/Auth/Email'

2023-02-10 12:12:59 - [TEST_STEP][PASSED] - setText(findTestObject("Auth/Password"), findTestData("Data Login").getValue(2, i)): Text 'technofest123!' is set on object 'Object Repository/Auth/Password'

2023-02-10 12:13:00 - [MESSAGE][PASSED] - Text 'technofest123!' is set on object 'Object Repository/Auth/Password'

2023-02-10 12:13:00 - [TEST_STEP][PASSED] - click(findTestObject("Auth/Login button")): Object: 'Object Repository/Auth/Login button' is clicked on

2023-02-10 12:13:03 - [MESSAGE][PASSED] - Object: 'Object Repository/Auth/Login button' is clicked on

2023-02-10 12:13:03 - [TEST_STEP][PASSED] - verifyElementText(findTestObject("Auth/SuperAdmin"), "SuperAdmin"): Actual text and expected text of test object 'Object Repository/Auth/SuperAdmin' are matched.

2023-02-10 12:13:04 - [MESSAGE][PASSED] - Actual text and expected text of test object 'Object Repository/Auth/SuperAdmin' are matched.]]></system-out>
         <system-err><![CDATA[]]></system-err>
      </testcase>
      <testcase name="Test Cases/Dashboard/TC06_View statistik" time="6.091" classname="Test Cases/Dashboard/TC06_View statistik" status="PASSED">
         <system-out><![CDATA[2023-02-10 12:13:04 - [TEST_CASE][PASSED] - Test Cases/Dashboard/TC06_View statistik: Test Cases/Dashboard/TC06_View statistik

2023-02-10 12:13:06 - [TEST_STEP][PASSED] - click(findTestObject("Dashboard/Dashboard")): Object: 'Object Repository/Dashboard/Dashboard' is clicked on

2023-02-10 12:13:07 - [MESSAGE][PASSED] - Object: 'Object Repository/Dashboard/Dashboard' is clicked on

2023-02-10 12:13:07 - [TEST_STEP][PASSED] - verifyElementText(findTestObject("Dashboard/Active Project"), "Active Project"): Actual text and expected text of test object 'Object Repository/Dashboard/Active Project' are matched.

2023-02-10 12:13:08 - [MESSAGE][PASSED] - Actual text and expected text of test object 'Object Repository/Dashboard/Active Project' are matched.

2023-02-10 12:13:08 - [TEST_STEP][PASSED] - verifyElementText(findTestObject("Dashboard/Non-Active Project"), "Non-Active Project"): Actual text and expected text of test object 'Object Repository/Dashboard/Non-Active Project' are matched.

2023-02-10 12:13:09 - [MESSAGE][PASSED] - Actual text and expected text of test object 'Object Repository/Dashboard/Non-Active Project' are matched.

2023-02-10 12:13:09 - [TEST_STEP][PASSED] - verifyElementText(findTestObject("Dashboard/Total Speaker"), "Total Speaker"): Actual text and expected text of test object 'Object Repository/Dashboard/Total Speaker' are matched.

2023-02-10 12:13:09 - [MESSAGE][PASSED] - Actual text and expected text of test object 'Object Repository/Dashboard/Total Speaker' are matched.

2023-02-10 12:13:09 - [TEST_STEP][PASSED] - verifyElementText(findTestObject("Dashboard/Total Agenda"), "Total Agenda"): Actual text and expected text of test object 'Object Repository/Dashboard/Total Agenda' are matched.

2023-02-10 12:13:10 - [MESSAGE][PASSED] - Actual text and expected text of test object 'Object Repository/Dashboard/Total Agenda' are matched.

2023-02-10 12:13:10 - [TEST_STEP][PASSED] - verifyElementText(findTestObject("Dashboard/Project Statistics"), "Project Statistics"): Actual text and expected text of test object 'Object Repository/Dashboard/Project Statistics' are matched.

2023-02-10 12:13:10 - [MESSAGE][PASSED] - Actual text and expected text of test object 'Object Repository/Dashboard/Project Statistics' are matched.]]></system-out>
         <system-err><![CDATA[]]></system-err>
      </testcase>
      <testcase name="Test Cases/Setting/TC07_General setting" time="8.012" classname="Test Cases/Setting/TC07_General setting" status="FAILED">
         <failure type="FAILED" message="Test Cases/Setting/TC07_General setting FAILED.
Reason:
com.kms.katalon.core.exception.StepFailedException: Unable to clear text of object 'Object Repository/Setting/General/About'
	at com.kms.katalon.core.webui.keyword.internal.WebUIKeywordMain.stepFailed(WebUIKeywordMain.groovy:64)
	at com.kms.katalon.core.webui.keyword.internal.WebUIKeywordMain.runKeyword(WebUIKeywordMain.groovy:42)
	at com.kms.katalon.core.webui.keyword.builtin.ClearTextKeyword.clearText(ClearTextKeyword.groovy:61)
	at com.kms.katalon.core.webui.keyword.builtin.ClearTextKeyword.execute(ClearTextKeyword.groovy:34)
	at com.kms.katalon.core.keyword.internal.KeywordExecutor.executeKeywordForPlatform(KeywordExecutor.groovy:74)
	at com.kms.katalon.core.webui.keyword.WebUiBuiltInKeywords.clearText(WebUiBuiltInKeywords.groovy:4903)
	at com.kms.katalon.core.webui.keyword.WebUiBuiltInKeywords$clearText$5.call(Unknown Source)
	at TC07_General setting.run(TC07_General setting:28)
	at com.kms.katalon.core.main.ScriptEngine.run(ScriptEngine.java:194)
	at com.kms.katalon.core.main.ScriptEngine.runScriptAsRawText(ScriptEngine.java:119)
	at com.kms.katalon.core.main.TestCaseExecutor.runScript(TestCaseExecutor.java:448)
	at com.kms.katalon.core.main.TestCaseExecutor.doExecute(TestCaseExecutor.java:439)
	at com.kms.katalon.core.main.TestCaseExecutor.processExecutionPhase(TestCaseExecutor.java:418)
	at com.kms.katalon.core.main.TestCaseExecutor.accessMainPhase(TestCaseExecutor.java:410)
	at com.kms.katalon.core.main.TestCaseExecutor.execute(TestCaseExecutor.java:285)
	at com.kms.katalon.core.common.CommonExecutor.accessTestCaseMainPhase(CommonExecutor.java:65)
	at com.kms.katalon.core.main.TestSuiteExecutor.accessTestSuiteMainPhase(TestSuiteExecutor.java:151)
	at com.kms.katalon.core.main.TestSuiteExecutor.execute(TestSuiteExecutor.java:106)
	at com.kms.katalon.core.main.TestCaseMain.startTestSuite(TestCaseMain.java:185)
	at com.kms.katalon.core.main.TestCaseMain$startTestSuite$0.call(Unknown Source)
	at TempTestSuite1676005934100.run(TempTestSuite1676005934100.groovy:36)
Caused by: org.openqa.selenium.InvalidElementStateException: invalid element state
  (Session info: chrome=110.0.5481.77)
Build info: version: '3.141.59', revision: 'e82be7d358', time: '2018-11-14T08:25:53'
System info: host: 'DESKTOP-O2JTDS3', ip: '192.168.1.5', os.name: 'Windows 10', os.arch: 'amd64', os.version: '10.0', java.version: '1.8.0_282'
Driver info: com.kms.katalon.selenium.driver.CChromeDriver
Capabilities {acceptInsecureCerts: false, browserName: chrome, browserVersion: 110.0.5481.77, chrome: {chromedriverVersion: 109.0.5414.74 (e7c5703604da..., userDataDir: C:\Users\GA502GU\AppData\Lo...}, goog:chromeOptions: {debuggerAddress: localhost:57352}, javascriptEnabled: true, networkConnectionEnabled: false, pageLoadStrategy: normal, platform: WINDOWS, platformName: WINDOWS, proxy: Proxy(), setWindowRect: true, strictFileInteractability: false, timeouts: {implicit: 0, pageLoad: 300000, script: 30000}, unhandledPromptBehavior: dismiss and notify, webauthn:extension:credBlob: true, webauthn:extension:largeBlob: true, webauthn:virtualAuthenticators: true}
Session ID: 3890c6da2bec318820792e0c7fca5527
	at org.openqa.selenium.remote.http.W3CHttpResponseCodec.createException(W3CHttpResponseCodec.java:187)
	at org.openqa.selenium.remote.http.W3CHttpResponseCodec.decode(W3CHttpResponseCodec.java:122)
	at org.openqa.selenium.remote.http.W3CHttpResponseCodec.decode(W3CHttpResponseCodec.java:49)
	at org.openqa.selenium.remote.HttpCommandExecutor.execute(HttpCommandExecutor.java:158)
	at org.openqa.selenium.remote.service.DriverCommandExecutor.execute(DriverCommandExecutor.java:83)
	at org.openqa.selenium.remote.RemoteWebDriver.execute(RemoteWebDriver.java:552)
	at com.kms.katalon.selenium.driver.CChromeDriver.execute(CChromeDriver.java:19)
	at org.openqa.selenium.remote.RemoteWebElement.execute(RemoteWebElement.java:285)
	at org.openqa.selenium.remote.RemoteWebElement.clear(RemoteWebElement.java:124)
	at org.openqa.selenium.support.events.EventFiringWebDriver$EventFiringWebElement.lambda$new$0(EventFiringWebDriver.java:404)
	at com.sun.proxy.$Proxy11.clear(Unknown Source)
	at org.openqa.selenium.support.events.EventFiringWebDriver$EventFiringWebElement.clear(EventFiringWebDriver.java:436)
	at com.kms.katalon.core.webui.keyword.builtin.ClearTextKeyword$_clearText_closure1.doCall(ClearTextKeyword.groovy:46)
	at com.kms.katalon.core.webui.keyword.builtin.ClearTextKeyword$_clearText_closure1.call(ClearTextKeyword.groovy)
	at com.kms.katalon.core.webui.keyword.internal.WebUIKeywordMain.runKeyword(WebUIKeywordMain.groovy:33)
	... 19 more
"/>
         <system-out><![CDATA[2023-02-10 12:13:10 - [TEST_CASE][FAILED] - Test Cases/Setting/TC07_General setting: Test Cases/Setting/TC07_General setting FAILED.
Reason:
com.kms.katalon.core.exception.StepFailedException: Unable to clear text of object 'Object Repository/Setting/General/About'
	at com.kms.katalon.core.webui.keyword.internal.WebUIKeywordMain.stepFailed(WebUIKeywordMain.groovy:64)
	at com.kms.katalon.core.webui.keyword.internal.WebUIKeywordMain.runKeyword(WebUIKeywordMain.groovy:42)
	at com.kms.katalon.core.webui.keyword.builtin.ClearTextKeyword.clearText(ClearTextKeyword.groovy:61)
	at com.kms.katalon.core.webui.keyword.builtin.ClearTextKeyword.execute(ClearTextKeyword.groovy:34)
	at com.kms.katalon.core.keyword.internal.KeywordExecutor.executeKeywordForPlatform(KeywordExecutor.groovy:74)
	at com.kms.katalon.core.webui.keyword.WebUiBuiltInKeywords.clearText(WebUiBuiltInKeywords.groovy:4903)
	at com.kms.katalon.core.webui.keyword.WebUiBuiltInKeywords$clearText$5.call(Unknown Source)
	at TC07_General setting.run(TC07_General setting:28)
	at com.kms.katalon.core.main.ScriptEngine.run(ScriptEngine.java:194)
	at com.kms.katalon.core.main.ScriptEngine.runScriptAsRawText(ScriptEngine.java:119)
	at com.kms.katalon.core.main.TestCaseExecutor.runScript(TestCaseExecutor.java:448)
	at com.kms.katalon.core.main.TestCaseExecutor.doExecute(TestCaseExecutor.java:439)
	at com.kms.katalon.core.main.TestCaseExecutor.processExecutionPhase(TestCaseExecutor.java:418)
	at com.kms.katalon.core.main.TestCaseExecutor.accessMainPhase(TestCaseExecutor.java:410)
	at com.kms.katalon.core.main.TestCaseExecutor.execute(TestCaseExecutor.java:285)
	at com.kms.katalon.core.common.CommonExecutor.accessTestCaseMainPhase(CommonExecutor.java:65)
	at com.kms.katalon.core.main.TestSuiteExecutor.accessTestSuiteMainPhase(TestSuiteExecutor.java:151)
	at com.kms.katalon.core.main.TestSuiteExecutor.execute(TestSuiteExecutor.java:106)
	at com.kms.katalon.core.main.TestCaseMain.startTestSuite(TestCaseMain.java:185)
	at com.kms.katalon.core.main.TestCaseMain$startTestSuite$0.call(Unknown Source)
	at TempTestSuite1676005934100.run(TempTestSuite1676005934100.groovy:36)
Caused by: org.openqa.selenium.InvalidElementStateException: invalid element state
  (Session info: chrome=110.0.5481.77)
Build info: version: '3.141.59', revision: 'e82be7d358', time: '2018-11-14T08:25:53'
System info: host: 'DESKTOP-O2JTDS3', ip: '192.168.1.5', os.name: 'Windows 10', os.arch: 'amd64', os.version: '10.0', java.version: '1.8.0_282'
Driver info: com.kms.katalon.selenium.driver.CChromeDriver
Capabilities {acceptInsecureCerts: false, browserName: chrome, browserVersion: 110.0.5481.77, chrome: {chromedriverVersion: 109.0.5414.74 (e7c5703604da..., userDataDir: C:\Users\GA502GU\AppData\Lo...}, goog:chromeOptions: {debuggerAddress: localhost:57352}, javascriptEnabled: true, networkConnectionEnabled: false, pageLoadStrategy: normal, platform: WINDOWS, platformName: WINDOWS, proxy: Proxy(), setWindowRect: true, strictFileInteractability: false, timeouts: {implicit: 0, pageLoad: 300000, script: 30000}, unhandledPromptBehavior: dismiss and notify, webauthn:extension:credBlob: true, webauthn:extension:largeBlob: true, webauthn:virtualAuthenticators: true}
Session ID: 3890c6da2bec318820792e0c7fca5527
	at org.openqa.selenium.remote.http.W3CHttpResponseCodec.createException(W3CHttpResponseCodec.java:187)
	at org.openqa.selenium.remote.http.W3CHttpResponseCodec.decode(W3CHttpResponseCodec.java:122)
	at org.openqa.selenium.remote.http.W3CHttpResponseCodec.decode(W3CHttpResponseCodec.java:49)
	at org.openqa.selenium.remote.HttpCommandExecutor.execute(HttpCommandExecutor.java:158)
	at org.openqa.selenium.remote.service.DriverCommandExecutor.execute(DriverCommandExecutor.java:83)
	at org.openqa.selenium.remote.RemoteWebDriver.execute(RemoteWebDriver.java:552)
	at com.kms.katalon.selenium.driver.CChromeDriver.execute(CChromeDriver.java:19)
	at org.openqa.selenium.remote.RemoteWebElement.execute(RemoteWebElement.java:285)
	at org.openqa.selenium.remote.RemoteWebElement.clear(RemoteWebElement.java:124)
	at org.openqa.selenium.support.events.EventFiringWebDriver$EventFiringWebElement.lambda$new$0(EventFiringWebDriver.java:404)
	at com.sun.proxy.$Proxy11.clear(Unknown Source)
	at org.openqa.selenium.support.events.EventFiringWebDriver$EventFiringWebElement.clear(EventFiringWebDriver.java:436)
	at com.kms.katalon.core.webui.keyword.builtin.ClearTextKeyword$_clearText_closure1.doCall(ClearTextKeyword.groovy:46)
	at com.kms.katalon.core.webui.keyword.builtin.ClearTextKeyword$_clearText_closure1.call(ClearTextKeyword.groovy)
	at com.kms.katalon.core.webui.keyword.internal.WebUIKeywordMain.runKeyword(WebUIKeywordMain.groovy:33)
	... 19 more


2023-02-10 12:13:12 - [TEST_STEP][PASSED] - click(findTestObject("Setting/General/Setting")): Object: 'Object Repository/Setting/General/Setting' is clicked on

2023-02-10 12:13:13 - [MESSAGE][PASSED] - Object: 'Object Repository/Setting/General/Setting' is clicked on

2023-02-10 12:13:13 - [TEST_STEP][PASSED] - click(findTestObject("Setting/General/General")): Object: 'Object Repository/Setting/General/General' is clicked on

2023-02-10 12:13:16 - [MESSAGE][PASSED] - Object: 'Object Repository/Setting/General/General' is clicked on

2023-02-10 12:13:16 - [TEST_STEP][PASSED] - clearText(findTestObject("Setting/General/Website title")): Text of object 'Object Repository/Setting/General/Website title' is cleared

2023-02-10 12:13:16 - [MESSAGE][PASSED] - Text of object 'Object Repository/Setting/General/Website title' is cleared

2023-02-10 12:13:16 - [TEST_STEP][PASSED] - setText(findTestObject("Setting/General/Website title"), "STIKI TECHNOFEST 6.0"): Text 'STIKI TECHNOFEST 6.0' is set on object 'Object Repository/Setting/General/Website title'

2023-02-10 12:13:17 - [MESSAGE][PASSED] - Text 'STIKI TECHNOFEST 6.0' is set on object 'Object Repository/Setting/General/Website title'

2023-02-10 12:13:17 - [TEST_STEP][FAILED] - clearText(findTestObject("Setting/General/About")): Unable to clear text of object 'Object Repository/Setting/General/About' (Root cause: com.kms.katalon.core.exception.StepFailedException: Unable to clear text of object 'Object Repository/Setting/General/About'
	at com.kms.katalon.core.webui.keyword.internal.WebUIKeywordMain.stepFailed(WebUIKeywordMain.groovy:64)
	at com.kms.katalon.core.webui.keyword.internal.WebUIKeywordMain.runKeyword(WebUIKeywordMain.groovy:42)
	at com.kms.katalon.core.webui.keyword.builtin.ClearTextKeyword.clearText(ClearTextKeyword.groovy:61)
	at com.kms.katalon.core.webui.keyword.builtin.ClearTextKeyword.execute(ClearTextKeyword.groovy:34)
	at com.kms.katalon.core.keyword.internal.KeywordExecutor.executeKeywordForPlatform(KeywordExecutor.groovy:74)
	at com.kms.katalon.core.webui.keyword.WebUiBuiltInKeywords.clearText(WebUiBuiltInKeywords.groovy:4903)
	at com.kms.katalon.core.webui.keyword.WebUiBuiltInKeywords$clearText$5.call(Unknown Source)
	at TC07_General setting.run(TC07_General setting:28)
	at com.kms.katalon.core.main.ScriptEngine.run(ScriptEngine.java:194)
	at com.kms.katalon.core.main.ScriptEngine.runScriptAsRawText(ScriptEngine.java:119)
	at com.kms.katalon.core.main.TestCaseExecutor.runScript(TestCaseExecutor.java:448)
	at com.kms.katalon.core.main.TestCaseExecutor.doExecute(TestCaseExecutor.java:439)
	at com.kms.katalon.core.main.TestCaseExecutor.processExecutionPhase(TestCaseExecutor.java:418)
	at com.kms.katalon.core.main.TestCaseExecutor.accessMainPhase(TestCaseExecutor.java:410)
	at com.kms.katalon.core.main.TestCaseExecutor.execute(TestCaseExecutor.java:285)
	at com.kms.katalon.core.common.CommonExecutor.accessTestCaseMainPhase(CommonExecutor.java:65)
	at com.kms.katalon.core.main.TestSuiteExecutor.accessTestSuiteMainPhase(TestSuiteExecutor.java:151)
	at com.kms.katalon.core.main.TestSuiteExecutor.execute(TestSuiteExecutor.java:106)
	at com.kms.katalon.core.main.TestCaseMain.startTestSuite(TestCaseMain.java:185)
	at com.kms.katalon.core.main.TestCaseMain$startTestSuite$0.call(Unknown Source)
	at TempTestSuite1676005934100.run(TempTestSuite1676005934100.groovy:36)
Caused by: org.openqa.selenium.InvalidElementStateException: invalid element state
  (Session info: chrome=110.0.5481.77)
Build info: version: '3.141.59', revision: 'e82be7d358', time: '2018-11-14T08:25:53'
System info: host: 'DESKTOP-O2JTDS3', ip: '192.168.1.5', os.name: 'Windows 10', os.arch: 'amd64', os.version: '10.0', java.version: '1.8.0_282'
Driver info: com.kms.katalon.selenium.driver.CChromeDriver
Capabilities {acceptInsecureCerts: false, browserName: chrome, browserVersion: 110.0.5481.77, chrome: {chromedriverVersion: 109.0.5414.74 (e7c5703604da..., userDataDir: C:\Users\GA502GU\AppData\Lo...}, goog:chromeOptions: {debuggerAddress: localhost:57352}, javascriptEnabled: true, networkConnectionEnabled: false, pageLoadStrategy: normal, platform: WINDOWS, platformName: WINDOWS, proxy: Proxy(), setWindowRect: true, strictFileInteractability: false, timeouts: {implicit: 0, pageLoad: 300000, script: 30000}, unhandledPromptBehavior: dismiss and notify, webauthn:extension:credBlob: true, webauthn:extension:largeBlob: true, webauthn:virtualAuthenticators: true}
Session ID: 3890c6da2bec318820792e0c7fca5527
	at org.openqa.selenium.remote.http.W3CHttpResponseCodec.createException(W3CHttpResponseCodec.java:187)
	at org.openqa.selenium.remote.http.W3CHttpResponseCodec.decode(W3CHttpResponseCodec.java:122)
	at org.openqa.selenium.remote.http.W3CHttpResponseCodec.decode(W3CHttpResponseCodec.java:49)
	at org.openqa.selenium.remote.HttpCommandExecutor.execute(HttpCommandExecutor.java:158)
	at org.openqa.selenium.remote.service.DriverCommandExecutor.execute(DriverCommandExecutor.java:83)
	at org.openqa.selenium.remote.RemoteWebDriver.execute(RemoteWebDriver.java:552)
	at com.kms.katalon.selenium.driver.CChromeDriver.execute(CChromeDriver.java:19)
	at org.openqa.selenium.remote.RemoteWebElement.execute(RemoteWebElement.java:285)
	at org.openqa.selenium.remote.RemoteWebElement.clear(RemoteWebElement.java:124)
	at org.openqa.selenium.support.events.EventFiringWebDriver$EventFiringWebElement.lambda$new$0(EventFiringWebDriver.java:404)
	at com.sun.proxy.$Proxy11.clear(Unknown Source)
	at org.openqa.selenium.support.events.EventFiringWebDriver$EventFiringWebElement.clear(EventFiringWebDriver.java:436)
	at com.kms.katalon.core.webui.keyword.builtin.ClearTextKeyword$_clearText_closure1.doCall(ClearTextKeyword.groovy:46)
	at com.kms.katalon.core.webui.keyword.builtin.ClearTextKeyword$_clearText_closure1.call(ClearTextKeyword.groovy)
	at com.kms.katalon.core.webui.keyword.internal.WebUIKeywordMain.runKeyword(WebUIKeywordMain.groovy:33)
	at com.kms.katalon.core.webui.keyword.builtin.ClearTextKeyword.clearText(ClearTextKeyword.groovy:61)
	at com.kms.katalon.core.webui.keyword.builtin.ClearTextKeyword.execute(ClearTextKeyword.groovy:34)
	at com.kms.katalon.core.keyword.internal.KeywordExecutor.executeKeywordForPlatform(KeywordExecutor.groovy:74)
	at com.kms.katalon.core.webui.keyword.WebUiBuiltInKeywords.clearText(WebUiBuiltInKeywords.groovy:4903)
	at com.kms.katalon.core.webui.keyword.WebUiBuiltInKeywords$clearText$5.call(Unknown Source)
	at Script1675237123927.run(Script1675237123927.groovy:28)
	... 13 more
)

2023-02-10 12:13:18 - [MESSAGE][FAILED] - Unable to clear text of object 'Object Repository/Setting/General/About' (Root cause: com.kms.katalon.core.exception.StepFailedException: Unable to clear text of object 'Object Repository/Setting/General/About'
	at com.kms.katalon.core.webui.keyword.internal.WebUIKeywordMain.stepFailed(WebUIKeywordMain.groovy:64)
	at com.kms.katalon.core.webui.keyword.internal.WebUIKeywordMain.runKeyword(WebUIKeywordMain.groovy:42)
	at com.kms.katalon.core.webui.keyword.builtin.ClearTextKeyword.clearText(ClearTextKeyword.groovy:61)
	at com.kms.katalon.core.webui.keyword.builtin.ClearTextKeyword.execute(ClearTextKeyword.groovy:34)
	at com.kms.katalon.core.keyword.internal.KeywordExecutor.executeKeywordForPlatform(KeywordExecutor.groovy:74)
	at com.kms.katalon.core.webui.keyword.WebUiBuiltInKeywords.clearText(WebUiBuiltInKeywords.groovy:4903)
	at com.kms.katalon.core.webui.keyword.WebUiBuiltInKeywords$clearText$5.call(Unknown Source)
	at TC07_General setting.run(TC07_General setting:28)
	at com.kms.katalon.core.main.ScriptEngine.run(ScriptEngine.java:194)
	at com.kms.katalon.core.main.ScriptEngine.runScriptAsRawText(ScriptEngine.java:119)
	at com.kms.katalon.core.main.TestCaseExecutor.runScript(TestCaseExecutor.java:448)
	at com.kms.katalon.core.main.TestCaseExecutor.doExecute(TestCaseExecutor.java:439)
	at com.kms.katalon.core.main.TestCaseExecutor.processExecutionPhase(TestCaseExecutor.java:418)
	at com.kms.katalon.core.main.TestCaseExecutor.accessMainPhase(TestCaseExecutor.java:410)
	at com.kms.katalon.core.main.TestCaseExecutor.execute(TestCaseExecutor.java:285)
	at com.kms.katalon.core.common.CommonExecutor.accessTestCaseMainPhase(CommonExecutor.java:65)
	at com.kms.katalon.core.main.TestSuiteExecutor.accessTestSuiteMainPhase(TestSuiteExecutor.java:151)
	at com.kms.katalon.core.main.TestSuiteExecutor.execute(TestSuiteExecutor.java:106)
	at com.kms.katalon.core.main.TestCaseMain.startTestSuite(TestCaseMain.java:185)
	at com.kms.katalon.core.main.TestCaseMain$startTestSuite$0.call(Unknown Source)
	at TempTestSuite1676005934100.run(TempTestSuite1676005934100.groovy:36)
Caused by: org.openqa.selenium.InvalidElementStateException: invalid element state
  (Session info: chrome=110.0.5481.77)
Build info: version: '3.141.59', revision: 'e82be7d358', time: '2018-11-14T08:25:53'
System info: host: 'DESKTOP-O2JTDS3', ip: '192.168.1.5', os.name: 'Windows 10', os.arch: 'amd64', os.version: '10.0', java.version: '1.8.0_282'
Driver info: com.kms.katalon.selenium.driver.CChromeDriver
Capabilities {acceptInsecureCerts: false, browserName: chrome, browserVersion: 110.0.5481.77, chrome: {chromedriverVersion: 109.0.5414.74 (e7c5703604da..., userDataDir: C:\Users\GA502GU\AppData\Lo...}, goog:chromeOptions: {debuggerAddress: localhost:57352}, javascriptEnabled: true, networkConnectionEnabled: false, pageLoadStrategy: normal, platform: WINDOWS, platformName: WINDOWS, proxy: Proxy(), setWindowRect: true, strictFileInteractability: false, timeouts: {implicit: 0, pageLoad: 300000, script: 30000}, unhandledPromptBehavior: dismiss and notify, webauthn:extension:credBlob: true, webauthn:extension:largeBlob: true, webauthn:virtualAuthenticators: true}
Session ID: 3890c6da2bec318820792e0c7fca5527
	at org.openqa.selenium.remote.http.W3CHttpResponseCodec.createException(W3CHttpResponseCodec.java:187)
	at org.openqa.selenium.remote.http.W3CHttpResponseCodec.decode(W3CHttpResponseCodec.java:122)
	at org.openqa.selenium.remote.http.W3CHttpResponseCodec.decode(W3CHttpResponseCodec.java:49)
	at org.openqa.selenium.remote.HttpCommandExecutor.execute(HttpCommandExecutor.java:158)
	at org.openqa.selenium.remote.service.DriverCommandExecutor.execute(DriverCommandExecutor.java:83)
	at org.openqa.selenium.remote.RemoteWebDriver.execute(RemoteWebDriver.java:552)
	at com.kms.katalon.selenium.driver.CChromeDriver.execute(CChromeDriver.java:19)
	at org.openqa.selenium.remote.RemoteWebElement.execute(RemoteWebElement.java:285)
	at org.openqa.selenium.remote.RemoteWebElement.clear(RemoteWebElement.java:124)
	at org.openqa.selenium.support.events.EventFiringWebDriver$EventFiringWebElement.lambda$new$0(EventFiringWebDriver.java:404)
	at com.sun.proxy.$Proxy11.clear(Unknown Source)
	at org.openqa.selenium.support.events.EventFiringWebDriver$EventFiringWebElement.clear(EventFiringWebDriver.java:436)
	at com.kms.katalon.core.webui.keyword.builtin.ClearTextKeyword$_clearText_closure1.doCall(ClearTextKeyword.groovy:46)
	at com.kms.katalon.core.webui.keyword.builtin.ClearTextKeyword$_clearText_closure1.call(ClearTextKeyword.groovy)
	at com.kms.katalon.core.webui.keyword.internal.WebUIKeywordMain.runKeyword(WebUIKeywordMain.groovy:33)
	at com.kms.katalon.core.webui.keyword.builtin.ClearTextKeyword.clearText(ClearTextKeyword.groovy:61)
	at com.kms.katalon.core.webui.keyword.builtin.ClearTextKeyword.execute(ClearTextKeyword.groovy:34)
	at com.kms.katalon.core.keyword.internal.KeywordExecutor.executeKeywordForPlatform(KeywordExecutor.groovy:74)
	at com.kms.katalon.core.webui.keyword.WebUiBuiltInKeywords.clearText(WebUiBuiltInKeywords.groovy:4903)
	at com.kms.katalon.core.webui.keyword.WebUiBuiltInKeywords$clearText$5.call(Unknown Source)
	at Script1675237123927.run(Script1675237123927.groovy:28)
	... 13 more
)
[[ATTACHMENT|C:\\Users\\GA502GU\\Katalon Studio\\TechnofestAdmin5\\Reports\\20230210_121214\\TS01_TechnofestAdmin\\20230210_121214\\1676005998571.png]]]]></system-out>
         <system-err><![CDATA[2023-02-10 12:13:10 - [TEST_CASE][FAILED] - Test Cases/Setting/TC07_General setting: Test Cases/Setting/TC07_General setting FAILED.
Reason:
com.kms.katalon.core.exception.StepFailedException: Unable to clear text of object 'Object Repository/Setting/General/About'
	at com.kms.katalon.core.webui.keyword.internal.WebUIKeywordMain.stepFailed(WebUIKeywordMain.groovy:64)
	at com.kms.katalon.core.webui.keyword.internal.WebUIKeywordMain.runKeyword(WebUIKeywordMain.groovy:42)
	at com.kms.katalon.core.webui.keyword.builtin.ClearTextKeyword.clearText(ClearTextKeyword.groovy:61)
	at com.kms.katalon.core.webui.keyword.builtin.ClearTextKeyword.execute(ClearTextKeyword.groovy:34)
	at com.kms.katalon.core.keyword.internal.KeywordExecutor.executeKeywordForPlatform(KeywordExecutor.groovy:74)
	at com.kms.katalon.core.webui.keyword.WebUiBuiltInKeywords.clearText(WebUiBuiltInKeywords.groovy:4903)
	at com.kms.katalon.core.webui.keyword.WebUiBuiltInKeywords$clearText$5.call(Unknown Source)
	at TC07_General setting.run(TC07_General setting:28)
	at com.kms.katalon.core.main.ScriptEngine.run(ScriptEngine.java:194)
	at com.kms.katalon.core.main.ScriptEngine.runScriptAsRawText(ScriptEngine.java:119)
	at com.kms.katalon.core.main.TestCaseExecutor.runScript(TestCaseExecutor.java:448)
	at com.kms.katalon.core.main.TestCaseExecutor.doExecute(TestCaseExecutor.java:439)
	at com.kms.katalon.core.main.TestCaseExecutor.processExecutionPhase(TestCaseExecutor.java:418)
	at com.kms.katalon.core.main.TestCaseExecutor.accessMainPhase(TestCaseExecutor.java:410)
	at com.kms.katalon.core.main.TestCaseExecutor.execute(TestCaseExecutor.java:285)
	at com.kms.katalon.core.common.CommonExecutor.accessTestCaseMainPhase(CommonExecutor.java:65)
	at com.kms.katalon.core.main.TestSuiteExecutor.accessTestSuiteMainPhase(TestSuiteExecutor.java:151)
	at com.kms.katalon.core.main.TestSuiteExecutor.execute(TestSuiteExecutor.java:106)
	at com.kms.katalon.core.main.TestCaseMain.startTestSuite(TestCaseMain.java:185)
	at com.kms.katalon.core.main.TestCaseMain$startTestSuite$0.call(Unknown Source)
	at TempTestSuite1676005934100.run(TempTestSuite1676005934100.groovy:36)
Caused by: org.openqa.selenium.InvalidElementStateException: invalid element state
  (Session info: chrome=110.0.5481.77)
Build info: version: '3.141.59', revision: 'e82be7d358', time: '2018-11-14T08:25:53'
System info: host: 'DESKTOP-O2JTDS3', ip: '192.168.1.5', os.name: 'Windows 10', os.arch: 'amd64', os.version: '10.0', java.version: '1.8.0_282'
Driver info: com.kms.katalon.selenium.driver.CChromeDriver
Capabilities {acceptInsecureCerts: false, browserName: chrome, browserVersion: 110.0.5481.77, chrome: {chromedriverVersion: 109.0.5414.74 (e7c5703604da..., userDataDir: C:\Users\GA502GU\AppData\Lo...}, goog:chromeOptions: {debuggerAddress: localhost:57352}, javascriptEnabled: true, networkConnectionEnabled: false, pageLoadStrategy: normal, platform: WINDOWS, platformName: WINDOWS, proxy: Proxy(), setWindowRect: true, strictFileInteractability: false, timeouts: {implicit: 0, pageLoad: 300000, script: 30000}, unhandledPromptBehavior: dismiss and notify, webauthn:extension:credBlob: true, webauthn:extension:largeBlob: true, webauthn:virtualAuthenticators: true}
Session ID: 3890c6da2bec318820792e0c7fca5527
	at org.openqa.selenium.remote.http.W3CHttpResponseCodec.createException(W3CHttpResponseCodec.java:187)
	at org.openqa.selenium.remote.http.W3CHttpResponseCodec.decode(W3CHttpResponseCodec.java:122)
	at org.openqa.selenium.remote.http.W3CHttpResponseCodec.decode(W3CHttpResponseCodec.java:49)
	at org.openqa.selenium.remote.HttpCommandExecutor.execute(HttpCommandExecutor.java:158)
	at org.openqa.selenium.remote.service.DriverCommandExecutor.execute(DriverCommandExecutor.java:83)
	at org.openqa.selenium.remote.RemoteWebDriver.execute(RemoteWebDriver.java:552)
	at com.kms.katalon.selenium.driver.CChromeDriver.execute(CChromeDriver.java:19)
	at org.openqa.selenium.remote.RemoteWebElement.execute(RemoteWebElement.java:285)
	at org.openqa.selenium.remote.RemoteWebElement.clear(RemoteWebElement.java:124)
	at org.openqa.selenium.support.events.EventFiringWebDriver$EventFiringWebElement.lambda$new$0(EventFiringWebDriver.java:404)
	at com.sun.proxy.$Proxy11.clear(Unknown Source)
	at org.openqa.selenium.support.events.EventFiringWebDriver$EventFiringWebElement.clear(EventFiringWebDriver.java:436)
	at com.kms.katalon.core.webui.keyword.builtin.ClearTextKeyword$_clearText_closure1.doCall(ClearTextKeyword.groovy:46)
	at com.kms.katalon.core.webui.keyword.builtin.ClearTextKeyword$_clearText_closure1.call(ClearTextKeyword.groovy)
	at com.kms.katalon.core.webui.keyword.internal.WebUIKeywordMain.runKeyword(WebUIKeywordMain.groovy:33)
	... 19 more]]></system-err>
      </testcase>
      <testcase name="Test Cases/Setting/TC08_View role" time="4.86" classname="Test Cases/Setting/TC08_View role" status="PASSED">
         <system-out><![CDATA[2023-02-10 12:13:18 - [TEST_CASE][PASSED] - Test Cases/Setting/TC08_View role: Test Cases/Setting/TC08_View role

2023-02-10 12:13:20 - [TEST_STEP][PASSED] - scrollToElement(findTestObject("Setting/Role/logo"), 0): Scroll to object 'Object Repository/Setting/Role/logo' successfully

2023-02-10 12:13:20 - [MESSAGE][WARNING] - Timeout '0' is invalid. Using default page load timeout: '30'

2023-02-10 12:13:20 - [MESSAGE][PASSED] - Scroll to object 'Object Repository/Setting/Role/logo' successfully

2023-02-10 12:13:20 - [TEST_STEP][PASSED] - click(findTestObject("Setting/Role/Role")): Object: 'Object Repository/Setting/Role/Role' is clicked on

2023-02-10 12:13:21 - [MESSAGE][PASSED] - Object: 'Object Repository/Setting/Role/Role' is clicked on

2023-02-10 12:13:21 - [TEST_STEP][PASSED] - setText(findTestObject("Setting/Role/Search"), "admin"): Text 'admin' is set on object 'Object Repository/Setting/Role/Search'

2023-02-10 12:13:22 - [MESSAGE][PASSED] - Text 'admin' is set on object 'Object Repository/Setting/Role/Search'

2023-02-10 12:13:22 - [TEST_STEP][PASSED] - verifyElementText(findTestObject("Setting/Role/Superadmin"), "Superadmin"): Actual text and expected text of test object 'Object Repository/Setting/Role/Superadmin' are matched.

2023-02-10 12:13:23 - [MESSAGE][PASSED] - Actual text and expected text of test object 'Object Repository/Setting/Role/Superadmin' are matched.]]></system-out>
         <system-err><![CDATA[]]></system-err>
      </testcase>
      <testcase name="Test Cases/Setting/TC09_Add semester" time="10.974" classname="Test Cases/Setting/TC09_Add semester" status="PASSED">
         <system-out><![CDATA[2023-02-10 12:13:23 - [TEST_CASE][PASSED] - Test Cases/Setting/TC09_Add semester: Test Cases/Setting/TC09_Add semester

2023-02-10 12:13:24 - [TEST_STEP][PASSED] - click(findTestObject("Setting/Semester/Add semester/Semester 2")): Object: 'Object Repository/Setting/Semester/Add semester/Semester 2' is clicked on

2023-02-10 12:13:26 - [MESSAGE][PASSED] - Object: 'Object Repository/Setting/Semester/Add semester/Semester 2' is clicked on

2023-02-10 12:13:26 - [TEST_STEP][PASSED] - click(findTestObject("Setting/Semester/Add semester/Add Data")): Object: 'Object Repository/Setting/Semester/Add semester/Add Data' is clicked on

2023-02-10 12:13:27 - [MESSAGE][PASSED] - Object: 'Object Repository/Setting/Semester/Add semester/Add Data' is clicked on

2023-02-10 12:13:27 - [TEST_STEP][PASSED] - verifyElementText(findTestObject("Setting/Semester/Add semester/Create Semester"), "Create Semester"): Actual text and expected text of test object 'Object Repository/Setting/Semester/Add semester/Create Semester' are matched.

2023-02-10 12:13:27 - [MESSAGE][PASSED] - Actual text and expected text of test object 'Object Repository/Setting/Semester/Add semester/Create Semester' are matched.

2023-02-10 12:13:27 - [TEST_STEP][PASSED] - setText(findTestObject("Setting/Semester/Add semester/Semester (1)"), "Ganjil 2024/2025"): Text 'Ganjil 2024/2025' is set on object 'Object Repository/Setting/Semester/Add semester/Semester (1)'

2023-02-10 12:13:28 - [MESSAGE][PASSED] - Text 'Ganjil 2024/2025' is set on object 'Object Repository/Setting/Semester/Add semester/Semester (1)'

2023-02-10 12:13:28 - [TEST_STEP][PASSED] - setText(findTestObject("Setting/Semester/Add semester/Title"), "Test TECHNOFEST add"): Text 'Test TECHNOFEST add' is set on object 'Object Repository/Setting/Semester/Add semester/Title'

2023-02-10 12:13:29 - [MESSAGE][PASSED] - Text 'Test TECHNOFEST add' is set on object 'Object Repository/Setting/Semester/Add semester/Title'

2023-02-10 12:13:29 - [TEST_STEP][PASSED] - setText(findTestObject("Setting/Semester/Add semester/Position"), "6"): Text '6' is set on object 'Object Repository/Setting/Semester/Add semester/Position'

2023-02-10 12:13:30 - [MESSAGE][PASSED] - Text '6' is set on object 'Object Repository/Setting/Semester/Add semester/Position'

2023-02-10 12:13:30 - [TEST_STEP][PASSED] - click(findTestObject("Setting/Semester/Add semester/Visibility")): Object: 'Object Repository/Setting/Semester/Add semester/Visibility' is clicked on

2023-02-10 12:13:31 - [MESSAGE][PASSED] - Object: 'Object Repository/Setting/Semester/Add semester/Visibility' is clicked on

2023-02-10 12:13:31 - [TEST_STEP][PASSED] - setText(findTestObject("Setting/Semester/Add semester/Visibility search"), "hidden"): Text 'hidden' is set on object 'Object Repository/Setting/Semester/Add semester/Visibility search'

2023-02-10 12:13:32 - [MESSAGE][PASSED] - Text 'hidden' is set on object 'Object Repository/Setting/Semester/Add semester/Visibility search'

2023-02-10 12:13:32 - [TEST_STEP][PASSED] - sendKeys(findTestObject("Setting/Semester/Add semester/Visibility search"), Keys.chord(ENTER)): Keys 'ENTER + ' sent to object: 'Object Repository/Setting/Semester/Add semester/Visibility search'

2023-02-10 12:13:32 - [MESSAGE][PASSED] - Keys 'ENTER + ' sent to object: 'Object Repository/Setting/Semester/Add semester/Visibility search'

2023-02-10 12:13:32 - [TEST_STEP][PASSED] - click(findTestObject("Setting/Semester/Add semester/Submit button")): Object: 'Object Repository/Setting/Semester/Add semester/Submit button' is clicked on

2023-02-10 12:13:34 - [MESSAGE][PASSED] - Object: 'Object Repository/Setting/Semester/Add semester/Submit button' is clicked on]]></system-out>
         <system-err><![CDATA[]]></system-err>
      </testcase>
      <testcase name="Test Cases/Setting/TC10_Add semester tanpa mengisi form" time="7.229" classname="Test Cases/Setting/TC10_Add semester tanpa mengisi form" status="PASSED">
         <system-out><![CDATA[2023-02-10 12:13:34 - [TEST_CASE][PASSED] - Test Cases/Setting/TC10_Add semester tanpa mengisi form: Test Cases/Setting/TC10_Add semester tanpa mengisi form

2023-02-10 12:13:36 - [TEST_STEP][PASSED] - click(findTestObject("Setting/Semester/Add semester/Semester 2")): Object: 'Object Repository/Setting/Semester/Add semester/Semester 2' is clicked on

2023-02-10 12:13:39 - [MESSAGE][PASSED] - Object: 'Object Repository/Setting/Semester/Add semester/Semester 2' is clicked on

2023-02-10 12:13:39 - [TEST_STEP][PASSED] - click(findTestObject("Setting/Semester/Add semester/Add Data")): Object: 'Object Repository/Setting/Semester/Add semester/Add Data' is clicked on

2023-02-10 12:13:40 - [MESSAGE][PASSED] - Object: 'Object Repository/Setting/Semester/Add semester/Add Data' is clicked on

2023-02-10 12:13:40 - [TEST_STEP][PASSED] - verifyElementText(findTestObject("Setting/Semester/Add semester/Create Semester"), "Create Semester"): Actual text and expected text of test object 'Object Repository/Setting/Semester/Add semester/Create Semester' are matched.

2023-02-10 12:13:41 - [MESSAGE][PASSED] - Actual text and expected text of test object 'Object Repository/Setting/Semester/Add semester/Create Semester' are matched.

2023-02-10 12:13:41 - [TEST_STEP][PASSED] - click(findTestObject("Setting/Semester/Add semester/Submit button")): Object: 'Object Repository/Setting/Semester/Add semester/Submit button' is clicked on

2023-02-10 12:13:41 - [MESSAGE][PASSED] - Object: 'Object Repository/Setting/Semester/Add semester/Submit button' is clicked on

2023-02-10 12:13:41 - [TEST_STEP][PASSED] - back(): Navigate back successfully

2023-02-10 12:13:42 - [MESSAGE][PASSED] - Navigate back successfully]]></system-out>
         <system-err><![CDATA[]]></system-err>
      </testcase>
      <testcase name="Test Cases/Setting/TC11_View semester" time="3.225" classname="Test Cases/Setting/TC11_View semester" status="PASSED">
         <system-out><![CDATA[2023-02-10 12:13:42 - [TEST_CASE][PASSED] - Test Cases/Setting/TC11_View semester: Test Cases/Setting/TC11_View semester

2023-02-10 12:13:43 - [TEST_STEP][PASSED] - setText(findTestObject("Setting/Semester/View semester/Search"), "5.0"): Text '5.0' is set on object 'Object Repository/Setting/Semester/View semester/Search'

2023-02-10 12:13:44 - [MESSAGE][PASSED] - Text '5.0' is set on object 'Object Repository/Setting/Semester/View semester/Search'

2023-02-10 12:13:44 - [TEST_STEP][PASSED] - verifyElementText(findTestObject("Setting/Semester/View semester/TECHNOFEST 5.0"), "TECHNOFEST 5.0"): Actual text and expected text of test object 'Object Repository/Setting/Semester/View semester/TECHNOFEST 5.0' are matched.

2023-02-10 12:13:45 - [MESSAGE][PASSED] - Actual text and expected text of test object 'Object Repository/Setting/Semester/View semester/TECHNOFEST 5.0' are matched.]]></system-out>
         <system-err><![CDATA[]]></system-err>
      </testcase>
      <testcase name="Test Cases/Setting/TC12_Edit semester" time="11.909" classname="Test Cases/Setting/TC12_Edit semester" status="PASSED">
         <system-out><![CDATA[2023-02-10 12:13:45 - [TEST_CASE][PASSED] - Test Cases/Setting/TC12_Edit semester: Test Cases/Setting/TC12_Edit semester

2023-02-10 12:13:46 - [TEST_STEP][PASSED] - click(findTestObject("Setting/Semester/Add semester/Semester 2")): Object: 'Object Repository/Setting/Semester/Add semester/Semester 2' is clicked on

2023-02-10 12:13:47 - [MESSAGE][PASSED] - Object: 'Object Repository/Setting/Semester/Add semester/Semester 2' is clicked on

2023-02-10 12:13:47 - [TEST_STEP][PASSED] - setText(findTestObject("Setting/Semester/Edit semester/Search"), "edit"): Text 'edit' is set on object 'Object Repository/Setting/Semester/Edit semester/Search'

2023-02-10 12:13:48 - [MESSAGE][PASSED] - Text 'edit' is set on object 'Object Repository/Setting/Semester/Edit semester/Search'

2023-02-10 12:13:48 - [TEST_STEP][PASSED] - click(findTestObject("Setting/Semester/Edit semester/Edit button")): Object: 'Object Repository/Setting/Semester/Edit semester/Edit button' is clicked on

2023-02-10 12:13:50 - [MESSAGE][PASSED] - Object: 'Object Repository/Setting/Semester/Edit semester/Edit button' is clicked on

2023-02-10 12:13:50 - [TEST_STEP][PASSED] - verifyElementText(findTestObject("Setting/Semester/Edit semester/Update Semester test"), "Update Semester Test"): Actual text and expected text of test object 'Object Repository/Setting/Semester/Edit semester/Update Semester test' are matched.

2023-02-10 12:13:50 - [MESSAGE][PASSED] - Actual text and expected text of test object 'Object Repository/Setting/Semester/Edit semester/Update Semester test' are matched.

2023-02-10 12:13:50 - [TEST_STEP][PASSED] - clearText(findTestObject("Setting/Semester/Edit semester/Edit semester")): Text of object 'Object Repository/Setting/Semester/Edit semester/Edit semester' is cleared

2023-02-10 12:13:51 - [MESSAGE][PASSED] - Text of object 'Object Repository/Setting/Semester/Edit semester/Edit semester' is cleared

2023-02-10 12:13:51 - [TEST_STEP][PASSED] - setText(findTestObject("Setting/Semester/Edit semester/Edit semester"), "Genap 2026/2027"): Text 'Genap 2026/2027' is set on object 'Object Repository/Setting/Semester/Edit semester/Edit semester'

2023-02-10 12:13:52 - [MESSAGE][PASSED] - Text 'Genap 2026/2027' is set on object 'Object Repository/Setting/Semester/Edit semester/Edit semester'

2023-02-10 12:13:52 - [TEST_STEP][PASSED] - clearText(findTestObject("Setting/Semester/Edit semester/Edit title")): Text of object 'Object Repository/Setting/Semester/Edit semester/Edit title' is cleared

2023-02-10 12:13:52 - [MESSAGE][PASSED] - Text of object 'Object Repository/Setting/Semester/Edit semester/Edit title' is cleared

2023-02-10 12:13:52 - [TEST_STEP][PASSED] - setText(findTestObject("Setting/Semester/Edit semester/Edit title"), "Test TECHNOFEST edit baru"): Text 'Test TECHNOFEST edit baru' is set on object 'Object Repository/Setting/Semester/Edit semester/Edit title'

2023-02-10 12:13:53 - [MESSAGE][PASSED] - Text 'Test TECHNOFEST edit baru' is set on object 'Object Repository/Setting/Semester/Edit semester/Edit title'

2023-02-10 12:13:53 - [TEST_STEP][PASSED] - clearText(findTestObject("Setting/Semester/Edit semester/Edit position")): Text of object 'Object Repository/Setting/Semester/Edit semester/Edit position' is cleared

2023-02-10 12:13:54 - [MESSAGE][PASSED] - Text of object 'Object Repository/Setting/Semester/Edit semester/Edit position' is cleared

2023-02-10 12:13:54 - [TEST_STEP][PASSED] - setText(findTestObject("Setting/Semester/Edit semester/Edit position"), "16"): Text '16' is set on object 'Object Repository/Setting/Semester/Edit semester/Edit position'

2023-02-10 12:13:55 - [MESSAGE][PASSED] - Text '16' is set on object 'Object Repository/Setting/Semester/Edit semester/Edit position'

2023-02-10 12:13:55 - [TEST_STEP][PASSED] - click(findTestObject("Setting/Semester/Edit semester/Submit button")): Object: 'Object Repository/Setting/Semester/Edit semester/Submit button' is clicked on

2023-02-10 12:13:57 - [MESSAGE][PASSED] - Object: 'Object Repository/Setting/Semester/Edit semester/Submit button' is clicked on]]></system-out>
         <system-err><![CDATA[]]></system-err>
      </testcase>
      <testcase name="Test Cases/Setting/TC13_Edit semester tanpa mengisi form" time="10.133" classname="Test Cases/Setting/TC13_Edit semester tanpa mengisi form" status="PASSED">
         <system-out><![CDATA[2023-02-10 12:13:57 - [TEST_CASE][PASSED] - Test Cases/Setting/TC13_Edit semester tanpa mengisi form: Test Cases/Setting/TC13_Edit semester tanpa mengisi form

2023-02-10 12:13:58 - [TEST_STEP][PASSED] - click(findTestObject("Setting/Semester/Add semester/Semester 2")): Object: 'Object Repository/Setting/Semester/Add semester/Semester 2' is clicked on

2023-02-10 12:14:02 - [MESSAGE][PASSED] - Object: 'Object Repository/Setting/Semester/Add semester/Semester 2' is clicked on

2023-02-10 12:14:02 - [TEST_STEP][PASSED] - setText(findTestObject("Setting/Semester/Edit semester/Search"), "edit baru"): Text 'edit baru' is set on object 'Object Repository/Setting/Semester/Edit semester/Search'

2023-02-10 12:14:03 - [MESSAGE][PASSED] - Text 'edit baru' is set on object 'Object Repository/Setting/Semester/Edit semester/Search'

2023-02-10 12:14:03 - [TEST_STEP][PASSED] - click(findTestObject("Setting/Semester/Edit semester/Edit button")): Object: 'Object Repository/Setting/Semester/Edit semester/Edit button' is clicked on

2023-02-10 12:14:04 - [MESSAGE][PASSED] - Object: 'Object Repository/Setting/Semester/Edit semester/Edit button' is clicked on

2023-02-10 12:14:04 - [TEST_STEP][PASSED] - clearText(findTestObject("Setting/Semester/Edit semester/Edit semester")): Text of object 'Object Repository/Setting/Semester/Edit semester/Edit semester' is cleared

2023-02-10 12:14:05 - [MESSAGE][PASSED] - Text of object 'Object Repository/Setting/Semester/Edit semester/Edit semester' is cleared

2023-02-10 12:14:05 - [TEST_STEP][PASSED] - clearText(findTestObject("Setting/Semester/Edit semester/Edit title")): Text of object 'Object Repository/Setting/Semester/Edit semester/Edit title' is cleared

2023-02-10 12:14:06 - [MESSAGE][PASSED] - Text of object 'Object Repository/Setting/Semester/Edit semester/Edit title' is cleared

2023-02-10 12:14:06 - [TEST_STEP][PASSED] - clearText(findTestObject("Setting/Semester/Edit semester/Edit position")): Text of object 'Object Repository/Setting/Semester/Edit semester/Edit position' is cleared

2023-02-10 12:14:06 - [MESSAGE][PASSED] - Text of object 'Object Repository/Setting/Semester/Edit semester/Edit position' is cleared

2023-02-10 12:14:06 - [TEST_STEP][PASSED] - click(findTestObject("Setting/Semester/Edit semester/Submit button")): Object: 'Object Repository/Setting/Semester/Edit semester/Submit button' is clicked on

2023-02-10 12:14:07 - [MESSAGE][PASSED] - Object: 'Object Repository/Setting/Semester/Edit semester/Submit button' is clicked on

2023-02-10 12:14:07 - [TEST_STEP][PASSED] - back(): Navigate back successfully

2023-02-10 12:14:07 - [MESSAGE][PASSED] - Navigate back successfully]]></system-out>
         <system-err><![CDATA[]]></system-err>
      </testcase>
      <testcase name="Test Cases/Setting/TC14_Delete semester" time="6.383" classname="Test Cases/Setting/TC14_Delete semester" status="PASSED">
         <system-out><![CDATA[2023-02-10 12:14:07 - [TEST_CASE][PASSED] - Test Cases/Setting/TC14_Delete semester: Test Cases/Setting/TC14_Delete semester

2023-02-10 12:14:08 - [TEST_STEP][PASSED] - click(findTestObject("Setting/Semester/Add semester/Semester 2")): Object: 'Object Repository/Setting/Semester/Add semester/Semester 2' is clicked on

2023-02-10 12:14:09 - [MESSAGE][PASSED] - Object: 'Object Repository/Setting/Semester/Add semester/Semester 2' is clicked on

2023-02-10 12:14:09 - [TEST_STEP][PASSED] - setText(findTestObject("Setting/Semester/Delete semester/Search"), "delete"): Text 'delete' is set on object 'Object Repository/Setting/Semester/Delete semester/Search'

2023-02-10 12:14:10 - [MESSAGE][PASSED] - Text 'delete' is set on object 'Object Repository/Setting/Semester/Delete semester/Search'

2023-02-10 12:14:10 - [TEST_STEP][PASSED] - click(findTestObject("z test/Delete3/Delete button semester")): Object: 'Object Repository/z test/Delete3/Delete button semester' is clicked on

2023-02-10 12:14:12 - [MESSAGE][PASSED] - Object: 'Object Repository/z test/Delete3/Delete button semester' is clicked on

2023-02-10 12:14:12 - [TEST_STEP][PASSED] - click(findTestObject("Setting/Semester/Delete semester/Yes button")): Object: 'Object Repository/Setting/Semester/Delete semester/Yes button' is clicked on

2023-02-10 12:14:13 - [MESSAGE][PASSED] - Object: 'Object Repository/Setting/Semester/Delete semester/Yes button' is clicked on]]></system-out>
         <system-err><![CDATA[]]></system-err>
      </testcase>
      <testcase name="Test Cases/Setting/TC15_Add category" time="9.282" classname="Test Cases/Setting/TC15_Add category" status="PASSED">
         <system-out><![CDATA[2023-02-10 12:14:13 - [TEST_CASE][PASSED] - Test Cases/Setting/TC15_Add category: Test Cases/Setting/TC15_Add category

2023-02-10 12:14:15 - [TEST_STEP][PASSED] - click(findTestObject("Setting/Category/Add category/Category")): Object: 'Object Repository/Setting/Category/Add category/Category' is clicked on

2023-02-10 12:14:18 - [MESSAGE][PASSED] - Object: 'Object Repository/Setting/Category/Add category/Category' is clicked on

2023-02-10 12:14:18 - [TEST_STEP][PASSED] - click(findTestObject("Setting/Category/Add category/Add Data")): Object: 'Object Repository/Setting/Category/Add category/Add Data' is clicked on

2023-02-10 12:14:19 - [MESSAGE][PASSED] - Object: 'Object Repository/Setting/Category/Add category/Add Data' is clicked on

2023-02-10 12:14:19 - [TEST_STEP][PASSED] - verifyElementText(findTestObject("Setting/Category/Add category/Create Category"), "Create Category"): Actual text and expected text of test object 'Object Repository/Setting/Category/Add category/Create Category' are matched.

2023-02-10 12:14:20 - [MESSAGE][PASSED] - Actual text and expected text of test object 'Object Repository/Setting/Category/Add category/Create Category' are matched.

2023-02-10 12:14:20 - [TEST_STEP][PASSED] - setText(findTestObject("Setting/Category/Add category/Category title"), "Test category add"): Text 'Test category add' is set on object 'Object Repository/Setting/Category/Add category/Category title'

2023-02-10 12:14:21 - [MESSAGE][PASSED] - Text 'Test category add' is set on object 'Object Repository/Setting/Category/Add category/Category title'

2023-02-10 12:14:21 - [TEST_STEP][PASSED] - click(findTestObject("Setting/Category/Add category/Submit button")): Object: 'Object Repository/Setting/Category/Add category/Submit button' is clicked on

2023-02-10 12:14:23 - [MESSAGE][PASSED] - Object: 'Object Repository/Setting/Category/Add category/Submit button' is clicked on]]></system-out>
         <system-err><![CDATA[]]></system-err>
      </testcase>
      <testcase name="Test Cases/Setting/TC16_Add category tanpa mengisi form" time="7.299" classname="Test Cases/Setting/TC16_Add category tanpa mengisi form" status="PASSED">
         <system-out><![CDATA[2023-02-10 12:14:23 - [TEST_CASE][PASSED] - Test Cases/Setting/TC16_Add category tanpa mengisi form: Test Cases/Setting/TC16_Add category tanpa mengisi form

2023-02-10 12:14:24 - [TEST_STEP][PASSED] - click(findTestObject("Setting/Category/Add category/Category")): Object: 'Object Repository/Setting/Category/Add category/Category' is clicked on

2023-02-10 12:14:27 - [MESSAGE][PASSED] - Object: 'Object Repository/Setting/Category/Add category/Category' is clicked on

2023-02-10 12:14:27 - [TEST_STEP][PASSED] - click(findTestObject("Setting/Category/Add category/Add Data")): Object: 'Object Repository/Setting/Category/Add category/Add Data' is clicked on

2023-02-10 12:14:29 - [MESSAGE][PASSED] - Object: 'Object Repository/Setting/Category/Add category/Add Data' is clicked on

2023-02-10 12:14:29 - [TEST_STEP][PASSED] - verifyElementText(findTestObject("Setting/Category/Add category/Create Category"), "Create Category"): Actual text and expected text of test object 'Object Repository/Setting/Category/Add category/Create Category' are matched.

2023-02-10 12:14:29 - [MESSAGE][PASSED] - Actual text and expected text of test object 'Object Repository/Setting/Category/Add category/Create Category' are matched.

2023-02-10 12:14:29 - [TEST_STEP][PASSED] - click(findTestObject("Setting/Category/Add category/Submit button")): Object: 'Object Repository/Setting/Category/Add category/Submit button' is clicked on

2023-02-10 12:14:30 - [MESSAGE][PASSED] - Object: 'Object Repository/Setting/Category/Add category/Submit button' is clicked on

2023-02-10 12:14:30 - [TEST_STEP][PASSED] - back(): Navigate back successfully

2023-02-10 12:14:30 - [MESSAGE][PASSED] - Navigate back successfully]]></system-out>
         <system-err><![CDATA[]]></system-err>
      </testcase>
      <testcase name="Test Cases/Setting/TC17_View category" time="2.486" classname="Test Cases/Setting/TC17_View category" status="PASSED">
         <system-out><![CDATA[2023-02-10 12:14:30 - [TEST_CASE][PASSED] - Test Cases/Setting/TC17_View category: Test Cases/Setting/TC17_View category

2023-02-10 12:14:31 - [TEST_STEP][PASSED] - setText(findTestObject("Setting/Category/View category/Search"), "Game Application"): Text 'Game Application' is set on object 'Object Repository/Setting/Category/View category/Search'

2023-02-10 12:14:32 - [MESSAGE][PASSED] - Text 'Game Application' is set on object 'Object Repository/Setting/Category/View category/Search'

2023-02-10 12:14:32 - [TEST_STEP][PASSED] - verifyElementText(findTestObject("Setting/Category/View category/Game Application"), "Game Application"): Actual text and expected text of test object 'Object Repository/Setting/Category/View category/Game Application' are matched.

2023-02-10 12:14:32 - [MESSAGE][PASSED] - Actual text and expected text of test object 'Object Repository/Setting/Category/View category/Game Application' are matched.]]></system-out>
         <system-err><![CDATA[]]></system-err>
      </testcase>
      <testcase name="Test Cases/Setting/TC18_Edit category" time="33.234" classname="Test Cases/Setting/TC18_Edit category" status="FAILED">
         <failure type="FAILED" message="Test Cases/Setting/TC18_Edit category FAILED.
Reason:
com.kms.katalon.core.exception.StepFailedException: Unable to click on object 'Object Repository/Setting/Category/Edit category/Edit button'
	at com.kms.katalon.core.webui.keyword.internal.WebUIKeywordMain.stepFailed(WebUIKeywordMain.groovy:64)
	at com.kms.katalon.core.webui.keyword.internal.WebUIKeywordMain.runKeyword(WebUIKeywordMain.groovy:26)
	at com.kms.katalon.core.webui.keyword.builtin.ClickKeyword.click(ClickKeyword.groovy:74)
	at com.kms.katalon.core.webui.keyword.builtin.ClickKeyword.execute(ClickKeyword.groovy:40)
	at com.kms.katalon.core.keyword.internal.KeywordExecutor.executeKeywordForPlatform(KeywordExecutor.groovy:74)
	at com.kms.katalon.core.webui.keyword.WebUiBuiltInKeywords.click(WebUiBuiltInKeywords.groovy:620)
	at com.kms.katalon.core.webui.keyword.WebUiBuiltInKeywords$click$3.call(Unknown Source)
	at TC18_Edit category.run(TC18_Edit category:22)
	at com.kms.katalon.core.main.ScriptEngine.run(ScriptEngine.java:194)
	at com.kms.katalon.core.main.ScriptEngine.runScriptAsRawText(ScriptEngine.java:119)
	at com.kms.katalon.core.main.TestCaseExecutor.runScript(TestCaseExecutor.java:448)
	at com.kms.katalon.core.main.TestCaseExecutor.doExecute(TestCaseExecutor.java:439)
	at com.kms.katalon.core.main.TestCaseExecutor.processExecutionPhase(TestCaseExecutor.java:418)
	at com.kms.katalon.core.main.TestCaseExecutor.accessMainPhase(TestCaseExecutor.java:410)
	at com.kms.katalon.core.main.TestCaseExecutor.execute(TestCaseExecutor.java:285)
	at com.kms.katalon.core.common.CommonExecutor.accessTestCaseMainPhase(CommonExecutor.java:65)
	at com.kms.katalon.core.main.TestSuiteExecutor.accessTestSuiteMainPhase(TestSuiteExecutor.java:151)
	at com.kms.katalon.core.main.TestSuiteExecutor.execute(TestSuiteExecutor.java:106)
	at com.kms.katalon.core.main.TestCaseMain.startTestSuite(TestCaseMain.java:185)
	at com.kms.katalon.core.main.TestCaseMain$startTestSuite$0.call(Unknown Source)
	at TempTestSuite1676005934100.run(TempTestSuite1676005934100.groovy:36)
Caused by: com.kms.katalon.core.webui.exception.WebElementNotFoundException: Web element with id: 'Object Repository/Setting/Category/Edit category/Edit button' located by '//form[@id='form_11']/a/i' not found
	at com.kms.katalon.core.webui.common.WebUiCommonHelper.findWebElement(WebUiCommonHelper.java:1370)
	at com.kms.katalon.core.webui.keyword.internal.WebUIAbstractKeyword.findWebElement(WebUIAbstractKeyword.groovy:27)
	at com.kms.katalon.core.webui.keyword.builtin.ClickKeyword$_click_closure1.doCall(ClickKeyword.groovy:65)
	at com.kms.katalon.core.webui.keyword.builtin.ClickKeyword$_click_closure1.call(ClickKeyword.groovy)
	at com.kms.katalon.core.webui.keyword.internal.WebUIKeywordMain.runKeyword(WebUIKeywordMain.groovy:20)
	... 19 more
"/>
         <system-out><![CDATA[2023-02-10 12:14:32 - [TEST_CASE][FAILED] - Test Cases/Setting/TC18_Edit category: Test Cases/Setting/TC18_Edit category FAILED.
Reason:
com.kms.katalon.core.exception.StepFailedException: Unable to click on object 'Object Repository/Setting/Category/Edit category/Edit button'
	at com.kms.katalon.core.webui.keyword.internal.WebUIKeywordMain.stepFailed(WebUIKeywordMain.groovy:64)
	at com.kms.katalon.core.webui.keyword.internal.WebUIKeywordMain.runKeyword(WebUIKeywordMain.groovy:26)
	at com.kms.katalon.core.webui.keyword.builtin.ClickKeyword.click(ClickKeyword.groovy:74)
	at com.kms.katalon.core.webui.keyword.builtin.ClickKeyword.execute(ClickKeyword.groovy:40)
	at com.kms.katalon.core.keyword.internal.KeywordExecutor.executeKeywordForPlatform(KeywordExecutor.groovy:74)
	at com.kms.katalon.core.webui.keyword.WebUiBuiltInKeywords.click(WebUiBuiltInKeywords.groovy:620)
	at com.kms.katalon.core.webui.keyword.WebUiBuiltInKeywords$click$3.call(Unknown Source)
	at TC18_Edit category.run(TC18_Edit category:22)
	at com.kms.katalon.core.main.ScriptEngine.run(ScriptEngine.java:194)
	at com.kms.katalon.core.main.ScriptEngine.runScriptAsRawText(ScriptEngine.java:119)
	at com.kms.katalon.core.main.TestCaseExecutor.runScript(TestCaseExecutor.java:448)
	at com.kms.katalon.core.main.TestCaseExecutor.doExecute(TestCaseExecutor.java:439)
	at com.kms.katalon.core.main.TestCaseExecutor.processExecutionPhase(TestCaseExecutor.java:418)
	at com.kms.katalon.core.main.TestCaseExecutor.accessMainPhase(TestCaseExecutor.java:410)
	at com.kms.katalon.core.main.TestCaseExecutor.execute(TestCaseExecutor.java:285)
	at com.kms.katalon.core.common.CommonExecutor.accessTestCaseMainPhase(CommonExecutor.java:65)
	at com.kms.katalon.core.main.TestSuiteExecutor.accessTestSuiteMainPhase(TestSuiteExecutor.java:151)
	at com.kms.katalon.core.main.TestSuiteExecutor.execute(TestSuiteExecutor.java:106)
	at com.kms.katalon.core.main.TestCaseMain.startTestSuite(TestCaseMain.java:185)
	at com.kms.katalon.core.main.TestCaseMain$startTestSuite$0.call(Unknown Source)
	at TempTestSuite1676005934100.run(TempTestSuite1676005934100.groovy:36)
Caused by: com.kms.katalon.core.webui.exception.WebElementNotFoundException: Web element with id: 'Object Repository/Setting/Category/Edit category/Edit button' located by '//form[@id='form_11']/a/i' not found
	at com.kms.katalon.core.webui.common.WebUiCommonHelper.findWebElement(WebUiCommonHelper.java:1370)
	at com.kms.katalon.core.webui.keyword.internal.WebUIAbstractKeyword.findWebElement(WebUIAbstractKeyword.groovy:27)
	at com.kms.katalon.core.webui.keyword.builtin.ClickKeyword$_click_closure1.doCall(ClickKeyword.groovy:65)
	at com.kms.katalon.core.webui.keyword.builtin.ClickKeyword$_click_closure1.call(ClickKeyword.groovy)
	at com.kms.katalon.core.webui.keyword.internal.WebUIKeywordMain.runKeyword(WebUIKeywordMain.groovy:20)
	... 19 more


2023-02-10 12:14:34 - [TEST_STEP][PASSED] - click(findTestObject("Setting/Category/Edit category/Name")): Object: 'Object Repository/Setting/Category/Edit category/Name' is clicked on

2023-02-10 12:14:34 - [MESSAGE][PASSED] - Object: 'Object Repository/Setting/Category/Edit category/Name' is clicked on

2023-02-10 12:14:34 - [TEST_STEP][FAILED] - click(findTestObject("Setting/Category/Edit category/Edit button")): Unable to click on object 'Object Repository/Setting/Category/Edit category/Edit button' (Root cause: com.kms.katalon.core.exception.StepFailedException: Unable to click on object 'Object Repository/Setting/Category/Edit category/Edit button'
	at com.kms.katalon.core.webui.keyword.internal.WebUIKeywordMain.stepFailed(WebUIKeywordMain.groovy:64)
	at com.kms.katalon.core.webui.keyword.internal.WebUIKeywordMain.runKeyword(WebUIKeywordMain.groovy:26)
	at com.kms.katalon.core.webui.keyword.builtin.ClickKeyword.click(ClickKeyword.groovy:74)
	at com.kms.katalon.core.webui.keyword.builtin.ClickKeyword.execute(ClickKeyword.groovy:40)
	at com.kms.katalon.core.keyword.internal.KeywordExecutor.executeKeywordForPlatform(KeywordExecutor.groovy:74)
	at com.kms.katalon.core.webui.keyword.WebUiBuiltInKeywords.click(WebUiBuiltInKeywords.groovy:620)
	at com.kms.katalon.core.webui.keyword.WebUiBuiltInKeywords$click$3.call(Unknown Source)
	at TC18_Edit category.run(TC18_Edit category:22)
	at com.kms.katalon.core.main.ScriptEngine.run(ScriptEngine.java:194)
	at com.kms.katalon.core.main.ScriptEngine.runScriptAsRawText(ScriptEngine.java:119)
	at com.kms.katalon.core.main.TestCaseExecutor.runScript(TestCaseExecutor.java:448)
	at com.kms.katalon.core.main.TestCaseExecutor.doExecute(TestCaseExecutor.java:439)
	at com.kms.katalon.core.main.TestCaseExecutor.processExecutionPhase(TestCaseExecutor.java:418)
	at com.kms.katalon.core.main.TestCaseExecutor.accessMainPhase(TestCaseExecutor.java:410)
	at com.kms.katalon.core.main.TestCaseExecutor.execute(TestCaseExecutor.java:285)
	at com.kms.katalon.core.common.CommonExecutor.accessTestCaseMainPhase(CommonExecutor.java:65)
	at com.kms.katalon.core.main.TestSuiteExecutor.accessTestSuiteMainPhase(TestSuiteExecutor.java:151)
	at com.kms.katalon.core.main.TestSuiteExecutor.execute(TestSuiteExecutor.java:106)
	at com.kms.katalon.core.main.TestCaseMain.startTestSuite(TestCaseMain.java:185)
	at com.kms.katalon.core.main.TestCaseMain$startTestSuite$0.call(Unknown Source)
	at TempTestSuite1676005934100.run(TempTestSuite1676005934100.groovy:36)
Caused by: com.kms.katalon.core.webui.exception.WebElementNotFoundException: Web element with id: 'Object Repository/Setting/Category/Edit category/Edit button' located by '//form[@id='form_11']/a/i' not found
	at com.kms.katalon.core.webui.common.WebUiCommonHelper.findWebElement(WebUiCommonHelper.java:1370)
	at com.kms.katalon.core.webui.keyword.internal.WebUIAbstractKeyword.findWebElement(WebUIAbstractKeyword.groovy:27)
	at com.kms.katalon.core.webui.keyword.builtin.ClickKeyword$_click_closure1.doCall(ClickKeyword.groovy:65)
	at com.kms.katalon.core.webui.keyword.builtin.ClickKeyword$_click_closure1.call(ClickKeyword.groovy)
	at com.kms.katalon.core.webui.keyword.internal.WebUIKeywordMain.runKeyword(WebUIKeywordMain.groovy:20)
	at com.kms.katalon.core.webui.keyword.builtin.ClickKeyword.click(ClickKeyword.groovy:74)
	at com.kms.katalon.core.webui.keyword.builtin.ClickKeyword.execute(ClickKeyword.groovy:40)
	at com.kms.katalon.core.keyword.internal.KeywordExecutor.executeKeywordForPlatform(KeywordExecutor.groovy:74)
	at com.kms.katalon.core.webui.keyword.WebUiBuiltInKeywords.click(WebUiBuiltInKeywords.groovy:620)
	at com.kms.katalon.core.webui.keyword.WebUiBuiltInKeywords$click$3.call(Unknown Source)
	at Script1675243465082.run(Script1675243465082.groovy:22)
	... 13 more
)

2023-02-10 12:15:06 - [MESSAGE][INFO] - Unable to find the element located by 'By.xpath: //form[@id='form_11']/a/i'. Please recheck the objects properties to make sure the desired element is located. 

2023-02-10 12:15:06 - [MESSAGE][WARNING] - Cannot take screenshot

2023-02-10 12:15:06 - [MESSAGE][FAILED] - Unable to click on object 'Object Repository/Setting/Category/Edit category/Edit button' (Root cause: com.kms.katalon.core.exception.StepFailedException: Unable to click on object 'Object Repository/Setting/Category/Edit category/Edit button'
	at com.kms.katalon.core.webui.keyword.internal.WebUIKeywordMain.stepFailed(WebUIKeywordMain.groovy:64)
	at com.kms.katalon.core.webui.keyword.internal.WebUIKeywordMain.runKeyword(WebUIKeywordMain.groovy:26)
	at com.kms.katalon.core.webui.keyword.builtin.ClickKeyword.click(ClickKeyword.groovy:74)
	at com.kms.katalon.core.webui.keyword.builtin.ClickKeyword.execute(ClickKeyword.groovy:40)
	at com.kms.katalon.core.keyword.internal.KeywordExecutor.executeKeywordForPlatform(KeywordExecutor.groovy:74)
	at com.kms.katalon.core.webui.keyword.WebUiBuiltInKeywords.click(WebUiBuiltInKeywords.groovy:620)
	at com.kms.katalon.core.webui.keyword.WebUiBuiltInKeywords$click$3.call(Unknown Source)
	at TC18_Edit category.run(TC18_Edit category:22)
	at com.kms.katalon.core.main.ScriptEngine.run(ScriptEngine.java:194)
	at com.kms.katalon.core.main.ScriptEngine.runScriptAsRawText(ScriptEngine.java:119)
	at com.kms.katalon.core.main.TestCaseExecutor.runScript(TestCaseExecutor.java:448)
	at com.kms.katalon.core.main.TestCaseExecutor.doExecute(TestCaseExecutor.java:439)
	at com.kms.katalon.core.main.TestCaseExecutor.processExecutionPhase(TestCaseExecutor.java:418)
	at com.kms.katalon.core.main.TestCaseExecutor.accessMainPhase(TestCaseExecutor.java:410)
	at com.kms.katalon.core.main.TestCaseExecutor.execute(TestCaseExecutor.java:285)
	at com.kms.katalon.core.common.CommonExecutor.accessTestCaseMainPhase(CommonExecutor.java:65)
	at com.kms.katalon.core.main.TestSuiteExecutor.accessTestSuiteMainPhase(TestSuiteExecutor.java:151)
	at com.kms.katalon.core.main.TestSuiteExecutor.execute(TestSuiteExecutor.java:106)
	at com.kms.katalon.core.main.TestCaseMain.startTestSuite(TestCaseMain.java:185)
	at com.kms.katalon.core.main.TestCaseMain$startTestSuite$0.call(Unknown Source)
	at TempTestSuite1676005934100.run(TempTestSuite1676005934100.groovy:36)
Caused by: com.kms.katalon.core.webui.exception.WebElementNotFoundException: Web element with id: 'Object Repository/Setting/Category/Edit category/Edit button' located by '//form[@id='form_11']/a/i' not found
	at com.kms.katalon.core.webui.common.WebUiCommonHelper.findWebElement(WebUiCommonHelper.java:1370)
	at com.kms.katalon.core.webui.keyword.internal.WebUIAbstractKeyword.findWebElement(WebUIAbstractKeyword.groovy:27)
	at com.kms.katalon.core.webui.keyword.builtin.ClickKeyword$_click_closure1.doCall(ClickKeyword.groovy:65)
	at com.kms.katalon.core.webui.keyword.builtin.ClickKeyword$_click_closure1.call(ClickKeyword.groovy)
	at com.kms.katalon.core.webui.keyword.internal.WebUIKeywordMain.runKeyword(WebUIKeywordMain.groovy:20)
	at com.kms.katalon.core.webui.keyword.builtin.ClickKeyword.click(ClickKeyword.groovy:74)
	at com.kms.katalon.core.webui.keyword.builtin.ClickKeyword.execute(ClickKeyword.groovy:40)
	at com.kms.katalon.core.keyword.internal.KeywordExecutor.executeKeywordForPlatform(KeywordExecutor.groovy:74)
	at com.kms.katalon.core.webui.keyword.WebUiBuiltInKeywords.click(WebUiBuiltInKeywords.groovy:620)
	at com.kms.katalon.core.webui.keyword.WebUiBuiltInKeywords$click$3.call(Unknown Source)
	at Script1675243465082.run(Script1675243465082.groovy:22)
	... 13 more
)]]></system-out>
         <system-err><![CDATA[2023-02-10 12:14:32 - [TEST_CASE][FAILED] - Test Cases/Setting/TC18_Edit category: Test Cases/Setting/TC18_Edit category FAILED.
Reason:
com.kms.katalon.core.exception.StepFailedException: Unable to click on object 'Object Repository/Setting/Category/Edit category/Edit button'
	at com.kms.katalon.core.webui.keyword.internal.WebUIKeywordMain.stepFailed(WebUIKeywordMain.groovy:64)
	at com.kms.katalon.core.webui.keyword.internal.WebUIKeywordMain.runKeyword(WebUIKeywordMain.groovy:26)
	at com.kms.katalon.core.webui.keyword.builtin.ClickKeyword.click(ClickKeyword.groovy:74)
	at com.kms.katalon.core.webui.keyword.builtin.ClickKeyword.execute(ClickKeyword.groovy:40)
	at com.kms.katalon.core.keyword.internal.KeywordExecutor.executeKeywordForPlatform(KeywordExecutor.groovy:74)
	at com.kms.katalon.core.webui.keyword.WebUiBuiltInKeywords.click(WebUiBuiltInKeywords.groovy:620)
	at com.kms.katalon.core.webui.keyword.WebUiBuiltInKeywords$click$3.call(Unknown Source)
	at TC18_Edit category.run(TC18_Edit category:22)
	at com.kms.katalon.core.main.ScriptEngine.run(ScriptEngine.java:194)
	at com.kms.katalon.core.main.ScriptEngine.runScriptAsRawText(ScriptEngine.java:119)
	at com.kms.katalon.core.main.TestCaseExecutor.runScript(TestCaseExecutor.java:448)
	at com.kms.katalon.core.main.TestCaseExecutor.doExecute(TestCaseExecutor.java:439)
	at com.kms.katalon.core.main.TestCaseExecutor.processExecutionPhase(TestCaseExecutor.java:418)
	at com.kms.katalon.core.main.TestCaseExecutor.accessMainPhase(TestCaseExecutor.java:410)
	at com.kms.katalon.core.main.TestCaseExecutor.execute(TestCaseExecutor.java:285)
	at com.kms.katalon.core.common.CommonExecutor.accessTestCaseMainPhase(CommonExecutor.java:65)
	at com.kms.katalon.core.main.TestSuiteExecutor.accessTestSuiteMainPhase(TestSuiteExecutor.java:151)
	at com.kms.katalon.core.main.TestSuiteExecutor.execute(TestSuiteExecutor.java:106)
	at com.kms.katalon.core.main.TestCaseMain.startTestSuite(TestCaseMain.java:185)
	at com.kms.katalon.core.main.TestCaseMain$startTestSuite$0.call(Unknown Source)
	at TempTestSuite1676005934100.run(TempTestSuite1676005934100.groovy:36)
Caused by: com.kms.katalon.core.webui.exception.WebElementNotFoundException: Web element with id: 'Object Repository/Setting/Category/Edit category/Edit button' located by '//form[@id='form_11']/a/i' not found
	at com.kms.katalon.core.webui.common.WebUiCommonHelper.findWebElement(WebUiCommonHelper.java:1370)
	at com.kms.katalon.core.webui.keyword.internal.WebUIAbstractKeyword.findWebElement(WebUIAbstractKeyword.groovy:27)
	at com.kms.katalon.core.webui.keyword.builtin.ClickKeyword$_click_closure1.doCall(ClickKeyword.groovy:65)
	at com.kms.katalon.core.webui.keyword.builtin.ClickKeyword$_click_closure1.call(ClickKeyword.groovy)
	at com.kms.katalon.core.webui.keyword.internal.WebUIKeywordMain.runKeyword(WebUIKeywordMain.groovy:20)
	... 19 more]]></system-err>
      </testcase>
      <testcase name="Test Cases/Setting/TC19_Edit category tanpa mengisi form" time="33.177" classname="Test Cases/Setting/TC19_Edit category tanpa mengisi form" status="FAILED">
         <failure type="FAILED" message="Test Cases/Setting/TC19_Edit category tanpa mengisi form FAILED.
Reason:
com.kms.katalon.core.exception.StepFailedException: Unable to click on object 'Object Repository/Setting/Category/Edit category/Edit button'
	at com.kms.katalon.core.webui.keyword.internal.WebUIKeywordMain.stepFailed(WebUIKeywordMain.groovy:64)
	at com.kms.katalon.core.webui.keyword.internal.WebUIKeywordMain.runKeyword(WebUIKeywordMain.groovy:26)
	at com.kms.katalon.core.webui.keyword.builtin.ClickKeyword.click(ClickKeyword.groovy:74)
	at com.kms.katalon.core.webui.keyword.builtin.ClickKeyword.execute(ClickKeyword.groovy:40)
	at com.kms.katalon.core.keyword.internal.KeywordExecutor.executeKeywordForPlatform(KeywordExecutor.groovy:74)
	at com.kms.katalon.core.webui.keyword.WebUiBuiltInKeywords.click(WebUiBuiltInKeywords.groovy:620)
	at com.kms.katalon.core.webui.keyword.WebUiBuiltInKeywords$click$3.call(Unknown Source)
	at TC19_Edit category tanpa mengisi form.run(TC19_Edit category tanpa mengisi form:22)
	at com.kms.katalon.core.main.ScriptEngine.run(ScriptEngine.java:194)
	at com.kms.katalon.core.main.ScriptEngine.runScriptAsRawText(ScriptEngine.java:119)
	at com.kms.katalon.core.main.TestCaseExecutor.runScript(TestCaseExecutor.java:448)
	at com.kms.katalon.core.main.TestCaseExecutor.doExecute(TestCaseExecutor.java:439)
	at com.kms.katalon.core.main.TestCaseExecutor.processExecutionPhase(TestCaseExecutor.java:418)
	at com.kms.katalon.core.main.TestCaseExecutor.accessMainPhase(TestCaseExecutor.java:410)
	at com.kms.katalon.core.main.TestCaseExecutor.execute(TestCaseExecutor.java:285)
	at com.kms.katalon.core.common.CommonExecutor.accessTestCaseMainPhase(CommonExecutor.java:65)
	at com.kms.katalon.core.main.TestSuiteExecutor.accessTestSuiteMainPhase(TestSuiteExecutor.java:151)
	at com.kms.katalon.core.main.TestSuiteExecutor.execute(TestSuiteExecutor.java:106)
	at com.kms.katalon.core.main.TestCaseMain.startTestSuite(TestCaseMain.java:185)
	at com.kms.katalon.core.main.TestCaseMain$startTestSuite$0.call(Unknown Source)
	at TempTestSuite1676005934100.run(TempTestSuite1676005934100.groovy:36)
Caused by: com.kms.katalon.core.webui.exception.WebElementNotFoundException: Web element with id: 'Object Repository/Setting/Category/Edit category/Edit button' located by '//form[@id='form_11']/a/i' not found
	at com.kms.katalon.core.webui.common.WebUiCommonHelper.findWebElement(WebUiCommonHelper.java:1370)
	at com.kms.katalon.core.webui.keyword.internal.WebUIAbstractKeyword.findWebElement(WebUIAbstractKeyword.groovy:27)
	at com.kms.katalon.core.webui.keyword.builtin.ClickKeyword$_click_closure1.doCall(ClickKeyword.groovy:65)
	at com.kms.katalon.core.webui.keyword.builtin.ClickKeyword$_click_closure1.call(ClickKeyword.groovy)
	at com.kms.katalon.core.webui.keyword.internal.WebUIKeywordMain.runKeyword(WebUIKeywordMain.groovy:20)
	... 19 more
"/>
         <system-out><![CDATA[2023-02-10 12:15:06 - [TEST_CASE][FAILED] - Test Cases/Setting/TC19_Edit category tanpa mengisi form: Test Cases/Setting/TC19_Edit category tanpa mengisi form FAILED.
Reason:
com.kms.katalon.core.exception.StepFailedException: Unable to click on object 'Object Repository/Setting/Category/Edit category/Edit button'
	at com.kms.katalon.core.webui.keyword.internal.WebUIKeywordMain.stepFailed(WebUIKeywordMain.groovy:64)
	at com.kms.katalon.core.webui.keyword.internal.WebUIKeywordMain.runKeyword(WebUIKeywordMain.groovy:26)
	at com.kms.katalon.core.webui.keyword.builtin.ClickKeyword.click(ClickKeyword.groovy:74)
	at com.kms.katalon.core.webui.keyword.builtin.ClickKeyword.execute(ClickKeyword.groovy:40)
	at com.kms.katalon.core.keyword.internal.KeywordExecutor.executeKeywordForPlatform(KeywordExecutor.groovy:74)
	at com.kms.katalon.core.webui.keyword.WebUiBuiltInKeywords.click(WebUiBuiltInKeywords.groovy:620)
	at com.kms.katalon.core.webui.keyword.WebUiBuiltInKeywords$click$3.call(Unknown Source)
	at TC19_Edit category tanpa mengisi form.run(TC19_Edit category tanpa mengisi form:22)
	at com.kms.katalon.core.main.ScriptEngine.run(ScriptEngine.java:194)
	at com.kms.katalon.core.main.ScriptEngine.runScriptAsRawText(ScriptEngine.java:119)
	at com.kms.katalon.core.main.TestCaseExecutor.runScript(TestCaseExecutor.java:448)
	at com.kms.katalon.core.main.TestCaseExecutor.doExecute(TestCaseExecutor.java:439)
	at com.kms.katalon.core.main.TestCaseExecutor.processExecutionPhase(TestCaseExecutor.java:418)
	at com.kms.katalon.core.main.TestCaseExecutor.accessMainPhase(TestCaseExecutor.java:410)
	at com.kms.katalon.core.main.TestCaseExecutor.execute(TestCaseExecutor.java:285)
	at com.kms.katalon.core.common.CommonExecutor.accessTestCaseMainPhase(CommonExecutor.java:65)
	at com.kms.katalon.core.main.TestSuiteExecutor.accessTestSuiteMainPhase(TestSuiteExecutor.java:151)
	at com.kms.katalon.core.main.TestSuiteExecutor.execute(TestSuiteExecutor.java:106)
	at com.kms.katalon.core.main.TestCaseMain.startTestSuite(TestCaseMain.java:185)
	at com.kms.katalon.core.main.TestCaseMain$startTestSuite$0.call(Unknown Source)
	at TempTestSuite1676005934100.run(TempTestSuite1676005934100.groovy:36)
Caused by: com.kms.katalon.core.webui.exception.WebElementNotFoundException: Web element with id: 'Object Repository/Setting/Category/Edit category/Edit button' located by '//form[@id='form_11']/a/i' not found
	at com.kms.katalon.core.webui.common.WebUiCommonHelper.findWebElement(WebUiCommonHelper.java:1370)
	at com.kms.katalon.core.webui.keyword.internal.WebUIAbstractKeyword.findWebElement(WebUIAbstractKeyword.groovy:27)
	at com.kms.katalon.core.webui.keyword.builtin.ClickKeyword$_click_closure1.doCall(ClickKeyword.groovy:65)
	at com.kms.katalon.core.webui.keyword.builtin.ClickKeyword$_click_closure1.call(ClickKeyword.groovy)
	at com.kms.katalon.core.webui.keyword.internal.WebUIKeywordMain.runKeyword(WebUIKeywordMain.groovy:20)
	... 19 more


2023-02-10 12:15:07 - [TEST_STEP][PASSED] - click(findTestObject("z test/test 3/a_Next")): Object: 'Object Repository/z test/test 3/a_Next' is clicked on

2023-02-10 12:15:07 - [MESSAGE][PASSED] - Object: 'Object Repository/z test/test 3/a_Next' is clicked on

2023-02-10 12:15:07 - [TEST_STEP][FAILED] - click(findTestObject("Setting/Category/Edit category/Edit button")): Unable to click on object 'Object Repository/Setting/Category/Edit category/Edit button' (Root cause: com.kms.katalon.core.exception.StepFailedException: Unable to click on object 'Object Repository/Setting/Category/Edit category/Edit button'
	at com.kms.katalon.core.webui.keyword.internal.WebUIKeywordMain.stepFailed(WebUIKeywordMain.groovy:64)
	at com.kms.katalon.core.webui.keyword.internal.WebUIKeywordMain.runKeyword(WebUIKeywordMain.groovy:26)
	at com.kms.katalon.core.webui.keyword.builtin.ClickKeyword.click(ClickKeyword.groovy:74)
	at com.kms.katalon.core.webui.keyword.builtin.ClickKeyword.execute(ClickKeyword.groovy:40)
	at com.kms.katalon.core.keyword.internal.KeywordExecutor.executeKeywordForPlatform(KeywordExecutor.groovy:74)
	at com.kms.katalon.core.webui.keyword.WebUiBuiltInKeywords.click(WebUiBuiltInKeywords.groovy:620)
	at com.kms.katalon.core.webui.keyword.WebUiBuiltInKeywords$click$3.call(Unknown Source)
	at TC19_Edit category tanpa mengisi form.run(TC19_Edit category tanpa mengisi form:22)
	at com.kms.katalon.core.main.ScriptEngine.run(ScriptEngine.java:194)
	at com.kms.katalon.core.main.ScriptEngine.runScriptAsRawText(ScriptEngine.java:119)
	at com.kms.katalon.core.main.TestCaseExecutor.runScript(TestCaseExecutor.java:448)
	at com.kms.katalon.core.main.TestCaseExecutor.doExecute(TestCaseExecutor.java:439)
	at com.kms.katalon.core.main.TestCaseExecutor.processExecutionPhase(TestCaseExecutor.java:418)
	at com.kms.katalon.core.main.TestCaseExecutor.accessMainPhase(TestCaseExecutor.java:410)
	at com.kms.katalon.core.main.TestCaseExecutor.execute(TestCaseExecutor.java:285)
	at com.kms.katalon.core.common.CommonExecutor.accessTestCaseMainPhase(CommonExecutor.java:65)
	at com.kms.katalon.core.main.TestSuiteExecutor.accessTestSuiteMainPhase(TestSuiteExecutor.java:151)
	at com.kms.katalon.core.main.TestSuiteExecutor.execute(TestSuiteExecutor.java:106)
	at com.kms.katalon.core.main.TestCaseMain.startTestSuite(TestCaseMain.java:185)
	at com.kms.katalon.core.main.TestCaseMain$startTestSuite$0.call(Unknown Source)
	at TempTestSuite1676005934100.run(TempTestSuite1676005934100.groovy:36)
Caused by: com.kms.katalon.core.webui.exception.WebElementNotFoundException: Web element with id: 'Object Repository/Setting/Category/Edit category/Edit button' located by '//form[@id='form_11']/a/i' not found
	at com.kms.katalon.core.webui.common.WebUiCommonHelper.findWebElement(WebUiCommonHelper.java:1370)
	at com.kms.katalon.core.webui.keyword.internal.WebUIAbstractKeyword.findWebElement(WebUIAbstractKeyword.groovy:27)
	at com.kms.katalon.core.webui.keyword.builtin.ClickKeyword$_click_closure1.doCall(ClickKeyword.groovy:65)
	at com.kms.katalon.core.webui.keyword.builtin.ClickKeyword$_click_closure1.call(ClickKeyword.groovy)
	at com.kms.katalon.core.webui.keyword.internal.WebUIKeywordMain.runKeyword(WebUIKeywordMain.groovy:20)
	at com.kms.katalon.core.webui.keyword.builtin.ClickKeyword.click(ClickKeyword.groovy:74)
	at com.kms.katalon.core.webui.keyword.builtin.ClickKeyword.execute(ClickKeyword.groovy:40)
	at com.kms.katalon.core.keyword.internal.KeywordExecutor.executeKeywordForPlatform(KeywordExecutor.groovy:74)
	at com.kms.katalon.core.webui.keyword.WebUiBuiltInKeywords.click(WebUiBuiltInKeywords.groovy:620)
	at com.kms.katalon.core.webui.keyword.WebUiBuiltInKeywords$click$3.call(Unknown Source)
	at Script1675243747086.run(Script1675243747086.groovy:22)
	... 13 more
)

2023-02-10 12:15:39 - [MESSAGE][INFO] - Unable to find the element located by 'By.xpath: //form[@id='form_11']/a/i'. Please recheck the objects properties to make sure the desired element is located. 

2023-02-10 12:15:39 - [MESSAGE][WARNING] - Cannot take screenshot

2023-02-10 12:15:39 - [MESSAGE][FAILED] - Unable to click on object 'Object Repository/Setting/Category/Edit category/Edit button' (Root cause: com.kms.katalon.core.exception.StepFailedException: Unable to click on object 'Object Repository/Setting/Category/Edit category/Edit button'
	at com.kms.katalon.core.webui.keyword.internal.WebUIKeywordMain.stepFailed(WebUIKeywordMain.groovy:64)
	at com.kms.katalon.core.webui.keyword.internal.WebUIKeywordMain.runKeyword(WebUIKeywordMain.groovy:26)
	at com.kms.katalon.core.webui.keyword.builtin.ClickKeyword.click(ClickKeyword.groovy:74)
	at com.kms.katalon.core.webui.keyword.builtin.ClickKeyword.execute(ClickKeyword.groovy:40)
	at com.kms.katalon.core.keyword.internal.KeywordExecutor.executeKeywordForPlatform(KeywordExecutor.groovy:74)
	at com.kms.katalon.core.webui.keyword.WebUiBuiltInKeywords.click(WebUiBuiltInKeywords.groovy:620)
	at com.kms.katalon.core.webui.keyword.WebUiBuiltInKeywords$click$3.call(Unknown Source)
	at TC19_Edit category tanpa mengisi form.run(TC19_Edit category tanpa mengisi form:22)
	at com.kms.katalon.core.main.ScriptEngine.run(ScriptEngine.java:194)
	at com.kms.katalon.core.main.ScriptEngine.runScriptAsRawText(ScriptEngine.java:119)
	at com.kms.katalon.core.main.TestCaseExecutor.runScript(TestCaseExecutor.java:448)
	at com.kms.katalon.core.main.TestCaseExecutor.doExecute(TestCaseExecutor.java:439)
	at com.kms.katalon.core.main.TestCaseExecutor.processExecutionPhase(TestCaseExecutor.java:418)
	at com.kms.katalon.core.main.TestCaseExecutor.accessMainPhase(TestCaseExecutor.java:410)
	at com.kms.katalon.core.main.TestCaseExecutor.execute(TestCaseExecutor.java:285)
	at com.kms.katalon.core.common.CommonExecutor.accessTestCaseMainPhase(CommonExecutor.java:65)
	at com.kms.katalon.core.main.TestSuiteExecutor.accessTestSuiteMainPhase(TestSuiteExecutor.java:151)
	at com.kms.katalon.core.main.TestSuiteExecutor.execute(TestSuiteExecutor.java:106)
	at com.kms.katalon.core.main.TestCaseMain.startTestSuite(TestCaseMain.java:185)
	at com.kms.katalon.core.main.TestCaseMain$startTestSuite$0.call(Unknown Source)
	at TempTestSuite1676005934100.run(TempTestSuite1676005934100.groovy:36)
Caused by: com.kms.katalon.core.webui.exception.WebElementNotFoundException: Web element with id: 'Object Repository/Setting/Category/Edit category/Edit button' located by '//form[@id='form_11']/a/i' not found
	at com.kms.katalon.core.webui.common.WebUiCommonHelper.findWebElement(WebUiCommonHelper.java:1370)
	at com.kms.katalon.core.webui.keyword.internal.WebUIAbstractKeyword.findWebElement(WebUIAbstractKeyword.groovy:27)
	at com.kms.katalon.core.webui.keyword.builtin.ClickKeyword$_click_closure1.doCall(ClickKeyword.groovy:65)
	at com.kms.katalon.core.webui.keyword.builtin.ClickKeyword$_click_closure1.call(ClickKeyword.groovy)
	at com.kms.katalon.core.webui.keyword.internal.WebUIKeywordMain.runKeyword(WebUIKeywordMain.groovy:20)
	at com.kms.katalon.core.webui.keyword.builtin.ClickKeyword.click(ClickKeyword.groovy:74)
	at com.kms.katalon.core.webui.keyword.builtin.ClickKeyword.execute(ClickKeyword.groovy:40)
	at com.kms.katalon.core.keyword.internal.KeywordExecutor.executeKeywordForPlatform(KeywordExecutor.groovy:74)
	at com.kms.katalon.core.webui.keyword.WebUiBuiltInKeywords.click(WebUiBuiltInKeywords.groovy:620)
	at com.kms.katalon.core.webui.keyword.WebUiBuiltInKeywords$click$3.call(Unknown Source)
	at Script1675243747086.run(Script1675243747086.groovy:22)
	... 13 more
)]]></system-out>
         <system-err><![CDATA[2023-02-10 12:15:06 - [TEST_CASE][FAILED] - Test Cases/Setting/TC19_Edit category tanpa mengisi form: Test Cases/Setting/TC19_Edit category tanpa mengisi form FAILED.
Reason:
com.kms.katalon.core.exception.StepFailedException: Unable to click on object 'Object Repository/Setting/Category/Edit category/Edit button'
	at com.kms.katalon.core.webui.keyword.internal.WebUIKeywordMain.stepFailed(WebUIKeywordMain.groovy:64)
	at com.kms.katalon.core.webui.keyword.internal.WebUIKeywordMain.runKeyword(WebUIKeywordMain.groovy:26)
	at com.kms.katalon.core.webui.keyword.builtin.ClickKeyword.click(ClickKeyword.groovy:74)
	at com.kms.katalon.core.webui.keyword.builtin.ClickKeyword.execute(ClickKeyword.groovy:40)
	at com.kms.katalon.core.keyword.internal.KeywordExecutor.executeKeywordForPlatform(KeywordExecutor.groovy:74)
	at com.kms.katalon.core.webui.keyword.WebUiBuiltInKeywords.click(WebUiBuiltInKeywords.groovy:620)
	at com.kms.katalon.core.webui.keyword.WebUiBuiltInKeywords$click$3.call(Unknown Source)
	at TC19_Edit category tanpa mengisi form.run(TC19_Edit category tanpa mengisi form:22)
	at com.kms.katalon.core.main.ScriptEngine.run(ScriptEngine.java:194)
	at com.kms.katalon.core.main.ScriptEngine.runScriptAsRawText(ScriptEngine.java:119)
	at com.kms.katalon.core.main.TestCaseExecutor.runScript(TestCaseExecutor.java:448)
	at com.kms.katalon.core.main.TestCaseExecutor.doExecute(TestCaseExecutor.java:439)
	at com.kms.katalon.core.main.TestCaseExecutor.processExecutionPhase(TestCaseExecutor.java:418)
	at com.kms.katalon.core.main.TestCaseExecutor.accessMainPhase(TestCaseExecutor.java:410)
	at com.kms.katalon.core.main.TestCaseExecutor.execute(TestCaseExecutor.java:285)
	at com.kms.katalon.core.common.CommonExecutor.accessTestCaseMainPhase(CommonExecutor.java:65)
	at com.kms.katalon.core.main.TestSuiteExecutor.accessTestSuiteMainPhase(TestSuiteExecutor.java:151)
	at com.kms.katalon.core.main.TestSuiteExecutor.execute(TestSuiteExecutor.java:106)
	at com.kms.katalon.core.main.TestCaseMain.startTestSuite(TestCaseMain.java:185)
	at com.kms.katalon.core.main.TestCaseMain$startTestSuite$0.call(Unknown Source)
	at TempTestSuite1676005934100.run(TempTestSuite1676005934100.groovy:36)
Caused by: com.kms.katalon.core.webui.exception.WebElementNotFoundException: Web element with id: 'Object Repository/Setting/Category/Edit category/Edit button' located by '//form[@id='form_11']/a/i' not found
	at com.kms.katalon.core.webui.common.WebUiCommonHelper.findWebElement(WebUiCommonHelper.java:1370)
	at com.kms.katalon.core.webui.keyword.internal.WebUIAbstractKeyword.findWebElement(WebUIAbstractKeyword.groovy:27)
	at com.kms.katalon.core.webui.keyword.builtin.ClickKeyword$_click_closure1.doCall(ClickKeyword.groovy:65)
	at com.kms.katalon.core.webui.keyword.builtin.ClickKeyword$_click_closure1.call(ClickKeyword.groovy)
	at com.kms.katalon.core.webui.keyword.internal.WebUIKeywordMain.runKeyword(WebUIKeywordMain.groovy:20)
	... 19 more]]></system-err>
      </testcase>
      <testcase name="Test Cases/Setting/TC20_Delete category" time="34.857" classname="Test Cases/Setting/TC20_Delete category" status="FAILED">
         <failure type="FAILED" message="Test Cases/Setting/TC20_Delete category FAILED.
Reason:
com.kms.katalon.core.exception.StepFailedException: Unable to click on object 'Object Repository/Setting/Category/Delete category/Delete button'
	at com.kms.katalon.core.webui.keyword.internal.WebUIKeywordMain.stepFailed(WebUIKeywordMain.groovy:64)
	at com.kms.katalon.core.webui.keyword.internal.WebUIKeywordMain.runKeyword(WebUIKeywordMain.groovy:26)
	at com.kms.katalon.core.webui.keyword.builtin.ClickKeyword.click(ClickKeyword.groovy:74)
	at com.kms.katalon.core.webui.keyword.builtin.ClickKeyword.execute(ClickKeyword.groovy:40)
	at com.kms.katalon.core.keyword.internal.KeywordExecutor.executeKeywordForPlatform(KeywordExecutor.groovy:74)
	at com.kms.katalon.core.webui.keyword.WebUiBuiltInKeywords.click(WebUiBuiltInKeywords.groovy:620)
	at com.kms.katalon.core.webui.keyword.WebUiBuiltInKeywords$click$3.call(Unknown Source)
	at TC20_Delete category.run(TC20_Delete category:24)
	at com.kms.katalon.core.main.ScriptEngine.run(ScriptEngine.java:194)
	at com.kms.katalon.core.main.ScriptEngine.runScriptAsRawText(ScriptEngine.java:119)
	at com.kms.katalon.core.main.TestCaseExecutor.runScript(TestCaseExecutor.java:448)
	at com.kms.katalon.core.main.TestCaseExecutor.doExecute(TestCaseExecutor.java:439)
	at com.kms.katalon.core.main.TestCaseExecutor.processExecutionPhase(TestCaseExecutor.java:418)
	at com.kms.katalon.core.main.TestCaseExecutor.accessMainPhase(TestCaseExecutor.java:410)
	at com.kms.katalon.core.main.TestCaseExecutor.execute(TestCaseExecutor.java:285)
	at com.kms.katalon.core.common.CommonExecutor.accessTestCaseMainPhase(CommonExecutor.java:65)
	at com.kms.katalon.core.main.TestSuiteExecutor.accessTestSuiteMainPhase(TestSuiteExecutor.java:151)
	at com.kms.katalon.core.main.TestSuiteExecutor.execute(TestSuiteExecutor.java:106)
	at com.kms.katalon.core.main.TestCaseMain.startTestSuite(TestCaseMain.java:185)
	at com.kms.katalon.core.main.TestCaseMain$startTestSuite$0.call(Unknown Source)
	at TempTestSuite1676005934100.run(TempTestSuite1676005934100.groovy:36)
Caused by: com.kms.katalon.core.webui.exception.WebElementNotFoundException: Web element with id: 'Object Repository/Setting/Category/Delete category/Delete button' located by '//button[@id='12']/i' not found
	at com.kms.katalon.core.webui.common.WebUiCommonHelper.findWebElement(WebUiCommonHelper.java:1370)
	at com.kms.katalon.core.webui.keyword.internal.WebUIAbstractKeyword.findWebElement(WebUIAbstractKeyword.groovy:27)
	at com.kms.katalon.core.webui.keyword.builtin.ClickKeyword$_click_closure1.doCall(ClickKeyword.groovy:65)
	at com.kms.katalon.core.webui.keyword.builtin.ClickKeyword$_click_closure1.call(ClickKeyword.groovy)
	at com.kms.katalon.core.webui.keyword.internal.WebUIKeywordMain.runKeyword(WebUIKeywordMain.groovy:20)
	... 19 more
"/>
         <system-out><![CDATA[2023-02-10 12:15:39 - [TEST_CASE][FAILED] - Test Cases/Setting/TC20_Delete category: Test Cases/Setting/TC20_Delete category FAILED.
Reason:
com.kms.katalon.core.exception.StepFailedException: Unable to click on object 'Object Repository/Setting/Category/Delete category/Delete button'
	at com.kms.katalon.core.webui.keyword.internal.WebUIKeywordMain.stepFailed(WebUIKeywordMain.groovy:64)
	at com.kms.katalon.core.webui.keyword.internal.WebUIKeywordMain.runKeyword(WebUIKeywordMain.groovy:26)
	at com.kms.katalon.core.webui.keyword.builtin.ClickKeyword.click(ClickKeyword.groovy:74)
	at com.kms.katalon.core.webui.keyword.builtin.ClickKeyword.execute(ClickKeyword.groovy:40)
	at com.kms.katalon.core.keyword.internal.KeywordExecutor.executeKeywordForPlatform(KeywordExecutor.groovy:74)
	at com.kms.katalon.core.webui.keyword.WebUiBuiltInKeywords.click(WebUiBuiltInKeywords.groovy:620)
	at com.kms.katalon.core.webui.keyword.WebUiBuiltInKeywords$click$3.call(Unknown Source)
	at TC20_Delete category.run(TC20_Delete category:24)
	at com.kms.katalon.core.main.ScriptEngine.run(ScriptEngine.java:194)
	at com.kms.katalon.core.main.ScriptEngine.runScriptAsRawText(ScriptEngine.java:119)
	at com.kms.katalon.core.main.TestCaseExecutor.runScript(TestCaseExecutor.java:448)
	at com.kms.katalon.core.main.TestCaseExecutor.doExecute(TestCaseExecutor.java:439)
	at com.kms.katalon.core.main.TestCaseExecutor.processExecutionPhase(TestCaseExecutor.java:418)
	at com.kms.katalon.core.main.TestCaseExecutor.accessMainPhase(TestCaseExecutor.java:410)
	at com.kms.katalon.core.main.TestCaseExecutor.execute(TestCaseExecutor.java:285)
	at com.kms.katalon.core.common.CommonExecutor.accessTestCaseMainPhase(CommonExecutor.java:65)
	at com.kms.katalon.core.main.TestSuiteExecutor.accessTestSuiteMainPhase(TestSuiteExecutor.java:151)
	at com.kms.katalon.core.main.TestSuiteExecutor.execute(TestSuiteExecutor.java:106)
	at com.kms.katalon.core.main.TestCaseMain.startTestSuite(TestCaseMain.java:185)
	at com.kms.katalon.core.main.TestCaseMain$startTestSuite$0.call(Unknown Source)
	at TempTestSuite1676005934100.run(TempTestSuite1676005934100.groovy:36)
Caused by: com.kms.katalon.core.webui.exception.WebElementNotFoundException: Web element with id: 'Object Repository/Setting/Category/Delete category/Delete button' located by '//button[@id='12']/i' not found
	at com.kms.katalon.core.webui.common.WebUiCommonHelper.findWebElement(WebUiCommonHelper.java:1370)
	at com.kms.katalon.core.webui.keyword.internal.WebUIAbstractKeyword.findWebElement(WebUIAbstractKeyword.groovy:27)
	at com.kms.katalon.core.webui.keyword.builtin.ClickKeyword$_click_closure1.doCall(ClickKeyword.groovy:65)
	at com.kms.katalon.core.webui.keyword.builtin.ClickKeyword$_click_closure1.call(ClickKeyword.groovy)
	at com.kms.katalon.core.webui.keyword.internal.WebUIKeywordMain.runKeyword(WebUIKeywordMain.groovy:20)
	... 19 more


2023-02-10 12:15:40 - [TEST_STEP][PASSED] - click(findTestObject("Setting/Category/Delete category/Category")): Object: 'Object Repository/Setting/Category/Delete category/Category' is clicked on

2023-02-10 12:15:41 - [MESSAGE][PASSED] - Object: 'Object Repository/Setting/Category/Delete category/Category' is clicked on

2023-02-10 12:15:41 - [TEST_STEP][PASSED] - click(findTestObject("Setting/Category/Edit category/Name")): Object: 'Object Repository/Setting/Category/Edit category/Name' is clicked on

2023-02-10 12:15:42 - [MESSAGE][PASSED] - Object: 'Object Repository/Setting/Category/Edit category/Name' is clicked on

2023-02-10 12:15:42 - [TEST_STEP][FAILED] - click(findTestObject("Setting/Category/Delete category/Delete button")): Unable to click on object 'Object Repository/Setting/Category/Delete category/Delete button' (Root cause: com.kms.katalon.core.exception.StepFailedException: Unable to click on object 'Object Repository/Setting/Category/Delete category/Delete button'
	at com.kms.katalon.core.webui.keyword.internal.WebUIKeywordMain.stepFailed(WebUIKeywordMain.groovy:64)
	at com.kms.katalon.core.webui.keyword.internal.WebUIKeywordMain.runKeyword(WebUIKeywordMain.groovy:26)
	at com.kms.katalon.core.webui.keyword.builtin.ClickKeyword.click(ClickKeyword.groovy:74)
	at com.kms.katalon.core.webui.keyword.builtin.ClickKeyword.execute(ClickKeyword.groovy:40)
	at com.kms.katalon.core.keyword.internal.KeywordExecutor.executeKeywordForPlatform(KeywordExecutor.groovy:74)
	at com.kms.katalon.core.webui.keyword.WebUiBuiltInKeywords.click(WebUiBuiltInKeywords.groovy:620)
	at com.kms.katalon.core.webui.keyword.WebUiBuiltInKeywords$click$3.call(Unknown Source)
	at TC20_Delete category.run(TC20_Delete category:24)
	at com.kms.katalon.core.main.ScriptEngine.run(ScriptEngine.java:194)
	at com.kms.katalon.core.main.ScriptEngine.runScriptAsRawText(ScriptEngine.java:119)
	at com.kms.katalon.core.main.TestCaseExecutor.runScript(TestCaseExecutor.java:448)
	at com.kms.katalon.core.main.TestCaseExecutor.doExecute(TestCaseExecutor.java:439)
	at com.kms.katalon.core.main.TestCaseExecutor.processExecutionPhase(TestCaseExecutor.java:418)
	at com.kms.katalon.core.main.TestCaseExecutor.accessMainPhase(TestCaseExecutor.java:410)
	at com.kms.katalon.core.main.TestCaseExecutor.execute(TestCaseExecutor.java:285)
	at com.kms.katalon.core.common.CommonExecutor.accessTestCaseMainPhase(CommonExecutor.java:65)
	at com.kms.katalon.core.main.TestSuiteExecutor.accessTestSuiteMainPhase(TestSuiteExecutor.java:151)
	at com.kms.katalon.core.main.TestSuiteExecutor.execute(TestSuiteExecutor.java:106)
	at com.kms.katalon.core.main.TestCaseMain.startTestSuite(TestCaseMain.java:185)
	at com.kms.katalon.core.main.TestCaseMain$startTestSuite$0.call(Unknown Source)
	at TempTestSuite1676005934100.run(TempTestSuite1676005934100.groovy:36)
Caused by: com.kms.katalon.core.webui.exception.WebElementNotFoundException: Web element with id: 'Object Repository/Setting/Category/Delete category/Delete button' located by '//button[@id='12']/i' not found
	at com.kms.katalon.core.webui.common.WebUiCommonHelper.findWebElement(WebUiCommonHelper.java:1370)
	at com.kms.katalon.core.webui.keyword.internal.WebUIAbstractKeyword.findWebElement(WebUIAbstractKeyword.groovy:27)
	at com.kms.katalon.core.webui.keyword.builtin.ClickKeyword$_click_closure1.doCall(ClickKeyword.groovy:65)
	at com.kms.katalon.core.webui.keyword.builtin.ClickKeyword$_click_closure1.call(ClickKeyword.groovy)
	at com.kms.katalon.core.webui.keyword.internal.WebUIKeywordMain.runKeyword(WebUIKeywordMain.groovy:20)
	at com.kms.katalon.core.webui.keyword.builtin.ClickKeyword.click(ClickKeyword.groovy:74)
	at com.kms.katalon.core.webui.keyword.builtin.ClickKeyword.execute(ClickKeyword.groovy:40)
	at com.kms.katalon.core.keyword.internal.KeywordExecutor.executeKeywordForPlatform(KeywordExecutor.groovy:74)
	at com.kms.katalon.core.webui.keyword.WebUiBuiltInKeywords.click(WebUiBuiltInKeywords.groovy:620)
	at com.kms.katalon.core.webui.keyword.WebUiBuiltInKeywords$click$3.call(Unknown Source)
	at Script1675244035654.run(Script1675244035654.groovy:24)
	... 13 more
)

2023-02-10 12:16:13 - [MESSAGE][INFO] - Unable to find the element located by 'By.xpath: //button[@id='12']/i'. Please recheck the objects properties to make sure the desired element is located. 

2023-02-10 12:16:14 - [MESSAGE][FAILED] - Unable to click on object 'Object Repository/Setting/Category/Delete category/Delete button' (Root cause: com.kms.katalon.core.exception.StepFailedException: Unable to click on object 'Object Repository/Setting/Category/Delete category/Delete button'
	at com.kms.katalon.core.webui.keyword.internal.WebUIKeywordMain.stepFailed(WebUIKeywordMain.groovy:64)
	at com.kms.katalon.core.webui.keyword.internal.WebUIKeywordMain.runKeyword(WebUIKeywordMain.groovy:26)
	at com.kms.katalon.core.webui.keyword.builtin.ClickKeyword.click(ClickKeyword.groovy:74)
	at com.kms.katalon.core.webui.keyword.builtin.ClickKeyword.execute(ClickKeyword.groovy:40)
	at com.kms.katalon.core.keyword.internal.KeywordExecutor.executeKeywordForPlatform(KeywordExecutor.groovy:74)
	at com.kms.katalon.core.webui.keyword.WebUiBuiltInKeywords.click(WebUiBuiltInKeywords.groovy:620)
	at com.kms.katalon.core.webui.keyword.WebUiBuiltInKeywords$click$3.call(Unknown Source)
	at TC20_Delete category.run(TC20_Delete category:24)
	at com.kms.katalon.core.main.ScriptEngine.run(ScriptEngine.java:194)
	at com.kms.katalon.core.main.ScriptEngine.runScriptAsRawText(ScriptEngine.java:119)
	at com.kms.katalon.core.main.TestCaseExecutor.runScript(TestCaseExecutor.java:448)
	at com.kms.katalon.core.main.TestCaseExecutor.doExecute(TestCaseExecutor.java:439)
	at com.kms.katalon.core.main.TestCaseExecutor.processExecutionPhase(TestCaseExecutor.java:418)
	at com.kms.katalon.core.main.TestCaseExecutor.accessMainPhase(TestCaseExecutor.java:410)
	at com.kms.katalon.core.main.TestCaseExecutor.execute(TestCaseExecutor.java:285)
	at com.kms.katalon.core.common.CommonExecutor.accessTestCaseMainPhase(CommonExecutor.java:65)
	at com.kms.katalon.core.main.TestSuiteExecutor.accessTestSuiteMainPhase(TestSuiteExecutor.java:151)
	at com.kms.katalon.core.main.TestSuiteExecutor.execute(TestSuiteExecutor.java:106)
	at com.kms.katalon.core.main.TestCaseMain.startTestSuite(TestCaseMain.java:185)
	at com.kms.katalon.core.main.TestCaseMain$startTestSuite$0.call(Unknown Source)
	at TempTestSuite1676005934100.run(TempTestSuite1676005934100.groovy:36)
Caused by: com.kms.katalon.core.webui.exception.WebElementNotFoundException: Web element with id: 'Object Repository/Setting/Category/Delete category/Delete button' located by '//button[@id='12']/i' not found
	at com.kms.katalon.core.webui.common.WebUiCommonHelper.findWebElement(WebUiCommonHelper.java:1370)
	at com.kms.katalon.core.webui.keyword.internal.WebUIAbstractKeyword.findWebElement(WebUIAbstractKeyword.groovy:27)
	at com.kms.katalon.core.webui.keyword.builtin.ClickKeyword$_click_closure1.doCall(ClickKeyword.groovy:65)
	at com.kms.katalon.core.webui.keyword.builtin.ClickKeyword$_click_closure1.call(ClickKeyword.groovy)
	at com.kms.katalon.core.webui.keyword.internal.WebUIKeywordMain.runKeyword(WebUIKeywordMain.groovy:20)
	at com.kms.katalon.core.webui.keyword.builtin.ClickKeyword.click(ClickKeyword.groovy:74)
	at com.kms.katalon.core.webui.keyword.builtin.ClickKeyword.execute(ClickKeyword.groovy:40)
	at com.kms.katalon.core.keyword.internal.KeywordExecutor.executeKeywordForPlatform(KeywordExecutor.groovy:74)
	at com.kms.katalon.core.webui.keyword.WebUiBuiltInKeywords.click(WebUiBuiltInKeywords.groovy:620)
	at com.kms.katalon.core.webui.keyword.WebUiBuiltInKeywords$click$3.call(Unknown Source)
	at Script1675244035654.run(Script1675244035654.groovy:24)
	... 13 more
)
[[ATTACHMENT|C:\\Users\\GA502GU\\Katalon Studio\\TechnofestAdmin5\\Reports\\20230210_121214\\TS01_TechnofestAdmin\\20230210_121214\\1676006173856.png]]]]></system-out>
         <system-err><![CDATA[2023-02-10 12:15:39 - [TEST_CASE][FAILED] - Test Cases/Setting/TC20_Delete category: Test Cases/Setting/TC20_Delete category FAILED.
Reason:
com.kms.katalon.core.exception.StepFailedException: Unable to click on object 'Object Repository/Setting/Category/Delete category/Delete button'
	at com.kms.katalon.core.webui.keyword.internal.WebUIKeywordMain.stepFailed(WebUIKeywordMain.groovy:64)
	at com.kms.katalon.core.webui.keyword.internal.WebUIKeywordMain.runKeyword(WebUIKeywordMain.groovy:26)
	at com.kms.katalon.core.webui.keyword.builtin.ClickKeyword.click(ClickKeyword.groovy:74)
	at com.kms.katalon.core.webui.keyword.builtin.ClickKeyword.execute(ClickKeyword.groovy:40)
	at com.kms.katalon.core.keyword.internal.KeywordExecutor.executeKeywordForPlatform(KeywordExecutor.groovy:74)
	at com.kms.katalon.core.webui.keyword.WebUiBuiltInKeywords.click(WebUiBuiltInKeywords.groovy:620)
	at com.kms.katalon.core.webui.keyword.WebUiBuiltInKeywords$click$3.call(Unknown Source)
	at TC20_Delete category.run(TC20_Delete category:24)
	at com.kms.katalon.core.main.ScriptEngine.run(ScriptEngine.java:194)
	at com.kms.katalon.core.main.ScriptEngine.runScriptAsRawText(ScriptEngine.java:119)
	at com.kms.katalon.core.main.TestCaseExecutor.runScript(TestCaseExecutor.java:448)
	at com.kms.katalon.core.main.TestCaseExecutor.doExecute(TestCaseExecutor.java:439)
	at com.kms.katalon.core.main.TestCaseExecutor.processExecutionPhase(TestCaseExecutor.java:418)
	at com.kms.katalon.core.main.TestCaseExecutor.accessMainPhase(TestCaseExecutor.java:410)
	at com.kms.katalon.core.main.TestCaseExecutor.execute(TestCaseExecutor.java:285)
	at com.kms.katalon.core.common.CommonExecutor.accessTestCaseMainPhase(CommonExecutor.java:65)
	at com.kms.katalon.core.main.TestSuiteExecutor.accessTestSuiteMainPhase(TestSuiteExecutor.java:151)
	at com.kms.katalon.core.main.TestSuiteExecutor.execute(TestSuiteExecutor.java:106)
	at com.kms.katalon.core.main.TestCaseMain.startTestSuite(TestCaseMain.java:185)
	at com.kms.katalon.core.main.TestCaseMain$startTestSuite$0.call(Unknown Source)
	at TempTestSuite1676005934100.run(TempTestSuite1676005934100.groovy:36)
Caused by: com.kms.katalon.core.webui.exception.WebElementNotFoundException: Web element with id: 'Object Repository/Setting/Category/Delete category/Delete button' located by '//button[@id='12']/i' not found
	at com.kms.katalon.core.webui.common.WebUiCommonHelper.findWebElement(WebUiCommonHelper.java:1370)
	at com.kms.katalon.core.webui.keyword.internal.WebUIAbstractKeyword.findWebElement(WebUIAbstractKeyword.groovy:27)
	at com.kms.katalon.core.webui.keyword.builtin.ClickKeyword$_click_closure1.doCall(ClickKeyword.groovy:65)
	at com.kms.katalon.core.webui.keyword.builtin.ClickKeyword$_click_closure1.call(ClickKeyword.groovy)
	at com.kms.katalon.core.webui.keyword.internal.WebUIKeywordMain.runKeyword(WebUIKeywordMain.groovy:20)
	... 19 more]]></system-err>
      </testcase>
      <testcase name="Test Cases/Setting/TC21_Add major" time="8.401" classname="Test Cases/Setting/TC21_Add major" status="PASSED">
         <system-out><![CDATA[2023-02-10 12:16:14 - [TEST_CASE][PASSED] - Test Cases/Setting/TC21_Add major: Test Cases/Setting/TC21_Add major

2023-02-10 12:16:15 - [TEST_STEP][PASSED] - click(findTestObject("Setting/Major/Add major/Major")): Object: 'Object Repository/Setting/Major/Add major/Major' is clicked on

2023-02-10 12:16:16 - [MESSAGE][PASSED] - Object: 'Object Repository/Setting/Major/Add major/Major' is clicked on

2023-02-10 12:16:16 - [TEST_STEP][PASSED] - click(findTestObject("Setting/Major/Add major/Add Data")): Object: 'Object Repository/Setting/Major/Add major/Add Data' is clicked on

2023-02-10 12:16:18 - [MESSAGE][PASSED] - Object: 'Object Repository/Setting/Major/Add major/Add Data' is clicked on

2023-02-10 12:16:18 - [TEST_STEP][PASSED] - verifyElementText(findTestObject("Setting/Major/Add major/Create Major"), "Create Major"): Actual text and expected text of test object 'Object Repository/Setting/Major/Add major/Create Major' are matched.

2023-02-10 12:16:18 - [MESSAGE][PASSED] - Actual text and expected text of test object 'Object Repository/Setting/Major/Add major/Create Major' are matched.

2023-02-10 12:16:18 - [TEST_STEP][PASSED] - setText(findTestObject("Setting/Major/Add major/Major title"), "Test major add"): Text 'Test major add' is set on object 'Object Repository/Setting/Major/Add major/Major title'

2023-02-10 12:16:19 - [MESSAGE][PASSED] - Text 'Test major add' is set on object 'Object Repository/Setting/Major/Add major/Major title'

2023-02-10 12:16:19 - [TEST_STEP][PASSED] - setText(findTestObject("Setting/Major/Add major/Desc"), "Test major add"): Text 'Test major add' is set on object 'Object Repository/Setting/Major/Add major/Desc'

2023-02-10 12:16:20 - [MESSAGE][PASSED] - Text 'Test major add' is set on object 'Object Repository/Setting/Major/Add major/Desc'

2023-02-10 12:16:20 - [TEST_STEP][PASSED] - click(findTestObject("Setting/Major/Add major/Submit button")): Object: 'Object Repository/Setting/Major/Add major/Submit button' is clicked on

2023-02-10 12:16:22 - [MESSAGE][PASSED] - Object: 'Object Repository/Setting/Major/Add major/Submit button' is clicked on]]></system-out>
         <system-err><![CDATA[]]></system-err>
      </testcase>
      <testcase name="Test Cases/Setting/TC22_Add major tanpa mengisi form" time="7.573" classname="Test Cases/Setting/TC22_Add major tanpa mengisi form" status="PASSED">
         <system-out><![CDATA[2023-02-10 12:16:22 - [TEST_CASE][PASSED] - Test Cases/Setting/TC22_Add major tanpa mengisi form: Test Cases/Setting/TC22_Add major tanpa mengisi form

2023-02-10 12:16:23 - [TEST_STEP][PASSED] - click(findTestObject("Setting/Major/Add major/Major")): Object: 'Object Repository/Setting/Major/Add major/Major' is clicked on

2023-02-10 12:16:27 - [MESSAGE][PASSED] - Object: 'Object Repository/Setting/Major/Add major/Major' is clicked on

2023-02-10 12:16:27 - [TEST_STEP][PASSED] - click(findTestObject("Setting/Major/Add major/Add Data")): Object: 'Object Repository/Setting/Major/Add major/Add Data' is clicked on

2023-02-10 12:16:28 - [MESSAGE][PASSED] - Object: 'Object Repository/Setting/Major/Add major/Add Data' is clicked on

2023-02-10 12:16:28 - [TEST_STEP][PASSED] - verifyElementText(findTestObject("Setting/Major/Add major/Create Major"), "Create Major"): Actual text and expected text of test object 'Object Repository/Setting/Major/Add major/Create Major' are matched.

2023-02-10 12:16:29 - [MESSAGE][PASSED] - Actual text and expected text of test object 'Object Repository/Setting/Major/Add major/Create Major' are matched.

2023-02-10 12:16:29 - [TEST_STEP][PASSED] - click(findTestObject("Setting/Major/Add major/Submit button")): Object: 'Object Repository/Setting/Major/Add major/Submit button' is clicked on

2023-02-10 12:16:30 - [MESSAGE][PASSED] - Object: 'Object Repository/Setting/Major/Add major/Submit button' is clicked on

2023-02-10 12:16:30 - [TEST_STEP][PASSED] - back(): Navigate back successfully

2023-02-10 12:16:30 - [MESSAGE][PASSED] - Navigate back successfully]]></system-out>
         <system-err><![CDATA[]]></system-err>
      </testcase>
      <testcase name="Test Cases/Setting/TC23_View major" time="2.62" classname="Test Cases/Setting/TC23_View major" status="PASSED">
         <system-out><![CDATA[2023-02-10 12:16:30 - [TEST_CASE][PASSED] - Test Cases/Setting/TC23_View major: Test Cases/Setting/TC23_View major

2023-02-10 12:16:31 - [TEST_STEP][PASSED] - setText(findTestObject("Setting/Major/View major/Search"), "Sistem Informasi"): Text 'Sistem Informasi' is set on object 'Object Repository/Setting/Major/View major/Search'

2023-02-10 12:16:32 - [MESSAGE][PASSED] - Text 'Sistem Informasi' is set on object 'Object Repository/Setting/Major/View major/Search'

2023-02-10 12:16:32 - [TEST_STEP][PASSED] - verifyElementText(findTestObject("Setting/Major/View major/Sistem Informasi"), "Sistem Informasi"): Actual text and expected text of test object 'Object Repository/Setting/Major/View major/Sistem Informasi' are matched.

2023-02-10 12:16:32 - [MESSAGE][PASSED] - Actual text and expected text of test object 'Object Repository/Setting/Major/View major/Sistem Informasi' are matched.]]></system-out>
         <system-err><![CDATA[]]></system-err>
      </testcase>
      <testcase name="Test Cases/Setting/TC24_Edit major" time="10.617" classname="Test Cases/Setting/TC24_Edit major" status="PASSED">
         <system-out><![CDATA[2023-02-10 12:16:32 - [TEST_CASE][PASSED] - Test Cases/Setting/TC24_Edit major: Test Cases/Setting/TC24_Edit major

2023-02-10 12:16:33 - [TEST_STEP][PASSED] - click(findTestObject("Setting/Major/Edit major/Major")): Object: 'Object Repository/Setting/Major/Edit major/Major' is clicked on

2023-02-10 12:16:34 - [MESSAGE][PASSED] - Object: 'Object Repository/Setting/Major/Edit major/Major' is clicked on

2023-02-10 12:16:34 - [TEST_STEP][PASSED] - setText(findTestObject("Setting/Major/Edit major/Search"), "edit"): Text 'edit' is set on object 'Object Repository/Setting/Major/Edit major/Search'

2023-02-10 12:16:35 - [MESSAGE][PASSED] - Text 'edit' is set on object 'Object Repository/Setting/Major/Edit major/Search'

2023-02-10 12:16:35 - [TEST_STEP][PASSED] - click(findTestObject("Setting/Major/Edit major/Edit button")): Object: 'Object Repository/Setting/Major/Edit major/Edit button' is clicked on

2023-02-10 12:16:37 - [MESSAGE][PASSED] - Object: 'Object Repository/Setting/Major/Edit major/Edit button' is clicked on

2023-02-10 12:16:37 - [TEST_STEP][PASSED] - verifyElementText(findTestObject("Setting/Major/Edit major/Update Major Test major edit"), "Update Major Test Major Edit"): Actual text and expected text of test object 'Object Repository/Setting/Major/Edit major/Update Major Test major edit' are matched.

2023-02-10 12:16:38 - [MESSAGE][PASSED] - Actual text and expected text of test object 'Object Repository/Setting/Major/Edit major/Update Major Test major edit' are matched.

2023-02-10 12:16:38 - [TEST_STEP][PASSED] - clearText(findTestObject("Setting/Major/Edit major/Major title")): Text of object 'Object Repository/Setting/Major/Edit major/Major title' is cleared

2023-02-10 12:16:39 - [MESSAGE][PASSED] - Text of object 'Object Repository/Setting/Major/Edit major/Major title' is cleared

2023-02-10 12:16:39 - [TEST_STEP][PASSED] - setText(findTestObject("Setting/Major/Edit major/Major title"), "Test major edit baru"): Text 'Test major edit baru' is set on object 'Object Repository/Setting/Major/Edit major/Major title'

2023-02-10 12:16:39 - [MESSAGE][PASSED] - Text 'Test major edit baru' is set on object 'Object Repository/Setting/Major/Edit major/Major title'

2023-02-10 12:16:39 - [TEST_STEP][PASSED] - clearText(findTestObject("Setting/Major/Edit major/Desc")): Text of object 'Object Repository/Setting/Major/Edit major/Desc' is cleared

2023-02-10 12:16:40 - [MESSAGE][PASSED] - Text of object 'Object Repository/Setting/Major/Edit major/Desc' is cleared

2023-02-10 12:16:40 - [TEST_STEP][PASSED] - setText(findTestObject("Setting/Major/Edit major/Desc"), "Test major edit baru"): Text 'Test major edit baru' is set on object 'Object Repository/Setting/Major/Edit major/Desc'

2023-02-10 12:16:41 - [MESSAGE][PASSED] - Text 'Test major edit baru' is set on object 'Object Repository/Setting/Major/Edit major/Desc'

2023-02-10 12:16:41 - [TEST_STEP][PASSED] - click(findTestObject("Setting/Major/Edit major/Submit button")): Object: 'Object Repository/Setting/Major/Edit major/Submit button' is clicked on

2023-02-10 12:16:43 - [MESSAGE][PASSED] - Object: 'Object Repository/Setting/Major/Edit major/Submit button' is clicked on]]></system-out>
         <system-err><![CDATA[]]></system-err>
      </testcase>
      <testcase name="Test Cases/Setting/TC25_Edit major tanpa mengisi form" time="10.422" classname="Test Cases/Setting/TC25_Edit major tanpa mengisi form" status="PASSED">
         <system-out><![CDATA[2023-02-10 12:16:43 - [TEST_CASE][PASSED] - Test Cases/Setting/TC25_Edit major tanpa mengisi form: Test Cases/Setting/TC25_Edit major tanpa mengisi form

2023-02-10 12:16:44 - [TEST_STEP][PASSED] - click(findTestObject("Setting/Major/Edit major/Major")): Object: 'Object Repository/Setting/Major/Edit major/Major' is clicked on

2023-02-10 12:16:48 - [MESSAGE][PASSED] - Object: 'Object Repository/Setting/Major/Edit major/Major' is clicked on

2023-02-10 12:16:48 - [TEST_STEP][PASSED] - setText(findTestObject("Setting/Major/Edit major/Search"), " edit baru"): Text ' edit baru' is set on object 'Object Repository/Setting/Major/Edit major/Search'

2023-02-10 12:16:49 - [MESSAGE][PASSED] - Text ' edit baru' is set on object 'Object Repository/Setting/Major/Edit major/Search'

2023-02-10 12:16:49 - [TEST_STEP][PASSED] - click(findTestObject("Setting/Major/Edit major/Edit button")): Object: 'Object Repository/Setting/Major/Edit major/Edit button' is clicked on

2023-02-10 12:16:51 - [MESSAGE][PASSED] - Object: 'Object Repository/Setting/Major/Edit major/Edit button' is clicked on

2023-02-10 12:16:51 - [TEST_STEP][PASSED] - clearText(findTestObject("Setting/Major/Edit major/Major title")): Text of object 'Object Repository/Setting/Major/Edit major/Major title' is cleared

2023-02-10 12:16:52 - [MESSAGE][PASSED] - Text of object 'Object Repository/Setting/Major/Edit major/Major title' is cleared

2023-02-10 12:16:52 - [TEST_STEP][PASSED] - clearText(findTestObject("Setting/Major/Edit major/Desc")): Text of object 'Object Repository/Setting/Major/Edit major/Desc' is cleared

2023-02-10 12:16:53 - [MESSAGE][PASSED] - Text of object 'Object Repository/Setting/Major/Edit major/Desc' is cleared

2023-02-10 12:16:53 - [TEST_STEP][PASSED] - click(findTestObject("Setting/Major/Edit major/Submit button")): Object: 'Object Repository/Setting/Major/Edit major/Submit button' is clicked on

2023-02-10 12:16:53 - [MESSAGE][PASSED] - Object: 'Object Repository/Setting/Major/Edit major/Submit button' is clicked on]]></system-out>
         <system-err><![CDATA[]]></system-err>
      </testcase>
      <testcase name="Test Cases/Setting/TC26_Delete major" time="6.361" classname="Test Cases/Setting/TC26_Delete major" status="PASSED">
         <system-out><![CDATA[2023-02-10 12:16:53 - [TEST_CASE][PASSED] - Test Cases/Setting/TC26_Delete major: Test Cases/Setting/TC26_Delete major

2023-02-10 12:16:55 - [TEST_STEP][PASSED] - click(findTestObject("Setting/Major/Delete major/Major")): Object: 'Object Repository/Setting/Major/Delete major/Major' is clicked on

2023-02-10 12:16:56 - [MESSAGE][PASSED] - Object: 'Object Repository/Setting/Major/Delete major/Major' is clicked on

2023-02-10 12:16:56 - [TEST_STEP][PASSED] - setText(findTestObject("Setting/Major/Delete major/Search"), "delete"): Text 'delete' is set on object 'Object Repository/Setting/Major/Delete major/Search'

2023-02-10 12:16:57 - [MESSAGE][PASSED] - Text 'delete' is set on object 'Object Repository/Setting/Major/Delete major/Search'

2023-02-10 12:16:57 - [TEST_STEP][PASSED] - click(findTestObject("z test/Delete3/Delete button major")): Object: 'Object Repository/z test/Delete3/Delete button major' is clicked on

2023-02-10 12:16:58 - [MESSAGE][PASSED] - Object: 'Object Repository/z test/Delete3/Delete button major' is clicked on

2023-02-10 12:16:58 - [TEST_STEP][PASSED] - click(findTestObject("Setting/Major/Delete major/Yes button")): Object: 'Object Repository/Setting/Major/Delete major/Yes button' is clicked on

2023-02-10 12:17:00 - [MESSAGE][PASSED] - Object: 'Object Repository/Setting/Major/Delete major/Yes button' is clicked on]]></system-out>
         <system-err><![CDATA[]]></system-err>
      </testcase>
      <testcase name="Test Cases/Lecturer/TC27_Add lecturer" time="9.459" classname="Test Cases/Lecturer/TC27_Add lecturer" status="PASSED">
         <system-out><![CDATA[2023-02-10 12:17:00 - [TEST_CASE][PASSED] - Test Cases/Lecturer/TC27_Add lecturer: Test Cases/Lecturer/TC27_Add lecturer

2023-02-10 12:17:01 - [TEST_STEP][PASSED] - click(findTestObject("Lecturer/Add Lecturer/Lecturer")): Object: 'Object Repository/Lecturer/Add Lecturer/Lecturer' is clicked on

2023-02-10 12:17:05 - [MESSAGE][PASSED] - Object: 'Object Repository/Lecturer/Add Lecturer/Lecturer' is clicked on

2023-02-10 12:17:05 - [TEST_STEP][PASSED] - click(findTestObject("Lecturer/Add Lecturer/Add Data")): Object: 'Object Repository/Lecturer/Add Lecturer/Add Data' is clicked on

2023-02-10 12:17:06 - [MESSAGE][PASSED] - Object: 'Object Repository/Lecturer/Add Lecturer/Add Data' is clicked on

2023-02-10 12:17:06 - [TEST_STEP][PASSED] - verifyElementText(findTestObject("Lecturer/Add Lecturer/Create Lecturer"), "Create Lecturer"): Actual text and expected text of test object 'Object Repository/Lecturer/Add Lecturer/Create Lecturer' are matched.

2023-02-10 12:17:07 - [MESSAGE][PASSED] - Actual text and expected text of test object 'Object Repository/Lecturer/Add Lecturer/Create Lecturer' are matched.

2023-02-10 12:17:07 - [TEST_STEP][PASSED] - setText(findTestObject("Lecturer/Add Lecturer/Lecture name"), "testdosen"): Text 'testdosen' is set on object 'Object Repository/Lecturer/Add Lecturer/Lecture name'

2023-02-10 12:17:08 - [MESSAGE][PASSED] - Text 'testdosen' is set on object 'Object Repository/Lecturer/Add Lecturer/Lecture name'

2023-02-10 12:17:08 - [TEST_STEP][PASSED] - click(findTestObject("Lecturer/Add Lecturer/Submit button")): Object: 'Object Repository/Lecturer/Add Lecturer/Submit button' is clicked on

2023-02-10 12:17:09 - [MESSAGE][PASSED] - Object: 'Object Repository/Lecturer/Add Lecturer/Submit button' is clicked on]]></system-out>
         <system-err><![CDATA[]]></system-err>
      </testcase>
      <testcase name="Test Cases/Lecturer/TC28_Add lecturer tanpa mengisi form" time="7.314" classname="Test Cases/Lecturer/TC28_Add lecturer tanpa mengisi form" status="PASSED">
         <system-out><![CDATA[2023-02-10 12:17:09 - [TEST_CASE][PASSED] - Test Cases/Lecturer/TC28_Add lecturer tanpa mengisi form: Test Cases/Lecturer/TC28_Add lecturer tanpa mengisi form

2023-02-10 12:17:11 - [TEST_STEP][PASSED] - click(findTestObject("Lecturer/Add Lecturer/Lecturer")): Object: 'Object Repository/Lecturer/Add Lecturer/Lecturer' is clicked on

2023-02-10 12:17:14 - [MESSAGE][PASSED] - Object: 'Object Repository/Lecturer/Add Lecturer/Lecturer' is clicked on

2023-02-10 12:17:14 - [TEST_STEP][PASSED] - click(findTestObject("Lecturer/Add Lecturer/Add Data")): Object: 'Object Repository/Lecturer/Add Lecturer/Add Data' is clicked on

2023-02-10 12:17:15 - [MESSAGE][PASSED] - Object: 'Object Repository/Lecturer/Add Lecturer/Add Data' is clicked on

2023-02-10 12:17:15 - [TEST_STEP][PASSED] - verifyElementText(findTestObject("Lecturer/Add Lecturer/Create Lecturer"), "Create Lecturer"): Actual text and expected text of test object 'Object Repository/Lecturer/Add Lecturer/Create Lecturer' are matched.

2023-02-10 12:17:16 - [MESSAGE][PASSED] - Actual text and expected text of test object 'Object Repository/Lecturer/Add Lecturer/Create Lecturer' are matched.

2023-02-10 12:17:16 - [TEST_STEP][PASSED] - click(findTestObject("Lecturer/Add Lecturer/Submit button")): Object: 'Object Repository/Lecturer/Add Lecturer/Submit button' is clicked on

2023-02-10 12:17:16 - [MESSAGE][PASSED] - Object: 'Object Repository/Lecturer/Add Lecturer/Submit button' is clicked on

2023-02-10 12:17:16 - [TEST_STEP][PASSED] - back(): Navigate back successfully

2023-02-10 12:17:17 - [MESSAGE][PASSED] - Navigate back successfully]]></system-out>
         <system-err><![CDATA[]]></system-err>
      </testcase>
      <testcase name="Test Cases/Lecturer/TC29_View lecturer" time="3.444" classname="Test Cases/Lecturer/TC29_View lecturer" status="PASSED">
         <system-out><![CDATA[2023-02-10 12:17:17 - [TEST_CASE][PASSED] - Test Cases/Lecturer/TC29_View lecturer: Test Cases/Lecturer/TC29_View lecturer

2023-02-10 12:17:18 - [TEST_STEP][PASSED] - setText(findTestObject("Lecturer/View lecturer/Search"), "adnan"): Text 'adnan' is set on object 'Object Repository/Lecturer/View lecturer/Search'

2023-02-10 12:17:19 - [MESSAGE][PASSED] - Text 'adnan' is set on object 'Object Repository/Lecturer/View lecturer/Search'

2023-02-10 12:17:19 - [TEST_STEP][PASSED] - verifyElementText(findTestObject("Lecturer/View lecturer/Name"), "Adnan Zulkarnain, S.Kom., M.M.S.I"): Actual text and expected text of test object 'Object Repository/Lecturer/View lecturer/Name' are matched.

2023-02-10 12:17:20 - [MESSAGE][PASSED] - Actual text and expected text of test object 'Object Repository/Lecturer/View lecturer/Name' are matched.]]></system-out>
         <system-err><![CDATA[]]></system-err>
      </testcase>
      <testcase name="Test Cases/Lecturer/TC30_Edit lecturer" time="10.512" classname="Test Cases/Lecturer/TC30_Edit lecturer" status="PASSED">
         <system-out><![CDATA[2023-02-10 12:17:20 - [TEST_CASE][PASSED] - Test Cases/Lecturer/TC30_Edit lecturer: Test Cases/Lecturer/TC30_Edit lecturer

2023-02-10 12:17:22 - [TEST_STEP][PASSED] - click(findTestObject("Lecturer/Add Lecturer/Lecturer")): Object: 'Object Repository/Lecturer/Add Lecturer/Lecturer' is clicked on

2023-02-10 12:17:23 - [MESSAGE][PASSED] - Object: 'Object Repository/Lecturer/Add Lecturer/Lecturer' is clicked on

2023-02-10 12:17:23 - [TEST_STEP][PASSED] - setText(findTestObject("Lecturer/Edit lecturer/Search"), "edit"): Text 'edit' is set on object 'Object Repository/Lecturer/Edit lecturer/Search'

2023-02-10 12:17:24 - [MESSAGE][PASSED] - Text 'edit' is set on object 'Object Repository/Lecturer/Edit lecturer/Search'

2023-02-10 12:17:24 - [TEST_STEP][PASSED] - click(findTestObject("Lecturer/Edit lecturer/Edit button")): Object: 'Object Repository/Lecturer/Edit lecturer/Edit button' is clicked on

2023-02-10 12:17:25 - [MESSAGE][PASSED] - Object: 'Object Repository/Lecturer/Edit lecturer/Edit button' is clicked on

2023-02-10 12:17:25 - [TEST_STEP][PASSED] - clearText(findTestObject("Lecturer/Edit lecturer/Lecture name")): Text of object 'Object Repository/Lecturer/Edit lecturer/Lecture name' is cleared

2023-02-10 12:17:26 - [MESSAGE][PASSED] - Text of object 'Object Repository/Lecturer/Edit lecturer/Lecture name' is cleared

2023-02-10 12:17:26 - [TEST_STEP][PASSED] - setText(findTestObject("Lecturer/Edit lecturer/Lecture name"), "edit dosen baru"): Text 'edit dosen baru' is set on object 'Object Repository/Lecturer/Edit lecturer/Lecture name'

2023-02-10 12:17:27 - [MESSAGE][PASSED] - Text 'edit dosen baru' is set on object 'Object Repository/Lecturer/Edit lecturer/Lecture name'

2023-02-10 12:17:27 - [TEST_STEP][PASSED] - click(findTestObject("Lecturer/Edit lecturer/Submit button")): Object: 'Object Repository/Lecturer/Edit lecturer/Submit button' is clicked on

2023-02-10 12:17:31 - [MESSAGE][PASSED] - Object: 'Object Repository/Lecturer/Edit lecturer/Submit button' is clicked on]]></system-out>
         <system-err><![CDATA[]]></system-err>
      </testcase>
      <testcase name="Test Cases/Lecturer/TC31_Edit lecturer dengan mengosongkan form" time="8.899" classname="Test Cases/Lecturer/TC31_Edit lecturer dengan mengosongkan form" status="PASSED">
         <system-out><![CDATA[2023-02-10 12:17:31 - [TEST_CASE][PASSED] - Test Cases/Lecturer/TC31_Edit lecturer dengan mengosongkan form: Test Cases/Lecturer/TC31_Edit lecturer dengan mengosongkan form

2023-02-10 12:17:32 - [TEST_STEP][PASSED] - click(findTestObject("Lecturer/Add Lecturer/Lecturer")): Object: 'Object Repository/Lecturer/Add Lecturer/Lecturer' is clicked on

2023-02-10 12:17:35 - [MESSAGE][PASSED] - Object: 'Object Repository/Lecturer/Add Lecturer/Lecturer' is clicked on

2023-02-10 12:17:35 - [TEST_STEP][PASSED] - setText(findTestObject("Lecturer/Edit lecturer/Search"), "edit"): Text 'edit' is set on object 'Object Repository/Lecturer/Edit lecturer/Search'

2023-02-10 12:17:37 - [MESSAGE][PASSED] - Text 'edit' is set on object 'Object Repository/Lecturer/Edit lecturer/Search'

2023-02-10 12:17:37 - [TEST_STEP][PASSED] - click(findTestObject("Lecturer/Edit lecturer/Edit button")): Object: 'Object Repository/Lecturer/Edit lecturer/Edit button' is clicked on

2023-02-10 12:17:38 - [MESSAGE][PASSED] - Object: 'Object Repository/Lecturer/Edit lecturer/Edit button' is clicked on

2023-02-10 12:17:38 - [TEST_STEP][PASSED] - clearText(findTestObject("Lecturer/Edit lecturer/Lecture name")): Text of object 'Object Repository/Lecturer/Edit lecturer/Lecture name' is cleared

2023-02-10 12:17:39 - [MESSAGE][PASSED] - Text of object 'Object Repository/Lecturer/Edit lecturer/Lecture name' is cleared

2023-02-10 12:17:39 - [TEST_STEP][PASSED] - click(findTestObject("Lecturer/Edit lecturer/Submit button")): Object: 'Object Repository/Lecturer/Edit lecturer/Submit button' is clicked on

2023-02-10 12:17:39 - [MESSAGE][PASSED] - Object: 'Object Repository/Lecturer/Edit lecturer/Submit button' is clicked on

2023-02-10 12:17:39 - [TEST_STEP][PASSED] - back(): Navigate back successfully

2023-02-10 12:17:39 - [MESSAGE][PASSED] - Navigate back successfully]]></system-out>
         <system-err><![CDATA[]]></system-err>
      </testcase>
      <testcase name="Test Cases/Lecturer/TC32_Delete lecturer" time="5.053" classname="Test Cases/Lecturer/TC32_Delete lecturer" status="PASSED">
         <system-out><![CDATA[2023-02-10 12:17:39 - [TEST_CASE][PASSED] - Test Cases/Lecturer/TC32_Delete lecturer: Test Cases/Lecturer/TC32_Delete lecturer

2023-02-10 12:17:41 - [TEST_STEP][PASSED] - setText(findTestObject("Lecturer/Delete lecturer/Search"), "delete"): Text 'delete' is set on object 'Object Repository/Lecturer/Delete lecturer/Search'

2023-02-10 12:17:42 - [MESSAGE][PASSED] - Text 'delete' is set on object 'Object Repository/Lecturer/Delete lecturer/Search'

2023-02-10 12:17:42 - [TEST_STEP][PASSED] - click(findTestObject("z test/Delete3/Delete button lecturer"), STOP_ON_FAILURE): Object: 'Object Repository/z test/Delete3/Delete button lecturer' is clicked on

2023-02-10 12:17:43 - [MESSAGE][PASSED] - Object: 'Object Repository/z test/Delete3/Delete button lecturer' is clicked on

2023-02-10 12:17:43 - [TEST_STEP][PASSED] - click(findTestObject("Lecturer/Delete lecturer/Yes button")): Object: 'Object Repository/Lecturer/Delete lecturer/Yes button' is clicked on

2023-02-10 12:17:45 - [MESSAGE][PASSED] - Object: 'Object Repository/Lecturer/Delete lecturer/Yes button' is clicked on]]></system-out>
         <system-err><![CDATA[]]></system-err>
      </testcase>
      <testcase name="Test Cases/User/TC33_Add superadmin" time="13.587" classname="Test Cases/User/TC33_Add superadmin" status="PASSED">
         <system-out><![CDATA[2023-02-10 12:17:45 - [TEST_CASE][PASSED] - Test Cases/User/TC33_Add superadmin: Test Cases/User/TC33_Add superadmin

2023-02-10 12:17:46 - [TEST_STEP][PASSED] - click(findTestObject("User/Superadmin/Add superadmin/User")): Object: 'Object Repository/User/Superadmin/Add superadmin/User' is clicked on

2023-02-10 12:17:49 - [MESSAGE][PASSED] - Object: 'Object Repository/User/Superadmin/Add superadmin/User' is clicked on

2023-02-10 12:17:49 - [TEST_STEP][PASSED] - click(findTestObject("User/Superadmin/Add superadmin/Superadmin")): Object: 'Object Repository/User/Superadmin/Add superadmin/Superadmin' is clicked on

2023-02-10 12:17:50 - [MESSAGE][PASSED] - Object: 'Object Repository/User/Superadmin/Add superadmin/Superadmin' is clicked on

2023-02-10 12:17:50 - [TEST_STEP][PASSED] - click(findTestObject("User/Superadmin/Add superadmin/Add Data")): Object: 'Object Repository/User/Superadmin/Add superadmin/Add Data' is clicked on

2023-02-10 12:17:52 - [MESSAGE][PASSED] - Object: 'Object Repository/User/Superadmin/Add superadmin/Add Data' is clicked on

2023-02-10 12:17:52 - [TEST_STEP][PASSED] - verifyElementText(findTestObject("User/Superadmin/Add superadmin/Create Superadmin"), "Create Superadmin"): Actual text and expected text of test object 'Object Repository/User/Superadmin/Add superadmin/Create Superadmin' are matched.

2023-02-10 12:17:52 - [MESSAGE][PASSED] - Actual text and expected text of test object 'Object Repository/User/Superadmin/Add superadmin/Create Superadmin' are matched.

2023-02-10 12:17:52 - [TEST_STEP][PASSED] - setText(findTestObject("User/Superadmin/Add superadmin/Name"), "test superadmin"): Text 'test superadmin' is set on object 'Object Repository/User/Superadmin/Add superadmin/Name'

2023-02-10 12:17:53 - [MESSAGE][PASSED] - Text 'test superadmin' is set on object 'Object Repository/User/Superadmin/Add superadmin/Name'

2023-02-10 12:17:53 - [TEST_STEP][PASSED] - setText(findTestObject("User/Superadmin/Add superadmin/Email"), "testsuperadmin@gmail.com"): Text 'testsuperadmin@gmail.com' is set on object 'Object Repository/User/Superadmin/Add superadmin/Email'

2023-02-10 12:17:54 - [MESSAGE][PASSED] - Text 'testsuperadmin@gmail.com' is set on object 'Object Repository/User/Superadmin/Add superadmin/Email'

2023-02-10 12:17:54 - [TEST_STEP][PASSED] - setText(findTestObject("User/Superadmin/Add superadmin/Password"), "test1234"): Text 'test1234' is set on object 'Object Repository/User/Superadmin/Add superadmin/Password'

2023-02-10 12:17:55 - [MESSAGE][PASSED] - Text 'test1234' is set on object 'Object Repository/User/Superadmin/Add superadmin/Password'

2023-02-10 12:17:55 - [TEST_STEP][PASSED] - setText(findTestObject("User/Superadmin/Add superadmin/Telephone"), "1234567890"): Text '1234567890' is set on object 'Object Repository/User/Superadmin/Add superadmin/Telephone'

2023-02-10 12:17:56 - [MESSAGE][PASSED] - Text '1234567890' is set on object 'Object Repository/User/Superadmin/Add superadmin/Telephone'

2023-02-10 12:17:56 - [TEST_STEP][PASSED] - click(findTestObject("User/Superadmin/Add superadmin/Submit button")): Object: 'Object Repository/User/Superadmin/Add superadmin/Submit button' is clicked on

2023-02-10 12:17:58 - [MESSAGE][PASSED] - Object: 'Object Repository/User/Superadmin/Add superadmin/Submit button' is clicked on]]></system-out>
         <system-err><![CDATA[]]></system-err>
      </testcase>
      <testcase name="Test Cases/User/TC34_Add superadmin tanpa mengisi form" time="7.224" classname="Test Cases/User/TC34_Add superadmin tanpa mengisi form" status="PASSED">
         <system-out><![CDATA[2023-02-10 12:17:58 - [TEST_CASE][PASSED] - Test Cases/User/TC34_Add superadmin tanpa mengisi form: Test Cases/User/TC34_Add superadmin tanpa mengisi form

2023-02-10 12:17:59 - [TEST_STEP][PASSED] - click(findTestObject("User/Superadmin/Add superadmin/Superadmin")): Object: 'Object Repository/User/Superadmin/Add superadmin/Superadmin' is clicked on

2023-02-10 12:18:03 - [MESSAGE][PASSED] - Object: 'Object Repository/User/Superadmin/Add superadmin/Superadmin' is clicked on

2023-02-10 12:18:03 - [TEST_STEP][PASSED] - click(findTestObject("User/Superadmin/Add superadmin/Add Data")): Object: 'Object Repository/User/Superadmin/Add superadmin/Add Data' is clicked on

2023-02-10 12:18:04 - [MESSAGE][PASSED] - Object: 'Object Repository/User/Superadmin/Add superadmin/Add Data' is clicked on

2023-02-10 12:18:04 - [TEST_STEP][PASSED] - verifyElementText(findTestObject("User/Superadmin/Add superadmin/Create Superadmin"), "Create Superadmin"): Actual text and expected text of test object 'Object Repository/User/Superadmin/Add superadmin/Create Superadmin' are matched.

2023-02-10 12:18:05 - [MESSAGE][PASSED] - Actual text and expected text of test object 'Object Repository/User/Superadmin/Add superadmin/Create Superadmin' are matched.

2023-02-10 12:18:05 - [TEST_STEP][PASSED] - click(findTestObject("User/Superadmin/Add superadmin/Submit button")): Object: 'Object Repository/User/Superadmin/Add superadmin/Submit button' is clicked on

2023-02-10 12:18:05 - [MESSAGE][PASSED] - Object: 'Object Repository/User/Superadmin/Add superadmin/Submit button' is clicked on]]></system-out>
         <system-err><![CDATA[]]></system-err>
      </testcase>
      <testcase name="Test Cases/User/TC35_View superadmin" time="4.755" classname="Test Cases/User/TC35_View superadmin" status="PASSED">
         <system-out><![CDATA[2023-02-10 12:18:05 - [TEST_CASE][PASSED] - Test Cases/User/TC35_View superadmin: Test Cases/User/TC35_View superadmin

2023-02-10 12:18:07 - [TEST_STEP][PASSED] - click(findTestObject("User/Moderator/View moderator/Superadmin")): Object: 'Object Repository/User/Moderator/View moderator/Superadmin' is clicked on

2023-02-10 12:18:08 - [MESSAGE][PASSED] - Object: 'Object Repository/User/Moderator/View moderator/Superadmin' is clicked on

2023-02-10 12:18:08 - [TEST_STEP][PASSED] - setText(findTestObject("User/Superadmin/View superadmin/Search"), "edit"): Text 'edit' is set on object 'Object Repository/User/Superadmin/View superadmin/Search'

2023-02-10 12:18:09 - [MESSAGE][PASSED] - Text 'edit' is set on object 'Object Repository/User/Superadmin/View superadmin/Search'

2023-02-10 12:18:09 - [TEST_STEP][PASSED] - verifyElementText(findTestObject("User/Superadmin/View superadmin/Name"), "edit superadmin"): Actual text and expected text of test object 'Object Repository/User/Superadmin/View superadmin/Name' are matched.

2023-02-10 12:18:10 - [MESSAGE][PASSED] - Actual text and expected text of test object 'Object Repository/User/Superadmin/View superadmin/Name' are matched.]]></system-out>
         <system-err><![CDATA[]]></system-err>
      </testcase>
      <testcase name="Test Cases/User/TC36_Edit superadmin" time="12.425" classname="Test Cases/User/TC36_Edit superadmin" status="PASSED">
         <system-out><![CDATA[2023-02-10 12:18:10 - [TEST_CASE][PASSED] - Test Cases/User/TC36_Edit superadmin: Test Cases/User/TC36_Edit superadmin

2023-02-10 12:18:11 - [TEST_STEP][PASSED] - click(findTestObject("User/Superadmin/Edit superadmin/Superadmin")): Object: 'Object Repository/User/Superadmin/Edit superadmin/Superadmin' is clicked on

2023-02-10 12:18:13 - [MESSAGE][PASSED] - Object: 'Object Repository/User/Superadmin/Edit superadmin/Superadmin' is clicked on

2023-02-10 12:18:13 - [TEST_STEP][PASSED] - setText(findTestObject("User/Superadmin/Edit superadmin/Search"), "edit"): Text 'edit' is set on object 'Object Repository/User/Superadmin/Edit superadmin/Search'

2023-02-10 12:18:14 - [MESSAGE][PASSED] - Text 'edit' is set on object 'Object Repository/User/Superadmin/Edit superadmin/Search'

2023-02-10 12:18:14 - [TEST_STEP][PASSED] - click(findTestObject("User/Superadmin/Edit superadmin/Edit button")): Object: 'Object Repository/User/Superadmin/Edit superadmin/Edit button' is clicked on

2023-02-10 12:18:15 - [MESSAGE][PASSED] - Object: 'Object Repository/User/Superadmin/Edit superadmin/Edit button' is clicked on

2023-02-10 12:18:15 - [TEST_STEP][PASSED] - clearText(findTestObject("User/Superadmin/Edit superadmin/Name")): Text of object 'Object Repository/User/Superadmin/Edit superadmin/Name' is cleared

2023-02-10 12:18:15 - [MESSAGE][PASSED] - Text of object 'Object Repository/User/Superadmin/Edit superadmin/Name' is cleared

2023-02-10 12:18:15 - [TEST_STEP][PASSED] - setText(findTestObject("User/Superadmin/Edit superadmin/Name"), "edit superadmin baru"): Text 'edit superadmin baru' is set on object 'Object Repository/User/Superadmin/Edit superadmin/Name'

2023-02-10 12:18:16 - [MESSAGE][PASSED] - Text 'edit superadmin baru' is set on object 'Object Repository/User/Superadmin/Edit superadmin/Name'

2023-02-10 12:18:16 - [TEST_STEP][PASSED] - clearText(findTestObject("User/Superadmin/Edit superadmin/Email")): Text of object 'Object Repository/User/Superadmin/Edit superadmin/Email' is cleared

2023-02-10 12:18:17 - [MESSAGE][PASSED] - Text of object 'Object Repository/User/Superadmin/Edit superadmin/Email' is cleared

2023-02-10 12:18:17 - [TEST_STEP][PASSED] - setText(findTestObject("User/Superadmin/Edit superadmin/Email"), "editsuperadminbaru@gmail.com"): Text 'editsuperadminbaru@gmail.com' is set on object 'Object Repository/User/Superadmin/Edit superadmin/Email'

2023-02-10 12:18:18 - [MESSAGE][PASSED] - Text 'editsuperadminbaru@gmail.com' is set on object 'Object Repository/User/Superadmin/Edit superadmin/Email'

2023-02-10 12:18:18 - [TEST_STEP][PASSED] - setText(findTestObject("User/Superadmin/Edit superadmin/Password"), "ubah123"): Text 'ubah123' is set on object 'Object Repository/User/Superadmin/Edit superadmin/Password'

2023-02-10 12:18:19 - [MESSAGE][PASSED] - Text 'ubah123' is set on object 'Object Repository/User/Superadmin/Edit superadmin/Password'

2023-02-10 12:18:19 - [TEST_STEP][PASSED] - click(findTestObject("User/Superadmin/Edit superadmin/Telephone")): Object: 'Object Repository/User/Superadmin/Edit superadmin/Telephone' is clicked on

2023-02-10 12:18:20 - [MESSAGE][PASSED] - Object: 'Object Repository/User/Superadmin/Edit superadmin/Telephone' is clicked on

2023-02-10 12:18:20 - [TEST_STEP][PASSED] - setText(findTestObject("User/Superadmin/Edit superadmin/Telephone"), "0987654321"): Text '0987654321' is set on object 'Object Repository/User/Superadmin/Edit superadmin/Telephone'

2023-02-10 12:18:21 - [MESSAGE][PASSED] - Text '0987654321' is set on object 'Object Repository/User/Superadmin/Edit superadmin/Telephone'

2023-02-10 12:18:21 - [TEST_STEP][PASSED] - click(findTestObject("User/Superadmin/Edit superadmin/Submit button")): Object: 'Object Repository/User/Superadmin/Edit superadmin/Submit button' is clicked on

2023-02-10 12:18:23 - [MESSAGE][PASSED] - Object: 'Object Repository/User/Superadmin/Edit superadmin/Submit button' is clicked on]]></system-out>
         <system-err><![CDATA[]]></system-err>
      </testcase>
      <testcase name="Test Cases/User/TC37_Edit superadmin dengan mengosongkan form" time="10.029" classname="Test Cases/User/TC37_Edit superadmin dengan mengosongkan form" status="PASSED">
         <system-out><![CDATA[2023-02-10 12:18:23 - [TEST_CASE][PASSED] - Test Cases/User/TC37_Edit superadmin dengan mengosongkan form: Test Cases/User/TC37_Edit superadmin dengan mengosongkan form

2023-02-10 12:18:24 - [TEST_STEP][PASSED] - click(findTestObject("User/Superadmin/Edit superadmin/Superadmin")): Object: 'Object Repository/User/Superadmin/Edit superadmin/Superadmin' is clicked on

2023-02-10 12:18:28 - [MESSAGE][PASSED] - Object: 'Object Repository/User/Superadmin/Edit superadmin/Superadmin' is clicked on

2023-02-10 12:18:28 - [TEST_STEP][PASSED] - setText(findTestObject("User/Superadmin/Edit superadmin/Search"), "edit"): Text 'edit' is set on object 'Object Repository/User/Superadmin/Edit superadmin/Search'

2023-02-10 12:18:29 - [MESSAGE][PASSED] - Text 'edit' is set on object 'Object Repository/User/Superadmin/Edit superadmin/Search'

2023-02-10 12:18:29 - [TEST_STEP][PASSED] - click(findTestObject("User/Superadmin/Edit superadmin/Edit button")): Object: 'Object Repository/User/Superadmin/Edit superadmin/Edit button' is clicked on

2023-02-10 12:18:30 - [MESSAGE][PASSED] - Object: 'Object Repository/User/Superadmin/Edit superadmin/Edit button' is clicked on

2023-02-10 12:18:30 - [TEST_STEP][PASSED] - clearText(findTestObject("User/Superadmin/Edit superadmin/Name")): Text of object 'Object Repository/User/Superadmin/Edit superadmin/Name' is cleared

2023-02-10 12:18:31 - [MESSAGE][PASSED] - Text of object 'Object Repository/User/Superadmin/Edit superadmin/Name' is cleared

2023-02-10 12:18:31 - [TEST_STEP][PASSED] - clearText(findTestObject("User/Superadmin/Edit superadmin/Email")): Text of object 'Object Repository/User/Superadmin/Edit superadmin/Email' is cleared

2023-02-10 12:18:31 - [MESSAGE][PASSED] - Text of object 'Object Repository/User/Superadmin/Edit superadmin/Email' is cleared

2023-02-10 12:18:31 - [TEST_STEP][PASSED] - clearText(findTestObject("User/Superadmin/Edit superadmin/Telephone")): Text of object 'Object Repository/User/Superadmin/Edit superadmin/Telephone' is cleared

2023-02-10 12:18:32 - [MESSAGE][PASSED] - Text of object 'Object Repository/User/Superadmin/Edit superadmin/Telephone' is cleared

2023-02-10 12:18:32 - [TEST_STEP][PASSED] - click(findTestObject("User/Superadmin/Edit superadmin/Submit button")): Object: 'Object Repository/User/Superadmin/Edit superadmin/Submit button' is clicked on

2023-02-10 12:18:33 - [MESSAGE][PASSED] - Object: 'Object Repository/User/Superadmin/Edit superadmin/Submit button' is clicked on]]></system-out>
         <system-err><![CDATA[]]></system-err>
      </testcase>
      <testcase name="Test Cases/User/TC38_Delete superadmin" time="4.769" classname="Test Cases/User/TC38_Delete superadmin" status="FAILED">
         <failure type="FAILED" message="Test Cases/User/TC38_Delete superadmin FAILED.
Reason:
com.kms.katalon.core.exception.StepFailedException: Unable to click on object 'Object Repository/z test/Delete3/Delete button superadmin'
	at com.kms.katalon.core.webui.keyword.internal.WebUIKeywordMain.stepFailed(WebUIKeywordMain.groovy:64)
	at com.kms.katalon.core.webui.keyword.internal.WebUIKeywordMain.runKeyword(WebUIKeywordMain.groovy:26)
	at com.kms.katalon.core.webui.keyword.builtin.ClickKeyword.click(ClickKeyword.groovy:74)
	at com.kms.katalon.core.webui.keyword.builtin.ClickKeyword.execute(ClickKeyword.groovy:40)
	at com.kms.katalon.core.keyword.internal.KeywordExecutor.executeKeywordForPlatform(KeywordExecutor.groovy:74)
	at com.kms.katalon.core.webui.keyword.WebUiBuiltInKeywords.click(WebUiBuiltInKeywords.groovy:620)
	at com.kms.katalon.core.webui.keyword.WebUiBuiltInKeywords$click$3.call(Unknown Source)
	at TC38_Delete superadmin.run(TC38_Delete superadmin:24)
	at com.kms.katalon.core.main.ScriptEngine.run(ScriptEngine.java:194)
	at com.kms.katalon.core.main.ScriptEngine.runScriptAsRawText(ScriptEngine.java:119)
	at com.kms.katalon.core.main.TestCaseExecutor.runScript(TestCaseExecutor.java:448)
	at com.kms.katalon.core.main.TestCaseExecutor.doExecute(TestCaseExecutor.java:439)
	at com.kms.katalon.core.main.TestCaseExecutor.processExecutionPhase(TestCaseExecutor.java:418)
	at com.kms.katalon.core.main.TestCaseExecutor.accessMainPhase(TestCaseExecutor.java:410)
	at com.kms.katalon.core.main.TestCaseExecutor.execute(TestCaseExecutor.java:285)
	at com.kms.katalon.core.common.CommonExecutor.accessTestCaseMainPhase(CommonExecutor.java:65)
	at com.kms.katalon.core.main.TestSuiteExecutor.accessTestSuiteMainPhase(TestSuiteExecutor.java:151)
	at com.kms.katalon.core.main.TestSuiteExecutor.execute(TestSuiteExecutor.java:106)
	at com.kms.katalon.core.main.TestCaseMain.startTestSuite(TestCaseMain.java:185)
	at com.kms.katalon.core.main.TestCaseMain$startTestSuite$0.call(Unknown Source)
	at TempTestSuite1676005934100.run(TempTestSuite1676005934100.groovy:36)
Caused by: org.openqa.selenium.StaleElementReferenceException: stale element reference: element is not attached to the page document
  (Session info: chrome=110.0.5481.77)
For documentation on this error, please visit: https://www.seleniumhq.org/exceptions/stale_element_reference.html
Build info: version: '3.141.59', revision: 'e82be7d358', time: '2018-11-14T08:25:53'
System info: host: 'DESKTOP-O2JTDS3', ip: '192.168.1.5', os.name: 'Windows 10', os.arch: 'amd64', os.version: '10.0', java.version: '1.8.0_282'
Driver info: com.kms.katalon.selenium.driver.CChromeDriver
Capabilities {acceptInsecureCerts: false, browserName: chrome, browserVersion: 110.0.5481.77, chrome: {chromedriverVersion: 109.0.5414.74 (e7c5703604da..., userDataDir: C:\Users\GA502GU\AppData\Lo...}, goog:chromeOptions: {debuggerAddress: localhost:57352}, javascriptEnabled: true, networkConnectionEnabled: false, pageLoadStrategy: normal, platform: WINDOWS, platformName: WINDOWS, proxy: Proxy(), setWindowRect: true, strictFileInteractability: false, timeouts: {implicit: 0, pageLoad: 300000, script: 30000}, unhandledPromptBehavior: dismiss and notify, webauthn:extension:credBlob: true, webauthn:extension:largeBlob: true, webauthn:virtualAuthenticators: true}
Session ID: 3890c6da2bec318820792e0c7fca5527
	at org.openqa.selenium.remote.http.W3CHttpResponseCodec.createException(W3CHttpResponseCodec.java:187)
	at org.openqa.selenium.remote.http.W3CHttpResponseCodec.decode(W3CHttpResponseCodec.java:122)
	at org.openqa.selenium.remote.http.W3CHttpResponseCodec.decode(W3CHttpResponseCodec.java:49)
	at org.openqa.selenium.remote.HttpCommandExecutor.execute(HttpCommandExecutor.java:158)
	at org.openqa.selenium.remote.service.DriverCommandExecutor.execute(DriverCommandExecutor.java:83)
	at org.openqa.selenium.remote.RemoteWebDriver.execute(RemoteWebDriver.java:552)
	at com.kms.katalon.selenium.driver.CChromeDriver.execute(CChromeDriver.java:19)
	at org.openqa.selenium.remote.RemoteWebElement.execute(RemoteWebElement.java:285)
	at org.openqa.selenium.remote.RemoteWebElement.click(RemoteWebElement.java:84)
	at org.openqa.selenium.support.events.EventFiringWebDriver$EventFiringWebElement.lambda$new$0(EventFiringWebDriver.java:404)
	at com.sun.proxy.$Proxy11.click(Unknown Source)
	at org.openqa.selenium.support.events.EventFiringWebDriver$EventFiringWebElement.click(EventFiringWebDriver.java:417)
	at org.openqa.selenium.WebElement$click.call(Unknown Source)
	at com.kms.katalon.core.webui.keyword.builtin.ClickKeyword.clickUntilSuccessWithTimeout(ClickKeyword.groovy:81)
	at com.kms.katalon.core.webui.keyword.builtin.ClickKeyword.clickUntilSuccessWithTimeout(ClickKeyword.groovy)
	at com.kms.katalon.core.webui.keyword.builtin.ClickKeyword$_click_closure1.doCall(ClickKeyword.groovy:67)
	at com.kms.katalon.core.webui.keyword.builtin.ClickKeyword$_click_closure1.call(ClickKeyword.groovy)
	at com.kms.katalon.core.webui.keyword.internal.WebUIKeywordMain.runKeyword(WebUIKeywordMain.groovy:20)
	... 19 more
"/>
         <system-out><![CDATA[2023-02-10 12:18:33 - [TEST_CASE][FAILED] - Test Cases/User/TC38_Delete superadmin: Test Cases/User/TC38_Delete superadmin FAILED.
Reason:
com.kms.katalon.core.exception.StepFailedException: Unable to click on object 'Object Repository/z test/Delete3/Delete button superadmin'
	at com.kms.katalon.core.webui.keyword.internal.WebUIKeywordMain.stepFailed(WebUIKeywordMain.groovy:64)
	at com.kms.katalon.core.webui.keyword.internal.WebUIKeywordMain.runKeyword(WebUIKeywordMain.groovy:26)
	at com.kms.katalon.core.webui.keyword.builtin.ClickKeyword.click(ClickKeyword.groovy:74)
	at com.kms.katalon.core.webui.keyword.builtin.ClickKeyword.execute(ClickKeyword.groovy:40)
	at com.kms.katalon.core.keyword.internal.KeywordExecutor.executeKeywordForPlatform(KeywordExecutor.groovy:74)
	at com.kms.katalon.core.webui.keyword.WebUiBuiltInKeywords.click(WebUiBuiltInKeywords.groovy:620)
	at com.kms.katalon.core.webui.keyword.WebUiBuiltInKeywords$click$3.call(Unknown Source)
	at TC38_Delete superadmin.run(TC38_Delete superadmin:24)
	at com.kms.katalon.core.main.ScriptEngine.run(ScriptEngine.java:194)
	at com.kms.katalon.core.main.ScriptEngine.runScriptAsRawText(ScriptEngine.java:119)
	at com.kms.katalon.core.main.TestCaseExecutor.runScript(TestCaseExecutor.java:448)
	at com.kms.katalon.core.main.TestCaseExecutor.doExecute(TestCaseExecutor.java:439)
	at com.kms.katalon.core.main.TestCaseExecutor.processExecutionPhase(TestCaseExecutor.java:418)
	at com.kms.katalon.core.main.TestCaseExecutor.accessMainPhase(TestCaseExecutor.java:410)
	at com.kms.katalon.core.main.TestCaseExecutor.execute(TestCaseExecutor.java:285)
	at com.kms.katalon.core.common.CommonExecutor.accessTestCaseMainPhase(CommonExecutor.java:65)
	at com.kms.katalon.core.main.TestSuiteExecutor.accessTestSuiteMainPhase(TestSuiteExecutor.java:151)
	at com.kms.katalon.core.main.TestSuiteExecutor.execute(TestSuiteExecutor.java:106)
	at com.kms.katalon.core.main.TestCaseMain.startTestSuite(TestCaseMain.java:185)
	at com.kms.katalon.core.main.TestCaseMain$startTestSuite$0.call(Unknown Source)
	at TempTestSuite1676005934100.run(TempTestSuite1676005934100.groovy:36)
Caused by: org.openqa.selenium.StaleElementReferenceException: stale element reference: element is not attached to the page document
  (Session info: chrome=110.0.5481.77)
For documentation on this error, please visit: https://www.seleniumhq.org/exceptions/stale_element_reference.html
Build info: version: '3.141.59', revision: 'e82be7d358', time: '2018-11-14T08:25:53'
System info: host: 'DESKTOP-O2JTDS3', ip: '192.168.1.5', os.name: 'Windows 10', os.arch: 'amd64', os.version: '10.0', java.version: '1.8.0_282'
Driver info: com.kms.katalon.selenium.driver.CChromeDriver
Capabilities {acceptInsecureCerts: false, browserName: chrome, browserVersion: 110.0.5481.77, chrome: {chromedriverVersion: 109.0.5414.74 (e7c5703604da..., userDataDir: C:\Users\GA502GU\AppData\Lo...}, goog:chromeOptions: {debuggerAddress: localhost:57352}, javascriptEnabled: true, networkConnectionEnabled: false, pageLoadStrategy: normal, platform: WINDOWS, platformName: WINDOWS, proxy: Proxy(), setWindowRect: true, strictFileInteractability: false, timeouts: {implicit: 0, pageLoad: 300000, script: 30000}, unhandledPromptBehavior: dismiss and notify, webauthn:extension:credBlob: true, webauthn:extension:largeBlob: true, webauthn:virtualAuthenticators: true}
Session ID: 3890c6da2bec318820792e0c7fca5527
	at org.openqa.selenium.remote.http.W3CHttpResponseCodec.createException(W3CHttpResponseCodec.java:187)
	at org.openqa.selenium.remote.http.W3CHttpResponseCodec.decode(W3CHttpResponseCodec.java:122)
	at org.openqa.selenium.remote.http.W3CHttpResponseCodec.decode(W3CHttpResponseCodec.java:49)
	at org.openqa.selenium.remote.HttpCommandExecutor.execute(HttpCommandExecutor.java:158)
	at org.openqa.selenium.remote.service.DriverCommandExecutor.execute(DriverCommandExecutor.java:83)
	at org.openqa.selenium.remote.RemoteWebDriver.execute(RemoteWebDriver.java:552)
	at com.kms.katalon.selenium.driver.CChromeDriver.execute(CChromeDriver.java:19)
	at org.openqa.selenium.remote.RemoteWebElement.execute(RemoteWebElement.java:285)
	at org.openqa.selenium.remote.RemoteWebElement.click(RemoteWebElement.java:84)
	at org.openqa.selenium.support.events.EventFiringWebDriver$EventFiringWebElement.lambda$new$0(EventFiringWebDriver.java:404)
	at com.sun.proxy.$Proxy11.click(Unknown Source)
	at org.openqa.selenium.support.events.EventFiringWebDriver$EventFiringWebElement.click(EventFiringWebDriver.java:417)
	at org.openqa.selenium.WebElement$click.call(Unknown Source)
	at com.kms.katalon.core.webui.keyword.builtin.ClickKeyword.clickUntilSuccessWithTimeout(ClickKeyword.groovy:81)
	at com.kms.katalon.core.webui.keyword.builtin.ClickKeyword.clickUntilSuccessWithTimeout(ClickKeyword.groovy)
	at com.kms.katalon.core.webui.keyword.builtin.ClickKeyword$_click_closure1.doCall(ClickKeyword.groovy:67)
	at com.kms.katalon.core.webui.keyword.builtin.ClickKeyword$_click_closure1.call(ClickKeyword.groovy)
	at com.kms.katalon.core.webui.keyword.internal.WebUIKeywordMain.runKeyword(WebUIKeywordMain.groovy:20)
	... 19 more


2023-02-10 12:18:34 - [TEST_STEP][PASSED] - click(findTestObject("User/Superadmin/Delete superadmin/Superadmin")): Object: 'Object Repository/User/Superadmin/Delete superadmin/Superadmin' is clicked on

2023-02-10 12:18:36 - [MESSAGE][PASSED] - Object: 'Object Repository/User/Superadmin/Delete superadmin/Superadmin' is clicked on

2023-02-10 12:18:36 - [TEST_STEP][PASSED] - setText(findTestObject("User/Superadmin/Delete superadmin/Search"), "delete"): Text 'delete' is set on object 'Object Repository/User/Superadmin/Delete superadmin/Search'

2023-02-10 12:18:37 - [MESSAGE][PASSED] - Text 'delete' is set on object 'Object Repository/User/Superadmin/Delete superadmin/Search'

2023-02-10 12:18:37 - [TEST_STEP][FAILED] - click(findTestObject("z test/Delete3/Delete button superadmin")): Unable to click on object 'Object Repository/z test/Delete3/Delete button superadmin' (Root cause: com.kms.katalon.core.exception.StepFailedException: Unable to click on object 'Object Repository/z test/Delete3/Delete button superadmin'
	at com.kms.katalon.core.webui.keyword.internal.WebUIKeywordMain.stepFailed(WebUIKeywordMain.groovy:64)
	at com.kms.katalon.core.webui.keyword.internal.WebUIKeywordMain.runKeyword(WebUIKeywordMain.groovy:26)
	at com.kms.katalon.core.webui.keyword.builtin.ClickKeyword.click(ClickKeyword.groovy:74)
	at com.kms.katalon.core.webui.keyword.builtin.ClickKeyword.execute(ClickKeyword.groovy:40)
	at com.kms.katalon.core.keyword.internal.KeywordExecutor.executeKeywordForPlatform(KeywordExecutor.groovy:74)
	at com.kms.katalon.core.webui.keyword.WebUiBuiltInKeywords.click(WebUiBuiltInKeywords.groovy:620)
	at com.kms.katalon.core.webui.keyword.WebUiBuiltInKeywords$click$3.call(Unknown Source)
	at TC38_Delete superadmin.run(TC38_Delete superadmin:24)
	at com.kms.katalon.core.main.ScriptEngine.run(ScriptEngine.java:194)
	at com.kms.katalon.core.main.ScriptEngine.runScriptAsRawText(ScriptEngine.java:119)
	at com.kms.katalon.core.main.TestCaseExecutor.runScript(TestCaseExecutor.java:448)
	at com.kms.katalon.core.main.TestCaseExecutor.doExecute(TestCaseExecutor.java:439)
	at com.kms.katalon.core.main.TestCaseExecutor.processExecutionPhase(TestCaseExecutor.java:418)
	at com.kms.katalon.core.main.TestCaseExecutor.accessMainPhase(TestCaseExecutor.java:410)
	at com.kms.katalon.core.main.TestCaseExecutor.execute(TestCaseExecutor.java:285)
	at com.kms.katalon.core.common.CommonExecutor.accessTestCaseMainPhase(CommonExecutor.java:65)
	at com.kms.katalon.core.main.TestSuiteExecutor.accessTestSuiteMainPhase(TestSuiteExecutor.java:151)
	at com.kms.katalon.core.main.TestSuiteExecutor.execute(TestSuiteExecutor.java:106)
	at com.kms.katalon.core.main.TestCaseMain.startTestSuite(TestCaseMain.java:185)
	at com.kms.katalon.core.main.TestCaseMain$startTestSuite$0.call(Unknown Source)
	at TempTestSuite1676005934100.run(TempTestSuite1676005934100.groovy:36)
Caused by: org.openqa.selenium.StaleElementReferenceException: stale element reference: element is not attached to the page document
  (Session info: chrome=110.0.5481.77)
For documentation on this error, please visit: https://www.seleniumhq.org/exceptions/stale_element_reference.html
Build info: version: '3.141.59', revision: 'e82be7d358', time: '2018-11-14T08:25:53'
System info: host: 'DESKTOP-O2JTDS3', ip: '192.168.1.5', os.name: 'Windows 10', os.arch: 'amd64', os.version: '10.0', java.version: '1.8.0_282'
Driver info: com.kms.katalon.selenium.driver.CChromeDriver
Capabilities {acceptInsecureCerts: false, browserName: chrome, browserVersion: 110.0.5481.77, chrome: {chromedriverVersion: 109.0.5414.74 (e7c5703604da..., userDataDir: C:\Users\GA502GU\AppData\Lo...}, goog:chromeOptions: {debuggerAddress: localhost:57352}, javascriptEnabled: true, networkConnectionEnabled: false, pageLoadStrategy: normal, platform: WINDOWS, platformName: WINDOWS, proxy: Proxy(), setWindowRect: true, strictFileInteractability: false, timeouts: {implicit: 0, pageLoad: 300000, script: 30000}, unhandledPromptBehavior: dismiss and notify, webauthn:extension:credBlob: true, webauthn:extension:largeBlob: true, webauthn:virtualAuthenticators: true}
Session ID: 3890c6da2bec318820792e0c7fca5527
	at org.openqa.selenium.remote.http.W3CHttpResponseCodec.createException(W3CHttpResponseCodec.java:187)
	at org.openqa.selenium.remote.http.W3CHttpResponseCodec.decode(W3CHttpResponseCodec.java:122)
	at org.openqa.selenium.remote.http.W3CHttpResponseCodec.decode(W3CHttpResponseCodec.java:49)
	at org.openqa.selenium.remote.HttpCommandExecutor.execute(HttpCommandExecutor.java:158)
	at org.openqa.selenium.remote.service.DriverCommandExecutor.execute(DriverCommandExecutor.java:83)
	at org.openqa.selenium.remote.RemoteWebDriver.execute(RemoteWebDriver.java:552)
	at com.kms.katalon.selenium.driver.CChromeDriver.execute(CChromeDriver.java:19)
	at org.openqa.selenium.remote.RemoteWebElement.execute(RemoteWebElement.java:285)
	at org.openqa.selenium.remote.RemoteWebElement.click(RemoteWebElement.java:84)
	at org.openqa.selenium.support.events.EventFiringWebDriver$EventFiringWebElement.lambda$new$0(EventFiringWebDriver.java:404)
	at com.sun.proxy.$Proxy11.click(Unknown Source)
	at org.openqa.selenium.support.events.EventFiringWebDriver$EventFiringWebElement.click(EventFiringWebDriver.java:417)
	at org.openqa.selenium.WebElement$click.call(Unknown Source)
	at com.kms.katalon.core.webui.keyword.builtin.ClickKeyword.clickUntilSuccessWithTimeout(ClickKeyword.groovy:81)
	at com.kms.katalon.core.webui.keyword.builtin.ClickKeyword.clickUntilSuccessWithTimeout(ClickKeyword.groovy)
	at com.kms.katalon.core.webui.keyword.builtin.ClickKeyword$_click_closure1.doCall(ClickKeyword.groovy:67)
	at com.kms.katalon.core.webui.keyword.builtin.ClickKeyword$_click_closure1.call(ClickKeyword.groovy)
	at com.kms.katalon.core.webui.keyword.internal.WebUIKeywordMain.runKeyword(WebUIKeywordMain.groovy:20)
	at com.kms.katalon.core.webui.keyword.builtin.ClickKeyword.click(ClickKeyword.groovy:74)
	at com.kms.katalon.core.webui.keyword.builtin.ClickKeyword.execute(ClickKeyword.groovy:40)
	at com.kms.katalon.core.keyword.internal.KeywordExecutor.executeKeywordForPlatform(KeywordExecutor.groovy:74)
	at com.kms.katalon.core.webui.keyword.WebUiBuiltInKeywords.click(WebUiBuiltInKeywords.groovy:620)
	at com.kms.katalon.core.webui.keyword.WebUiBuiltInKeywords$click$3.call(Unknown Source)
	at Script1675825743043.run(Script1675825743043.groovy:24)
	... 13 more
)

2023-02-10 12:18:37 - [MESSAGE][FAILED] - Unable to click on object 'Object Repository/z test/Delete3/Delete button superadmin' (Root cause: com.kms.katalon.core.exception.StepFailedException: Unable to click on object 'Object Repository/z test/Delete3/Delete button superadmin'
	at com.kms.katalon.core.webui.keyword.internal.WebUIKeywordMain.stepFailed(WebUIKeywordMain.groovy:64)
	at com.kms.katalon.core.webui.keyword.internal.WebUIKeywordMain.runKeyword(WebUIKeywordMain.groovy:26)
	at com.kms.katalon.core.webui.keyword.builtin.ClickKeyword.click(ClickKeyword.groovy:74)
	at com.kms.katalon.core.webui.keyword.builtin.ClickKeyword.execute(ClickKeyword.groovy:40)
	at com.kms.katalon.core.keyword.internal.KeywordExecutor.executeKeywordForPlatform(KeywordExecutor.groovy:74)
	at com.kms.katalon.core.webui.keyword.WebUiBuiltInKeywords.click(WebUiBuiltInKeywords.groovy:620)
	at com.kms.katalon.core.webui.keyword.WebUiBuiltInKeywords$click$3.call(Unknown Source)
	at TC38_Delete superadmin.run(TC38_Delete superadmin:24)
	at com.kms.katalon.core.main.ScriptEngine.run(ScriptEngine.java:194)
	at com.kms.katalon.core.main.ScriptEngine.runScriptAsRawText(ScriptEngine.java:119)
	at com.kms.katalon.core.main.TestCaseExecutor.runScript(TestCaseExecutor.java:448)
	at com.kms.katalon.core.main.TestCaseExecutor.doExecute(TestCaseExecutor.java:439)
	at com.kms.katalon.core.main.TestCaseExecutor.processExecutionPhase(TestCaseExecutor.java:418)
	at com.kms.katalon.core.main.TestCaseExecutor.accessMainPhase(TestCaseExecutor.java:410)
	at com.kms.katalon.core.main.TestCaseExecutor.execute(TestCaseExecutor.java:285)
	at com.kms.katalon.core.common.CommonExecutor.accessTestCaseMainPhase(CommonExecutor.java:65)
	at com.kms.katalon.core.main.TestSuiteExecutor.accessTestSuiteMainPhase(TestSuiteExecutor.java:151)
	at com.kms.katalon.core.main.TestSuiteExecutor.execute(TestSuiteExecutor.java:106)
	at com.kms.katalon.core.main.TestCaseMain.startTestSuite(TestCaseMain.java:185)
	at com.kms.katalon.core.main.TestCaseMain$startTestSuite$0.call(Unknown Source)
	at TempTestSuite1676005934100.run(TempTestSuite1676005934100.groovy:36)
Caused by: org.openqa.selenium.StaleElementReferenceException: stale element reference: element is not attached to the page document
  (Session info: chrome=110.0.5481.77)
For documentation on this error, please visit: https://www.seleniumhq.org/exceptions/stale_element_reference.html
Build info: version: '3.141.59', revision: 'e82be7d358', time: '2018-11-14T08:25:53'
System info: host: 'DESKTOP-O2JTDS3', ip: '192.168.1.5', os.name: 'Windows 10', os.arch: 'amd64', os.version: '10.0', java.version: '1.8.0_282'
Driver info: com.kms.katalon.selenium.driver.CChromeDriver
Capabilities {acceptInsecureCerts: false, browserName: chrome, browserVersion: 110.0.5481.77, chrome: {chromedriverVersion: 109.0.5414.74 (e7c5703604da..., userDataDir: C:\Users\GA502GU\AppData\Lo...}, goog:chromeOptions: {debuggerAddress: localhost:57352}, javascriptEnabled: true, networkConnectionEnabled: false, pageLoadStrategy: normal, platform: WINDOWS, platformName: WINDOWS, proxy: Proxy(), setWindowRect: true, strictFileInteractability: false, timeouts: {implicit: 0, pageLoad: 300000, script: 30000}, unhandledPromptBehavior: dismiss and notify, webauthn:extension:credBlob: true, webauthn:extension:largeBlob: true, webauthn:virtualAuthenticators: true}
Session ID: 3890c6da2bec318820792e0c7fca5527
	at org.openqa.selenium.remote.http.W3CHttpResponseCodec.createException(W3CHttpResponseCodec.java:187)
	at org.openqa.selenium.remote.http.W3CHttpResponseCodec.decode(W3CHttpResponseCodec.java:122)
	at org.openqa.selenium.remote.http.W3CHttpResponseCodec.decode(W3CHttpResponseCodec.java:49)
	at org.openqa.selenium.remote.HttpCommandExecutor.execute(HttpCommandExecutor.java:158)
	at org.openqa.selenium.remote.service.DriverCommandExecutor.execute(DriverCommandExecutor.java:83)
	at org.openqa.selenium.remote.RemoteWebDriver.execute(RemoteWebDriver.java:552)
	at com.kms.katalon.selenium.driver.CChromeDriver.execute(CChromeDriver.java:19)
	at org.openqa.selenium.remote.RemoteWebElement.execute(RemoteWebElement.java:285)
	at org.openqa.selenium.remote.RemoteWebElement.click(RemoteWebElement.java:84)
	at org.openqa.selenium.support.events.EventFiringWebDriver$EventFiringWebElement.lambda$new$0(EventFiringWebDriver.java:404)
	at com.sun.proxy.$Proxy11.click(Unknown Source)
	at org.openqa.selenium.support.events.EventFiringWebDriver$EventFiringWebElement.click(EventFiringWebDriver.java:417)
	at org.openqa.selenium.WebElement$click.call(Unknown Source)
	at com.kms.katalon.core.webui.keyword.builtin.ClickKeyword.clickUntilSuccessWithTimeout(ClickKeyword.groovy:81)
	at com.kms.katalon.core.webui.keyword.builtin.ClickKeyword.clickUntilSuccessWithTimeout(ClickKeyword.groovy)
	at com.kms.katalon.core.webui.keyword.builtin.ClickKeyword$_click_closure1.doCall(ClickKeyword.groovy:67)
	at com.kms.katalon.core.webui.keyword.builtin.ClickKeyword$_click_closure1.call(ClickKeyword.groovy)
	at com.kms.katalon.core.webui.keyword.internal.WebUIKeywordMain.runKeyword(WebUIKeywordMain.groovy:20)
	at com.kms.katalon.core.webui.keyword.builtin.ClickKeyword.click(ClickKeyword.groovy:74)
	at com.kms.katalon.core.webui.keyword.builtin.ClickKeyword.execute(ClickKeyword.groovy:40)
	at com.kms.katalon.core.keyword.internal.KeywordExecutor.executeKeywordForPlatform(KeywordExecutor.groovy:74)
	at com.kms.katalon.core.webui.keyword.WebUiBuiltInKeywords.click(WebUiBuiltInKeywords.groovy:620)
	at com.kms.katalon.core.webui.keyword.WebUiBuiltInKeywords$click$3.call(Unknown Source)
	at Script1675825743043.run(Script1675825743043.groovy:24)
	... 13 more
)
[[ATTACHMENT|C:\\Users\\GA502GU\\Katalon Studio\\TechnofestAdmin5\\Reports\\20230210_121214\\TS01_TechnofestAdmin\\20230210_121214\\1676006317583.png]]]]></system-out>
         <system-err><![CDATA[2023-02-10 12:18:33 - [TEST_CASE][FAILED] - Test Cases/User/TC38_Delete superadmin: Test Cases/User/TC38_Delete superadmin FAILED.
Reason:
com.kms.katalon.core.exception.StepFailedException: Unable to click on object 'Object Repository/z test/Delete3/Delete button superadmin'
	at com.kms.katalon.core.webui.keyword.internal.WebUIKeywordMain.stepFailed(WebUIKeywordMain.groovy:64)
	at com.kms.katalon.core.webui.keyword.internal.WebUIKeywordMain.runKeyword(WebUIKeywordMain.groovy:26)
	at com.kms.katalon.core.webui.keyword.builtin.ClickKeyword.click(ClickKeyword.groovy:74)
	at com.kms.katalon.core.webui.keyword.builtin.ClickKeyword.execute(ClickKeyword.groovy:40)
	at com.kms.katalon.core.keyword.internal.KeywordExecutor.executeKeywordForPlatform(KeywordExecutor.groovy:74)
	at com.kms.katalon.core.webui.keyword.WebUiBuiltInKeywords.click(WebUiBuiltInKeywords.groovy:620)
	at com.kms.katalon.core.webui.keyword.WebUiBuiltInKeywords$click$3.call(Unknown Source)
	at TC38_Delete superadmin.run(TC38_Delete superadmin:24)
	at com.kms.katalon.core.main.ScriptEngine.run(ScriptEngine.java:194)
	at com.kms.katalon.core.main.ScriptEngine.runScriptAsRawText(ScriptEngine.java:119)
	at com.kms.katalon.core.main.TestCaseExecutor.runScript(TestCaseExecutor.java:448)
	at com.kms.katalon.core.main.TestCaseExecutor.doExecute(TestCaseExecutor.java:439)
	at com.kms.katalon.core.main.TestCaseExecutor.processExecutionPhase(TestCaseExecutor.java:418)
	at com.kms.katalon.core.main.TestCaseExecutor.accessMainPhase(TestCaseExecutor.java:410)
	at com.kms.katalon.core.main.TestCaseExecutor.execute(TestCaseExecutor.java:285)
	at com.kms.katalon.core.common.CommonExecutor.accessTestCaseMainPhase(CommonExecutor.java:65)
	at com.kms.katalon.core.main.TestSuiteExecutor.accessTestSuiteMainPhase(TestSuiteExecutor.java:151)
	at com.kms.katalon.core.main.TestSuiteExecutor.execute(TestSuiteExecutor.java:106)
	at com.kms.katalon.core.main.TestCaseMain.startTestSuite(TestCaseMain.java:185)
	at com.kms.katalon.core.main.TestCaseMain$startTestSuite$0.call(Unknown Source)
	at TempTestSuite1676005934100.run(TempTestSuite1676005934100.groovy:36)
Caused by: org.openqa.selenium.StaleElementReferenceException: stale element reference: element is not attached to the page document
  (Session info: chrome=110.0.5481.77)
For documentation on this error, please visit: https://www.seleniumhq.org/exceptions/stale_element_reference.html
Build info: version: '3.141.59', revision: 'e82be7d358', time: '2018-11-14T08:25:53'
System info: host: 'DESKTOP-O2JTDS3', ip: '192.168.1.5', os.name: 'Windows 10', os.arch: 'amd64', os.version: '10.0', java.version: '1.8.0_282'
Driver info: com.kms.katalon.selenium.driver.CChromeDriver
Capabilities {acceptInsecureCerts: false, browserName: chrome, browserVersion: 110.0.5481.77, chrome: {chromedriverVersion: 109.0.5414.74 (e7c5703604da..., userDataDir: C:\Users\GA502GU\AppData\Lo...}, goog:chromeOptions: {debuggerAddress: localhost:57352}, javascriptEnabled: true, networkConnectionEnabled: false, pageLoadStrategy: normal, platform: WINDOWS, platformName: WINDOWS, proxy: Proxy(), setWindowRect: true, strictFileInteractability: false, timeouts: {implicit: 0, pageLoad: 300000, script: 30000}, unhandledPromptBehavior: dismiss and notify, webauthn:extension:credBlob: true, webauthn:extension:largeBlob: true, webauthn:virtualAuthenticators: true}
Session ID: 3890c6da2bec318820792e0c7fca5527
	at org.openqa.selenium.remote.http.W3CHttpResponseCodec.createException(W3CHttpResponseCodec.java:187)
	at org.openqa.selenium.remote.http.W3CHttpResponseCodec.decode(W3CHttpResponseCodec.java:122)
	at org.openqa.selenium.remote.http.W3CHttpResponseCodec.decode(W3CHttpResponseCodec.java:49)
	at org.openqa.selenium.remote.HttpCommandExecutor.execute(HttpCommandExecutor.java:158)
	at org.openqa.selenium.remote.service.DriverCommandExecutor.execute(DriverCommandExecutor.java:83)
	at org.openqa.selenium.remote.RemoteWebDriver.execute(RemoteWebDriver.java:552)
	at com.kms.katalon.selenium.driver.CChromeDriver.execute(CChromeDriver.java:19)
	at org.openqa.selenium.remote.RemoteWebElement.execute(RemoteWebElement.java:285)
	at org.openqa.selenium.remote.RemoteWebElement.click(RemoteWebElement.java:84)
	at org.openqa.selenium.support.events.EventFiringWebDriver$EventFiringWebElement.lambda$new$0(EventFiringWebDriver.java:404)
	at com.sun.proxy.$Proxy11.click(Unknown Source)
	at org.openqa.selenium.support.events.EventFiringWebDriver$EventFiringWebElement.click(EventFiringWebDriver.java:417)
	at org.openqa.selenium.WebElement$click.call(Unknown Source)
	at com.kms.katalon.core.webui.keyword.builtin.ClickKeyword.clickUntilSuccessWithTimeout(ClickKeyword.groovy:81)
	at com.kms.katalon.core.webui.keyword.builtin.ClickKeyword.clickUntilSuccessWithTimeout(ClickKeyword.groovy)
	at com.kms.katalon.core.webui.keyword.builtin.ClickKeyword$_click_closure1.doCall(ClickKeyword.groovy:67)
	at com.kms.katalon.core.webui.keyword.builtin.ClickKeyword$_click_closure1.call(ClickKeyword.groovy)
	at com.kms.katalon.core.webui.keyword.internal.WebUIKeywordMain.runKeyword(WebUIKeywordMain.groovy:20)
	... 19 more]]></system-err>
      </testcase>
      <testcase name="Test Cases/User/TC39_Add moderator" time="9.954" classname="Test Cases/User/TC39_Add moderator" status="PASSED">
         <system-out><![CDATA[2023-02-10 12:18:37 - [TEST_CASE][PASSED] - Test Cases/User/TC39_Add moderator: Test Cases/User/TC39_Add moderator

2023-02-10 12:18:39 - [TEST_STEP][PASSED] - click(findTestObject("User/Moderator/Add moderator/Moderator")): Object: 'Object Repository/User/Moderator/Add moderator/Moderator' is clicked on

2023-02-10 12:18:40 - [MESSAGE][PASSED] - Object: 'Object Repository/User/Moderator/Add moderator/Moderator' is clicked on

2023-02-10 12:18:40 - [TEST_STEP][PASSED] - click(findTestObject("User/Moderator/Add moderator/Add Data")): Object: 'Object Repository/User/Moderator/Add moderator/Add Data' is clicked on

2023-02-10 12:18:41 - [MESSAGE][PASSED] - Object: 'Object Repository/User/Moderator/Add moderator/Add Data' is clicked on

2023-02-10 12:18:41 - [TEST_STEP][PASSED] - verifyElementText(findTestObject("User/Moderator/Add moderator/Create Moderator"), "Create Moderator"): Actual text and expected text of test object 'Object Repository/User/Moderator/Add moderator/Create Moderator' are matched.

2023-02-10 12:18:42 - [MESSAGE][PASSED] - Actual text and expected text of test object 'Object Repository/User/Moderator/Add moderator/Create Moderator' are matched.

2023-02-10 12:18:42 - [TEST_STEP][PASSED] - setText(findTestObject("User/Moderator/Add moderator/Name"), "test moderator"): Text 'test moderator' is set on object 'Object Repository/User/Moderator/Add moderator/Name'

2023-02-10 12:18:43 - [MESSAGE][PASSED] - Text 'test moderator' is set on object 'Object Repository/User/Moderator/Add moderator/Name'

2023-02-10 12:18:43 - [TEST_STEP][PASSED] - setText(findTestObject("User/Moderator/Add moderator/Email"), "testmoderator@gmail.com"): Text 'testmoderator@gmail.com' is set on object 'Object Repository/User/Moderator/Add moderator/Email'

2023-02-10 12:18:44 - [MESSAGE][PASSED] - Text 'testmoderator@gmail.com' is set on object 'Object Repository/User/Moderator/Add moderator/Email'

2023-02-10 12:18:44 - [TEST_STEP][PASSED] - setText(findTestObject("User/Moderator/Add moderator/Password"), "test1234"): Text 'test1234' is set on object 'Object Repository/User/Moderator/Add moderator/Password'

2023-02-10 12:18:45 - [MESSAGE][PASSED] - Text 'test1234' is set on object 'Object Repository/User/Moderator/Add moderator/Password'

2023-02-10 12:18:45 - [TEST_STEP][PASSED] - setText(findTestObject("User/Moderator/Add moderator/Telephone"), "1234567890"): Text '1234567890' is set on object 'Object Repository/User/Moderator/Add moderator/Telephone'

2023-02-10 12:18:45 - [MESSAGE][PASSED] - Text '1234567890' is set on object 'Object Repository/User/Moderator/Add moderator/Telephone'

2023-02-10 12:18:45 - [TEST_STEP][PASSED] - click(findTestObject("User/Moderator/Add moderator/Submit button")): Object: 'Object Repository/User/Moderator/Add moderator/Submit button' is clicked on

2023-02-10 12:18:47 - [MESSAGE][PASSED] - Object: 'Object Repository/User/Moderator/Add moderator/Submit button' is clicked on]]></system-out>
         <system-err><![CDATA[]]></system-err>
      </testcase>
      <testcase name="Test Cases/User/TC40_Add moderator tanpa mengisi form" time="7.279" classname="Test Cases/User/TC40_Add moderator tanpa mengisi form" status="PASSED">
         <system-out><![CDATA[2023-02-10 12:18:47 - [TEST_CASE][PASSED] - Test Cases/User/TC40_Add moderator tanpa mengisi form: Test Cases/User/TC40_Add moderator tanpa mengisi form

2023-02-10 12:18:49 - [TEST_STEP][PASSED] - click(findTestObject("User/Moderator/Add moderator/Moderator")): Object: 'Object Repository/User/Moderator/Add moderator/Moderator' is clicked on

2023-02-10 12:18:52 - [MESSAGE][PASSED] - Object: 'Object Repository/User/Moderator/Add moderator/Moderator' is clicked on

2023-02-10 12:18:52 - [TEST_STEP][PASSED] - click(findTestObject("User/Moderator/Add moderator/Add Data")): Object: 'Object Repository/User/Moderator/Add moderator/Add Data' is clicked on

2023-02-10 12:18:54 - [MESSAGE][PASSED] - Object: 'Object Repository/User/Moderator/Add moderator/Add Data' is clicked on

2023-02-10 12:18:54 - [TEST_STEP][PASSED] - verifyElementText(findTestObject("User/Moderator/Add moderator/Create Moderator"), "Create Moderator"): Actual text and expected text of test object 'Object Repository/User/Moderator/Add moderator/Create Moderator' are matched.

2023-02-10 12:18:54 - [MESSAGE][PASSED] - Actual text and expected text of test object 'Object Repository/User/Moderator/Add moderator/Create Moderator' are matched.

2023-02-10 12:18:54 - [TEST_STEP][PASSED] - click(findTestObject("User/Moderator/Add moderator/Submit button")): Object: 'Object Repository/User/Moderator/Add moderator/Submit button' is clicked on

2023-02-10 12:18:55 - [MESSAGE][PASSED] - Object: 'Object Repository/User/Moderator/Add moderator/Submit button' is clicked on]]></system-out>
         <system-err><![CDATA[]]></system-err>
      </testcase>
      <testcase name="Test Cases/User/TC41_View moderator" time="4.81" classname="Test Cases/User/TC41_View moderator" status="PASSED">
         <system-out><![CDATA[2023-02-10 12:18:55 - [TEST_CASE][PASSED] - Test Cases/User/TC41_View moderator: Test Cases/User/TC41_View moderator

2023-02-10 12:18:56 - [TEST_STEP][PASSED] - click(findTestObject("User/Moderator/View moderator/Moderator")): Object: 'Object Repository/User/Moderator/View moderator/Moderator' is clicked on

2023-02-10 12:18:58 - [MESSAGE][PASSED] - Object: 'Object Repository/User/Moderator/View moderator/Moderator' is clicked on

2023-02-10 12:18:58 - [TEST_STEP][PASSED] - setText(findTestObject("User/Moderator/View moderator/Search"), "Fauzi"): Text 'Fauzi' is set on object 'Object Repository/User/Moderator/View moderator/Search'

2023-02-10 12:18:59 - [MESSAGE][PASSED] - Text 'Fauzi' is set on object 'Object Repository/User/Moderator/View moderator/Search'

2023-02-10 12:18:59 - [TEST_STEP][PASSED] - verifyElementText(findTestObject("User/Moderator/View moderator/Name"), "Fauzi"): Actual text and expected text of test object 'Object Repository/User/Moderator/View moderator/Name' are matched.

2023-02-10 12:19:00 - [MESSAGE][PASSED] - Actual text and expected text of test object 'Object Repository/User/Moderator/View moderator/Name' are matched.]]></system-out>
         <system-err><![CDATA[]]></system-err>
      </testcase>
      <testcase name="Test Cases/User/TC42_Edit moderator" time="12.82" classname="Test Cases/User/TC42_Edit moderator" status="PASSED">
         <system-out><![CDATA[2023-02-10 12:19:00 - [TEST_CASE][PASSED] - Test Cases/User/TC42_Edit moderator: Test Cases/User/TC42_Edit moderator

2023-02-10 12:19:01 - [TEST_STEP][PASSED] - click(findTestObject("User/Moderator/Edit moderator/Moderator")): Object: 'Object Repository/User/Moderator/Edit moderator/Moderator' is clicked on

2023-02-10 12:19:02 - [MESSAGE][PASSED] - Object: 'Object Repository/User/Moderator/Edit moderator/Moderator' is clicked on

2023-02-10 12:19:02 - [TEST_STEP][PASSED] - setText(findTestObject("User/Moderator/Edit moderator/Search"), "edit"): Text 'edit' is set on object 'Object Repository/User/Moderator/Edit moderator/Search'

2023-02-10 12:19:03 - [MESSAGE][PASSED] - Text 'edit' is set on object 'Object Repository/User/Moderator/Edit moderator/Search'

2023-02-10 12:19:03 - [TEST_STEP][PASSED] - click(findTestObject("User/Moderator/Edit moderator/Edit button")): Object: 'Object Repository/User/Moderator/Edit moderator/Edit button' is clicked on

2023-02-10 12:19:04 - [MESSAGE][PASSED] - Object: 'Object Repository/User/Moderator/Edit moderator/Edit button' is clicked on

2023-02-10 12:19:04 - [TEST_STEP][PASSED] - clearText(findTestObject("User/Moderator/Edit moderator/Name")): Text of object 'Object Repository/User/Moderator/Edit moderator/Name' is cleared

2023-02-10 12:19:05 - [MESSAGE][PASSED] - Text of object 'Object Repository/User/Moderator/Edit moderator/Name' is cleared

2023-02-10 12:19:05 - [TEST_STEP][PASSED] - setText(findTestObject("User/Moderator/Edit moderator/Name"), "edit moderator baru"): Text 'edit moderator baru' is set on object 'Object Repository/User/Moderator/Edit moderator/Name'

2023-02-10 12:19:06 - [MESSAGE][PASSED] - Text 'edit moderator baru' is set on object 'Object Repository/User/Moderator/Edit moderator/Name'

2023-02-10 12:19:06 - [TEST_STEP][PASSED] - clearText(findTestObject("User/Moderator/Edit moderator/Email")): Text of object 'Object Repository/User/Moderator/Edit moderator/Email' is cleared

2023-02-10 12:19:07 - [MESSAGE][PASSED] - Text of object 'Object Repository/User/Moderator/Edit moderator/Email' is cleared

2023-02-10 12:19:07 - [TEST_STEP][PASSED] - setText(findTestObject("User/Moderator/Edit moderator/Email"), "editmoderatorbaru@gmail.com"): Text 'editmoderatorbaru@gmail.com' is set on object 'Object Repository/User/Moderator/Edit moderator/Email'

2023-02-10 12:19:08 - [MESSAGE][PASSED] - Text 'editmoderatorbaru@gmail.com' is set on object 'Object Repository/User/Moderator/Edit moderator/Email'

2023-02-10 12:19:08 - [TEST_STEP][PASSED] - setText(findTestObject("User/Moderator/Edit moderator/Password"), "ubah123"): Text 'ubah123' is set on object 'Object Repository/User/Moderator/Edit moderator/Password'

2023-02-10 12:19:09 - [MESSAGE][PASSED] - Text 'ubah123' is set on object 'Object Repository/User/Moderator/Edit moderator/Password'

2023-02-10 12:19:09 - [TEST_STEP][PASSED] - clearText(findTestObject("User/Moderator/Edit moderator/Telephone")): Text of object 'Object Repository/User/Moderator/Edit moderator/Telephone' is cleared

2023-02-10 12:19:09 - [MESSAGE][PASSED] - Text of object 'Object Repository/User/Moderator/Edit moderator/Telephone' is cleared

2023-02-10 12:19:09 - [TEST_STEP][PASSED] - setText(findTestObject("User/Moderator/Edit moderator/Telephone"), "08231234567"): Text '08231234567' is set on object 'Object Repository/User/Moderator/Edit moderator/Telephone'

2023-02-10 12:19:10 - [MESSAGE][PASSED] - Text '08231234567' is set on object 'Object Repository/User/Moderator/Edit moderator/Telephone'

2023-02-10 12:19:10 - [TEST_STEP][PASSED] - click(findTestObject("User/Moderator/Edit moderator/Submit button")): Object: 'Object Repository/User/Moderator/Edit moderator/Submit button' is clicked on

2023-02-10 12:19:12 - [MESSAGE][PASSED] - Object: 'Object Repository/User/Moderator/Edit moderator/Submit button' is clicked on]]></system-out>
         <system-err><![CDATA[]]></system-err>
      </testcase>
      <testcase name="Test Cases/User/TC43_Edit moderator dengan mengosongkan form" time="10.361" classname="Test Cases/User/TC43_Edit moderator dengan mengosongkan form" status="PASSED">
         <system-out><![CDATA[2023-02-10 12:19:12 - [TEST_CASE][PASSED] - Test Cases/User/TC43_Edit moderator dengan mengosongkan form: Test Cases/User/TC43_Edit moderator dengan mengosongkan form

2023-02-10 12:19:14 - [TEST_STEP][PASSED] - click(findTestObject("User/Moderator/Edit moderator/Moderator")): Object: 'Object Repository/User/Moderator/Edit moderator/Moderator' is clicked on

2023-02-10 12:19:17 - [MESSAGE][PASSED] - Object: 'Object Repository/User/Moderator/Edit moderator/Moderator' is clicked on

2023-02-10 12:19:17 - [TEST_STEP][PASSED] - setText(findTestObject("User/Moderator/Edit moderator/Search"), "edit"): Text 'edit' is set on object 'Object Repository/User/Moderator/Edit moderator/Search'

2023-02-10 12:19:19 - [MESSAGE][PASSED] - Text 'edit' is set on object 'Object Repository/User/Moderator/Edit moderator/Search'

2023-02-10 12:19:19 - [TEST_STEP][PASSED] - click(findTestObject("User/Moderator/Edit moderator/Edit button")): Object: 'Object Repository/User/Moderator/Edit moderator/Edit button' is clicked on

2023-02-10 12:19:20 - [MESSAGE][PASSED] - Object: 'Object Repository/User/Moderator/Edit moderator/Edit button' is clicked on

2023-02-10 12:19:20 - [TEST_STEP][PASSED] - clearText(findTestObject("User/Moderator/Edit moderator/Name")): Text of object 'Object Repository/User/Moderator/Edit moderator/Name' is cleared

2023-02-10 12:19:21 - [MESSAGE][PASSED] - Text of object 'Object Repository/User/Moderator/Edit moderator/Name' is cleared

2023-02-10 12:19:21 - [TEST_STEP][PASSED] - clearText(findTestObject("User/Moderator/Edit moderator/Email")): Text of object 'Object Repository/User/Moderator/Edit moderator/Email' is cleared

2023-02-10 12:19:21 - [MESSAGE][PASSED] - Text of object 'Object Repository/User/Moderator/Edit moderator/Email' is cleared

2023-02-10 12:19:21 - [TEST_STEP][PASSED] - clearText(findTestObject("User/Moderator/Edit moderator/Telephone")): Text of object 'Object Repository/User/Moderator/Edit moderator/Telephone' is cleared

2023-02-10 12:19:22 - [MESSAGE][PASSED] - Text of object 'Object Repository/User/Moderator/Edit moderator/Telephone' is cleared

2023-02-10 12:19:22 - [TEST_STEP][PASSED] - click(findTestObject("User/Moderator/Edit moderator/Submit button")): Object: 'Object Repository/User/Moderator/Edit moderator/Submit button' is clicked on

2023-02-10 12:19:23 - [MESSAGE][PASSED] - Object: 'Object Repository/User/Moderator/Edit moderator/Submit button' is clicked on]]></system-out>
         <system-err><![CDATA[]]></system-err>
      </testcase>
      <testcase name="Test Cases/User/TC44_Delete moderator" time="6.932" classname="Test Cases/User/TC44_Delete moderator" status="PASSED">
         <system-out><![CDATA[2023-02-10 12:19:23 - [TEST_CASE][PASSED] - Test Cases/User/TC44_Delete moderator: Test Cases/User/TC44_Delete moderator

2023-02-10 12:19:24 - [TEST_STEP][PASSED] - click(findTestObject("User/Moderator/Delete moderator/Moderator")): Object: 'Object Repository/User/Moderator/Delete moderator/Moderator' is clicked on

2023-02-10 12:19:26 - [MESSAGE][PASSED] - Object: 'Object Repository/User/Moderator/Delete moderator/Moderator' is clicked on

2023-02-10 12:19:26 - [TEST_STEP][PASSED] - setText(findTestObject("User/Moderator/Delete moderator/Search"), "delete"): Text 'delete' is set on object 'Object Repository/User/Moderator/Delete moderator/Search'

2023-02-10 12:19:27 - [MESSAGE][PASSED] - Text 'delete' is set on object 'Object Repository/User/Moderator/Delete moderator/Search'

2023-02-10 12:19:27 - [TEST_STEP][PASSED] - click(findTestObject("z test/Delete3/Delete button moderator")): Object: 'Object Repository/z test/Delete3/Delete button moderator' is clicked on

2023-02-10 12:19:28 - [MESSAGE][PASSED] - Object: 'Object Repository/z test/Delete3/Delete button moderator' is clicked on

2023-02-10 12:19:28 - [TEST_STEP][PASSED] - click(findTestObject("User/Moderator/Delete moderator/Yes button")): Object: 'Object Repository/User/Moderator/Delete moderator/Yes button' is clicked on

2023-02-10 12:19:30 - [MESSAGE][PASSED] - Object: 'Object Repository/User/Moderator/Delete moderator/Yes button' is clicked on]]></system-out>
         <system-err><![CDATA[]]></system-err>
      </testcase>
      <testcase name="Test Cases/User/TC45_Add participant" time="16.185" classname="Test Cases/User/TC45_Add participant" status="PASSED">
         <system-out><![CDATA[2023-02-10 12:19:30 - [TEST_CASE][PASSED] - Test Cases/User/TC45_Add participant: Test Cases/User/TC45_Add participant

2023-02-10 12:19:31 - [TEST_STEP][PASSED] - click(findTestObject("User/Participant/Add participant/Participant")): Object: 'Object Repository/User/Participant/Add participant/Participant' is clicked on

2023-02-10 12:19:35 - [MESSAGE][PASSED] - Object: 'Object Repository/User/Participant/Add participant/Participant' is clicked on

2023-02-10 12:19:35 - [TEST_STEP][PASSED] - click(findTestObject("User/Participant/Add participant/Add Data")): Object: 'Object Repository/User/Participant/Add participant/Add Data' is clicked on

2023-02-10 12:19:36 - [MESSAGE][PASSED] - Object: 'Object Repository/User/Participant/Add participant/Add Data' is clicked on

2023-02-10 12:19:36 - [TEST_STEP][PASSED] - verifyElementText(findTestObject("User/Participant/Add participant/Create Participant"), "Create Participant"): Actual text and expected text of test object 'Object Repository/User/Participant/Add participant/Create Participant' are matched.

2023-02-10 12:19:37 - [MESSAGE][PASSED] - Actual text and expected text of test object 'Object Repository/User/Participant/Add participant/Create Participant' are matched.

2023-02-10 12:19:37 - [TEST_STEP][PASSED] - setText(findTestObject("User/Participant/Add participant/Name"), "test participant"): Text 'test participant' is set on object 'Object Repository/User/Participant/Add participant/Name'

2023-02-10 12:19:38 - [MESSAGE][PASSED] - Text 'test participant' is set on object 'Object Repository/User/Participant/Add participant/Name'

2023-02-10 12:19:38 - [TEST_STEP][PASSED] - setText(findTestObject("User/Participant/Add participant/Email"), "testparticipant@gmail.com"): Text 'testparticipant@gmail.com' is set on object 'Object Repository/User/Participant/Add participant/Email'

2023-02-10 12:19:39 - [MESSAGE][PASSED] - Text 'testparticipant@gmail.com' is set on object 'Object Repository/User/Participant/Add participant/Email'

2023-02-10 12:19:39 - [TEST_STEP][PASSED] - setText(findTestObject("User/Participant/Add participant/Password"), "test1234"): Text 'test1234' is set on object 'Object Repository/User/Participant/Add participant/Password'

2023-02-10 12:19:40 - [MESSAGE][PASSED] - Text 'test1234' is set on object 'Object Repository/User/Participant/Add participant/Password'

2023-02-10 12:19:40 - [TEST_STEP][PASSED] - setText(findTestObject("User/Participant/Add participant/Student ID"), "1234"): Text '1234' is set on object 'Object Repository/User/Participant/Add participant/Student ID'

2023-02-10 12:19:41 - [MESSAGE][PASSED] - Text '1234' is set on object 'Object Repository/User/Participant/Add participant/Student ID'

2023-02-10 12:19:41 - [TEST_STEP][PASSED] - setText(findTestObject("User/Participant/Add participant/College Origin"), "malang"): Text 'malang' is set on object 'Object Repository/User/Participant/Add participant/College Origin'

2023-02-10 12:19:42 - [MESSAGE][PASSED] - Text 'malang' is set on object 'Object Repository/User/Participant/Add participant/College Origin'

2023-02-10 12:19:42 - [TEST_STEP][PASSED] - setText(findTestObject("User/Participant/Add participant/Telephone"), "1234567890"): Text '1234567890' is set on object 'Object Repository/User/Participant/Add participant/Telephone'

2023-02-10 12:19:44 - [MESSAGE][PASSED] - Text '1234567890' is set on object 'Object Repository/User/Participant/Add participant/Telephone'

2023-02-10 12:19:44 - [TEST_STEP][PASSED] - click(findTestObject("User/Participant/Add participant/Submit button")): Object: 'Object Repository/User/Participant/Add participant/Submit button' is clicked on

2023-02-10 12:19:46 - [MESSAGE][PASSED] - Object: 'Object Repository/User/Participant/Add participant/Submit button' is clicked on]]></system-out>
         <system-err><![CDATA[]]></system-err>
      </testcase>
      <testcase name="Test Cases/User/TC46_Add participant tanpa mengisi form" time="7.542" classname="Test Cases/User/TC46_Add participant tanpa mengisi form" status="PASSED">
         <system-out><![CDATA[2023-02-10 12:19:46 - [TEST_CASE][PASSED] - Test Cases/User/TC46_Add participant tanpa mengisi form: Test Cases/User/TC46_Add participant tanpa mengisi form

2023-02-10 12:19:47 - [TEST_STEP][PASSED] - click(findTestObject("User/Participant/Add participant/Participant")): Object: 'Object Repository/User/Participant/Add participant/Participant' is clicked on

2023-02-10 12:19:51 - [MESSAGE][PASSED] - Object: 'Object Repository/User/Participant/Add participant/Participant' is clicked on

2023-02-10 12:19:51 - [TEST_STEP][PASSED] - click(findTestObject("User/Participant/Add participant/Add Data")): Object: 'Object Repository/User/Participant/Add participant/Add Data' is clicked on

2023-02-10 12:19:52 - [MESSAGE][PASSED] - Object: 'Object Repository/User/Participant/Add participant/Add Data' is clicked on

2023-02-10 12:19:52 - [TEST_STEP][PASSED] - verifyElementText(findTestObject("User/Participant/Add participant/Create Participant"), "Create Participant"): Actual text and expected text of test object 'Object Repository/User/Participant/Add participant/Create Participant' are matched.

2023-02-10 12:19:53 - [MESSAGE][PASSED] - Actual text and expected text of test object 'Object Repository/User/Participant/Add participant/Create Participant' are matched.

2023-02-10 12:19:53 - [TEST_STEP][PASSED] - click(findTestObject("User/Participant/Add participant/Submit button")): Object: 'Object Repository/User/Participant/Add participant/Submit button' is clicked on

2023-02-10 12:19:53 - [MESSAGE][PASSED] - Object: 'Object Repository/User/Participant/Add participant/Submit button' is clicked on]]></system-out>
         <system-err><![CDATA[]]></system-err>
      </testcase>
      <testcase name="Test Cases/User/TC47_View participant" time="4.912" classname="Test Cases/User/TC47_View participant" status="PASSED">
         <system-out><![CDATA[2023-02-10 12:19:53 - [TEST_CASE][PASSED] - Test Cases/User/TC47_View participant: Test Cases/User/TC47_View participant

2023-02-10 12:19:55 - [TEST_STEP][PASSED] - click(findTestObject("User/Participant/View perticipant/Participant")): Object: 'Object Repository/User/Participant/View perticipant/Participant' is clicked on

2023-02-10 12:19:56 - [MESSAGE][PASSED] - Object: 'Object Repository/User/Participant/View perticipant/Participant' is clicked on

2023-02-10 12:19:56 - [TEST_STEP][PASSED] - setText(findTestObject("User/Participant/View perticipant/Search"), "alif"): Text 'alif' is set on object 'Object Repository/User/Participant/View perticipant/Search'

2023-02-10 12:19:57 - [MESSAGE][PASSED] - Text 'alif' is set on object 'Object Repository/User/Participant/View perticipant/Search'

2023-02-10 12:19:57 - [TEST_STEP][PASSED] - verifyElementText(findTestObject("User/Participant/View perticipant/Name"), "Alif Fadil Syaifullah"): Actual text and expected text of test object 'Object Repository/User/Participant/View perticipant/Name' are matched.

2023-02-10 12:19:58 - [MESSAGE][PASSED] - Actual text and expected text of test object 'Object Repository/User/Participant/View perticipant/Name' are matched.]]></system-out>
         <system-err><![CDATA[]]></system-err>
      </testcase>
      <testcase name="Test Cases/User/TC48_Edit participant" time="16.587" classname="Test Cases/User/TC48_Edit participant" status="PASSED">
         <system-out><![CDATA[2023-02-10 12:19:58 - [TEST_CASE][PASSED] - Test Cases/User/TC48_Edit participant: Test Cases/User/TC48_Edit participant

2023-02-10 12:20:00 - [TEST_STEP][PASSED] - click(findTestObject("User/Participant/Edit participant/Participant")): Object: 'Object Repository/User/Participant/Edit participant/Participant' is clicked on

2023-02-10 12:20:01 - [MESSAGE][PASSED] - Object: 'Object Repository/User/Participant/Edit participant/Participant' is clicked on

2023-02-10 12:20:01 - [TEST_STEP][PASSED] - setText(findTestObject("User/Participant/Edit participant/Search"), "edit"): Text 'edit' is set on object 'Object Repository/User/Participant/Edit participant/Search'

2023-02-10 12:20:02 - [MESSAGE][PASSED] - Text 'edit' is set on object 'Object Repository/User/Participant/Edit participant/Search'

2023-02-10 12:20:02 - [TEST_STEP][PASSED] - click(findTestObject("User/Participant/Edit participant/Edit button")): Object: 'Object Repository/User/Participant/Edit participant/Edit button' is clicked on

2023-02-10 12:20:04 - [MESSAGE][PASSED] - Object: 'Object Repository/User/Participant/Edit participant/Edit button' is clicked on

2023-02-10 12:20:04 - [TEST_STEP][PASSED] - clearText(findTestObject("User/Participant/Edit participant/Name"), STOP_ON_FAILURE): Text of object 'Object Repository/User/Participant/Edit participant/Name' is cleared

2023-02-10 12:20:04 - [MESSAGE][PASSED] - Text of object 'Object Repository/User/Participant/Edit participant/Name' is cleared

2023-02-10 12:20:04 - [TEST_STEP][PASSED] - setText(findTestObject("User/Participant/Edit participant/Name"), "edit participant baru"): Text 'edit participant baru' is set on object 'Object Repository/User/Participant/Edit participant/Name'

2023-02-10 12:20:05 - [MESSAGE][PASSED] - Text 'edit participant baru' is set on object 'Object Repository/User/Participant/Edit participant/Name'

2023-02-10 12:20:05 - [TEST_STEP][PASSED] - clearText(findTestObject("User/Participant/Edit participant/Email")): Text of object 'Object Repository/User/Participant/Edit participant/Email' is cleared

2023-02-10 12:20:06 - [MESSAGE][PASSED] - Text of object 'Object Repository/User/Participant/Edit participant/Email' is cleared

2023-02-10 12:20:06 - [TEST_STEP][PASSED] - setText(findTestObject("User/Participant/Edit participant/Email"), "editparticipantbaru@gmail.com"): Text 'editparticipantbaru@gmail.com' is set on object 'Object Repository/User/Participant/Edit participant/Email'

2023-02-10 12:20:07 - [MESSAGE][PASSED] - Text 'editparticipantbaru@gmail.com' is set on object 'Object Repository/User/Participant/Edit participant/Email'

2023-02-10 12:20:07 - [TEST_STEP][PASSED] - setText(findTestObject("User/Participant/Edit participant/Password"), "test1234"): Text 'test1234' is set on object 'Object Repository/User/Participant/Edit participant/Password'

2023-02-10 12:20:08 - [MESSAGE][PASSED] - Text 'test1234' is set on object 'Object Repository/User/Participant/Edit participant/Password'

2023-02-10 12:20:08 - [TEST_STEP][PASSED] - clearText(findTestObject("User/Participant/Edit participant/Student ID")): Text of object 'Object Repository/User/Participant/Edit participant/Student ID' is cleared

2023-02-10 12:20:09 - [MESSAGE][PASSED] - Text of object 'Object Repository/User/Participant/Edit participant/Student ID' is cleared

2023-02-10 12:20:09 - [TEST_STEP][PASSED] - setText(findTestObject("User/Participant/Edit participant/Student ID"), "123123"): Text '123123' is set on object 'Object Repository/User/Participant/Edit participant/Student ID'

2023-02-10 12:20:10 - [MESSAGE][PASSED] - Text '123123' is set on object 'Object Repository/User/Participant/Edit participant/Student ID'

2023-02-10 12:20:10 - [TEST_STEP][PASSED] - clearText(findTestObject("User/Participant/Edit participant/College Origin")): Text of object 'Object Repository/User/Participant/Edit participant/College Origin' is cleared

2023-02-10 12:20:10 - [MESSAGE][PASSED] - Text of object 'Object Repository/User/Participant/Edit participant/College Origin' is cleared

2023-02-10 12:20:10 - [TEST_STEP][PASSED] - setText(findTestObject("User/Participant/Edit participant/College Origin"), "Malang"): Text 'Malang' is set on object 'Object Repository/User/Participant/Edit participant/College Origin'

2023-02-10 12:20:11 - [MESSAGE][PASSED] - Text 'Malang' is set on object 'Object Repository/User/Participant/Edit participant/College Origin'

2023-02-10 12:20:11 - [TEST_STEP][PASSED] - clearText(findTestObject("User/Participant/Edit participant/Telephone")): Text of object 'Object Repository/User/Participant/Edit participant/Telephone' is cleared

2023-02-10 12:20:12 - [MESSAGE][PASSED] - Text of object 'Object Repository/User/Participant/Edit participant/Telephone' is cleared

2023-02-10 12:20:12 - [TEST_STEP][PASSED] - setText(findTestObject("User/Participant/Edit participant/Telephone"), "08231234567"): Text '08231234567' is set on object 'Object Repository/User/Participant/Edit participant/Telephone'

2023-02-10 12:20:13 - [MESSAGE][PASSED] - Text '08231234567' is set on object 'Object Repository/User/Participant/Edit participant/Telephone'

2023-02-10 12:20:13 - [TEST_STEP][PASSED] - click(findTestObject("User/Participant/Edit participant/Submit button")): Object: 'Object Repository/User/Participant/Edit participant/Submit button' is clicked on

2023-02-10 12:20:15 - [MESSAGE][PASSED] - Object: 'Object Repository/User/Participant/Edit participant/Submit button' is clicked on]]></system-out>
         <system-err><![CDATA[]]></system-err>
      </testcase>
      <testcase name="Test Cases/User/TC49_Edit participant dengan mengosongkan form" time="11.461" classname="Test Cases/User/TC49_Edit participant dengan mengosongkan form" status="PASSED">
         <system-out><![CDATA[2023-02-10 12:20:15 - [TEST_CASE][PASSED] - Test Cases/User/TC49_Edit participant dengan mengosongkan form: Test Cases/User/TC49_Edit participant dengan mengosongkan form

2023-02-10 12:20:16 - [TEST_STEP][PASSED] - click(findTestObject("User/Participant/Edit participant/Participant")): Object: 'Object Repository/User/Participant/Edit participant/Participant' is clicked on

2023-02-10 12:20:20 - [MESSAGE][PASSED] - Object: 'Object Repository/User/Participant/Edit participant/Participant' is clicked on

2023-02-10 12:20:20 - [TEST_STEP][PASSED] - setText(findTestObject("User/Participant/Edit participant/Search"), "edit"): Text 'edit' is set on object 'Object Repository/User/Participant/Edit participant/Search'

2023-02-10 12:20:21 - [MESSAGE][PASSED] - Text 'edit' is set on object 'Object Repository/User/Participant/Edit participant/Search'

2023-02-10 12:20:21 - [TEST_STEP][PASSED] - click(findTestObject("User/Participant/Edit participant/Edit button")): Object: 'Object Repository/User/Participant/Edit participant/Edit button' is clicked on

2023-02-10 12:20:23 - [MESSAGE][PASSED] - Object: 'Object Repository/User/Participant/Edit participant/Edit button' is clicked on

2023-02-10 12:20:23 - [TEST_STEP][PASSED] - clearText(findTestObject("User/Participant/Edit participant/Name"), STOP_ON_FAILURE): Text of object 'Object Repository/User/Participant/Edit participant/Name' is cleared

2023-02-10 12:20:23 - [MESSAGE][PASSED] - Text of object 'Object Repository/User/Participant/Edit participant/Name' is cleared

2023-02-10 12:20:23 - [TEST_STEP][PASSED] - clearText(findTestObject("User/Participant/Edit participant/Email")): Text of object 'Object Repository/User/Participant/Edit participant/Email' is cleared

2023-02-10 12:20:24 - [MESSAGE][PASSED] - Text of object 'Object Repository/User/Participant/Edit participant/Email' is cleared

2023-02-10 12:20:24 - [TEST_STEP][PASSED] - clearText(findTestObject("User/Participant/Edit participant/Student ID")): Text of object 'Object Repository/User/Participant/Edit participant/Student ID' is cleared

2023-02-10 12:20:25 - [MESSAGE][PASSED] - Text of object 'Object Repository/User/Participant/Edit participant/Student ID' is cleared

2023-02-10 12:20:25 - [TEST_STEP][PASSED] - clearText(findTestObject("User/Participant/Edit participant/College Origin")): Text of object 'Object Repository/User/Participant/Edit participant/College Origin' is cleared

2023-02-10 12:20:25 - [MESSAGE][PASSED] - Text of object 'Object Repository/User/Participant/Edit participant/College Origin' is cleared

2023-02-10 12:20:25 - [TEST_STEP][PASSED] - clearText(findTestObject("User/Participant/Edit participant/Telephone")): Text of object 'Object Repository/User/Participant/Edit participant/Telephone' is cleared

2023-02-10 12:20:26 - [MESSAGE][PASSED] - Text of object 'Object Repository/User/Participant/Edit participant/Telephone' is cleared

2023-02-10 12:20:26 - [TEST_STEP][PASSED] - click(findTestObject("User/Participant/Edit participant/Submit button")): Object: 'Object Repository/User/Participant/Edit participant/Submit button' is clicked on

2023-02-10 12:20:26 - [MESSAGE][PASSED] - Object: 'Object Repository/User/Participant/Edit participant/Submit button' is clicked on]]></system-out>
         <system-err><![CDATA[]]></system-err>
      </testcase>
      <testcase name="Test Cases/User/TC50_Delete participant" time="7.105" classname="Test Cases/User/TC50_Delete participant" status="PASSED">
         <system-out><![CDATA[2023-02-10 12:20:26 - [TEST_CASE][PASSED] - Test Cases/User/TC50_Delete participant: Test Cases/User/TC50_Delete participant

2023-02-10 12:20:28 - [TEST_STEP][PASSED] - click(findTestObject("User/Participant/Delete participant/Participant")): Object: 'Object Repository/User/Participant/Delete participant/Participant' is clicked on

2023-02-10 12:20:29 - [MESSAGE][PASSED] - Object: 'Object Repository/User/Participant/Delete participant/Participant' is clicked on

2023-02-10 12:20:29 - [TEST_STEP][PASSED] - setText(findTestObject("User/Participant/Delete participant/Search"), "delete"): Text 'delete' is set on object 'Object Repository/User/Participant/Delete participant/Search'

2023-02-10 12:20:30 - [MESSAGE][PASSED] - Text 'delete' is set on object 'Object Repository/User/Participant/Delete participant/Search'

2023-02-10 12:20:30 - [TEST_STEP][PASSED] - click(findTestObject("z test/Delete3/Delete button participant")): Object: 'Object Repository/z test/Delete3/Delete button participant' is clicked on

2023-02-10 12:20:31 - [MESSAGE][PASSED] - Object: 'Object Repository/z test/Delete3/Delete button participant' is clicked on

2023-02-10 12:20:31 - [TEST_STEP][PASSED] - click(findTestObject("User/Participant/Delete participant/Yes button")): Object: 'Object Repository/User/Participant/Delete participant/Yes button' is clicked on

2023-02-10 12:20:34 - [MESSAGE][PASSED] - Object: 'Object Repository/User/Participant/Delete participant/Yes button' is clicked on]]></system-out>
         <system-err><![CDATA[]]></system-err>
      </testcase>
      <testcase name="Test Cases/Project/TC51_View event di project" time="6.577" classname="Test Cases/Project/TC51_View event di project" status="PASSED">
         <system-out><![CDATA[2023-02-10 12:20:34 - [TEST_CASE][PASSED] - Test Cases/Project/TC51_View event di project: Test Cases/Project/TC51_View event di project

2023-02-10 12:20:35 - [TEST_STEP][PASSED] - click(findTestObject("Project/View event/Project")): Object: 'Object Repository/Project/View event/Project' is clicked on

2023-02-10 12:20:38 - [MESSAGE][PASSED] - Object: 'Object Repository/Project/View event/Project' is clicked on

2023-02-10 12:20:38 - [TEST_STEP][PASSED] - setText(findTestObject("Project/View event/Search"), "TECHNOFEST 1.0"): Text 'TECHNOFEST 1.0' is set on object 'Object Repository/Project/View event/Search'

2023-02-10 12:20:40 - [MESSAGE][PASSED] - Text 'TECHNOFEST 1.0' is set on object 'Object Repository/Project/View event/Search'

2023-02-10 12:20:40 - [TEST_STEP][PASSED] - verifyElementText(findTestObject("Project/View event/event"), "TECHNOFEST 1.0"): Actual text and expected text of test object 'Object Repository/Project/View event/event' are matched.

2023-02-10 12:20:40 - [MESSAGE][PASSED] - Actual text and expected text of test object 'Object Repository/Project/View event/event' are matched.]]></system-out>
         <system-err><![CDATA[]]></system-err>
      </testcase>
      <testcase name="Test Cases/Project/TC52_Add project" time="41.274" classname="Test Cases/Project/TC52_Add project" status="FAILED">
         <failure type="FAILED" message="Test Cases/Project/TC52_Add project FAILED.
Reason:
com.kms.katalon.core.exception.StepFailedException: Unable to upload file 'C:\FILE\TA\logo.png' to object 'Object Repository/Project/Add project/Poster'
	at com.kms.katalon.core.webui.keyword.internal.WebUIKeywordMain.stepFailed(WebUIKeywordMain.groovy:64)
	at com.kms.katalon.core.webui.keyword.internal.WebUIKeywordMain.runKeyword(WebUIKeywordMain.groovy:26)
	at com.kms.katalon.core.webui.keyword.builtin.UploadFileKeyword.uploadFile(UploadFileKeyword.groovy:87)
	at com.kms.katalon.core.webui.keyword.builtin.UploadFileKeyword.execute(UploadFileKeyword.groovy:68)
	at com.kms.katalon.core.keyword.internal.KeywordExecutor.executeKeywordForPlatform(KeywordExecutor.groovy:74)
	at com.kms.katalon.core.webui.keyword.WebUiBuiltInKeywords.uploadFile(WebUiBuiltInKeywords.groovy:4031)
	at com.kms.katalon.core.webui.keyword.WebUiBuiltInKeywords$uploadFile$11.call(Unknown Source)
	at TC52_Add project.run(TC52_Add project:36)
	at com.kms.katalon.core.main.ScriptEngine.run(ScriptEngine.java:194)
	at com.kms.katalon.core.main.ScriptEngine.runScriptAsRawText(ScriptEngine.java:119)
	at com.kms.katalon.core.main.TestCaseExecutor.runScript(TestCaseExecutor.java:448)
	at com.kms.katalon.core.main.TestCaseExecutor.doExecute(TestCaseExecutor.java:439)
	at com.kms.katalon.core.main.TestCaseExecutor.processExecutionPhase(TestCaseExecutor.java:418)
	at com.kms.katalon.core.main.TestCaseExecutor.accessMainPhase(TestCaseExecutor.java:410)
	at com.kms.katalon.core.main.TestCaseExecutor.execute(TestCaseExecutor.java:285)
	at com.kms.katalon.core.common.CommonExecutor.accessTestCaseMainPhase(CommonExecutor.java:65)
	at com.kms.katalon.core.main.TestSuiteExecutor.accessTestSuiteMainPhase(TestSuiteExecutor.java:151)
	at com.kms.katalon.core.main.TestSuiteExecutor.execute(TestSuiteExecutor.java:106)
	at com.kms.katalon.core.main.TestCaseMain.startTestSuite(TestCaseMain.java:185)
	at com.kms.katalon.core.main.TestCaseMain$startTestSuite$0.call(Unknown Source)
	at TempTestSuite1676005934100.run(TempTestSuite1676005934100.groovy:36)
Caused by: com.kms.katalon.core.webui.exception.WebElementNotFoundException: Web element with id: 'Object Repository/Project/Add project/Poster' located by '//div[@id='OozskLas']' not found
	at com.kms.katalon.core.webui.common.WebUiCommonHelper.findWebElement(WebUiCommonHelper.java:1370)
	at com.kms.katalon.core.webui.keyword.internal.WebUIAbstractKeyword.findWebElement(WebUIAbstractKeyword.groovy:27)
	at com.kms.katalon.core.webui.keyword.internal.WebUIAbstractKeyword.findWebElement(WebUIAbstractKeyword.groovy:26)
	at com.kms.katalon.core.webui.keyword.builtin.UploadFileKeyword$_uploadFile_closure1.doCall(UploadFileKeyword.groovy:79)
	at com.kms.katalon.core.webui.keyword.builtin.UploadFileKeyword$_uploadFile_closure1.call(UploadFileKeyword.groovy)
	at com.kms.katalon.core.webui.keyword.internal.WebUIKeywordMain.runKeyword(WebUIKeywordMain.groovy:20)
	... 19 more
"/>
         <system-out><![CDATA[2023-02-10 12:20:40 - [TEST_CASE][FAILED] - Test Cases/Project/TC52_Add project: Test Cases/Project/TC52_Add project FAILED.
Reason:
com.kms.katalon.core.exception.StepFailedException: Unable to upload file 'C:\FILE\TA\logo.png' to object 'Object Repository/Project/Add project/Poster'
	at com.kms.katalon.core.webui.keyword.internal.WebUIKeywordMain.stepFailed(WebUIKeywordMain.groovy:64)
	at com.kms.katalon.core.webui.keyword.internal.WebUIKeywordMain.runKeyword(WebUIKeywordMain.groovy:26)
	at com.kms.katalon.core.webui.keyword.builtin.UploadFileKeyword.uploadFile(UploadFileKeyword.groovy:87)
	at com.kms.katalon.core.webui.keyword.builtin.UploadFileKeyword.execute(UploadFileKeyword.groovy:68)
	at com.kms.katalon.core.keyword.internal.KeywordExecutor.executeKeywordForPlatform(KeywordExecutor.groovy:74)
	at com.kms.katalon.core.webui.keyword.WebUiBuiltInKeywords.uploadFile(WebUiBuiltInKeywords.groovy:4031)
	at com.kms.katalon.core.webui.keyword.WebUiBuiltInKeywords$uploadFile$11.call(Unknown Source)
	at TC52_Add project.run(TC52_Add project:36)
	at com.kms.katalon.core.main.ScriptEngine.run(ScriptEngine.java:194)
	at com.kms.katalon.core.main.ScriptEngine.runScriptAsRawText(ScriptEngine.java:119)
	at com.kms.katalon.core.main.TestCaseExecutor.runScript(TestCaseExecutor.java:448)
	at com.kms.katalon.core.main.TestCaseExecutor.doExecute(TestCaseExecutor.java:439)
	at com.kms.katalon.core.main.TestCaseExecutor.processExecutionPhase(TestCaseExecutor.java:418)
	at com.kms.katalon.core.main.TestCaseExecutor.accessMainPhase(TestCaseExecutor.java:410)
	at com.kms.katalon.core.main.TestCaseExecutor.execute(TestCaseExecutor.java:285)
	at com.kms.katalon.core.common.CommonExecutor.accessTestCaseMainPhase(CommonExecutor.java:65)
	at com.kms.katalon.core.main.TestSuiteExecutor.accessTestSuiteMainPhase(TestSuiteExecutor.java:151)
	at com.kms.katalon.core.main.TestSuiteExecutor.execute(TestSuiteExecutor.java:106)
	at com.kms.katalon.core.main.TestCaseMain.startTestSuite(TestCaseMain.java:185)
	at com.kms.katalon.core.main.TestCaseMain$startTestSuite$0.call(Unknown Source)
	at TempTestSuite1676005934100.run(TempTestSuite1676005934100.groovy:36)
Caused by: com.kms.katalon.core.webui.exception.WebElementNotFoundException: Web element with id: 'Object Repository/Project/Add project/Poster' located by '//div[@id='OozskLas']' not found
	at com.kms.katalon.core.webui.common.WebUiCommonHelper.findWebElement(WebUiCommonHelper.java:1370)
	at com.kms.katalon.core.webui.keyword.internal.WebUIAbstractKeyword.findWebElement(WebUIAbstractKeyword.groovy:27)
	at com.kms.katalon.core.webui.keyword.internal.WebUIAbstractKeyword.findWebElement(WebUIAbstractKeyword.groovy:26)
	at com.kms.katalon.core.webui.keyword.builtin.UploadFileKeyword$_uploadFile_closure1.doCall(UploadFileKeyword.groovy:79)
	at com.kms.katalon.core.webui.keyword.builtin.UploadFileKeyword$_uploadFile_closure1.call(UploadFileKeyword.groovy)
	at com.kms.katalon.core.webui.keyword.internal.WebUIKeywordMain.runKeyword(WebUIKeywordMain.groovy:20)
	... 19 more


2023-02-10 12:20:41 - [TEST_STEP][PASSED] - click(findTestObject("Project/Add project/List Projects button")): Object: 'Object Repository/Project/Add project/List Projects button' is clicked on

2023-02-10 12:20:43 - [MESSAGE][PASSED] - Object: 'Object Repository/Project/Add project/List Projects button' is clicked on

2023-02-10 12:20:43 - [TEST_STEP][PASSED] - click(findTestObject("Project/Add project/Add Item")): Object: 'Object Repository/Project/Add project/Add Item' is clicked on

2023-02-10 12:20:45 - [MESSAGE][PASSED] - Object: 'Object Repository/Project/Add project/Add Item' is clicked on

2023-02-10 12:20:45 - [TEST_STEP][PASSED] - verifyElementText(findTestObject("Project/Add project/Create Project"), "Create Project"): Actual text and expected text of test object 'Object Repository/Project/Add project/Create Project' are matched.

2023-02-10 12:20:45 - [MESSAGE][PASSED] - Actual text and expected text of test object 'Object Repository/Project/Add project/Create Project' are matched.

2023-02-10 12:20:45 - [TEST_STEP][PASSED] - setText(findTestObject("Project/Add project/Title"), "test project"): Text 'test project' is set on object 'Object Repository/Project/Add project/Title'

2023-02-10 12:20:46 - [MESSAGE][PASSED] - Text 'test project' is set on object 'Object Repository/Project/Add project/Title'

2023-02-10 12:20:46 - [TEST_STEP][PASSED] - click(findTestObject("Project/Add project/Choose category")): Object: 'Object Repository/Project/Add project/Choose category' is clicked on

2023-02-10 12:20:47 - [MESSAGE][PASSED] - Object: 'Object Repository/Project/Add project/Choose category' is clicked on

2023-02-10 12:20:47 - [TEST_STEP][PASSED] - setText(findTestObject("Project/Add project/Search category"), "UI"): Text 'UI' is set on object 'Object Repository/Project/Add project/Search category'

2023-02-10 12:20:48 - [MESSAGE][PASSED] - Text 'UI' is set on object 'Object Repository/Project/Add project/Search category'

2023-02-10 12:20:48 - [TEST_STEP][PASSED] - sendKeys(findTestObject("Project/Add project/Search category"), Keys.chord(ENTER)): Keys 'ENTER + ' sent to object: 'Object Repository/Project/Add project/Search category'

2023-02-10 12:20:48 - [MESSAGE][PASSED] - Keys 'ENTER + ' sent to object: 'Object Repository/Project/Add project/Search category'

2023-02-10 12:20:48 - [TEST_STEP][PASSED] - setText(findTestObject("Project/Add project/Desc"), "ini adalah deskripsi"): Text 'ini adalah deskripsi' is set on object 'Object Repository/Project/Add project/Desc'

2023-02-10 12:20:50 - [MESSAGE][PASSED] - Text 'ini adalah deskripsi' is set on object 'Object Repository/Project/Add project/Desc'

2023-02-10 12:20:50 - [TEST_STEP][FAILED] - uploadFile(findTestObject("Project/Add project/Poster"), "C:\FILE\TA\logo.png"): Unable to upload file 'C:\FILE\TA\logo.png' to object 'Object Repository/Project/Add project/Poster' (Root cause: com.kms.katalon.core.exception.StepFailedException: Unable to upload file 'C:\FILE\TA\logo.png' to object 'Object Repository/Project/Add project/Poster'
	at com.kms.katalon.core.webui.keyword.internal.WebUIKeywordMain.stepFailed(WebUIKeywordMain.groovy:64)
	at com.kms.katalon.core.webui.keyword.internal.WebUIKeywordMain.runKeyword(WebUIKeywordMain.groovy:26)
	at com.kms.katalon.core.webui.keyword.builtin.UploadFileKeyword.uploadFile(UploadFileKeyword.groovy:87)
	at com.kms.katalon.core.webui.keyword.builtin.UploadFileKeyword.execute(UploadFileKeyword.groovy:68)
	at com.kms.katalon.core.keyword.internal.KeywordExecutor.executeKeywordForPlatform(KeywordExecutor.groovy:74)
	at com.kms.katalon.core.webui.keyword.WebUiBuiltInKeywords.uploadFile(WebUiBuiltInKeywords.groovy:4031)
	at com.kms.katalon.core.webui.keyword.WebUiBuiltInKeywords$uploadFile$11.call(Unknown Source)
	at TC52_Add project.run(TC52_Add project:36)
	at com.kms.katalon.core.main.ScriptEngine.run(ScriptEngine.java:194)
	at com.kms.katalon.core.main.ScriptEngine.runScriptAsRawText(ScriptEngine.java:119)
	at com.kms.katalon.core.main.TestCaseExecutor.runScript(TestCaseExecutor.java:448)
	at com.kms.katalon.core.main.TestCaseExecutor.doExecute(TestCaseExecutor.java:439)
	at com.kms.katalon.core.main.TestCaseExecutor.processExecutionPhase(TestCaseExecutor.java:418)
	at com.kms.katalon.core.main.TestCaseExecutor.accessMainPhase(TestCaseExecutor.java:410)
	at com.kms.katalon.core.main.TestCaseExecutor.execute(TestCaseExecutor.java:285)
	at com.kms.katalon.core.common.CommonExecutor.accessTestCaseMainPhase(CommonExecutor.java:65)
	at com.kms.katalon.core.main.TestSuiteExecutor.accessTestSuiteMainPhase(TestSuiteExecutor.java:151)
	at com.kms.katalon.core.main.TestSuiteExecutor.execute(TestSuiteExecutor.java:106)
	at com.kms.katalon.core.main.TestCaseMain.startTestSuite(TestCaseMain.java:185)
	at com.kms.katalon.core.main.TestCaseMain$startTestSuite$0.call(Unknown Source)
	at TempTestSuite1676005934100.run(TempTestSuite1676005934100.groovy:36)
Caused by: com.kms.katalon.core.webui.exception.WebElementNotFoundException: Web element with id: 'Object Repository/Project/Add project/Poster' located by '//div[@id='OozskLas']' not found
	at com.kms.katalon.core.webui.common.WebUiCommonHelper.findWebElement(WebUiCommonHelper.java:1370)
	at com.kms.katalon.core.webui.keyword.internal.WebUIAbstractKeyword.findWebElement(WebUIAbstractKeyword.groovy:27)
	at com.kms.katalon.core.webui.keyword.internal.WebUIAbstractKeyword.findWebElement(WebUIAbstractKeyword.groovy:26)
	at com.kms.katalon.core.webui.keyword.builtin.UploadFileKeyword$_uploadFile_closure1.doCall(UploadFileKeyword.groovy:79)
	at com.kms.katalon.core.webui.keyword.builtin.UploadFileKeyword$_uploadFile_closure1.call(UploadFileKeyword.groovy)
	at com.kms.katalon.core.webui.keyword.internal.WebUIKeywordMain.runKeyword(WebUIKeywordMain.groovy:20)
	at com.kms.katalon.core.webui.keyword.builtin.UploadFileKeyword.uploadFile(UploadFileKeyword.groovy:87)
	at com.kms.katalon.core.webui.keyword.builtin.UploadFileKeyword.execute(UploadFileKeyword.groovy:68)
	at com.kms.katalon.core.keyword.internal.KeywordExecutor.executeKeywordForPlatform(KeywordExecutor.groovy:74)
	at com.kms.katalon.core.webui.keyword.WebUiBuiltInKeywords.uploadFile(WebUiBuiltInKeywords.groovy:4031)
	at com.kms.katalon.core.webui.keyword.WebUiBuiltInKeywords$uploadFile$11.call(Unknown Source)
	at Script1676000811067.run(Script1676000811067.groovy:36)
	... 13 more
)

2023-02-10 12:21:21 - [MESSAGE][INFO] - Unable to find the element located by 'By.xpath: //div[@id='OozskLas']'. Please recheck the objects properties to make sure the desired element is located. 

2023-02-10 12:21:21 - [MESSAGE][FAILED] - Unable to upload file 'C:\FILE\TA\logo.png' to object 'Object Repository/Project/Add project/Poster' (Root cause: com.kms.katalon.core.exception.StepFailedException: Unable to upload file 'C:\FILE\TA\logo.png' to object 'Object Repository/Project/Add project/Poster'
	at com.kms.katalon.core.webui.keyword.internal.WebUIKeywordMain.stepFailed(WebUIKeywordMain.groovy:64)
	at com.kms.katalon.core.webui.keyword.internal.WebUIKeywordMain.runKeyword(WebUIKeywordMain.groovy:26)
	at com.kms.katalon.core.webui.keyword.builtin.UploadFileKeyword.uploadFile(UploadFileKeyword.groovy:87)
	at com.kms.katalon.core.webui.keyword.builtin.UploadFileKeyword.execute(UploadFileKeyword.groovy:68)
	at com.kms.katalon.core.keyword.internal.KeywordExecutor.executeKeywordForPlatform(KeywordExecutor.groovy:74)
	at com.kms.katalon.core.webui.keyword.WebUiBuiltInKeywords.uploadFile(WebUiBuiltInKeywords.groovy:4031)
	at com.kms.katalon.core.webui.keyword.WebUiBuiltInKeywords$uploadFile$11.call(Unknown Source)
	at TC52_Add project.run(TC52_Add project:36)
	at com.kms.katalon.core.main.ScriptEngine.run(ScriptEngine.java:194)
	at com.kms.katalon.core.main.ScriptEngine.runScriptAsRawText(ScriptEngine.java:119)
	at com.kms.katalon.core.main.TestCaseExecutor.runScript(TestCaseExecutor.java:448)
	at com.kms.katalon.core.main.TestCaseExecutor.doExecute(TestCaseExecutor.java:439)
	at com.kms.katalon.core.main.TestCaseExecutor.processExecutionPhase(TestCaseExecutor.java:418)
	at com.kms.katalon.core.main.TestCaseExecutor.accessMainPhase(TestCaseExecutor.java:410)
	at com.kms.katalon.core.main.TestCaseExecutor.execute(TestCaseExecutor.java:285)
	at com.kms.katalon.core.common.CommonExecutor.accessTestCaseMainPhase(CommonExecutor.java:65)
	at com.kms.katalon.core.main.TestSuiteExecutor.accessTestSuiteMainPhase(TestSuiteExecutor.java:151)
	at com.kms.katalon.core.main.TestSuiteExecutor.execute(TestSuiteExecutor.java:106)
	at com.kms.katalon.core.main.TestCaseMain.startTestSuite(TestCaseMain.java:185)
	at com.kms.katalon.core.main.TestCaseMain$startTestSuite$0.call(Unknown Source)
	at TempTestSuite1676005934100.run(TempTestSuite1676005934100.groovy:36)
Caused by: com.kms.katalon.core.webui.exception.WebElementNotFoundException: Web element with id: 'Object Repository/Project/Add project/Poster' located by '//div[@id='OozskLas']' not found
	at com.kms.katalon.core.webui.common.WebUiCommonHelper.findWebElement(WebUiCommonHelper.java:1370)
	at com.kms.katalon.core.webui.keyword.internal.WebUIAbstractKeyword.findWebElement(WebUIAbstractKeyword.groovy:27)
	at com.kms.katalon.core.webui.keyword.internal.WebUIAbstractKeyword.findWebElement(WebUIAbstractKeyword.groovy:26)
	at com.kms.katalon.core.webui.keyword.builtin.UploadFileKeyword$_uploadFile_closure1.doCall(UploadFileKeyword.groovy:79)
	at com.kms.katalon.core.webui.keyword.builtin.UploadFileKeyword$_uploadFile_closure1.call(UploadFileKeyword.groovy)
	at com.kms.katalon.core.webui.keyword.internal.WebUIKeywordMain.runKeyword(WebUIKeywordMain.groovy:20)
	at com.kms.katalon.core.webui.keyword.builtin.UploadFileKeyword.uploadFile(UploadFileKeyword.groovy:87)
	at com.kms.katalon.core.webui.keyword.builtin.UploadFileKeyword.execute(UploadFileKeyword.groovy:68)
	at com.kms.katalon.core.keyword.internal.KeywordExecutor.executeKeywordForPlatform(KeywordExecutor.groovy:74)
	at com.kms.katalon.core.webui.keyword.WebUiBuiltInKeywords.uploadFile(WebUiBuiltInKeywords.groovy:4031)
	at com.kms.katalon.core.webui.keyword.WebUiBuiltInKeywords$uploadFile$11.call(Unknown Source)
	at Script1676000811067.run(Script1676000811067.groovy:36)
	... 13 more
)
[[ATTACHMENT|C:\\Users\\GA502GU\\Katalon Studio\\TechnofestAdmin5\\Reports\\20230210_121214\\TS01_TechnofestAdmin\\20230210_121214\\1676006481571.png]]]]></system-out>
         <system-err><![CDATA[2023-02-10 12:20:40 - [TEST_CASE][FAILED] - Test Cases/Project/TC52_Add project: Test Cases/Project/TC52_Add project FAILED.
Reason:
com.kms.katalon.core.exception.StepFailedException: Unable to upload file 'C:\FILE\TA\logo.png' to object 'Object Repository/Project/Add project/Poster'
	at com.kms.katalon.core.webui.keyword.internal.WebUIKeywordMain.stepFailed(WebUIKeywordMain.groovy:64)
	at com.kms.katalon.core.webui.keyword.internal.WebUIKeywordMain.runKeyword(WebUIKeywordMain.groovy:26)
	at com.kms.katalon.core.webui.keyword.builtin.UploadFileKeyword.uploadFile(UploadFileKeyword.groovy:87)
	at com.kms.katalon.core.webui.keyword.builtin.UploadFileKeyword.execute(UploadFileKeyword.groovy:68)
	at com.kms.katalon.core.keyword.internal.KeywordExecutor.executeKeywordForPlatform(KeywordExecutor.groovy:74)
	at com.kms.katalon.core.webui.keyword.WebUiBuiltInKeywords.uploadFile(WebUiBuiltInKeywords.groovy:4031)
	at com.kms.katalon.core.webui.keyword.WebUiBuiltInKeywords$uploadFile$11.call(Unknown Source)
	at TC52_Add project.run(TC52_Add project:36)
	at com.kms.katalon.core.main.ScriptEngine.run(ScriptEngine.java:194)
	at com.kms.katalon.core.main.ScriptEngine.runScriptAsRawText(ScriptEngine.java:119)
	at com.kms.katalon.core.main.TestCaseExecutor.runScript(TestCaseExecutor.java:448)
	at com.kms.katalon.core.main.TestCaseExecutor.doExecute(TestCaseExecutor.java:439)
	at com.kms.katalon.core.main.TestCaseExecutor.processExecutionPhase(TestCaseExecutor.java:418)
	at com.kms.katalon.core.main.TestCaseExecutor.accessMainPhase(TestCaseExecutor.java:410)
	at com.kms.katalon.core.main.TestCaseExecutor.execute(TestCaseExecutor.java:285)
	at com.kms.katalon.core.common.CommonExecutor.accessTestCaseMainPhase(CommonExecutor.java:65)
	at com.kms.katalon.core.main.TestSuiteExecutor.accessTestSuiteMainPhase(TestSuiteExecutor.java:151)
	at com.kms.katalon.core.main.TestSuiteExecutor.execute(TestSuiteExecutor.java:106)
	at com.kms.katalon.core.main.TestCaseMain.startTestSuite(TestCaseMain.java:185)
	at com.kms.katalon.core.main.TestCaseMain$startTestSuite$0.call(Unknown Source)
	at TempTestSuite1676005934100.run(TempTestSuite1676005934100.groovy:36)
Caused by: com.kms.katalon.core.webui.exception.WebElementNotFoundException: Web element with id: 'Object Repository/Project/Add project/Poster' located by '//div[@id='OozskLas']' not found
	at com.kms.katalon.core.webui.common.WebUiCommonHelper.findWebElement(WebUiCommonHelper.java:1370)
	at com.kms.katalon.core.webui.keyword.internal.WebUIAbstractKeyword.findWebElement(WebUIAbstractKeyword.groovy:27)
	at com.kms.katalon.core.webui.keyword.internal.WebUIAbstractKeyword.findWebElement(WebUIAbstractKeyword.groovy:26)
	at com.kms.katalon.core.webui.keyword.builtin.UploadFileKeyword$_uploadFile_closure1.doCall(UploadFileKeyword.groovy:79)
	at com.kms.katalon.core.webui.keyword.builtin.UploadFileKeyword$_uploadFile_closure1.call(UploadFileKeyword.groovy)
	at com.kms.katalon.core.webui.keyword.internal.WebUIKeywordMain.runKeyword(WebUIKeywordMain.groovy:20)
	... 19 more]]></system-err>
      </testcase>
      <testcase name="Test Cases/Project/TC53_Add project tanpa mengisi form" time="9.38" classname="Test Cases/Project/TC53_Add project tanpa mengisi form" status="PASSED">
         <system-out><![CDATA[2023-02-10 12:21:21 - [TEST_CASE][PASSED] - Test Cases/Project/TC53_Add project tanpa mengisi form: Test Cases/Project/TC53_Add project tanpa mengisi form

2023-02-10 12:21:23 - [TEST_STEP][PASSED] - click(findTestObject("Project/Add project/Project")): Object: 'Object Repository/Project/Add project/Project' is clicked on

2023-02-10 12:21:24 - [MESSAGE][PASSED] - Object: 'Object Repository/Project/Add project/Project' is clicked on

2023-02-10 12:21:24 - [TEST_STEP][PASSED] - setText(findTestObject("Project/View event/Search"), "1.0"): Text '1.0' is set on object 'Object Repository/Project/View event/Search'

2023-02-10 12:21:25 - [MESSAGE][PASSED] - Text '1.0' is set on object 'Object Repository/Project/View event/Search'

2023-02-10 12:21:25 - [TEST_STEP][PASSED] - click(findTestObject("Project/Add project/List Projects button")): Object: 'Object Repository/Project/Add project/List Projects button' is clicked on

2023-02-10 12:21:27 - [MESSAGE][PASSED] - Object: 'Object Repository/Project/Add project/List Projects button' is clicked on

2023-02-10 12:21:27 - [TEST_STEP][PASSED] - click(findTestObject("Project/Add project/Add Item")): Object: 'Object Repository/Project/Add project/Add Item' is clicked on

2023-02-10 12:21:29 - [MESSAGE][PASSED] - Object: 'Object Repository/Project/Add project/Add Item' is clicked on

2023-02-10 12:21:29 - [TEST_STEP][PASSED] - verifyElementText(findTestObject("Project/Add project/Create Project"), "Create Project"): Actual text and expected text of test object 'Object Repository/Project/Add project/Create Project' are matched.

2023-02-10 12:21:29 - [MESSAGE][PASSED] - Actual text and expected text of test object 'Object Repository/Project/Add project/Create Project' are matched.

2023-02-10 12:21:29 - [TEST_STEP][PASSED] - scrollToElement(findTestObject("Project/Add project/Submit button"), 0): Scroll to object 'Object Repository/Project/Add project/Submit button' successfully

2023-02-10 12:21:30 - [MESSAGE][WARNING] - Timeout '0' is invalid. Using default page load timeout: '30'

2023-02-10 12:21:30 - [MESSAGE][PASSED] - Scroll to object 'Object Repository/Project/Add project/Submit button' successfully

2023-02-10 12:21:30 - [TEST_STEP][PASSED] - click(findTestObject("Project/Add project/Submit button")): Object: 'Object Repository/Project/Add project/Submit button' is clicked on

2023-02-10 12:21:31 - [MESSAGE][PASSED] - Object: 'Object Repository/Project/Add project/Submit button' is clicked on

2023-02-10 12:21:31 - [TEST_STEP][PASSED] - back(): Navigate back successfully

2023-02-10 12:21:31 - [MESSAGE][PASSED] - Navigate back successfully]]></system-out>
         <system-err><![CDATA[]]></system-err>
      </testcase>
      <testcase name="Test Cases/Project/TC54_View project" time="7.638" classname="Test Cases/Project/TC54_View project" status="PASSED">
         <system-out><![CDATA[2023-02-10 12:21:31 - [TEST_CASE][PASSED] - Test Cases/Project/TC54_View project: Test Cases/Project/TC54_View project

2023-02-10 12:21:32 - [TEST_STEP][PASSED] - setText(findTestObject("Project/View project/Search"), "MLBB"): Text 'MLBB' is set on object 'Object Repository/Project/View project/Search'

2023-02-10 12:21:33 - [MESSAGE][PASSED] - Text 'MLBB' is set on object 'Object Repository/Project/View project/Search'

2023-02-10 12:21:33 - [TEST_STEP][PASSED] - verifyElementText(findTestObject("Project/View project/Title"), "MLBB game information website"): Actual text and expected text of test object 'Object Repository/Project/View project/Title' are matched.

2023-02-10 12:21:34 - [MESSAGE][PASSED] - Actual text and expected text of test object 'Object Repository/Project/View project/Title' are matched.

2023-02-10 12:21:34 - [TEST_STEP][PASSED] - click(findTestObject("Project/View project/Detail button")): Object: 'Object Repository/Project/View project/Detail button' is clicked on

2023-02-10 12:21:36 - [MESSAGE][PASSED] - Object: 'Object Repository/Project/View project/Detail button' is clicked on

2023-02-10 12:21:36 - [TEST_STEP][PASSED] - verifyElementText(findTestObject("Project/View project/Detail MLBB game information website"), "Detail MLBB Game Information Website"): Actual text and expected text of test object 'Object Repository/Project/View project/Detail MLBB game information website' are matched.

2023-02-10 12:21:37 - [MESSAGE][PASSED] - Actual text and expected text of test object 'Object Repository/Project/View project/Detail MLBB game information website' are matched.

2023-02-10 12:21:37 - [TEST_STEP][PASSED] - scrollToElement(findTestObject("Project/View project/Link Video"), 0): Scroll to object 'Object Repository/Project/View project/Link Video' successfully

2023-02-10 12:21:37 - [MESSAGE][WARNING] - Timeout '0' is invalid. Using default page load timeout: '30'

2023-02-10 12:21:38 - [MESSAGE][PASSED] - Scroll to object 'Object Repository/Project/View project/Link Video' successfully

2023-02-10 12:21:38 - [TEST_STEP][PASSED] - back(): Navigate back successfully

2023-02-10 12:21:38 - [MESSAGE][PASSED] - Navigate back successfully

2023-02-10 12:21:38 - [TEST_STEP][PASSED] - refresh(): Refresh successfully

2023-02-10 12:21:38 - [MESSAGE][PASSED] - Refresh successfully]]></system-out>
         <system-err><![CDATA[]]></system-err>
      </testcase>
      <testcase name="Test Cases/Project/TC55_Edit project" time="14.321" classname="Test Cases/Project/TC55_Edit project" status="PASSED">
         <system-out><![CDATA[2023-02-10 12:21:38 - [TEST_CASE][PASSED] - Test Cases/Project/TC55_Edit project: Test Cases/Project/TC55_Edit project

2023-02-10 12:21:40 - [TEST_STEP][PASSED] - setText(findTestObject("Project/Edit project/Search"), "edit"): Text 'edit' is set on object 'Object Repository/Project/Edit project/Search'

2023-02-10 12:21:41 - [MESSAGE][PASSED] - Text 'edit' is set on object 'Object Repository/Project/Edit project/Search'

2023-02-10 12:21:41 - [TEST_STEP][PASSED] - click(findTestObject("Project/Edit project/Edit button")): Object: 'Object Repository/Project/Edit project/Edit button' is clicked on

2023-02-10 12:21:43 - [MESSAGE][PASSED] - Object: 'Object Repository/Project/Edit project/Edit button' is clicked on

2023-02-10 12:21:43 - [TEST_STEP][PASSED] - clearText(findTestObject("Project/Edit project/Title")): Text of object 'Object Repository/Project/Edit project/Title' is cleared

2023-02-10 12:21:44 - [MESSAGE][PASSED] - Text of object 'Object Repository/Project/Edit project/Title' is cleared

2023-02-10 12:21:44 - [TEST_STEP][PASSED] - setText(findTestObject("Project/Edit project/Title"), "edit project baru"): Text 'edit project baru' is set on object 'Object Repository/Project/Edit project/Title'

2023-02-10 12:21:45 - [MESSAGE][PASSED] - Text 'edit project baru' is set on object 'Object Repository/Project/Edit project/Title'

2023-02-10 12:21:45 - [TEST_STEP][PASSED] - scrollToElement(findTestObject("Project/Edit project/Link code"), 0): Scroll to object 'Object Repository/Project/Edit project/Link code' successfully

2023-02-10 12:21:45 - [MESSAGE][WARNING] - Timeout '0' is invalid. Using default page load timeout: '30'

2023-02-10 12:21:46 - [MESSAGE][PASSED] - Scroll to object 'Object Repository/Project/Edit project/Link code' successfully

2023-02-10 12:21:46 - [TEST_STEP][PASSED] - clearText(findTestObject("Project/Edit project/Link code")): Text of object 'Object Repository/Project/Edit project/Link code' is cleared

2023-02-10 12:21:46 - [MESSAGE][PASSED] - Text of object 'Object Repository/Project/Edit project/Link code' is cleared

2023-02-10 12:21:46 - [TEST_STEP][PASSED] - setText(findTestObject("Project/Edit project/Link code"), "inicode.com"): Text 'inicode.com' is set on object 'Object Repository/Project/Edit project/Link code'

2023-02-10 12:21:47 - [MESSAGE][PASSED] - Text 'inicode.com' is set on object 'Object Repository/Project/Edit project/Link code'

2023-02-10 12:21:47 - [TEST_STEP][PASSED] - clearText(findTestObject("Project/Edit project/Link demo")): Text of object 'Object Repository/Project/Edit project/Link demo' is cleared

2023-02-10 12:21:48 - [MESSAGE][PASSED] - Text of object 'Object Repository/Project/Edit project/Link demo' is cleared

2023-02-10 12:21:48 - [TEST_STEP][PASSED] - setText(findTestObject("Project/Edit project/Link demo"), "inidemo.com"): Text 'inidemo.com' is set on object 'Object Repository/Project/Edit project/Link demo'

2023-02-10 12:21:49 - [MESSAGE][PASSED] - Text 'inidemo.com' is set on object 'Object Repository/Project/Edit project/Link demo'

2023-02-10 12:21:49 - [TEST_STEP][PASSED] - clearText(findTestObject("Project/Edit project/Link video")): Text of object 'Object Repository/Project/Edit project/Link video' is cleared

2023-02-10 12:21:50 - [MESSAGE][PASSED] - Text of object 'Object Repository/Project/Edit project/Link video' is cleared

2023-02-10 12:21:50 - [TEST_STEP][PASSED] - setText(findTestObject("Project/Edit project/Link video"), "inividio.com"): Text 'inividio.com' is set on object 'Object Repository/Project/Edit project/Link video'

2023-02-10 12:21:51 - [MESSAGE][PASSED] - Text 'inividio.com' is set on object 'Object Repository/Project/Edit project/Link video'

2023-02-10 12:21:51 - [TEST_STEP][PASSED] - click(findTestObject("Project/Edit project/Submit button")): Object: 'Object Repository/Project/Edit project/Submit button' is clicked on

2023-02-10 12:21:53 - [MESSAGE][PASSED] - Object: 'Object Repository/Project/Edit project/Submit button' is clicked on]]></system-out>
         <system-err><![CDATA[]]></system-err>
      </testcase>
      <testcase name="Test Cases/Project/TC56_Edit project dengan mengosongkan form" time="9.716" classname="Test Cases/Project/TC56_Edit project dengan mengosongkan form" status="PASSED">
         <system-out><![CDATA[2023-02-10 12:21:53 - [TEST_CASE][PASSED] - Test Cases/Project/TC56_Edit project dengan mengosongkan form: Test Cases/Project/TC56_Edit project dengan mengosongkan form

2023-02-10 12:21:54 - [TEST_STEP][PASSED] - setText(findTestObject("Project/Edit project/Search"), "edit"): Text 'edit' is set on object 'Object Repository/Project/Edit project/Search'

2023-02-10 12:21:56 - [MESSAGE][PASSED] - Text 'edit' is set on object 'Object Repository/Project/Edit project/Search'

2023-02-10 12:21:56 - [TEST_STEP][PASSED] - click(findTestObject("Project/Edit project/Edit button")): Object: 'Object Repository/Project/Edit project/Edit button' is clicked on

2023-02-10 12:21:58 - [MESSAGE][PASSED] - Object: 'Object Repository/Project/Edit project/Edit button' is clicked on

2023-02-10 12:21:58 - [TEST_STEP][PASSED] - clearText(findTestObject("Project/Edit project/Title")): Text of object 'Object Repository/Project/Edit project/Title' is cleared

2023-02-10 12:21:59 - [MESSAGE][PASSED] - Text of object 'Object Repository/Project/Edit project/Title' is cleared

2023-02-10 12:21:59 - [TEST_STEP][PASSED] - scrollToElement(findTestObject("Project/Edit project/Link code"), 0): Scroll to object 'Object Repository/Project/Edit project/Link code' successfully

2023-02-10 12:21:59 - [MESSAGE][WARNING] - Timeout '0' is invalid. Using default page load timeout: '30'

2023-02-10 12:22:00 - [MESSAGE][PASSED] - Scroll to object 'Object Repository/Project/Edit project/Link code' successfully

2023-02-10 12:22:00 - [TEST_STEP][PASSED] - clearText(findTestObject("Project/Edit project/Link code")): Text of object 'Object Repository/Project/Edit project/Link code' is cleared

2023-02-10 12:22:00 - [MESSAGE][PASSED] - Text of object 'Object Repository/Project/Edit project/Link code' is cleared

2023-02-10 12:22:00 - [TEST_STEP][PASSED] - clearText(findTestObject("Project/Edit project/Link demo")): Text of object 'Object Repository/Project/Edit project/Link demo' is cleared

2023-02-10 12:22:01 - [MESSAGE][PASSED] - Text of object 'Object Repository/Project/Edit project/Link demo' is cleared

2023-02-10 12:22:01 - [TEST_STEP][PASSED] - clearText(findTestObject("Project/Edit project/Link video")): Text of object 'Object Repository/Project/Edit project/Link video' is cleared

2023-02-10 12:22:02 - [MESSAGE][PASSED] - Text of object 'Object Repository/Project/Edit project/Link video' is cleared

2023-02-10 12:22:02 - [TEST_STEP][PASSED] - click(findTestObject("Project/Edit project/Submit button")): Object: 'Object Repository/Project/Edit project/Submit button' is clicked on

2023-02-10 12:22:02 - [MESSAGE][PASSED] - Object: 'Object Repository/Project/Edit project/Submit button' is clicked on

2023-02-10 12:22:02 - [TEST_STEP][PASSED] - back(): Navigate back successfully

2023-02-10 12:22:03 - [MESSAGE][PASSED] - Navigate back successfully]]></system-out>
         <system-err><![CDATA[]]></system-err>
      </testcase>
      <testcase name="Test Cases/Project/TC57_Delete project" time="7.521" classname="Test Cases/Project/TC57_Delete project" status="PASSED">
         <system-out><![CDATA[2023-02-10 12:22:03 - [TEST_CASE][PASSED] - Test Cases/Project/TC57_Delete project: Test Cases/Project/TC57_Delete project

2023-02-10 12:22:04 - [TEST_STEP][PASSED] - refresh(): Refresh successfully

2023-02-10 12:22:05 - [MESSAGE][PASSED] - Refresh successfully

2023-02-10 12:22:05 - [TEST_STEP][PASSED] - setText(findTestObject("Project/Delete project/Search"), "delete"): Text 'delete' is set on object 'Object Repository/Project/Delete project/Search'

2023-02-10 12:22:06 - [MESSAGE][PASSED] - Text 'delete' is set on object 'Object Repository/Project/Delete project/Search'

2023-02-10 12:22:06 - [TEST_STEP][PASSED] - click(findTestObject("z test/Delete3/Delete button project")): Object: 'Object Repository/z test/Delete3/Delete button project' is clicked on

2023-02-10 12:22:07 - [MESSAGE][PASSED] - Object: 'Object Repository/z test/Delete3/Delete button project' is clicked on

2023-02-10 12:22:07 - [TEST_STEP][PASSED] - click(findTestObject("Project/Delete project/Yes button")): Object: 'Object Repository/Project/Delete project/Yes button' is clicked on

2023-02-10 12:22:09 - [MESSAGE][PASSED] - Object: 'Object Repository/Project/Delete project/Yes button' is clicked on

2023-02-10 12:22:09 - [TEST_STEP][PASSED] - refresh(): Refresh successfully

2023-02-10 12:22:10 - [MESSAGE][PASSED] - Refresh successfully]]></system-out>
         <system-err><![CDATA[]]></system-err>
      </testcase>
      <testcase name="Test Cases/Project/TC58_Export project" time="5.972" classname="Test Cases/Project/TC58_Export project" status="PASSED">
         <system-out><![CDATA[2023-02-10 12:22:10 - [TEST_CASE][PASSED] - Test Cases/Project/TC58_Export project: Test Cases/Project/TC58_Export project

2023-02-10 12:22:12 - [TEST_STEP][PASSED] - click(findTestObject("Project/Export project/Export button")): Object: 'Object Repository/Project/Export project/Export button' is clicked on

2023-02-10 12:22:12 - [MESSAGE][PASSED] - Object: 'Object Repository/Project/Export project/Export button' is clicked on

2023-02-10 12:22:12 - [TEST_STEP][PASSED] - click(findTestObject("Project/Export project/Status")): Object: 'Object Repository/Project/Export project/Status' is clicked on

2023-02-10 12:22:13 - [MESSAGE][PASSED] - Object: 'Object Repository/Project/Export project/Status' is clicked on

2023-02-10 12:22:13 - [TEST_STEP][PASSED] - sendKeys(findTestObject("Project/Export project/Status"), "n"): Keys 'n' sent to object: 'Object Repository/Project/Export project/Status'

2023-02-10 12:22:14 - [MESSAGE][PASSED] - Keys 'n' sent to object: 'Object Repository/Project/Export project/Status'

2023-02-10 12:22:14 - [TEST_STEP][PASSED] - sendKeys(findTestObject("Project/Export project/Status"), Keys.chord(ENTER)): Keys 'ENTER + ' sent to object: 'Object Repository/Project/Export project/Status'

2023-02-10 12:22:14 - [MESSAGE][PASSED] - Keys 'ENTER + ' sent to object: 'Object Repository/Project/Export project/Status'

2023-02-10 12:22:14 - [TEST_STEP][PASSED] - click(findTestObject("Project/Export project/Export button1")): Object: 'Object Repository/Project/Export project/Export button1' is clicked on

2023-02-10 12:22:15 - [MESSAGE][PASSED] - Object: 'Object Repository/Project/Export project/Export button1' is clicked on

2023-02-10 12:22:15 - [TEST_STEP][PASSED] - refresh(): Refresh successfully

2023-02-10 12:22:16 - [MESSAGE][PASSED] - Refresh successfully]]></system-out>
         <system-err><![CDATA[]]></system-err>
      </testcase>
      <testcase name="Test Cases/Speaker/TC59_Add speaker" time="11.423" classname="Test Cases/Speaker/TC59_Add speaker" status="PASSED">
         <system-out><![CDATA[2023-02-10 12:22:16 - [TEST_CASE][PASSED] - Test Cases/Speaker/TC59_Add speaker: Test Cases/Speaker/TC59_Add speaker

2023-02-10 12:22:18 - [TEST_STEP][PASSED] - click(findTestObject("Speaker/Add speaker/Speaker")): Object: 'Object Repository/Speaker/Add speaker/Speaker' is clicked on

2023-02-10 12:22:19 - [MESSAGE][PASSED] - Object: 'Object Repository/Speaker/Add speaker/Speaker' is clicked on

2023-02-10 12:22:19 - [TEST_STEP][PASSED] - click(findTestObject("Speaker/Add speaker/Add Data")): Object: 'Object Repository/Speaker/Add speaker/Add Data' is clicked on

2023-02-10 12:22:21 - [MESSAGE][PASSED] - Object: 'Object Repository/Speaker/Add speaker/Add Data' is clicked on

2023-02-10 12:22:21 - [TEST_STEP][PASSED] - verifyElementText(findTestObject("Speaker/Add speaker/Create Speaker"), "Create Speaker"): Actual text and expected text of test object 'Object Repository/Speaker/Add speaker/Create Speaker' are matched.

2023-02-10 12:22:21 - [MESSAGE][PASSED] - Actual text and expected text of test object 'Object Repository/Speaker/Add speaker/Create Speaker' are matched.

2023-02-10 12:22:21 - [TEST_STEP][PASSED] - setText(findTestObject("Speaker/Add speaker/Speaker name"), "Test speaker"): Text 'Test speaker' is set on object 'Object Repository/Speaker/Add speaker/Speaker name'

2023-02-10 12:22:22 - [MESSAGE][PASSED] - Text 'Test speaker' is set on object 'Object Repository/Speaker/Add speaker/Speaker name'

2023-02-10 12:22:22 - [TEST_STEP][PASSED] - uploadFile(findTestObject("Speaker/Add speaker/Speaker photo"), "C:\FILE\TA\logo.png"): File 'C:\FILE\TA\logo.png' sent to object: 'Object Repository/Speaker/Add speaker/Speaker photo'

2023-02-10 12:22:23 - [MESSAGE][PASSED] - File 'C:\FILE\TA\logo.png' sent to object: 'Object Repository/Speaker/Add speaker/Speaker photo'

2023-02-10 12:22:23 - [TEST_STEP][PASSED] - setText(findTestObject("Speaker/Add speaker/Speaker position"), "Test position"): Text 'Test position' is set on object 'Object Repository/Speaker/Add speaker/Speaker position'

2023-02-10 12:22:24 - [MESSAGE][PASSED] - Text 'Test position' is set on object 'Object Repository/Speaker/Add speaker/Speaker position'

2023-02-10 12:22:24 - [TEST_STEP][PASSED] - setText(findTestObject("Speaker/Add speaker/Desc"), "ini deskripsi"): Text 'ini deskripsi' is set on object 'Object Repository/Speaker/Add speaker/Desc'

2023-02-10 12:22:25 - [MESSAGE][PASSED] - Text 'ini deskripsi' is set on object 'Object Repository/Speaker/Add speaker/Desc'

2023-02-10 12:22:25 - [TEST_STEP][PASSED] - click(findTestObject("Speaker/Add speaker/Submit button")): Object: 'Object Repository/Speaker/Add speaker/Submit button' is clicked on

2023-02-10 12:22:27 - [MESSAGE][PASSED] - Object: 'Object Repository/Speaker/Add speaker/Submit button' is clicked on]]></system-out>
         <system-err><![CDATA[]]></system-err>
      </testcase>
      <testcase name="Test Cases/Speaker/TC60_Add speaker tanpa mengisi form" time="6.671" classname="Test Cases/Speaker/TC60_Add speaker tanpa mengisi form" status="PASSED">
         <system-out><![CDATA[2023-02-10 12:22:27 - [TEST_CASE][PASSED] - Test Cases/Speaker/TC60_Add speaker tanpa mengisi form: Test Cases/Speaker/TC60_Add speaker tanpa mengisi form

2023-02-10 12:22:29 - [TEST_STEP][PASSED] - click(findTestObject("Speaker/Add speaker/Add Data")): Object: 'Object Repository/Speaker/Add speaker/Add Data' is clicked on

2023-02-10 12:22:33 - [MESSAGE][PASSED] - Object: 'Object Repository/Speaker/Add speaker/Add Data' is clicked on

2023-02-10 12:22:33 - [TEST_STEP][PASSED] - verifyElementText(findTestObject("Speaker/Add speaker/Create Speaker"), "Create Speaker"): Actual text and expected text of test object 'Object Repository/Speaker/Add speaker/Create Speaker' are matched.

2023-02-10 12:22:33 - [MESSAGE][PASSED] - Actual text and expected text of test object 'Object Repository/Speaker/Add speaker/Create Speaker' are matched.

2023-02-10 12:22:33 - [TEST_STEP][PASSED] - click(findTestObject("Speaker/Add speaker/Submit button")): Object: 'Object Repository/Speaker/Add speaker/Submit button' is clicked on

2023-02-10 12:22:34 - [MESSAGE][PASSED] - Object: 'Object Repository/Speaker/Add speaker/Submit button' is clicked on

2023-02-10 12:22:34 - [TEST_STEP][PASSED] - back(): Navigate back successfully

2023-02-10 12:22:34 - [MESSAGE][PASSED] - Navigate back successfully]]></system-out>
         <system-err><![CDATA[]]></system-err>
      </testcase>
      <testcase name="Test Cases/Speaker/TC61_View speaker" time="4.168" classname="Test Cases/Speaker/TC61_View speaker" status="PASSED">
         <system-out><![CDATA[2023-02-10 12:22:34 - [TEST_CASE][PASSED] - Test Cases/Speaker/TC61_View speaker: Test Cases/Speaker/TC61_View speaker

2023-02-10 12:22:36 - [TEST_STEP][PASSED] - setText(findTestObject("Speaker/View speaker/Search"), "adnan"): Text 'adnan' is set on object 'Object Repository/Speaker/View speaker/Search'

2023-02-10 12:22:37 - [MESSAGE][PASSED] - Text 'adnan' is set on object 'Object Repository/Speaker/View speaker/Search'

2023-02-10 12:22:37 - [TEST_STEP][PASSED] - verifyElementText(findTestObject("Speaker/View speaker/Name"), "Adnan Zulkarnain, S.Kom., M.M.S.I"): Actual text and expected text of test object 'Object Repository/Speaker/View speaker/Name' are matched.

2023-02-10 12:22:38 - [MESSAGE][PASSED] - Actual text and expected text of test object 'Object Repository/Speaker/View speaker/Name' are matched.

2023-02-10 12:22:38 - [TEST_STEP][PASSED] - refresh(): Refresh successfully

2023-02-10 12:22:38 - [MESSAGE][PASSED] - Refresh successfully]]></system-out>
         <system-err><![CDATA[]]></system-err>
      </testcase>
      <testcase name="Test Cases/Speaker/TC62_Edit speaker" time="11.971" classname="Test Cases/Speaker/TC62_Edit speaker" status="PASSED">
         <system-out><![CDATA[2023-02-10 12:22:38 - [TEST_CASE][PASSED] - Test Cases/Speaker/TC62_Edit speaker: Test Cases/Speaker/TC62_Edit speaker

2023-02-10 12:22:40 - [TEST_STEP][PASSED] - setText(findTestObject("Speaker/Edit speaker/Search"), "edit"): Text 'edit' is set on object 'Object Repository/Speaker/Edit speaker/Search'

2023-02-10 12:22:41 - [MESSAGE][PASSED] - Text 'edit' is set on object 'Object Repository/Speaker/Edit speaker/Search'

2023-02-10 12:22:41 - [TEST_STEP][PASSED] - click(findTestObject("Speaker/Edit speaker/Edit button")): Object: 'Object Repository/Speaker/Edit speaker/Edit button' is clicked on

2023-02-10 12:22:43 - [MESSAGE][PASSED] - Object: 'Object Repository/Speaker/Edit speaker/Edit button' is clicked on

2023-02-10 12:22:43 - [TEST_STEP][PASSED] - clearText(findTestObject("Speaker/Edit speaker/Speaker name")): Text of object 'Object Repository/Speaker/Edit speaker/Speaker name' is cleared

2023-02-10 12:22:43 - [MESSAGE][PASSED] - Text of object 'Object Repository/Speaker/Edit speaker/Speaker name' is cleared

2023-02-10 12:22:43 - [TEST_STEP][PASSED] - setText(findTestObject("Speaker/Edit speaker/Speaker name"), "edit speaker baru"): Text 'edit speaker baru' is set on object 'Object Repository/Speaker/Edit speaker/Speaker name'

2023-02-10 12:22:44 - [MESSAGE][PASSED] - Text 'edit speaker baru' is set on object 'Object Repository/Speaker/Edit speaker/Speaker name'

2023-02-10 12:22:44 - [TEST_STEP][PASSED] - clearText(findTestObject("Speaker/Edit speaker/Speaker position")): Text of object 'Object Repository/Speaker/Edit speaker/Speaker position' is cleared

2023-02-10 12:22:45 - [MESSAGE][PASSED] - Text of object 'Object Repository/Speaker/Edit speaker/Speaker position' is cleared

2023-02-10 12:22:45 - [TEST_STEP][PASSED] - setText(findTestObject("Speaker/Edit speaker/Speaker position"), "alumni"): Text 'alumni' is set on object 'Object Repository/Speaker/Edit speaker/Speaker position'

2023-02-10 12:22:46 - [MESSAGE][PASSED] - Text 'alumni' is set on object 'Object Repository/Speaker/Edit speaker/Speaker position'

2023-02-10 12:22:46 - [TEST_STEP][PASSED] - clearText(findTestObject("Speaker/Add speaker/Desc")): Text of object 'Object Repository/Speaker/Add speaker/Desc' is cleared

2023-02-10 12:22:47 - [MESSAGE][PASSED] - Text of object 'Object Repository/Speaker/Add speaker/Desc' is cleared

2023-02-10 12:22:47 - [TEST_STEP][PASSED] - setText(findTestObject("Speaker/Add speaker/Desc"), "ini adalah deskripsi "): Text 'ini adalah deskripsi ' is set on object 'Object Repository/Speaker/Add speaker/Desc'

2023-02-10 12:22:48 - [MESSAGE][PASSED] - Text 'ini adalah deskripsi ' is set on object 'Object Repository/Speaker/Add speaker/Desc'

2023-02-10 12:22:48 - [TEST_STEP][PASSED] - click(findTestObject("Speaker/Edit speaker/Submit button")): Object: 'Object Repository/Speaker/Edit speaker/Submit button' is clicked on

2023-02-10 12:22:50 - [MESSAGE][PASSED] - Object: 'Object Repository/Speaker/Edit speaker/Submit button' is clicked on]]></system-out>
         <system-err><![CDATA[]]></system-err>
      </testcase>
      <testcase name="Test Cases/Speaker/TC63_Edit speaker dengan mengosongkan form" time="7.798" classname="Test Cases/Speaker/TC63_Edit speaker dengan mengosongkan form" status="PASSED">
         <system-out><![CDATA[2023-02-10 12:22:50 - [TEST_CASE][PASSED] - Test Cases/Speaker/TC63_Edit speaker dengan mengosongkan form: Test Cases/Speaker/TC63_Edit speaker dengan mengosongkan form

2023-02-10 12:22:52 - [TEST_STEP][PASSED] - setText(findTestObject("Speaker/Edit speaker/Search"), "edit"): Text 'edit' is set on object 'Object Repository/Speaker/Edit speaker/Search'

2023-02-10 12:22:53 - [MESSAGE][PASSED] - Text 'edit' is set on object 'Object Repository/Speaker/Edit speaker/Search'

2023-02-10 12:22:53 - [TEST_STEP][PASSED] - click(findTestObject("Speaker/Edit speaker/Edit button")): Object: 'Object Repository/Speaker/Edit speaker/Edit button' is clicked on

2023-02-10 12:22:55 - [MESSAGE][PASSED] - Object: 'Object Repository/Speaker/Edit speaker/Edit button' is clicked on

2023-02-10 12:22:55 - [TEST_STEP][PASSED] - clearText(findTestObject("Speaker/Edit speaker/Speaker name")): Text of object 'Object Repository/Speaker/Edit speaker/Speaker name' is cleared

2023-02-10 12:22:56 - [MESSAGE][PASSED] - Text of object 'Object Repository/Speaker/Edit speaker/Speaker name' is cleared

2023-02-10 12:22:56 - [TEST_STEP][PASSED] - clearText(findTestObject("Speaker/Edit speaker/Speaker position")): Text of object 'Object Repository/Speaker/Edit speaker/Speaker position' is cleared

2023-02-10 12:22:56 - [MESSAGE][PASSED] - Text of object 'Object Repository/Speaker/Edit speaker/Speaker position' is cleared

2023-02-10 12:22:56 - [TEST_STEP][PASSED] - clearText(findTestObject("Speaker/Add speaker/Desc")): Text of object 'Object Repository/Speaker/Add speaker/Desc' is cleared

2023-02-10 12:22:57 - [MESSAGE][PASSED] - Text of object 'Object Repository/Speaker/Add speaker/Desc' is cleared

2023-02-10 12:22:57 - [TEST_STEP][PASSED] - click(findTestObject("Speaker/Edit speaker/Submit button")): Object: 'Object Repository/Speaker/Edit speaker/Submit button' is clicked on

2023-02-10 12:22:58 - [MESSAGE][PASSED] - Object: 'Object Repository/Speaker/Edit speaker/Submit button' is clicked on

2023-02-10 12:22:58 - [TEST_STEP][PASSED] - back(): Navigate back successfully

2023-02-10 12:22:58 - [MESSAGE][PASSED] - Navigate back successfully]]></system-out>
         <system-err><![CDATA[]]></system-err>
      </testcase>
      <testcase name="Test Cases/Speaker/TC64_Delete speaker" time="7.0" classname="Test Cases/Speaker/TC64_Delete speaker" status="PASSED">
         <system-out><![CDATA[2023-02-10 12:22:58 - [TEST_CASE][PASSED] - Test Cases/Speaker/TC64_Delete speaker: Test Cases/Speaker/TC64_Delete speaker

2023-02-10 12:23:00 - [TEST_STEP][PASSED] - click(findTestObject("Speaker/Delete speaker/Speaker")): Object: 'Object Repository/Speaker/Delete speaker/Speaker' is clicked on

2023-02-10 12:23:01 - [MESSAGE][PASSED] - Object: 'Object Repository/Speaker/Delete speaker/Speaker' is clicked on

2023-02-10 12:23:01 - [TEST_STEP][PASSED] - setText(findTestObject("Speaker/Delete speaker/Search"), "delete"): Text 'delete' is set on object 'Object Repository/Speaker/Delete speaker/Search'

2023-02-10 12:23:02 - [MESSAGE][PASSED] - Text 'delete' is set on object 'Object Repository/Speaker/Delete speaker/Search'

2023-02-10 12:23:02 - [TEST_STEP][PASSED] - click(findTestObject("z test/Delete1/Delete button speaker")): Object: 'Object Repository/z test/Delete1/Delete button speaker' is clicked on

2023-02-10 12:23:03 - [MESSAGE][PASSED] - Object: 'Object Repository/z test/Delete1/Delete button speaker' is clicked on

2023-02-10 12:23:03 - [TEST_STEP][PASSED] - click(findTestObject("Speaker/Delete speaker/Yes button")): Object: 'Object Repository/Speaker/Delete speaker/Yes button' is clicked on

2023-02-10 12:23:05 - [MESSAGE][PASSED] - Object: 'Object Repository/Speaker/Delete speaker/Yes button' is clicked on]]></system-out>
         <system-err><![CDATA[]]></system-err>
      </testcase>
      <testcase name="Test Cases/Agenda/TC65_View event di agenda" time="6.547" classname="Test Cases/Agenda/TC65_View event di agenda" status="FAILED">
         <failure type="FAILED" message="Test Cases/Agenda/TC65_View event di agenda FAILED.
Reason:
com.kms.katalon.core.exception.StepFailedException: Verify element text of test object 'Object Repository/Agenda/View event/Event' FAILED.
	at com.kms.katalon.core.webui.keyword.internal.WebUIKeywordMain.stepFailed(WebUIKeywordMain.groovy:64)
	at com.kms.katalon.core.webui.keyword.internal.WebUIKeywordMain.runKeyword(WebUIKeywordMain.groovy:26)
	at com.kms.katalon.core.webui.keyword.builtin.VerifyElementTextKeyword.verifyElementText(VerifyElementTextKeyword.groovy:72)
	at com.kms.katalon.core.webui.keyword.builtin.VerifyElementTextKeyword.execute(VerifyElementTextKeyword.groovy:40)
	at com.kms.katalon.core.keyword.internal.KeywordExecutor.executeKeywordForPlatform(KeywordExecutor.groovy:74)
	at com.kms.katalon.core.webui.keyword.WebUiBuiltInKeywords.verifyElementText(WebUiBuiltInKeywords.groovy:4749)
	at com.kms.katalon.core.webui.keyword.WebUiBuiltInKeywords$verifyElementText$4.call(Unknown Source)
	at TC65_View event di agenda.run(TC65_View event di agenda:24)
	at com.kms.katalon.core.main.ScriptEngine.run(ScriptEngine.java:194)
	at com.kms.katalon.core.main.ScriptEngine.runScriptAsRawText(ScriptEngine.java:119)
	at com.kms.katalon.core.main.TestCaseExecutor.runScript(TestCaseExecutor.java:448)
	at com.kms.katalon.core.main.TestCaseExecutor.doExecute(TestCaseExecutor.java:439)
	at com.kms.katalon.core.main.TestCaseExecutor.processExecutionPhase(TestCaseExecutor.java:418)
	at com.kms.katalon.core.main.TestCaseExecutor.accessMainPhase(TestCaseExecutor.java:410)
	at com.kms.katalon.core.main.TestCaseExecutor.execute(TestCaseExecutor.java:285)
	at com.kms.katalon.core.common.CommonExecutor.accessTestCaseMainPhase(CommonExecutor.java:65)
	at com.kms.katalon.core.main.TestSuiteExecutor.accessTestSuiteMainPhase(TestSuiteExecutor.java:151)
	at com.kms.katalon.core.main.TestSuiteExecutor.execute(TestSuiteExecutor.java:106)
	at com.kms.katalon.core.main.TestCaseMain.startTestSuite(TestCaseMain.java:185)
	at com.kms.katalon.core.main.TestCaseMain$startTestSuite$0.call(Unknown Source)
	at TempTestSuite1676005934100.run(TempTestSuite1676005934100.groovy:36)
Caused by: com.kms.katalon.core.exception.StepFailedException: Actual text 'TECHNOFEST 5.0' and expected text 'TECHNOFEST 1.0' of test object 'Object Repository/Agenda/View event/Event' are NOT matched.
	at com.kms.katalon.core.webui.keyword.internal.WebUIKeywordMain.stepFailed(WebUIKeywordMain.groovy:64)
	at com.kms.katalon.core.webui.keyword.builtin.VerifyElementTextKeyword$_verifyElementText_closure1.doCall(VerifyElementTextKeyword.groovy:57)
	at com.kms.katalon.core.webui.keyword.builtin.VerifyElementTextKeyword$_verifyElementText_closure1.call(VerifyElementTextKeyword.groovy)
	at com.kms.katalon.core.webui.keyword.internal.WebUIKeywordMain.runKeyword(WebUIKeywordMain.groovy:20)
	... 19 more
"/>
         <system-out><![CDATA[2023-02-10 12:23:05 - [TEST_CASE][FAILED] - Test Cases/Agenda/TC65_View event di agenda: Test Cases/Agenda/TC65_View event di agenda FAILED.
Reason:
com.kms.katalon.core.exception.StepFailedException: Verify element text of test object 'Object Repository/Agenda/View event/Event' FAILED.
	at com.kms.katalon.core.webui.keyword.internal.WebUIKeywordMain.stepFailed(WebUIKeywordMain.groovy:64)
	at com.kms.katalon.core.webui.keyword.internal.WebUIKeywordMain.runKeyword(WebUIKeywordMain.groovy:26)
	at com.kms.katalon.core.webui.keyword.builtin.VerifyElementTextKeyword.verifyElementText(VerifyElementTextKeyword.groovy:72)
	at com.kms.katalon.core.webui.keyword.builtin.VerifyElementTextKeyword.execute(VerifyElementTextKeyword.groovy:40)
	at com.kms.katalon.core.keyword.internal.KeywordExecutor.executeKeywordForPlatform(KeywordExecutor.groovy:74)
	at com.kms.katalon.core.webui.keyword.WebUiBuiltInKeywords.verifyElementText(WebUiBuiltInKeywords.groovy:4749)
	at com.kms.katalon.core.webui.keyword.WebUiBuiltInKeywords$verifyElementText$4.call(Unknown Source)
	at TC65_View event di agenda.run(TC65_View event di agenda:24)
	at com.kms.katalon.core.main.ScriptEngine.run(ScriptEngine.java:194)
	at com.kms.katalon.core.main.ScriptEngine.runScriptAsRawText(ScriptEngine.java:119)
	at com.kms.katalon.core.main.TestCaseExecutor.runScript(TestCaseExecutor.java:448)
	at com.kms.katalon.core.main.TestCaseExecutor.doExecute(TestCaseExecutor.java:439)
	at com.kms.katalon.core.main.TestCaseExecutor.processExecutionPhase(TestCaseExecutor.java:418)
	at com.kms.katalon.core.main.TestCaseExecutor.accessMainPhase(TestCaseExecutor.java:410)
	at com.kms.katalon.core.main.TestCaseExecutor.execute(TestCaseExecutor.java:285)
	at com.kms.katalon.core.common.CommonExecutor.accessTestCaseMainPhase(CommonExecutor.java:65)
	at com.kms.katalon.core.main.TestSuiteExecutor.accessTestSuiteMainPhase(TestSuiteExecutor.java:151)
	at com.kms.katalon.core.main.TestSuiteExecutor.execute(TestSuiteExecutor.java:106)
	at com.kms.katalon.core.main.TestCaseMain.startTestSuite(TestCaseMain.java:185)
	at com.kms.katalon.core.main.TestCaseMain$startTestSuite$0.call(Unknown Source)
	at TempTestSuite1676005934100.run(TempTestSuite1676005934100.groovy:36)
Caused by: com.kms.katalon.core.exception.StepFailedException: Actual text 'TECHNOFEST 5.0' and expected text 'TECHNOFEST 1.0' of test object 'Object Repository/Agenda/View event/Event' are NOT matched.
	at com.kms.katalon.core.webui.keyword.internal.WebUIKeywordMain.stepFailed(WebUIKeywordMain.groovy:64)
	at com.kms.katalon.core.webui.keyword.builtin.VerifyElementTextKeyword$_verifyElementText_closure1.doCall(VerifyElementTextKeyword.groovy:57)
	at com.kms.katalon.core.webui.keyword.builtin.VerifyElementTextKeyword$_verifyElementText_closure1.call(VerifyElementTextKeyword.groovy)
	at com.kms.katalon.core.webui.keyword.internal.WebUIKeywordMain.runKeyword(WebUIKeywordMain.groovy:20)
	... 19 more


2023-02-10 12:23:07 - [TEST_STEP][PASSED] - click(findTestObject("Agenda/View event/Agenda")): Object: 'Object Repository/Agenda/View event/Agenda' is clicked on

2023-02-10 12:23:10 - [MESSAGE][PASSED] - Object: 'Object Repository/Agenda/View event/Agenda' is clicked on

2023-02-10 12:23:10 - [TEST_STEP][PASSED] - setText(findTestObject("Agenda/View event/Search"), "TECHNOFEST 1.0"): Text 'TECHNOFEST 1.0' is set on object 'Object Repository/Agenda/View event/Search'

2023-02-10 12:23:11 - [MESSAGE][PASSED] - Text 'TECHNOFEST 1.0' is set on object 'Object Repository/Agenda/View event/Search'

2023-02-10 12:23:11 - [TEST_STEP][FAILED] - verifyElementText(findTestObject("Agenda/View event/Event"), "TECHNOFEST 1.0"): Verify element text of test object 'Object Repository/Agenda/View event/Event' FAILED. (Root cause: com.kms.katalon.core.exception.StepFailedException: Verify element text of test object 'Object Repository/Agenda/View event/Event' FAILED.
	at com.kms.katalon.core.webui.keyword.internal.WebUIKeywordMain.stepFailed(WebUIKeywordMain.groovy:64)
	at com.kms.katalon.core.webui.keyword.internal.WebUIKeywordMain.runKeyword(WebUIKeywordMain.groovy:26)
	at com.kms.katalon.core.webui.keyword.builtin.VerifyElementTextKeyword.verifyElementText(VerifyElementTextKeyword.groovy:72)
	at com.kms.katalon.core.webui.keyword.builtin.VerifyElementTextKeyword.execute(VerifyElementTextKeyword.groovy:40)
	at com.kms.katalon.core.keyword.internal.KeywordExecutor.executeKeywordForPlatform(KeywordExecutor.groovy:74)
	at com.kms.katalon.core.webui.keyword.WebUiBuiltInKeywords.verifyElementText(WebUiBuiltInKeywords.groovy:4749)
	at com.kms.katalon.core.webui.keyword.WebUiBuiltInKeywords$verifyElementText$4.call(Unknown Source)
	at TC65_View event di agenda.run(TC65_View event di agenda:24)
	at com.kms.katalon.core.main.ScriptEngine.run(ScriptEngine.java:194)
	at com.kms.katalon.core.main.ScriptEngine.runScriptAsRawText(ScriptEngine.java:119)
	at com.kms.katalon.core.main.TestCaseExecutor.runScript(TestCaseExecutor.java:448)
	at com.kms.katalon.core.main.TestCaseExecutor.doExecute(TestCaseExecutor.java:439)
	at com.kms.katalon.core.main.TestCaseExecutor.processExecutionPhase(TestCaseExecutor.java:418)
	at com.kms.katalon.core.main.TestCaseExecutor.accessMainPhase(TestCaseExecutor.java:410)
	at com.kms.katalon.core.main.TestCaseExecutor.execute(TestCaseExecutor.java:285)
	at com.kms.katalon.core.common.CommonExecutor.accessTestCaseMainPhase(CommonExecutor.java:65)
	at com.kms.katalon.core.main.TestSuiteExecutor.accessTestSuiteMainPhase(TestSuiteExecutor.java:151)
	at com.kms.katalon.core.main.TestSuiteExecutor.execute(TestSuiteExecutor.java:106)
	at com.kms.katalon.core.main.TestCaseMain.startTestSuite(TestCaseMain.java:185)
	at com.kms.katalon.core.main.TestCaseMain$startTestSuite$0.call(Unknown Source)
	at TempTestSuite1676005934100.run(TempTestSuite1676005934100.groovy:36)
Caused by: com.kms.katalon.core.exception.StepFailedException: Actual text 'TECHNOFEST 5.0' and expected text 'TECHNOFEST 1.0' of test object 'Object Repository/Agenda/View event/Event' are NOT matched.
	at com.kms.katalon.core.webui.keyword.internal.WebUIKeywordMain.stepFailed(WebUIKeywordMain.groovy:64)
	at com.kms.katalon.core.webui.keyword.builtin.VerifyElementTextKeyword$_verifyElementText_closure1.doCall(VerifyElementTextKeyword.groovy:57)
	at com.kms.katalon.core.webui.keyword.builtin.VerifyElementTextKeyword$_verifyElementText_closure1.call(VerifyElementTextKeyword.groovy)
	at com.kms.katalon.core.webui.keyword.internal.WebUIKeywordMain.runKeyword(WebUIKeywordMain.groovy:20)
	... 19 more
)

2023-02-10 12:23:12 - [MESSAGE][FAILED] - Actual text 'TECHNOFEST 5.0' and expected text 'TECHNOFEST 1.0' of test object 'Object Repository/Agenda/View event/Event' are NOT matched. (Root cause: com.kms.katalon.core.exception.StepFailedException: Actual text 'TECHNOFEST 5.0' and expected text 'TECHNOFEST 1.0' of test object 'Object Repository/Agenda/View event/Event' are NOT matched.
	at com.kms.katalon.core.webui.keyword.internal.WebUIKeywordMain.stepFailed(WebUIKeywordMain.groovy:64)
	at com.kms.katalon.core.webui.keyword.builtin.VerifyElementTextKeyword$_verifyElementText_closure1.doCall(VerifyElementTextKeyword.groovy:57)
	at com.kms.katalon.core.webui.keyword.builtin.VerifyElementTextKeyword$_verifyElementText_closure1.call(VerifyElementTextKeyword.groovy)
	at com.kms.katalon.core.webui.keyword.internal.WebUIKeywordMain.runKeyword(WebUIKeywordMain.groovy:20)
	at com.kms.katalon.core.webui.keyword.builtin.VerifyElementTextKeyword.verifyElementText(VerifyElementTextKeyword.groovy:72)
	at com.kms.katalon.core.webui.keyword.builtin.VerifyElementTextKeyword.execute(VerifyElementTextKeyword.groovy:40)
	at com.kms.katalon.core.keyword.internal.KeywordExecutor.executeKeywordForPlatform(KeywordExecutor.groovy:74)
	at com.kms.katalon.core.webui.keyword.WebUiBuiltInKeywords.verifyElementText(WebUiBuiltInKeywords.groovy:4749)
	at com.kms.katalon.core.webui.keyword.WebUiBuiltInKeywords$verifyElementText$4.call(Unknown Source)
	at TC65_View event di agenda.run(TC65_View event di agenda:24)
	at com.kms.katalon.core.main.ScriptEngine.run(ScriptEngine.java:194)
	at com.kms.katalon.core.main.ScriptEngine.runScriptAsRawText(ScriptEngine.java:119)
	at com.kms.katalon.core.main.TestCaseExecutor.runScript(TestCaseExecutor.java:448)
	at com.kms.katalon.core.main.TestCaseExecutor.doExecute(TestCaseExecutor.java:439)
	at com.kms.katalon.core.main.TestCaseExecutor.processExecutionPhase(TestCaseExecutor.java:418)
	at com.kms.katalon.core.main.TestCaseExecutor.accessMainPhase(TestCaseExecutor.java:410)
	at com.kms.katalon.core.main.TestCaseExecutor.execute(TestCaseExecutor.java:285)
	at com.kms.katalon.core.common.CommonExecutor.accessTestCaseMainPhase(CommonExecutor.java:65)
	at com.kms.katalon.core.main.TestSuiteExecutor.accessTestSuiteMainPhase(TestSuiteExecutor.java:151)
	at com.kms.katalon.core.main.TestSuiteExecutor.execute(TestSuiteExecutor.java:106)
	at com.kms.katalon.core.main.TestCaseMain.startTestSuite(TestCaseMain.java:185)
	at com.kms.katalon.core.main.TestCaseMain$startTestSuite$0.call(Unknown Source)
	at TempTestSuite1676005934100.run(TempTestSuite1676005934100.groovy:36)
)
[[ATTACHMENT|C:\\Users\\GA502GU\\Katalon Studio\\TechnofestAdmin5\\Reports\\20230210_121214\\TS01_TechnofestAdmin\\20230210_121214\\1676006591786.png]]

2023-02-10 12:23:12 - [MESSAGE][WARNING] - Cannot take screenshot

2023-02-10 12:23:12 - [MESSAGE][FAILED] - Verify element text of test object 'Object Repository/Agenda/View event/Event' FAILED. (Root cause: com.kms.katalon.core.exception.StepFailedException: Verify element text of test object 'Object Repository/Agenda/View event/Event' FAILED.
	at com.kms.katalon.core.webui.keyword.internal.WebUIKeywordMain.stepFailed(WebUIKeywordMain.groovy:64)
	at com.kms.katalon.core.webui.keyword.internal.WebUIKeywordMain.runKeyword(WebUIKeywordMain.groovy:26)
	at com.kms.katalon.core.webui.keyword.builtin.VerifyElementTextKeyword.verifyElementText(VerifyElementTextKeyword.groovy:72)
	at com.kms.katalon.core.webui.keyword.builtin.VerifyElementTextKeyword.execute(VerifyElementTextKeyword.groovy:40)
	at com.kms.katalon.core.keyword.internal.KeywordExecutor.executeKeywordForPlatform(KeywordExecutor.groovy:74)
	at com.kms.katalon.core.webui.keyword.WebUiBuiltInKeywords.verifyElementText(WebUiBuiltInKeywords.groovy:4749)
	at com.kms.katalon.core.webui.keyword.WebUiBuiltInKeywords$verifyElementText$4.call(Unknown Source)
	at TC65_View event di agenda.run(TC65_View event di agenda:24)
	at com.kms.katalon.core.main.ScriptEngine.run(ScriptEngine.java:194)
	at com.kms.katalon.core.main.ScriptEngine.runScriptAsRawText(ScriptEngine.java:119)
	at com.kms.katalon.core.main.TestCaseExecutor.runScript(TestCaseExecutor.java:448)
	at com.kms.katalon.core.main.TestCaseExecutor.doExecute(TestCaseExecutor.java:439)
	at com.kms.katalon.core.main.TestCaseExecutor.processExecutionPhase(TestCaseExecutor.java:418)
	at com.kms.katalon.core.main.TestCaseExecutor.accessMainPhase(TestCaseExecutor.java:410)
	at com.kms.katalon.core.main.TestCaseExecutor.execute(TestCaseExecutor.java:285)
	at com.kms.katalon.core.common.CommonExecutor.accessTestCaseMainPhase(CommonExecutor.java:65)
	at com.kms.katalon.core.main.TestSuiteExecutor.accessTestSuiteMainPhase(TestSuiteExecutor.java:151)
	at com.kms.katalon.core.main.TestSuiteExecutor.execute(TestSuiteExecutor.java:106)
	at com.kms.katalon.core.main.TestCaseMain.startTestSuite(TestCaseMain.java:185)
	at com.kms.katalon.core.main.TestCaseMain$startTestSuite$0.call(Unknown Source)
	at TempTestSuite1676005934100.run(TempTestSuite1676005934100.groovy:36)
Caused by: com.kms.katalon.core.exception.StepFailedException: Actual text 'TECHNOFEST 5.0' and expected text 'TECHNOFEST 1.0' of test object 'Object Repository/Agenda/View event/Event' are NOT matched.
	at com.kms.katalon.core.webui.keyword.internal.WebUIKeywordMain.stepFailed(WebUIKeywordMain.groovy:64)
	at com.kms.katalon.core.webui.keyword.builtin.VerifyElementTextKeyword$_verifyElementText_closure1.doCall(VerifyElementTextKeyword.groovy:57)
	at com.kms.katalon.core.webui.keyword.builtin.VerifyElementTextKeyword$_verifyElementText_closure1.call(VerifyElementTextKeyword.groovy)
	at com.kms.katalon.core.webui.keyword.internal.WebUIKeywordMain.runKeyword(WebUIKeywordMain.groovy:20)
	... 19 more
)]]></system-out>
         <system-err><![CDATA[2023-02-10 12:23:05 - [TEST_CASE][FAILED] - Test Cases/Agenda/TC65_View event di agenda: Test Cases/Agenda/TC65_View event di agenda FAILED.
Reason:
com.kms.katalon.core.exception.StepFailedException: Verify element text of test object 'Object Repository/Agenda/View event/Event' FAILED.
	at com.kms.katalon.core.webui.keyword.internal.WebUIKeywordMain.stepFailed(WebUIKeywordMain.groovy:64)
	at com.kms.katalon.core.webui.keyword.internal.WebUIKeywordMain.runKeyword(WebUIKeywordMain.groovy:26)
	at com.kms.katalon.core.webui.keyword.builtin.VerifyElementTextKeyword.verifyElementText(VerifyElementTextKeyword.groovy:72)
	at com.kms.katalon.core.webui.keyword.builtin.VerifyElementTextKeyword.execute(VerifyElementTextKeyword.groovy:40)
	at com.kms.katalon.core.keyword.internal.KeywordExecutor.executeKeywordForPlatform(KeywordExecutor.groovy:74)
	at com.kms.katalon.core.webui.keyword.WebUiBuiltInKeywords.verifyElementText(WebUiBuiltInKeywords.groovy:4749)
	at com.kms.katalon.core.webui.keyword.WebUiBuiltInKeywords$verifyElementText$4.call(Unknown Source)
	at TC65_View event di agenda.run(TC65_View event di agenda:24)
	at com.kms.katalon.core.main.ScriptEngine.run(ScriptEngine.java:194)
	at com.kms.katalon.core.main.ScriptEngine.runScriptAsRawText(ScriptEngine.java:119)
	at com.kms.katalon.core.main.TestCaseExecutor.runScript(TestCaseExecutor.java:448)
	at com.kms.katalon.core.main.TestCaseExecutor.doExecute(TestCaseExecutor.java:439)
	at com.kms.katalon.core.main.TestCaseExecutor.processExecutionPhase(TestCaseExecutor.java:418)
	at com.kms.katalon.core.main.TestCaseExecutor.accessMainPhase(TestCaseExecutor.java:410)
	at com.kms.katalon.core.main.TestCaseExecutor.execute(TestCaseExecutor.java:285)
	at com.kms.katalon.core.common.CommonExecutor.accessTestCaseMainPhase(CommonExecutor.java:65)
	at com.kms.katalon.core.main.TestSuiteExecutor.accessTestSuiteMainPhase(TestSuiteExecutor.java:151)
	at com.kms.katalon.core.main.TestSuiteExecutor.execute(TestSuiteExecutor.java:106)
	at com.kms.katalon.core.main.TestCaseMain.startTestSuite(TestCaseMain.java:185)
	at com.kms.katalon.core.main.TestCaseMain$startTestSuite$0.call(Unknown Source)
	at TempTestSuite1676005934100.run(TempTestSuite1676005934100.groovy:36)
Caused by: com.kms.katalon.core.exception.StepFailedException: Actual text 'TECHNOFEST 5.0' and expected text 'TECHNOFEST 1.0' of test object 'Object Repository/Agenda/View event/Event' are NOT matched.
	at com.kms.katalon.core.webui.keyword.internal.WebUIKeywordMain.stepFailed(WebUIKeywordMain.groovy:64)
	at com.kms.katalon.core.webui.keyword.builtin.VerifyElementTextKeyword$_verifyElementText_closure1.doCall(VerifyElementTextKeyword.groovy:57)
	at com.kms.katalon.core.webui.keyword.builtin.VerifyElementTextKeyword$_verifyElementText_closure1.call(VerifyElementTextKeyword.groovy)
	at com.kms.katalon.core.webui.keyword.internal.WebUIKeywordMain.runKeyword(WebUIKeywordMain.groovy:20)
	... 19 more]]></system-err>
      </testcase>
      <testcase name="Test Cases/Agenda/TC66_Add agenda" time="11.983" classname="Test Cases/Agenda/TC66_Add agenda" status="PASSED">
         <system-out><![CDATA[2023-02-10 12:23:12 - [TEST_CASE][PASSED] - Test Cases/Agenda/TC66_Add agenda: Test Cases/Agenda/TC66_Add agenda

2023-02-10 12:23:13 - [TEST_STEP][PASSED] - click(findTestObject("Agenda/Add speaker/Action button")): Object: 'Object Repository/Agenda/Add speaker/Action button' is clicked on

2023-02-10 12:23:14 - [MESSAGE][PASSED] - Object: 'Object Repository/Agenda/Add speaker/Action button' is clicked on

2023-02-10 12:23:14 - [TEST_STEP][PASSED] - click(findTestObject("Agenda/Add speaker/Add Data")): Object: 'Object Repository/Agenda/Add speaker/Add Data' is clicked on

2023-02-10 12:23:16 - [MESSAGE][PASSED] - Object: 'Object Repository/Agenda/Add speaker/Add Data' is clicked on

2023-02-10 12:23:16 - [TEST_STEP][PASSED] - verifyElementText(findTestObject("Agenda/Add speaker/Create Agenda"), "Create Agenda"): Actual text and expected text of test object 'Object Repository/Agenda/Add speaker/Create Agenda' are matched.

2023-02-10 12:23:16 - [MESSAGE][PASSED] - Actual text and expected text of test object 'Object Repository/Agenda/Add speaker/Create Agenda' are matched.

2023-02-10 12:23:16 - [TEST_STEP][PASSED] - setText(findTestObject("Agenda/Add speaker/Title"), "Test agenda"): Text 'Test agenda' is set on object 'Object Repository/Agenda/Add speaker/Title'

2023-02-10 12:23:17 - [MESSAGE][PASSED] - Text 'Test agenda' is set on object 'Object Repository/Agenda/Add speaker/Title'

2023-02-10 12:23:17 - [TEST_STEP][PASSED] - click(findTestObject("Agenda/Add speaker/Choose speaker")): Object: 'Object Repository/Agenda/Add speaker/Choose speaker' is clicked on

2023-02-10 12:23:18 - [MESSAGE][PASSED] - Object: 'Object Repository/Agenda/Add speaker/Choose speaker' is clicked on

2023-02-10 12:23:18 - [TEST_STEP][PASSED] - setText(findTestObject("Agenda/Add speaker/Search speaker"), "adnan"): Text 'adnan' is set on object 'Object Repository/Agenda/Add speaker/Search speaker'

2023-02-10 12:23:19 - [MESSAGE][PASSED] - Text 'adnan' is set on object 'Object Repository/Agenda/Add speaker/Search speaker'

2023-02-10 12:23:19 - [TEST_STEP][PASSED] - sendKeys(findTestObject("Agenda/Add speaker/Search speaker"), Keys.chord(ENTER)): Keys 'ENTER + ' sent to object: 'Object Repository/Agenda/Add speaker/Search speaker'

2023-02-10 12:23:19 - [MESSAGE][PASSED] - Keys 'ENTER + ' sent to object: 'Object Repository/Agenda/Add speaker/Search speaker'

2023-02-10 12:23:19 - [TEST_STEP][PASSED] - uploadFile(findTestObject("Agenda/Add speaker/Poster"), "C:\FILE\TA\logo.png"): File 'C:\FILE\TA\logo.png' sent to object: 'Object Repository/Agenda/Add speaker/Poster'

2023-02-10 12:23:20 - [MESSAGE][PASSED] - File 'C:\FILE\TA\logo.png' sent to object: 'Object Repository/Agenda/Add speaker/Poster'

2023-02-10 12:23:20 - [TEST_STEP][PASSED] - setText(findTestObject("Agenda/Add speaker/Event date"), "12/12/2023"): Text '12/12/2023' is set on object 'Object Repository/Agenda/Add speaker/Event date'

2023-02-10 12:23:21 - [MESSAGE][PASSED] - Text '12/12/2023' is set on object 'Object Repository/Agenda/Add speaker/Event date'

2023-02-10 12:23:21 - [TEST_STEP][PASSED] - click(findTestObject("Agenda/Add speaker/Non-Active")): Object: 'Object Repository/Agenda/Add speaker/Non-Active' is clicked on

2023-02-10 12:23:22 - [MESSAGE][PASSED] - Object: 'Object Repository/Agenda/Add speaker/Non-Active' is clicked on

2023-02-10 12:23:22 - [TEST_STEP][PASSED] - click(findTestObject("Agenda/Add speaker/Submit button")): Object: 'Object Repository/Agenda/Add speaker/Submit button' is clicked on

2023-02-10 12:23:24 - [MESSAGE][PASSED] - Object: 'Object Repository/Agenda/Add speaker/Submit button' is clicked on]]></system-out>
         <system-err><![CDATA[]]></system-err>
      </testcase>
      <testcase name="Test Cases/Agenda/TC67_Add agenda tanpa mengisi form" time="6.289" classname="Test Cases/Agenda/TC67_Add agenda tanpa mengisi form" status="PASSED">
         <system-out><![CDATA[2023-02-10 12:23:24 - [TEST_CASE][PASSED] - Test Cases/Agenda/TC67_Add agenda tanpa mengisi form: Test Cases/Agenda/TC67_Add agenda tanpa mengisi form

2023-02-10 12:23:25 - [TEST_STEP][PASSED] - click(findTestObject("Agenda/Add speaker/Add Data")): Object: 'Object Repository/Agenda/Add speaker/Add Data' is clicked on

2023-02-10 12:23:29 - [MESSAGE][PASSED] - Object: 'Object Repository/Agenda/Add speaker/Add Data' is clicked on

2023-02-10 12:23:29 - [TEST_STEP][PASSED] - verifyElementText(findTestObject("Agenda/Add speaker/Create Agenda"), "Create Agenda"): Actual text and expected text of test object 'Object Repository/Agenda/Add speaker/Create Agenda' are matched.

2023-02-10 12:23:29 - [MESSAGE][PASSED] - Actual text and expected text of test object 'Object Repository/Agenda/Add speaker/Create Agenda' are matched.

2023-02-10 12:23:29 - [TEST_STEP][PASSED] - click(findTestObject("Agenda/Add speaker/Submit button")): Object: 'Object Repository/Agenda/Add speaker/Submit button' is clicked on

2023-02-10 12:23:30 - [MESSAGE][PASSED] - Object: 'Object Repository/Agenda/Add speaker/Submit button' is clicked on

2023-02-10 12:23:30 - [TEST_STEP][PASSED] - back(): Navigate back successfully

2023-02-10 12:23:30 - [MESSAGE][PASSED] - Navigate back successfully]]></system-out>
         <system-err><![CDATA[]]></system-err>
      </testcase>
      <testcase name="Test Cases/Agenda/TC68_View agenda" time="3.898" classname="Test Cases/Agenda/TC68_View agenda" status="PASSED">
         <system-out><![CDATA[2023-02-10 12:23:30 - [TEST_CASE][PASSED] - Test Cases/Agenda/TC68_View agenda: Test Cases/Agenda/TC68_View agenda

2023-02-10 12:23:31 - [TEST_STEP][PASSED] - setText(findTestObject("Agenda/View agenda/Search"), "ini agenda"): Text 'ini agenda' is set on object 'Object Repository/Agenda/View agenda/Search'

2023-02-10 12:23:32 - [MESSAGE][PASSED] - Text 'ini agenda' is set on object 'Object Repository/Agenda/View agenda/Search'

2023-02-10 12:23:32 - [TEST_STEP][PASSED] - verifyElementText(findTestObject("Agenda/View agenda/Title"), "ini agenda"): Actual text and expected text of test object 'Object Repository/Agenda/View agenda/Title' are matched.

2023-02-10 12:23:33 - [MESSAGE][PASSED] - Actual text and expected text of test object 'Object Repository/Agenda/View agenda/Title' are matched.

2023-02-10 12:23:33 - [TEST_STEP][PASSED] - refresh(): Refresh successfully

2023-02-10 12:23:34 - [MESSAGE][PASSED] - Refresh successfully]]></system-out>
         <system-err><![CDATA[]]></system-err>
      </testcase>
      <testcase name="Test Cases/Agenda/TC69_Edit agenda" time="11.727" classname="Test Cases/Agenda/TC69_Edit agenda" status="PASSED">
         <system-out><![CDATA[2023-02-10 12:23:34 - [TEST_CASE][PASSED] - Test Cases/Agenda/TC69_Edit agenda: Test Cases/Agenda/TC69_Edit agenda

2023-02-10 12:23:35 - [TEST_STEP][PASSED] - setText(findTestObject("Agenda/View agenda/Search"), "edit"): Text 'edit' is set on object 'Object Repository/Agenda/View agenda/Search'

2023-02-10 12:23:36 - [MESSAGE][PASSED] - Text 'edit' is set on object 'Object Repository/Agenda/View agenda/Search'

2023-02-10 12:23:36 - [TEST_STEP][PASSED] - click(findTestObject("Agenda/Edit agenda/Edit button")): Object: 'Object Repository/Agenda/Edit agenda/Edit button' is clicked on

2023-02-10 12:23:38 - [MESSAGE][PASSED] - Object: 'Object Repository/Agenda/Edit agenda/Edit button' is clicked on

2023-02-10 12:23:38 - [TEST_STEP][PASSED] - clearText(findTestObject("Agenda/Edit agenda/Title")): Text of object 'Object Repository/Agenda/Edit agenda/Title' is cleared

2023-02-10 12:23:39 - [MESSAGE][PASSED] - Text of object 'Object Repository/Agenda/Edit agenda/Title' is cleared

2023-02-10 12:23:39 - [TEST_STEP][PASSED] - setText(findTestObject("Agenda/Edit agenda/Title"), "edit agenda baru"): Text 'edit agenda baru' is set on object 'Object Repository/Agenda/Edit agenda/Title'

2023-02-10 12:23:40 - [MESSAGE][PASSED] - Text 'edit agenda baru' is set on object 'Object Repository/Agenda/Edit agenda/Title'

2023-02-10 12:23:40 - [TEST_STEP][PASSED] - click(findTestObject("Agenda/Edit agenda/Choose speaker")): Object: 'Object Repository/Agenda/Edit agenda/Choose speaker' is clicked on

2023-02-10 12:23:40 - [MESSAGE][PASSED] - Object: 'Object Repository/Agenda/Edit agenda/Choose speaker' is clicked on

2023-02-10 12:23:40 - [TEST_STEP][PASSED] - setText(findTestObject("Agenda/Edit agenda/Search speaker"), "mukhlis"): Text 'mukhlis' is set on object 'Object Repository/Agenda/Edit agenda/Search speaker'

2023-02-10 12:23:41 - [MESSAGE][PASSED] - Text 'mukhlis' is set on object 'Object Repository/Agenda/Edit agenda/Search speaker'

2023-02-10 12:23:41 - [TEST_STEP][PASSED] - sendKeys(findTestObject("Agenda/Edit agenda/Search speaker"), Keys.chord(ENTER)): Keys 'ENTER + ' sent to object: 'Object Repository/Agenda/Edit agenda/Search speaker'

2023-02-10 12:23:42 - [MESSAGE][PASSED] - Keys 'ENTER + ' sent to object: 'Object Repository/Agenda/Edit agenda/Search speaker'

2023-02-10 12:23:42 - [TEST_STEP][PASSED] - clearText(findTestObject("Agenda/Edit agenda/Event date")): Text of object 'Object Repository/Agenda/Edit agenda/Event date' is cleared

2023-02-10 12:23:43 - [MESSAGE][PASSED] - Text of object 'Object Repository/Agenda/Edit agenda/Event date' is cleared

2023-02-10 12:23:43 - [TEST_STEP][PASSED] - setText(findTestObject("Agenda/Edit agenda/Event date"), "11/11/2023"): Text '11/11/2023' is set on object 'Object Repository/Agenda/Edit agenda/Event date'

2023-02-10 12:23:44 - [MESSAGE][PASSED] - Text '11/11/2023' is set on object 'Object Repository/Agenda/Edit agenda/Event date'

2023-02-10 12:23:44 - [TEST_STEP][PASSED] - click(findTestObject("Agenda/Edit agenda/Submit button")): Object: 'Object Repository/Agenda/Edit agenda/Submit button' is clicked on

2023-02-10 12:23:46 - [MESSAGE][PASSED] - Object: 'Object Repository/Agenda/Edit agenda/Submit button' is clicked on]]></system-out>
         <system-err><![CDATA[]]></system-err>
      </testcase>
      <testcase name="Test Cases/Agenda/TC70_Edit agenda dengan mengosongkan form" time="7.705" classname="Test Cases/Agenda/TC70_Edit agenda dengan mengosongkan form" status="PASSED">
         <system-out><![CDATA[2023-02-10 12:23:46 - [TEST_CASE][PASSED] - Test Cases/Agenda/TC70_Edit agenda dengan mengosongkan form: Test Cases/Agenda/TC70_Edit agenda dengan mengosongkan form

2023-02-10 12:23:47 - [TEST_STEP][PASSED] - setText(findTestObject("Agenda/View agenda/Search"), "edit"): Text 'edit' is set on object 'Object Repository/Agenda/View agenda/Search'

2023-02-10 12:23:48 - [MESSAGE][PASSED] - Text 'edit' is set on object 'Object Repository/Agenda/View agenda/Search'

2023-02-10 12:23:48 - [TEST_STEP][PASSED] - click(findTestObject("Agenda/Edit agenda/Edit button")): Object: 'Object Repository/Agenda/Edit agenda/Edit button' is clicked on

2023-02-10 12:23:51 - [MESSAGE][PASSED] - Object: 'Object Repository/Agenda/Edit agenda/Edit button' is clicked on

2023-02-10 12:23:51 - [TEST_STEP][PASSED] - clearText(findTestObject("Agenda/Edit agenda/Title")): Text of object 'Object Repository/Agenda/Edit agenda/Title' is cleared

2023-02-10 12:23:52 - [MESSAGE][PASSED] - Text of object 'Object Repository/Agenda/Edit agenda/Title' is cleared

2023-02-10 12:23:52 - [TEST_STEP][PASSED] - clearText(findTestObject("Agenda/Edit agenda/Event date")): Text of object 'Object Repository/Agenda/Edit agenda/Event date' is cleared

2023-02-10 12:23:53 - [MESSAGE][PASSED] - Text of object 'Object Repository/Agenda/Edit agenda/Event date' is cleared

2023-02-10 12:23:53 - [TEST_STEP][PASSED] - click(findTestObject("Agenda/Edit agenda/Submit button")): Object: 'Object Repository/Agenda/Edit agenda/Submit button' is clicked on

2023-02-10 12:23:53 - [MESSAGE][PASSED] - Object: 'Object Repository/Agenda/Edit agenda/Submit button' is clicked on

2023-02-10 12:23:53 - [TEST_STEP][PASSED] - back(): Navigate back successfully

2023-02-10 12:23:53 - [MESSAGE][PASSED] - Navigate back successfully]]></system-out>
         <system-err><![CDATA[]]></system-err>
      </testcase>
      <testcase name="Test Cases/Agenda/TC71_Delete agenda" time="5.117" classname="Test Cases/Agenda/TC71_Delete agenda" status="PASSED">
         <system-out><![CDATA[2023-02-10 12:23:53 - [TEST_CASE][PASSED] - Test Cases/Agenda/TC71_Delete agenda: Test Cases/Agenda/TC71_Delete agenda

2023-02-10 12:23:55 - [TEST_STEP][PASSED] - setText(findTestObject("Agenda/Delete agenda/Search"), "delete"): Text 'delete' is set on object 'Object Repository/Agenda/Delete agenda/Search'

2023-02-10 12:23:56 - [MESSAGE][PASSED] - Text 'delete' is set on object 'Object Repository/Agenda/Delete agenda/Search'

2023-02-10 12:23:56 - [TEST_STEP][PASSED] - click(findTestObject("z test/Delete1/Delete button agenda")): Object: 'Object Repository/z test/Delete1/Delete button agenda' is clicked on

2023-02-10 12:23:57 - [MESSAGE][PASSED] - Object: 'Object Repository/z test/Delete1/Delete button agenda' is clicked on

2023-02-10 12:23:57 - [TEST_STEP][PASSED] - click(findTestObject("Agenda/Delete agenda/Yes button")): Object: 'Object Repository/Agenda/Delete agenda/Yes button' is clicked on

2023-02-10 12:23:59 - [MESSAGE][PASSED] - Object: 'Object Repository/Agenda/Delete agenda/Yes button' is clicked on]]></system-out>
         <system-err><![CDATA[]]></system-err>
      </testcase>
      <testcase name="Test Cases/Event/TC72_View all event" time="6.953" classname="Test Cases/Event/TC72_View all event" status="FAILED">
         <failure type="FAILED" message="Test Cases/Event/TC72_View all event FAILED.
Reason:
com.kms.katalon.core.exception.StepFailedException: Verify element text of test object 'Object Repository/Event/View all event/Event (1)' FAILED.
	at com.kms.katalon.core.webui.keyword.internal.WebUIKeywordMain.stepFailed(WebUIKeywordMain.groovy:64)
	at com.kms.katalon.core.webui.keyword.internal.WebUIKeywordMain.runKeyword(WebUIKeywordMain.groovy:26)
	at com.kms.katalon.core.webui.keyword.builtin.VerifyElementTextKeyword.verifyElementText(VerifyElementTextKeyword.groovy:72)
	at com.kms.katalon.core.webui.keyword.builtin.VerifyElementTextKeyword.execute(VerifyElementTextKeyword.groovy:40)
	at com.kms.katalon.core.keyword.internal.KeywordExecutor.executeKeywordForPlatform(KeywordExecutor.groovy:74)
	at com.kms.katalon.core.webui.keyword.WebUiBuiltInKeywords.verifyElementText(WebUiBuiltInKeywords.groovy:4749)
	at com.kms.katalon.core.webui.keyword.WebUiBuiltInKeywords$verifyElementText$4.call(Unknown Source)
	at TC72_View all event.run(TC72_View all event:24)
	at com.kms.katalon.core.main.ScriptEngine.run(ScriptEngine.java:194)
	at com.kms.katalon.core.main.ScriptEngine.runScriptAsRawText(ScriptEngine.java:119)
	at com.kms.katalon.core.main.TestCaseExecutor.runScript(TestCaseExecutor.java:448)
	at com.kms.katalon.core.main.TestCaseExecutor.doExecute(TestCaseExecutor.java:439)
	at com.kms.katalon.core.main.TestCaseExecutor.processExecutionPhase(TestCaseExecutor.java:418)
	at com.kms.katalon.core.main.TestCaseExecutor.accessMainPhase(TestCaseExecutor.java:410)
	at com.kms.katalon.core.main.TestCaseExecutor.execute(TestCaseExecutor.java:285)
	at com.kms.katalon.core.common.CommonExecutor.accessTestCaseMainPhase(CommonExecutor.java:65)
	at com.kms.katalon.core.main.TestSuiteExecutor.accessTestSuiteMainPhase(TestSuiteExecutor.java:151)
	at com.kms.katalon.core.main.TestSuiteExecutor.execute(TestSuiteExecutor.java:106)
	at com.kms.katalon.core.main.TestCaseMain.startTestSuite(TestCaseMain.java:185)
	at com.kms.katalon.core.main.TestCaseMain$startTestSuite$0.call(Unknown Source)
	at TempTestSuite1676005934100.run(TempTestSuite1676005934100.groovy:36)
Caused by: com.kms.katalon.core.exception.StepFailedException: Actual text 'TECHNOFEST 5.0' and expected text 'TECHNOFEST 1.0' of test object 'Object Repository/Event/View all event/Event (1)' are NOT matched.
	at com.kms.katalon.core.webui.keyword.internal.WebUIKeywordMain.stepFailed(WebUIKeywordMain.groovy:64)
	at com.kms.katalon.core.webui.keyword.builtin.VerifyElementTextKeyword$_verifyElementText_closure1.doCall(VerifyElementTextKeyword.groovy:57)
	at com.kms.katalon.core.webui.keyword.builtin.VerifyElementTextKeyword$_verifyElementText_closure1.call(VerifyElementTextKeyword.groovy)
	at com.kms.katalon.core.webui.keyword.internal.WebUIKeywordMain.runKeyword(WebUIKeywordMain.groovy:20)
	... 19 more
"/>
         <system-out><![CDATA[2023-02-10 12:23:59 - [TEST_CASE][FAILED] - Test Cases/Event/TC72_View all event: Test Cases/Event/TC72_View all event FAILED.
Reason:
com.kms.katalon.core.exception.StepFailedException: Verify element text of test object 'Object Repository/Event/View all event/Event (1)' FAILED.
	at com.kms.katalon.core.webui.keyword.internal.WebUIKeywordMain.stepFailed(WebUIKeywordMain.groovy:64)
	at com.kms.katalon.core.webui.keyword.internal.WebUIKeywordMain.runKeyword(WebUIKeywordMain.groovy:26)
	at com.kms.katalon.core.webui.keyword.builtin.VerifyElementTextKeyword.verifyElementText(VerifyElementTextKeyword.groovy:72)
	at com.kms.katalon.core.webui.keyword.builtin.VerifyElementTextKeyword.execute(VerifyElementTextKeyword.groovy:40)
	at com.kms.katalon.core.keyword.internal.KeywordExecutor.executeKeywordForPlatform(KeywordExecutor.groovy:74)
	at com.kms.katalon.core.webui.keyword.WebUiBuiltInKeywords.verifyElementText(WebUiBuiltInKeywords.groovy:4749)
	at com.kms.katalon.core.webui.keyword.WebUiBuiltInKeywords$verifyElementText$4.call(Unknown Source)
	at TC72_View all event.run(TC72_View all event:24)
	at com.kms.katalon.core.main.ScriptEngine.run(ScriptEngine.java:194)
	at com.kms.katalon.core.main.ScriptEngine.runScriptAsRawText(ScriptEngine.java:119)
	at com.kms.katalon.core.main.TestCaseExecutor.runScript(TestCaseExecutor.java:448)
	at com.kms.katalon.core.main.TestCaseExecutor.doExecute(TestCaseExecutor.java:439)
	at com.kms.katalon.core.main.TestCaseExecutor.processExecutionPhase(TestCaseExecutor.java:418)
	at com.kms.katalon.core.main.TestCaseExecutor.accessMainPhase(TestCaseExecutor.java:410)
	at com.kms.katalon.core.main.TestCaseExecutor.execute(TestCaseExecutor.java:285)
	at com.kms.katalon.core.common.CommonExecutor.accessTestCaseMainPhase(CommonExecutor.java:65)
	at com.kms.katalon.core.main.TestSuiteExecutor.accessTestSuiteMainPhase(TestSuiteExecutor.java:151)
	at com.kms.katalon.core.main.TestSuiteExecutor.execute(TestSuiteExecutor.java:106)
	at com.kms.katalon.core.main.TestCaseMain.startTestSuite(TestCaseMain.java:185)
	at com.kms.katalon.core.main.TestCaseMain$startTestSuite$0.call(Unknown Source)
	at TempTestSuite1676005934100.run(TempTestSuite1676005934100.groovy:36)
Caused by: com.kms.katalon.core.exception.StepFailedException: Actual text 'TECHNOFEST 5.0' and expected text 'TECHNOFEST 1.0' of test object 'Object Repository/Event/View all event/Event (1)' are NOT matched.
	at com.kms.katalon.core.webui.keyword.internal.WebUIKeywordMain.stepFailed(WebUIKeywordMain.groovy:64)
	at com.kms.katalon.core.webui.keyword.builtin.VerifyElementTextKeyword$_verifyElementText_closure1.doCall(VerifyElementTextKeyword.groovy:57)
	at com.kms.katalon.core.webui.keyword.builtin.VerifyElementTextKeyword$_verifyElementText_closure1.call(VerifyElementTextKeyword.groovy)
	at com.kms.katalon.core.webui.keyword.internal.WebUIKeywordMain.runKeyword(WebUIKeywordMain.groovy:20)
	... 19 more


2023-02-10 12:24:00 - [TEST_STEP][PASSED] - click(findTestObject("Event/View all event/Event")): Object: 'Object Repository/Event/View all event/Event' is clicked on

2023-02-10 12:24:04 - [MESSAGE][PASSED] - Object: 'Object Repository/Event/View all event/Event' is clicked on

2023-02-10 12:24:04 - [TEST_STEP][PASSED] - setText(findTestObject("Event/View all event/Search"), "TECHNOFEST 1.0"): Text 'TECHNOFEST 1.0' is set on object 'Object Repository/Event/View all event/Search'

2023-02-10 12:24:05 - [MESSAGE][PASSED] - Text 'TECHNOFEST 1.0' is set on object 'Object Repository/Event/View all event/Search'

2023-02-10 12:24:05 - [TEST_STEP][FAILED] - verifyElementText(findTestObject("Event/View all event/Event (1)"), "TECHNOFEST 1.0"): Verify element text of test object 'Object Repository/Event/View all event/Event (1)' FAILED. (Root cause: com.kms.katalon.core.exception.StepFailedException: Verify element text of test object 'Object Repository/Event/View all event/Event (1)' FAILED.
	at com.kms.katalon.core.webui.keyword.internal.WebUIKeywordMain.stepFailed(WebUIKeywordMain.groovy:64)
	at com.kms.katalon.core.webui.keyword.internal.WebUIKeywordMain.runKeyword(WebUIKeywordMain.groovy:26)
	at com.kms.katalon.core.webui.keyword.builtin.VerifyElementTextKeyword.verifyElementText(VerifyElementTextKeyword.groovy:72)
	at com.kms.katalon.core.webui.keyword.builtin.VerifyElementTextKeyword.execute(VerifyElementTextKeyword.groovy:40)
	at com.kms.katalon.core.keyword.internal.KeywordExecutor.executeKeywordForPlatform(KeywordExecutor.groovy:74)
	at com.kms.katalon.core.webui.keyword.WebUiBuiltInKeywords.verifyElementText(WebUiBuiltInKeywords.groovy:4749)
	at com.kms.katalon.core.webui.keyword.WebUiBuiltInKeywords$verifyElementText$4.call(Unknown Source)
	at TC72_View all event.run(TC72_View all event:24)
	at com.kms.katalon.core.main.ScriptEngine.run(ScriptEngine.java:194)
	at com.kms.katalon.core.main.ScriptEngine.runScriptAsRawText(ScriptEngine.java:119)
	at com.kms.katalon.core.main.TestCaseExecutor.runScript(TestCaseExecutor.java:448)
	at com.kms.katalon.core.main.TestCaseExecutor.doExecute(TestCaseExecutor.java:439)
	at com.kms.katalon.core.main.TestCaseExecutor.processExecutionPhase(TestCaseExecutor.java:418)
	at com.kms.katalon.core.main.TestCaseExecutor.accessMainPhase(TestCaseExecutor.java:410)
	at com.kms.katalon.core.main.TestCaseExecutor.execute(TestCaseExecutor.java:285)
	at com.kms.katalon.core.common.CommonExecutor.accessTestCaseMainPhase(CommonExecutor.java:65)
	at com.kms.katalon.core.main.TestSuiteExecutor.accessTestSuiteMainPhase(TestSuiteExecutor.java:151)
	at com.kms.katalon.core.main.TestSuiteExecutor.execute(TestSuiteExecutor.java:106)
	at com.kms.katalon.core.main.TestCaseMain.startTestSuite(TestCaseMain.java:185)
	at com.kms.katalon.core.main.TestCaseMain$startTestSuite$0.call(Unknown Source)
	at TempTestSuite1676005934100.run(TempTestSuite1676005934100.groovy:36)
Caused by: com.kms.katalon.core.exception.StepFailedException: Actual text 'TECHNOFEST 5.0' and expected text 'TECHNOFEST 1.0' of test object 'Object Repository/Event/View all event/Event (1)' are NOT matched.
	at com.kms.katalon.core.webui.keyword.internal.WebUIKeywordMain.stepFailed(WebUIKeywordMain.groovy:64)
	at com.kms.katalon.core.webui.keyword.builtin.VerifyElementTextKeyword$_verifyElementText_closure1.doCall(VerifyElementTextKeyword.groovy:57)
	at com.kms.katalon.core.webui.keyword.builtin.VerifyElementTextKeyword$_verifyElementText_closure1.call(VerifyElementTextKeyword.groovy)
	at com.kms.katalon.core.webui.keyword.internal.WebUIKeywordMain.runKeyword(WebUIKeywordMain.groovy:20)
	... 19 more
)

2023-02-10 12:24:05 - [MESSAGE][FAILED] - Actual text 'TECHNOFEST 5.0' and expected text 'TECHNOFEST 1.0' of test object 'Object Repository/Event/View all event/Event (1)' are NOT matched. (Root cause: com.kms.katalon.core.exception.StepFailedException: Actual text 'TECHNOFEST 5.0' and expected text 'TECHNOFEST 1.0' of test object 'Object Repository/Event/View all event/Event (1)' are NOT matched.
	at com.kms.katalon.core.webui.keyword.internal.WebUIKeywordMain.stepFailed(WebUIKeywordMain.groovy:64)
	at com.kms.katalon.core.webui.keyword.builtin.VerifyElementTextKeyword$_verifyElementText_closure1.doCall(VerifyElementTextKeyword.groovy:57)
	at com.kms.katalon.core.webui.keyword.builtin.VerifyElementTextKeyword$_verifyElementText_closure1.call(VerifyElementTextKeyword.groovy)
	at com.kms.katalon.core.webui.keyword.internal.WebUIKeywordMain.runKeyword(WebUIKeywordMain.groovy:20)
	at com.kms.katalon.core.webui.keyword.builtin.VerifyElementTextKeyword.verifyElementText(VerifyElementTextKeyword.groovy:72)
	at com.kms.katalon.core.webui.keyword.builtin.VerifyElementTextKeyword.execute(VerifyElementTextKeyword.groovy:40)
	at com.kms.katalon.core.keyword.internal.KeywordExecutor.executeKeywordForPlatform(KeywordExecutor.groovy:74)
	at com.kms.katalon.core.webui.keyword.WebUiBuiltInKeywords.verifyElementText(WebUiBuiltInKeywords.groovy:4749)
	at com.kms.katalon.core.webui.keyword.WebUiBuiltInKeywords$verifyElementText$4.call(Unknown Source)
	at TC72_View all event.run(TC72_View all event:24)
	at com.kms.katalon.core.main.ScriptEngine.run(ScriptEngine.java:194)
	at com.kms.katalon.core.main.ScriptEngine.runScriptAsRawText(ScriptEngine.java:119)
	at com.kms.katalon.core.main.TestCaseExecutor.runScript(TestCaseExecutor.java:448)
	at com.kms.katalon.core.main.TestCaseExecutor.doExecute(TestCaseExecutor.java:439)
	at com.kms.katalon.core.main.TestCaseExecutor.processExecutionPhase(TestCaseExecutor.java:418)
	at com.kms.katalon.core.main.TestCaseExecutor.accessMainPhase(TestCaseExecutor.java:410)
	at com.kms.katalon.core.main.TestCaseExecutor.execute(TestCaseExecutor.java:285)
	at com.kms.katalon.core.common.CommonExecutor.accessTestCaseMainPhase(CommonExecutor.java:65)
	at com.kms.katalon.core.main.TestSuiteExecutor.accessTestSuiteMainPhase(TestSuiteExecutor.java:151)
	at com.kms.katalon.core.main.TestSuiteExecutor.execute(TestSuiteExecutor.java:106)
	at com.kms.katalon.core.main.TestCaseMain.startTestSuite(TestCaseMain.java:185)
	at com.kms.katalon.core.main.TestCaseMain$startTestSuite$0.call(Unknown Source)
	at TempTestSuite1676005934100.run(TempTestSuite1676005934100.groovy:36)
)
[[ATTACHMENT|C:\\Users\\GA502GU\\Katalon Studio\\TechnofestAdmin5\\Reports\\20230210_121214\\TS01_TechnofestAdmin\\20230210_121214\\1676006645556.png]]

2023-02-10 12:24:05 - [MESSAGE][WARNING] - Cannot take screenshot

2023-02-10 12:24:05 - [MESSAGE][FAILED] - Verify element text of test object 'Object Repository/Event/View all event/Event (1)' FAILED. (Root cause: com.kms.katalon.core.exception.StepFailedException: Verify element text of test object 'Object Repository/Event/View all event/Event (1)' FAILED.
	at com.kms.katalon.core.webui.keyword.internal.WebUIKeywordMain.stepFailed(WebUIKeywordMain.groovy:64)
	at com.kms.katalon.core.webui.keyword.internal.WebUIKeywordMain.runKeyword(WebUIKeywordMain.groovy:26)
	at com.kms.katalon.core.webui.keyword.builtin.VerifyElementTextKeyword.verifyElementText(VerifyElementTextKeyword.groovy:72)
	at com.kms.katalon.core.webui.keyword.builtin.VerifyElementTextKeyword.execute(VerifyElementTextKeyword.groovy:40)
	at com.kms.katalon.core.keyword.internal.KeywordExecutor.executeKeywordForPlatform(KeywordExecutor.groovy:74)
	at com.kms.katalon.core.webui.keyword.WebUiBuiltInKeywords.verifyElementText(WebUiBuiltInKeywords.groovy:4749)
	at com.kms.katalon.core.webui.keyword.WebUiBuiltInKeywords$verifyElementText$4.call(Unknown Source)
	at TC72_View all event.run(TC72_View all event:24)
	at com.kms.katalon.core.main.ScriptEngine.run(ScriptEngine.java:194)
	at com.kms.katalon.core.main.ScriptEngine.runScriptAsRawText(ScriptEngine.java:119)
	at com.kms.katalon.core.main.TestCaseExecutor.runScript(TestCaseExecutor.java:448)
	at com.kms.katalon.core.main.TestCaseExecutor.doExecute(TestCaseExecutor.java:439)
	at com.kms.katalon.core.main.TestCaseExecutor.processExecutionPhase(TestCaseExecutor.java:418)
	at com.kms.katalon.core.main.TestCaseExecutor.accessMainPhase(TestCaseExecutor.java:410)
	at com.kms.katalon.core.main.TestCaseExecutor.execute(TestCaseExecutor.java:285)
	at com.kms.katalon.core.common.CommonExecutor.accessTestCaseMainPhase(CommonExecutor.java:65)
	at com.kms.katalon.core.main.TestSuiteExecutor.accessTestSuiteMainPhase(TestSuiteExecutor.java:151)
	at com.kms.katalon.core.main.TestSuiteExecutor.execute(TestSuiteExecutor.java:106)
	at com.kms.katalon.core.main.TestCaseMain.startTestSuite(TestCaseMain.java:185)
	at com.kms.katalon.core.main.TestCaseMain$startTestSuite$0.call(Unknown Source)
	at TempTestSuite1676005934100.run(TempTestSuite1676005934100.groovy:36)
Caused by: com.kms.katalon.core.exception.StepFailedException: Actual text 'TECHNOFEST 5.0' and expected text 'TECHNOFEST 1.0' of test object 'Object Repository/Event/View all event/Event (1)' are NOT matched.
	at com.kms.katalon.core.webui.keyword.internal.WebUIKeywordMain.stepFailed(WebUIKeywordMain.groovy:64)
	at com.kms.katalon.core.webui.keyword.builtin.VerifyElementTextKeyword$_verifyElementText_closure1.doCall(VerifyElementTextKeyword.groovy:57)
	at com.kms.katalon.core.webui.keyword.builtin.VerifyElementTextKeyword$_verifyElementText_closure1.call(VerifyElementTextKeyword.groovy)
	at com.kms.katalon.core.webui.keyword.internal.WebUIKeywordMain.runKeyword(WebUIKeywordMain.groovy:20)
	... 19 more
)]]></system-out>
         <system-err><![CDATA[2023-02-10 12:23:59 - [TEST_CASE][FAILED] - Test Cases/Event/TC72_View all event: Test Cases/Event/TC72_View all event FAILED.
Reason:
com.kms.katalon.core.exception.StepFailedException: Verify element text of test object 'Object Repository/Event/View all event/Event (1)' FAILED.
	at com.kms.katalon.core.webui.keyword.internal.WebUIKeywordMain.stepFailed(WebUIKeywordMain.groovy:64)
	at com.kms.katalon.core.webui.keyword.internal.WebUIKeywordMain.runKeyword(WebUIKeywordMain.groovy:26)
	at com.kms.katalon.core.webui.keyword.builtin.VerifyElementTextKeyword.verifyElementText(VerifyElementTextKeyword.groovy:72)
	at com.kms.katalon.core.webui.keyword.builtin.VerifyElementTextKeyword.execute(VerifyElementTextKeyword.groovy:40)
	at com.kms.katalon.core.keyword.internal.KeywordExecutor.executeKeywordForPlatform(KeywordExecutor.groovy:74)
	at com.kms.katalon.core.webui.keyword.WebUiBuiltInKeywords.verifyElementText(WebUiBuiltInKeywords.groovy:4749)
	at com.kms.katalon.core.webui.keyword.WebUiBuiltInKeywords$verifyElementText$4.call(Unknown Source)
	at TC72_View all event.run(TC72_View all event:24)
	at com.kms.katalon.core.main.ScriptEngine.run(ScriptEngine.java:194)
	at com.kms.katalon.core.main.ScriptEngine.runScriptAsRawText(ScriptEngine.java:119)
	at com.kms.katalon.core.main.TestCaseExecutor.runScript(TestCaseExecutor.java:448)
	at com.kms.katalon.core.main.TestCaseExecutor.doExecute(TestCaseExecutor.java:439)
	at com.kms.katalon.core.main.TestCaseExecutor.processExecutionPhase(TestCaseExecutor.java:418)
	at com.kms.katalon.core.main.TestCaseExecutor.accessMainPhase(TestCaseExecutor.java:410)
	at com.kms.katalon.core.main.TestCaseExecutor.execute(TestCaseExecutor.java:285)
	at com.kms.katalon.core.common.CommonExecutor.accessTestCaseMainPhase(CommonExecutor.java:65)
	at com.kms.katalon.core.main.TestSuiteExecutor.accessTestSuiteMainPhase(TestSuiteExecutor.java:151)
	at com.kms.katalon.core.main.TestSuiteExecutor.execute(TestSuiteExecutor.java:106)
	at com.kms.katalon.core.main.TestCaseMain.startTestSuite(TestCaseMain.java:185)
	at com.kms.katalon.core.main.TestCaseMain$startTestSuite$0.call(Unknown Source)
	at TempTestSuite1676005934100.run(TempTestSuite1676005934100.groovy:36)
Caused by: com.kms.katalon.core.exception.StepFailedException: Actual text 'TECHNOFEST 5.0' and expected text 'TECHNOFEST 1.0' of test object 'Object Repository/Event/View all event/Event (1)' are NOT matched.
	at com.kms.katalon.core.webui.keyword.internal.WebUIKeywordMain.stepFailed(WebUIKeywordMain.groovy:64)
	at com.kms.katalon.core.webui.keyword.builtin.VerifyElementTextKeyword$_verifyElementText_closure1.doCall(VerifyElementTextKeyword.groovy:57)
	at com.kms.katalon.core.webui.keyword.builtin.VerifyElementTextKeyword$_verifyElementText_closure1.call(VerifyElementTextKeyword.groovy)
	at com.kms.katalon.core.webui.keyword.internal.WebUIKeywordMain.runKeyword(WebUIKeywordMain.groovy:20)
	... 19 more]]></system-err>
      </testcase>
      <testcase name="Test Cases/Event/TC73_Add event" time="15.313" classname="Test Cases/Event/TC73_Add event" status="PASSED">
         <system-out><![CDATA[2023-02-10 12:24:06 - [TEST_CASE][PASSED] - Test Cases/Event/TC73_Add event: Test Cases/Event/TC73_Add event

2023-02-10 12:24:07 - [TEST_STEP][PASSED] - click(findTestObject("Event/Add event/Action button")): Object: 'Object Repository/Event/Add event/Action button' is clicked on

2023-02-10 12:24:08 - [MESSAGE][PASSED] - Object: 'Object Repository/Event/Add event/Action button' is clicked on

2023-02-10 12:24:08 - [TEST_STEP][PASSED] - click(findTestObject("Event/Add event/Add Data")): Object: 'Object Repository/Event/Add event/Add Data' is clicked on

2023-02-10 12:24:10 - [MESSAGE][PASSED] - Object: 'Object Repository/Event/Add event/Add Data' is clicked on

2023-02-10 12:24:10 - [TEST_STEP][PASSED] - verifyElementText(findTestObject("Event/Add event/Create Event"), "Create Event"): Actual text and expected text of test object 'Object Repository/Event/Add event/Create Event' are matched.

2023-02-10 12:24:11 - [MESSAGE][PASSED] - Actual text and expected text of test object 'Object Repository/Event/Add event/Create Event' are matched.

2023-02-10 12:24:11 - [TEST_STEP][PASSED] - setText(findTestObject("Event/Add event/Title"), "Test event"): Text 'Test event' is set on object 'Object Repository/Event/Add event/Title'

2023-02-10 12:24:12 - [MESSAGE][PASSED] - Text 'Test event' is set on object 'Object Repository/Event/Add event/Title'

2023-02-10 12:24:12 - [TEST_STEP][PASSED] - click(findTestObject("Event/Add event/YT")): Object: 'Object Repository/Event/Add event/YT' is clicked on

2023-02-10 12:24:12 - [MESSAGE][PASSED] - Object: 'Object Repository/Event/Add event/YT' is clicked on

2023-02-10 12:24:12 - [TEST_STEP][PASSED] - setText(findTestObject("Event/Add event/YT link"), "iniyt.com"): Text 'iniyt.com' is set on object 'Object Repository/Event/Add event/YT link'

2023-02-10 12:24:13 - [MESSAGE][PASSED] - Text 'iniyt.com' is set on object 'Object Repository/Event/Add event/YT link'

2023-02-10 12:24:13 - [TEST_STEP][PASSED] - click(findTestObject("Event/Add event/Choose one")): Object: 'Object Repository/Event/Add event/Choose one' is clicked on

2023-02-10 12:24:14 - [MESSAGE][PASSED] - Object: 'Object Repository/Event/Add event/Choose one' is clicked on

2023-02-10 12:24:14 - [TEST_STEP][PASSED] - setText(findTestObject("Event/Add event/Search visibility"), "hidden"): Text 'hidden' is set on object 'Object Repository/Event/Add event/Search visibility'

2023-02-10 12:24:15 - [MESSAGE][PASSED] - Text 'hidden' is set on object 'Object Repository/Event/Add event/Search visibility'

2023-02-10 12:24:15 - [TEST_STEP][PASSED] - sendKeys(findTestObject("Event/Add event/Search visibility"), Keys.chord(ENTER)): Keys 'ENTER + ' sent to object: 'Object Repository/Event/Add event/Search visibility'

2023-02-10 12:24:16 - [MESSAGE][PASSED] - Keys 'ENTER + ' sent to object: 'Object Repository/Event/Add event/Search visibility'

2023-02-10 12:24:16 - [TEST_STEP][PASSED] - click(findTestObject("Event/Add event/Submit button")): Object: 'Object Repository/Event/Add event/Submit button' is clicked on

2023-02-10 12:24:21 - [MESSAGE][PASSED] - Object: 'Object Repository/Event/Add event/Submit button' is clicked on]]></system-out>
         <system-err><![CDATA[]]></system-err>
      </testcase>
      <testcase name="Test Cases/Event/TC74_Add event tanpa mengisi form" time="7.976" classname="Test Cases/Event/TC74_Add event tanpa mengisi form" status="PASSED">
         <system-out><![CDATA[2023-02-10 12:24:21 - [TEST_CASE][PASSED] - Test Cases/Event/TC74_Add event tanpa mengisi form: Test Cases/Event/TC74_Add event tanpa mengisi form

2023-02-10 12:24:22 - [TEST_STEP][PASSED] - click(findTestObject("Event/Add event/Add Data")): Object: 'Object Repository/Event/Add event/Add Data' is clicked on

2023-02-10 12:24:24 - [MESSAGE][PASSED] - Object: 'Object Repository/Event/Add event/Add Data' is clicked on

2023-02-10 12:24:24 - [TEST_STEP][PASSED] - verifyElementText(findTestObject("Event/Add event/Create Event"), "Create Event"): Actual text and expected text of test object 'Object Repository/Event/Add event/Create Event' are matched.

2023-02-10 12:24:24 - [MESSAGE][PASSED] - Actual text and expected text of test object 'Object Repository/Event/Add event/Create Event' are matched.

2023-02-10 12:24:24 - [TEST_STEP][PASSED] - click(findTestObject("Event/Add event/Submit button")): Object: 'Object Repository/Event/Add event/Submit button' is clicked on

2023-02-10 12:24:25 - [MESSAGE][PASSED] - Object: 'Object Repository/Event/Add event/Submit button' is clicked on

2023-02-10 12:24:25 - [TEST_STEP][PASSED] - back(): Navigate back successfully

2023-02-10 12:24:29 - [MESSAGE][PASSED] - Navigate back successfully]]></system-out>
         <system-err><![CDATA[]]></system-err>
      </testcase>
      <testcase name="Test Cases/Event/TC75_View event" time="4.043" classname="Test Cases/Event/TC75_View event" status="PASSED">
         <system-out><![CDATA[2023-02-10 12:24:29 - [TEST_CASE][PASSED] - Test Cases/Event/TC75_View event: Test Cases/Event/TC75_View event

2023-02-10 12:24:30 - [TEST_STEP][PASSED] - setText(findTestObject("Event/View event/Search"), "ini event"): Text 'ini event' is set on object 'Object Repository/Event/View event/Search'

2023-02-10 12:24:31 - [MESSAGE][PASSED] - Text 'ini event' is set on object 'Object Repository/Event/View event/Search'

2023-02-10 12:24:31 - [TEST_STEP][PASSED] - verifyElementText(findTestObject("Event/View event/Title"), "ini event"): Actual text and expected text of test object 'Object Repository/Event/View event/Title' are matched.

2023-02-10 12:24:33 - [MESSAGE][PASSED] - Actual text and expected text of test object 'Object Repository/Event/View event/Title' are matched.

2023-02-10 12:24:33 - [TEST_STEP][PASSED] - refresh(): Refresh successfully

2023-02-10 12:24:33 - [MESSAGE][PASSED] - Refresh successfully]]></system-out>
         <system-err><![CDATA[]]></system-err>
      </testcase>
      <testcase name="Test Cases/Event/TC76_Edit event" time="14.924" classname="Test Cases/Event/TC76_Edit event" status="PASSED">
         <system-out><![CDATA[2023-02-10 12:24:33 - [TEST_CASE][PASSED] - Test Cases/Event/TC76_Edit event: Test Cases/Event/TC76_Edit event

2023-02-10 12:24:35 - [TEST_STEP][PASSED] - setText(findTestObject("Event/Edit event/Search"), "edit"): Text 'edit' is set on object 'Object Repository/Event/Edit event/Search'

2023-02-10 12:24:37 - [MESSAGE][PASSED] - Text 'edit' is set on object 'Object Repository/Event/Edit event/Search'

2023-02-10 12:24:37 - [TEST_STEP][PASSED] - click(findTestObject("Event/Edit event/Edit button")): Object: 'Object Repository/Event/Edit event/Edit button' is clicked on

2023-02-10 12:24:39 - [MESSAGE][PASSED] - Object: 'Object Repository/Event/Edit event/Edit button' is clicked on

2023-02-10 12:24:39 - [TEST_STEP][PASSED] - clearText(findTestObject("Event/Edit event/Title")): Text of object 'Object Repository/Event/Edit event/Title' is cleared

2023-02-10 12:24:40 - [MESSAGE][PASSED] - Text of object 'Object Repository/Event/Edit event/Title' is cleared

2023-02-10 12:24:40 - [TEST_STEP][PASSED] - setText(findTestObject("Event/Edit event/Title"), "Edit event baru"): Text 'Edit event baru' is set on object 'Object Repository/Event/Edit event/Title'

2023-02-10 12:24:41 - [MESSAGE][PASSED] - Text 'Edit event baru' is set on object 'Object Repository/Event/Edit event/Title'

2023-02-10 12:24:41 - [TEST_STEP][PASSED] - clearText(findTestObject("Event/Edit event/Link yt")): Text of object 'Object Repository/Event/Edit event/Link yt' is cleared

2023-02-10 12:24:42 - [MESSAGE][PASSED] - Text of object 'Object Repository/Event/Edit event/Link yt' is cleared

2023-02-10 12:24:42 - [TEST_STEP][PASSED] - setText(findTestObject("Event/Edit event/Link yt"), "iniytbaru.com"): Text 'iniytbaru.com' is set on object 'Object Repository/Event/Edit event/Link yt'

2023-02-10 12:24:43 - [MESSAGE][PASSED] - Text 'iniytbaru.com' is set on object 'Object Repository/Event/Edit event/Link yt'

2023-02-10 12:24:43 - [TEST_STEP][PASSED] - click(findTestObject("Event/Edit event/Submit button")): Object: 'Object Repository/Event/Edit event/Submit button' is clicked on

2023-02-10 12:24:48 - [MESSAGE][PASSED] - Object: 'Object Repository/Event/Edit event/Submit button' is clicked on]]></system-out>
         <system-err><![CDATA[]]></system-err>
      </testcase>
      <testcase name="Test Cases/Event/TC77_Edit event dengan mengosongkan form" time="10.811" classname="Test Cases/Event/TC77_Edit event dengan mengosongkan form" status="PASSED">
         <system-out><![CDATA[2023-02-10 12:24:48 - [TEST_CASE][PASSED] - Test Cases/Event/TC77_Edit event dengan mengosongkan form: Test Cases/Event/TC77_Edit event dengan mengosongkan form

2023-02-10 12:24:49 - [TEST_STEP][PASSED] - setText(findTestObject("Event/Edit event/Search"), "edit"): Text 'edit' is set on object 'Object Repository/Event/Edit event/Search'

2023-02-10 12:24:50 - [MESSAGE][PASSED] - Text 'edit' is set on object 'Object Repository/Event/Edit event/Search'

2023-02-10 12:24:50 - [TEST_STEP][PASSED] - click(findTestObject("Event/Edit event/Edit button")): Object: 'Object Repository/Event/Edit event/Edit button' is clicked on

2023-02-10 12:24:53 - [MESSAGE][PASSED] - Object: 'Object Repository/Event/Edit event/Edit button' is clicked on

2023-02-10 12:24:53 - [TEST_STEP][PASSED] - clearText(findTestObject("Event/Edit event/Title")): Text of object 'Object Repository/Event/Edit event/Title' is cleared

2023-02-10 12:24:53 - [MESSAGE][PASSED] - Text of object 'Object Repository/Event/Edit event/Title' is cleared

2023-02-10 12:24:53 - [TEST_STEP][PASSED] - clearText(findTestObject("Event/Edit event/Link yt")): Text of object 'Object Repository/Event/Edit event/Link yt' is cleared

2023-02-10 12:24:54 - [MESSAGE][PASSED] - Text of object 'Object Repository/Event/Edit event/Link yt' is cleared

2023-02-10 12:24:54 - [TEST_STEP][PASSED] - click(findTestObject("Event/Edit event/Submit button")): Object: 'Object Repository/Event/Edit event/Submit button' is clicked on

2023-02-10 12:24:54 - [MESSAGE][PASSED] - Object: 'Object Repository/Event/Edit event/Submit button' is clicked on

2023-02-10 12:24:54 - [TEST_STEP][PASSED] - back(): Navigate back successfully

2023-02-10 12:24:59 - [MESSAGE][PASSED] - Navigate back successfully]]></system-out>
         <system-err><![CDATA[]]></system-err>
      </testcase>
      <testcase name="Test Cases/Event/TC78_Delete event" time="7.764" classname="Test Cases/Event/TC78_Delete event" status="PASSED">
         <system-out><![CDATA[2023-02-10 12:24:59 - [TEST_CASE][PASSED] - Test Cases/Event/TC78_Delete event: Test Cases/Event/TC78_Delete event

2023-02-10 12:25:00 - [TEST_STEP][PASSED] - setText(findTestObject("Event/Delete event/Search"), "delete"): Text 'delete' is set on object 'Object Repository/Event/Delete event/Search'

2023-02-10 12:25:01 - [MESSAGE][PASSED] - Text 'delete' is set on object 'Object Repository/Event/Delete event/Search'

2023-02-10 12:25:01 - [TEST_STEP][PASSED] - click(findTestObject("z test/Delete1/Delete button event")): Object: 'Object Repository/z test/Delete1/Delete button event' is clicked on

2023-02-10 12:25:03 - [MESSAGE][PASSED] - Object: 'Object Repository/z test/Delete1/Delete button event' is clicked on

2023-02-10 12:25:03 - [TEST_STEP][PASSED] - click(findTestObject("Event/Delete event/Yes button")): Object: 'Object Repository/Event/Delete event/Yes button' is clicked on

2023-02-10 12:25:06 - [MESSAGE][PASSED] - Object: 'Object Repository/Event/Delete event/Yes button' is clicked on]]></system-out>
         <system-err><![CDATA[]]></system-err>
      </testcase>
      <testcase name="Test Cases/Quizioner/TC79_View event di quizioner" time="4.906" classname="Test Cases/Quizioner/TC79_View event di quizioner" status="FAILED">
         <failure type="FAILED" message="Test Cases/Quizioner/TC79_View event di quizioner FAILED.
Reason:
com.kms.katalon.core.exception.StepFailedException: Verify element text of test object 'Object Repository/Quizioner/View event/Event' FAILED.
	at com.kms.katalon.core.webui.keyword.internal.WebUIKeywordMain.stepFailed(WebUIKeywordMain.groovy:64)
	at com.kms.katalon.core.webui.keyword.internal.WebUIKeywordMain.runKeyword(WebUIKeywordMain.groovy:26)
	at com.kms.katalon.core.webui.keyword.builtin.VerifyElementTextKeyword.verifyElementText(VerifyElementTextKeyword.groovy:72)
	at com.kms.katalon.core.webui.keyword.builtin.VerifyElementTextKeyword.execute(VerifyElementTextKeyword.groovy:40)
	at com.kms.katalon.core.keyword.internal.KeywordExecutor.executeKeywordForPlatform(KeywordExecutor.groovy:74)
	at com.kms.katalon.core.webui.keyword.WebUiBuiltInKeywords.verifyElementText(WebUiBuiltInKeywords.groovy:4749)
	at com.kms.katalon.core.webui.keyword.WebUiBuiltInKeywords$verifyElementText$4.call(Unknown Source)
	at TC79_View event di quizioner.run(TC79_View event di quizioner:24)
	at com.kms.katalon.core.main.ScriptEngine.run(ScriptEngine.java:194)
	at com.kms.katalon.core.main.ScriptEngine.runScriptAsRawText(ScriptEngine.java:119)
	at com.kms.katalon.core.main.TestCaseExecutor.runScript(TestCaseExecutor.java:448)
	at com.kms.katalon.core.main.TestCaseExecutor.doExecute(TestCaseExecutor.java:439)
	at com.kms.katalon.core.main.TestCaseExecutor.processExecutionPhase(TestCaseExecutor.java:418)
	at com.kms.katalon.core.main.TestCaseExecutor.accessMainPhase(TestCaseExecutor.java:410)
	at com.kms.katalon.core.main.TestCaseExecutor.execute(TestCaseExecutor.java:285)
	at com.kms.katalon.core.common.CommonExecutor.accessTestCaseMainPhase(CommonExecutor.java:65)
	at com.kms.katalon.core.main.TestSuiteExecutor.accessTestSuiteMainPhase(TestSuiteExecutor.java:151)
	at com.kms.katalon.core.main.TestSuiteExecutor.execute(TestSuiteExecutor.java:106)
	at com.kms.katalon.core.main.TestCaseMain.startTestSuite(TestCaseMain.java:185)
	at com.kms.katalon.core.main.TestCaseMain$startTestSuite$0.call(Unknown Source)
	at TempTestSuite1676005934100.run(TempTestSuite1676005934100.groovy:36)
Caused by: com.kms.katalon.core.exception.StepFailedException: Actual text 'TECHNOFEST 5.0' and expected text 'TECHNOFEST 1.0' of test object 'Object Repository/Quizioner/View event/Event' are NOT matched.
	at com.kms.katalon.core.webui.keyword.internal.WebUIKeywordMain.stepFailed(WebUIKeywordMain.groovy:64)
	at com.kms.katalon.core.webui.keyword.builtin.VerifyElementTextKeyword$_verifyElementText_closure1.doCall(VerifyElementTextKeyword.groovy:57)
	at com.kms.katalon.core.webui.keyword.builtin.VerifyElementTextKeyword$_verifyElementText_closure1.call(VerifyElementTextKeyword.groovy)
	at com.kms.katalon.core.webui.keyword.internal.WebUIKeywordMain.runKeyword(WebUIKeywordMain.groovy:20)
	... 19 more
"/>
         <system-out><![CDATA[2023-02-10 12:25:06 - [TEST_CASE][FAILED] - Test Cases/Quizioner/TC79_View event di quizioner: Test Cases/Quizioner/TC79_View event di quizioner FAILED.
Reason:
com.kms.katalon.core.exception.StepFailedException: Verify element text of test object 'Object Repository/Quizioner/View event/Event' FAILED.
	at com.kms.katalon.core.webui.keyword.internal.WebUIKeywordMain.stepFailed(WebUIKeywordMain.groovy:64)
	at com.kms.katalon.core.webui.keyword.internal.WebUIKeywordMain.runKeyword(WebUIKeywordMain.groovy:26)
	at com.kms.katalon.core.webui.keyword.builtin.VerifyElementTextKeyword.verifyElementText(VerifyElementTextKeyword.groovy:72)
	at com.kms.katalon.core.webui.keyword.builtin.VerifyElementTextKeyword.execute(VerifyElementTextKeyword.groovy:40)
	at com.kms.katalon.core.keyword.internal.KeywordExecutor.executeKeywordForPlatform(KeywordExecutor.groovy:74)
	at com.kms.katalon.core.webui.keyword.WebUiBuiltInKeywords.verifyElementText(WebUiBuiltInKeywords.groovy:4749)
	at com.kms.katalon.core.webui.keyword.WebUiBuiltInKeywords$verifyElementText$4.call(Unknown Source)
	at TC79_View event di quizioner.run(TC79_View event di quizioner:24)
	at com.kms.katalon.core.main.ScriptEngine.run(ScriptEngine.java:194)
	at com.kms.katalon.core.main.ScriptEngine.runScriptAsRawText(ScriptEngine.java:119)
	at com.kms.katalon.core.main.TestCaseExecutor.runScript(TestCaseExecutor.java:448)
	at com.kms.katalon.core.main.TestCaseExecutor.doExecute(TestCaseExecutor.java:439)
	at com.kms.katalon.core.main.TestCaseExecutor.processExecutionPhase(TestCaseExecutor.java:418)
	at com.kms.katalon.core.main.TestCaseExecutor.accessMainPhase(TestCaseExecutor.java:410)
	at com.kms.katalon.core.main.TestCaseExecutor.execute(TestCaseExecutor.java:285)
	at com.kms.katalon.core.common.CommonExecutor.accessTestCaseMainPhase(CommonExecutor.java:65)
	at com.kms.katalon.core.main.TestSuiteExecutor.accessTestSuiteMainPhase(TestSuiteExecutor.java:151)
	at com.kms.katalon.core.main.TestSuiteExecutor.execute(TestSuiteExecutor.java:106)
	at com.kms.katalon.core.main.TestCaseMain.startTestSuite(TestCaseMain.java:185)
	at com.kms.katalon.core.main.TestCaseMain$startTestSuite$0.call(Unknown Source)
	at TempTestSuite1676005934100.run(TempTestSuite1676005934100.groovy:36)
Caused by: com.kms.katalon.core.exception.StepFailedException: Actual text 'TECHNOFEST 5.0' and expected text 'TECHNOFEST 1.0' of test object 'Object Repository/Quizioner/View event/Event' are NOT matched.
	at com.kms.katalon.core.webui.keyword.internal.WebUIKeywordMain.stepFailed(WebUIKeywordMain.groovy:64)
	at com.kms.katalon.core.webui.keyword.builtin.VerifyElementTextKeyword$_verifyElementText_closure1.doCall(VerifyElementTextKeyword.groovy:57)
	at com.kms.katalon.core.webui.keyword.builtin.VerifyElementTextKeyword$_verifyElementText_closure1.call(VerifyElementTextKeyword.groovy)
	at com.kms.katalon.core.webui.keyword.internal.WebUIKeywordMain.runKeyword(WebUIKeywordMain.groovy:20)
	... 19 more


2023-02-10 12:25:08 - [TEST_STEP][PASSED] - click(findTestObject("Quizioner/View event/Quizioner")): Object: 'Object Repository/Quizioner/View event/Quizioner' is clicked on

2023-02-10 12:25:10 - [MESSAGE][PASSED] - Object: 'Object Repository/Quizioner/View event/Quizioner' is clicked on

2023-02-10 12:25:10 - [TEST_STEP][PASSED] - setText(findTestObject("Quizioner/View event/Search"), "TECHNOFEST 1.0"): Text 'TECHNOFEST 1.0' is set on object 'Object Repository/Quizioner/View event/Search'

2023-02-10 12:25:11 - [MESSAGE][PASSED] - Text 'TECHNOFEST 1.0' is set on object 'Object Repository/Quizioner/View event/Search'

2023-02-10 12:25:11 - [TEST_STEP][FAILED] - verifyElementText(findTestObject("Quizioner/View event/Event"), "TECHNOFEST 1.0"): Verify element text of test object 'Object Repository/Quizioner/View event/Event' FAILED. (Root cause: com.kms.katalon.core.exception.StepFailedException: Verify element text of test object 'Object Repository/Quizioner/View event/Event' FAILED.
	at com.kms.katalon.core.webui.keyword.internal.WebUIKeywordMain.stepFailed(WebUIKeywordMain.groovy:64)
	at com.kms.katalon.core.webui.keyword.internal.WebUIKeywordMain.runKeyword(WebUIKeywordMain.groovy:26)
	at com.kms.katalon.core.webui.keyword.builtin.VerifyElementTextKeyword.verifyElementText(VerifyElementTextKeyword.groovy:72)
	at com.kms.katalon.core.webui.keyword.builtin.VerifyElementTextKeyword.execute(VerifyElementTextKeyword.groovy:40)
	at com.kms.katalon.core.keyword.internal.KeywordExecutor.executeKeywordForPlatform(KeywordExecutor.groovy:74)
	at com.kms.katalon.core.webui.keyword.WebUiBuiltInKeywords.verifyElementText(WebUiBuiltInKeywords.groovy:4749)
	at com.kms.katalon.core.webui.keyword.WebUiBuiltInKeywords$verifyElementText$4.call(Unknown Source)
	at TC79_View event di quizioner.run(TC79_View event di quizioner:24)
	at com.kms.katalon.core.main.ScriptEngine.run(ScriptEngine.java:194)
	at com.kms.katalon.core.main.ScriptEngine.runScriptAsRawText(ScriptEngine.java:119)
	at com.kms.katalon.core.main.TestCaseExecutor.runScript(TestCaseExecutor.java:448)
	at com.kms.katalon.core.main.TestCaseExecutor.doExecute(TestCaseExecutor.java:439)
	at com.kms.katalon.core.main.TestCaseExecutor.processExecutionPhase(TestCaseExecutor.java:418)
	at com.kms.katalon.core.main.TestCaseExecutor.accessMainPhase(TestCaseExecutor.java:410)
	at com.kms.katalon.core.main.TestCaseExecutor.execute(TestCaseExecutor.java:285)
	at com.kms.katalon.core.common.CommonExecutor.accessTestCaseMainPhase(CommonExecutor.java:65)
	at com.kms.katalon.core.main.TestSuiteExecutor.accessTestSuiteMainPhase(TestSuiteExecutor.java:151)
	at com.kms.katalon.core.main.TestSuiteExecutor.execute(TestSuiteExecutor.java:106)
	at com.kms.katalon.core.main.TestCaseMain.startTestSuite(TestCaseMain.java:185)
	at com.kms.katalon.core.main.TestCaseMain$startTestSuite$0.call(Unknown Source)
	at TempTestSuite1676005934100.run(TempTestSuite1676005934100.groovy:36)
Caused by: com.kms.katalon.core.exception.StepFailedException: Actual text 'TECHNOFEST 5.0' and expected text 'TECHNOFEST 1.0' of test object 'Object Repository/Quizioner/View event/Event' are NOT matched.
	at com.kms.katalon.core.webui.keyword.internal.WebUIKeywordMain.stepFailed(WebUIKeywordMain.groovy:64)
	at com.kms.katalon.core.webui.keyword.builtin.VerifyElementTextKeyword$_verifyElementText_closure1.doCall(VerifyElementTextKeyword.groovy:57)
	at com.kms.katalon.core.webui.keyword.builtin.VerifyElementTextKeyword$_verifyElementText_closure1.call(VerifyElementTextKeyword.groovy)
	at com.kms.katalon.core.webui.keyword.internal.WebUIKeywordMain.runKeyword(WebUIKeywordMain.groovy:20)
	... 19 more
)

2023-02-10 12:25:11 - [MESSAGE][FAILED] - Actual text 'TECHNOFEST 5.0' and expected text 'TECHNOFEST 1.0' of test object 'Object Repository/Quizioner/View event/Event' are NOT matched. (Root cause: com.kms.katalon.core.exception.StepFailedException: Actual text 'TECHNOFEST 5.0' and expected text 'TECHNOFEST 1.0' of test object 'Object Repository/Quizioner/View event/Event' are NOT matched.
	at com.kms.katalon.core.webui.keyword.internal.WebUIKeywordMain.stepFailed(WebUIKeywordMain.groovy:64)
	at com.kms.katalon.core.webui.keyword.builtin.VerifyElementTextKeyword$_verifyElementText_closure1.doCall(VerifyElementTextKeyword.groovy:57)
	at com.kms.katalon.core.webui.keyword.builtin.VerifyElementTextKeyword$_verifyElementText_closure1.call(VerifyElementTextKeyword.groovy)
	at com.kms.katalon.core.webui.keyword.internal.WebUIKeywordMain.runKeyword(WebUIKeywordMain.groovy:20)
	at com.kms.katalon.core.webui.keyword.builtin.VerifyElementTextKeyword.verifyElementText(VerifyElementTextKeyword.groovy:72)
	at com.kms.katalon.core.webui.keyword.builtin.VerifyElementTextKeyword.execute(VerifyElementTextKeyword.groovy:40)
	at com.kms.katalon.core.keyword.internal.KeywordExecutor.executeKeywordForPlatform(KeywordExecutor.groovy:74)
	at com.kms.katalon.core.webui.keyword.WebUiBuiltInKeywords.verifyElementText(WebUiBuiltInKeywords.groovy:4749)
	at com.kms.katalon.core.webui.keyword.WebUiBuiltInKeywords$verifyElementText$4.call(Unknown Source)
	at TC79_View event di quizioner.run(TC79_View event di quizioner:24)
	at com.kms.katalon.core.main.ScriptEngine.run(ScriptEngine.java:194)
	at com.kms.katalon.core.main.ScriptEngine.runScriptAsRawText(ScriptEngine.java:119)
	at com.kms.katalon.core.main.TestCaseExecutor.runScript(TestCaseExecutor.java:448)
	at com.kms.katalon.core.main.TestCaseExecutor.doExecute(TestCaseExecutor.java:439)
	at com.kms.katalon.core.main.TestCaseExecutor.processExecutionPhase(TestCaseExecutor.java:418)
	at com.kms.katalon.core.main.TestCaseExecutor.accessMainPhase(TestCaseExecutor.java:410)
	at com.kms.katalon.core.main.TestCaseExecutor.execute(TestCaseExecutor.java:285)
	at com.kms.katalon.core.common.CommonExecutor.accessTestCaseMainPhase(CommonExecutor.java:65)
	at com.kms.katalon.core.main.TestSuiteExecutor.accessTestSuiteMainPhase(TestSuiteExecutor.java:151)
	at com.kms.katalon.core.main.TestSuiteExecutor.execute(TestSuiteExecutor.java:106)
	at com.kms.katalon.core.main.TestCaseMain.startTestSuite(TestCaseMain.java:185)
	at com.kms.katalon.core.main.TestCaseMain$startTestSuite$0.call(Unknown Source)
	at TempTestSuite1676005934100.run(TempTestSuite1676005934100.groovy:36)
)
[[ATTACHMENT|C:\\Users\\GA502GU\\Katalon Studio\\TechnofestAdmin5\\Reports\\20230210_121214\\TS01_TechnofestAdmin\\20230210_121214\\1676006711395.png]]

2023-02-10 12:25:11 - [MESSAGE][WARNING] - Cannot take screenshot

2023-02-10 12:25:11 - [MESSAGE][FAILED] - Verify element text of test object 'Object Repository/Quizioner/View event/Event' FAILED. (Root cause: com.kms.katalon.core.exception.StepFailedException: Verify element text of test object 'Object Repository/Quizioner/View event/Event' FAILED.
	at com.kms.katalon.core.webui.keyword.internal.WebUIKeywordMain.stepFailed(WebUIKeywordMain.groovy:64)
	at com.kms.katalon.core.webui.keyword.internal.WebUIKeywordMain.runKeyword(WebUIKeywordMain.groovy:26)
	at com.kms.katalon.core.webui.keyword.builtin.VerifyElementTextKeyword.verifyElementText(VerifyElementTextKeyword.groovy:72)
	at com.kms.katalon.core.webui.keyword.builtin.VerifyElementTextKeyword.execute(VerifyElementTextKeyword.groovy:40)
	at com.kms.katalon.core.keyword.internal.KeywordExecutor.executeKeywordForPlatform(KeywordExecutor.groovy:74)
	at com.kms.katalon.core.webui.keyword.WebUiBuiltInKeywords.verifyElementText(WebUiBuiltInKeywords.groovy:4749)
	at com.kms.katalon.core.webui.keyword.WebUiBuiltInKeywords$verifyElementText$4.call(Unknown Source)
	at TC79_View event di quizioner.run(TC79_View event di quizioner:24)
	at com.kms.katalon.core.main.ScriptEngine.run(ScriptEngine.java:194)
	at com.kms.katalon.core.main.ScriptEngine.runScriptAsRawText(ScriptEngine.java:119)
	at com.kms.katalon.core.main.TestCaseExecutor.runScript(TestCaseExecutor.java:448)
	at com.kms.katalon.core.main.TestCaseExecutor.doExecute(TestCaseExecutor.java:439)
	at com.kms.katalon.core.main.TestCaseExecutor.processExecutionPhase(TestCaseExecutor.java:418)
	at com.kms.katalon.core.main.TestCaseExecutor.accessMainPhase(TestCaseExecutor.java:410)
	at com.kms.katalon.core.main.TestCaseExecutor.execute(TestCaseExecutor.java:285)
	at com.kms.katalon.core.common.CommonExecutor.accessTestCaseMainPhase(CommonExecutor.java:65)
	at com.kms.katalon.core.main.TestSuiteExecutor.accessTestSuiteMainPhase(TestSuiteExecutor.java:151)
	at com.kms.katalon.core.main.TestSuiteExecutor.execute(TestSuiteExecutor.java:106)
	at com.kms.katalon.core.main.TestCaseMain.startTestSuite(TestCaseMain.java:185)
	at com.kms.katalon.core.main.TestCaseMain$startTestSuite$0.call(Unknown Source)
	at TempTestSuite1676005934100.run(TempTestSuite1676005934100.groovy:36)
Caused by: com.kms.katalon.core.exception.StepFailedException: Actual text 'TECHNOFEST 5.0' and expected text 'TECHNOFEST 1.0' of test object 'Object Repository/Quizioner/View event/Event' are NOT matched.
	at com.kms.katalon.core.webui.keyword.internal.WebUIKeywordMain.stepFailed(WebUIKeywordMain.groovy:64)
	at com.kms.katalon.core.webui.keyword.builtin.VerifyElementTextKeyword$_verifyElementText_closure1.doCall(VerifyElementTextKeyword.groovy:57)
	at com.kms.katalon.core.webui.keyword.builtin.VerifyElementTextKeyword$_verifyElementText_closure1.call(VerifyElementTextKeyword.groovy)
	at com.kms.katalon.core.webui.keyword.internal.WebUIKeywordMain.runKeyword(WebUIKeywordMain.groovy:20)
	... 19 more
)]]></system-out>
         <system-err><![CDATA[2023-02-10 12:25:06 - [TEST_CASE][FAILED] - Test Cases/Quizioner/TC79_View event di quizioner: Test Cases/Quizioner/TC79_View event di quizioner FAILED.
Reason:
com.kms.katalon.core.exception.StepFailedException: Verify element text of test object 'Object Repository/Quizioner/View event/Event' FAILED.
	at com.kms.katalon.core.webui.keyword.internal.WebUIKeywordMain.stepFailed(WebUIKeywordMain.groovy:64)
	at com.kms.katalon.core.webui.keyword.internal.WebUIKeywordMain.runKeyword(WebUIKeywordMain.groovy:26)
	at com.kms.katalon.core.webui.keyword.builtin.VerifyElementTextKeyword.verifyElementText(VerifyElementTextKeyword.groovy:72)
	at com.kms.katalon.core.webui.keyword.builtin.VerifyElementTextKeyword.execute(VerifyElementTextKeyword.groovy:40)
	at com.kms.katalon.core.keyword.internal.KeywordExecutor.executeKeywordForPlatform(KeywordExecutor.groovy:74)
	at com.kms.katalon.core.webui.keyword.WebUiBuiltInKeywords.verifyElementText(WebUiBuiltInKeywords.groovy:4749)
	at com.kms.katalon.core.webui.keyword.WebUiBuiltInKeywords$verifyElementText$4.call(Unknown Source)
	at TC79_View event di quizioner.run(TC79_View event di quizioner:24)
	at com.kms.katalon.core.main.ScriptEngine.run(ScriptEngine.java:194)
	at com.kms.katalon.core.main.ScriptEngine.runScriptAsRawText(ScriptEngine.java:119)
	at com.kms.katalon.core.main.TestCaseExecutor.runScript(TestCaseExecutor.java:448)
	at com.kms.katalon.core.main.TestCaseExecutor.doExecute(TestCaseExecutor.java:439)
	at com.kms.katalon.core.main.TestCaseExecutor.processExecutionPhase(TestCaseExecutor.java:418)
	at com.kms.katalon.core.main.TestCaseExecutor.accessMainPhase(TestCaseExecutor.java:410)
	at com.kms.katalon.core.main.TestCaseExecutor.execute(TestCaseExecutor.java:285)
	at com.kms.katalon.core.common.CommonExecutor.accessTestCaseMainPhase(CommonExecutor.java:65)
	at com.kms.katalon.core.main.TestSuiteExecutor.accessTestSuiteMainPhase(TestSuiteExecutor.java:151)
	at com.kms.katalon.core.main.TestSuiteExecutor.execute(TestSuiteExecutor.java:106)
	at com.kms.katalon.core.main.TestCaseMain.startTestSuite(TestCaseMain.java:185)
	at com.kms.katalon.core.main.TestCaseMain$startTestSuite$0.call(Unknown Source)
	at TempTestSuite1676005934100.run(TempTestSuite1676005934100.groovy:36)
Caused by: com.kms.katalon.core.exception.StepFailedException: Actual text 'TECHNOFEST 5.0' and expected text 'TECHNOFEST 1.0' of test object 'Object Repository/Quizioner/View event/Event' are NOT matched.
	at com.kms.katalon.core.webui.keyword.internal.WebUIKeywordMain.stepFailed(WebUIKeywordMain.groovy:64)
	at com.kms.katalon.core.webui.keyword.builtin.VerifyElementTextKeyword$_verifyElementText_closure1.doCall(VerifyElementTextKeyword.groovy:57)
	at com.kms.katalon.core.webui.keyword.builtin.VerifyElementTextKeyword$_verifyElementText_closure1.call(VerifyElementTextKeyword.groovy)
	at com.kms.katalon.core.webui.keyword.internal.WebUIKeywordMain.runKeyword(WebUIKeywordMain.groovy:20)
	... 19 more]]></system-err>
      </testcase>
      <testcase name="Test Cases/Quizioner/TC80_Add quizioner" time="16.831" classname="Test Cases/Quizioner/TC80_Add quizioner" status="PASSED">
         <system-out><![CDATA[2023-02-10 12:25:11 - [TEST_CASE][PASSED] - Test Cases/Quizioner/TC80_Add quizioner: Test Cases/Quizioner/TC80_Add quizioner

2023-02-10 12:25:13 - [TEST_STEP][PASSED] - click(findTestObject("Quizioner/Add quizioner/Action button")): Object: 'Object Repository/Quizioner/Add quizioner/Action button' is clicked on

2023-02-10 12:25:14 - [MESSAGE][PASSED] - Object: 'Object Repository/Quizioner/Add quizioner/Action button' is clicked on

2023-02-10 12:25:14 - [TEST_STEP][PASSED] - click(findTestObject("Quizioner/Add quizioner/Add Item")): Object: 'Object Repository/Quizioner/Add quizioner/Add Item' is clicked on

2023-02-10 12:25:15 - [MESSAGE][PASSED] - Object: 'Object Repository/Quizioner/Add quizioner/Add Item' is clicked on

2023-02-10 12:25:15 - [TEST_STEP][PASSED] - verifyElementText(findTestObject("Quizioner/Add quizioner/Create Quizioner"), "Create Quizioner"): Actual text and expected text of test object 'Object Repository/Quizioner/Add quizioner/Create Quizioner' are matched.

2023-02-10 12:25:16 - [MESSAGE][PASSED] - Actual text and expected text of test object 'Object Repository/Quizioner/Add quizioner/Create Quizioner' are matched.

2023-02-10 12:25:16 - [TEST_STEP][PASSED] - setText(findTestObject("Quizioner/Add quizioner/Question"), "test pertanyaan ?"): Text 'test pertanyaan ?' is set on object 'Object Repository/Quizioner/Add quizioner/Question'

2023-02-10 12:25:17 - [MESSAGE][PASSED] - Text 'test pertanyaan ?' is set on object 'Object Repository/Quizioner/Add quizioner/Question'

2023-02-10 12:25:17 - [TEST_STEP][PASSED] - click(findTestObject("Quizioner/Add quizioner/Choose type")): Object: 'Object Repository/Quizioner/Add quizioner/Choose type' is clicked on

2023-02-10 12:25:17 - [MESSAGE][PASSED] - Object: 'Object Repository/Quizioner/Add quizioner/Choose type' is clicked on

2023-02-10 12:25:17 - [TEST_STEP][PASSED] - setText(findTestObject("Quizioner/Add quizioner/Search type"), "text"): Text 'text' is set on object 'Object Repository/Quizioner/Add quizioner/Search type'

2023-02-10 12:25:18 - [MESSAGE][PASSED] - Text 'text' is set on object 'Object Repository/Quizioner/Add quizioner/Search type'

2023-02-10 12:25:18 - [TEST_STEP][PASSED] - sendKeys(findTestObject("Quizioner/Add quizioner/Search type"), Keys.chord(ENTER)): Keys 'ENTER + ' sent to object: 'Object Repository/Quizioner/Add quizioner/Search type'

2023-02-10 12:25:19 - [MESSAGE][PASSED] - Keys 'ENTER + ' sent to object: 'Object Repository/Quizioner/Add quizioner/Search type'

2023-02-10 12:25:19 - [TEST_STEP][PASSED] - setText(findTestObject("Quizioner/Add quizioner/Name"), "test name"): Text 'test name' is set on object 'Object Repository/Quizioner/Add quizioner/Name'

2023-02-10 12:25:20 - [MESSAGE][PASSED] - Text 'test name' is set on object 'Object Repository/Quizioner/Add quizioner/Name'

2023-02-10 12:25:20 - [TEST_STEP][PASSED] - setText(findTestObject("Quizioner/Add quizioner/Placeholder"), "test placeholder"): Text 'test placeholder' is set on object 'Object Repository/Quizioner/Add quizioner/Placeholder'

2023-02-10 12:25:21 - [MESSAGE][PASSED] - Text 'test placeholder' is set on object 'Object Repository/Quizioner/Add quizioner/Placeholder'

2023-02-10 12:25:21 - [TEST_STEP][PASSED] - setText(findTestObject("Quizioner/Add quizioner/Caption"), "test caption"): Text 'test caption' is set on object 'Object Repository/Quizioner/Add quizioner/Caption'

2023-02-10 12:25:22 - [MESSAGE][PASSED] - Text 'test caption' is set on object 'Object Repository/Quizioner/Add quizioner/Caption'

2023-02-10 12:25:22 - [TEST_STEP][PASSED] - click(findTestObject("Quizioner/Add quizioner/Sequence")): Object: 'Object Repository/Quizioner/Add quizioner/Sequence' is clicked on

2023-02-10 12:25:23 - [MESSAGE][PASSED] - Object: 'Object Repository/Quizioner/Add quizioner/Sequence' is clicked on

2023-02-10 12:25:23 - [TEST_STEP][PASSED] - sendKeys(findTestObject("Quizioner/Add quizioner/Sequence"), Keys.chord(NUMPAD6)): Keys 'NUMPAD6 + ' sent to object: 'Object Repository/Quizioner/Add quizioner/Sequence'

2023-02-10 12:25:23 - [MESSAGE][PASSED] - Keys 'NUMPAD6 + ' sent to object: 'Object Repository/Quizioner/Add quizioner/Sequence'

2023-02-10 12:25:23 - [TEST_STEP][PASSED] - sendKeys(findTestObject("Quizioner/Add quizioner/Sequence"), Keys.chord(ENTER)): Keys 'ENTER + ' sent to object: 'Object Repository/Quizioner/Add quizioner/Sequence'

2023-02-10 12:25:24 - [MESSAGE][PASSED] - Keys 'ENTER + ' sent to object: 'Object Repository/Quizioner/Add quizioner/Sequence'

2023-02-10 12:25:24 - [TEST_STEP][PASSED] - click(findTestObject("Quizioner/Add quizioner/Status")): Object: 'Object Repository/Quizioner/Add quizioner/Status' is clicked on

2023-02-10 12:25:24 - [MESSAGE][PASSED] - Object: 'Object Repository/Quizioner/Add quizioner/Status' is clicked on

2023-02-10 12:25:24 - [TEST_STEP][PASSED] - sendKeys(findTestObject("Quizioner/Add quizioner/Status"), "n"): Keys 'n' sent to object: 'Object Repository/Quizioner/Add quizioner/Status'

2023-02-10 12:25:25 - [MESSAGE][PASSED] - Keys 'n' sent to object: 'Object Repository/Quizioner/Add quizioner/Status'

2023-02-10 12:25:25 - [TEST_STEP][PASSED] - sendKeys(findTestObject("Quizioner/Add quizioner/Status"), Keys.chord(ENTER)): Keys 'ENTER + ' sent to object: 'Object Repository/Quizioner/Add quizioner/Status'

2023-02-10 12:25:26 - [MESSAGE][PASSED] - Keys 'ENTER + ' sent to object: 'Object Repository/Quizioner/Add quizioner/Status'

2023-02-10 12:25:26 - [TEST_STEP][PASSED] - click(findTestObject("Quizioner/Add quizioner/Is Required")): Object: 'Object Repository/Quizioner/Add quizioner/Is Required' is clicked on

2023-02-10 12:25:26 - [MESSAGE][PASSED] - Object: 'Object Repository/Quizioner/Add quizioner/Is Required' is clicked on

2023-02-10 12:25:26 - [TEST_STEP][PASSED] - click(findTestObject("Quizioner/Add quizioner/Submit button")): Object: 'Object Repository/Quizioner/Add quizioner/Submit button' is clicked on

2023-02-10 12:25:28 - [MESSAGE][PASSED] - Object: 'Object Repository/Quizioner/Add quizioner/Submit button' is clicked on]]></system-out>
         <system-err><![CDATA[]]></system-err>
      </testcase>
      <testcase name="Test Cases/Quizioner/TC81_Add quizioner tanpa mengisi form" time="6.192" classname="Test Cases/Quizioner/TC81_Add quizioner tanpa mengisi form" status="PASSED">
         <system-out><![CDATA[2023-02-10 12:25:28 - [TEST_CASE][PASSED] - Test Cases/Quizioner/TC81_Add quizioner tanpa mengisi form: Test Cases/Quizioner/TC81_Add quizioner tanpa mengisi form

2023-02-10 12:25:30 - [TEST_STEP][PASSED] - click(findTestObject("Quizioner/Add quizioner/Add Item")): Object: 'Object Repository/Quizioner/Add quizioner/Add Item' is clicked on

2023-02-10 12:25:33 - [MESSAGE][PASSED] - Object: 'Object Repository/Quizioner/Add quizioner/Add Item' is clicked on

2023-02-10 12:25:33 - [TEST_STEP][PASSED] - verifyElementText(findTestObject("Quizioner/Add quizioner/Create Quizioner"), "Create Quizioner"): Actual text and expected text of test object 'Object Repository/Quizioner/Add quizioner/Create Quizioner' are matched.

2023-02-10 12:25:34 - [MESSAGE][PASSED] - Actual text and expected text of test object 'Object Repository/Quizioner/Add quizioner/Create Quizioner' are matched.

2023-02-10 12:25:34 - [TEST_STEP][PASSED] - click(findTestObject("Quizioner/Add quizioner/Submit button")): Object: 'Object Repository/Quizioner/Add quizioner/Submit button' is clicked on

2023-02-10 12:25:34 - [MESSAGE][PASSED] - Object: 'Object Repository/Quizioner/Add quizioner/Submit button' is clicked on

2023-02-10 12:25:34 - [TEST_STEP][PASSED] - back(): Navigate back successfully

2023-02-10 12:25:34 - [MESSAGE][PASSED] - Navigate back successfully]]></system-out>
         <system-err><![CDATA[]]></system-err>
      </testcase>
      <testcase name="Test Cases/Quizioner/TC82_View quizioner" time="3.762" classname="Test Cases/Quizioner/TC82_View quizioner" status="FAILED">
         <failure type="FAILED" message="Test Cases/Quizioner/TC82_View quizioner FAILED.
Reason:
com.kms.katalon.core.exception.StepFailedException: Verify element text of test object 'Object Repository/Quizioner/View quizioner/Name' FAILED.
	at com.kms.katalon.core.webui.keyword.internal.WebUIKeywordMain.stepFailed(WebUIKeywordMain.groovy:64)
	at com.kms.katalon.core.webui.keyword.internal.WebUIKeywordMain.runKeyword(WebUIKeywordMain.groovy:26)
	at com.kms.katalon.core.webui.keyword.builtin.VerifyElementTextKeyword.verifyElementText(VerifyElementTextKeyword.groovy:72)
	at com.kms.katalon.core.webui.keyword.builtin.VerifyElementTextKeyword.execute(VerifyElementTextKeyword.groovy:40)
	at com.kms.katalon.core.keyword.internal.KeywordExecutor.executeKeywordForPlatform(KeywordExecutor.groovy:74)
	at com.kms.katalon.core.webui.keyword.WebUiBuiltInKeywords.verifyElementText(WebUiBuiltInKeywords.groovy:4749)
	at com.kms.katalon.core.webui.keyword.WebUiBuiltInKeywords$verifyElementText$4.call(Unknown Source)
	at TC82_View quizioner.run(TC82_View quizioner:24)
	at com.kms.katalon.core.main.ScriptEngine.run(ScriptEngine.java:194)
	at com.kms.katalon.core.main.ScriptEngine.runScriptAsRawText(ScriptEngine.java:119)
	at com.kms.katalon.core.main.TestCaseExecutor.runScript(TestCaseExecutor.java:448)
	at com.kms.katalon.core.main.TestCaseExecutor.doExecute(TestCaseExecutor.java:439)
	at com.kms.katalon.core.main.TestCaseExecutor.processExecutionPhase(TestCaseExecutor.java:418)
	at com.kms.katalon.core.main.TestCaseExecutor.accessMainPhase(TestCaseExecutor.java:410)
	at com.kms.katalon.core.main.TestCaseExecutor.execute(TestCaseExecutor.java:285)
	at com.kms.katalon.core.common.CommonExecutor.accessTestCaseMainPhase(CommonExecutor.java:65)
	at com.kms.katalon.core.main.TestSuiteExecutor.accessTestSuiteMainPhase(TestSuiteExecutor.java:151)
	at com.kms.katalon.core.main.TestSuiteExecutor.execute(TestSuiteExecutor.java:106)
	at com.kms.katalon.core.main.TestCaseMain.startTestSuite(TestCaseMain.java:185)
	at com.kms.katalon.core.main.TestCaseMain$startTestSuite$0.call(Unknown Source)
	at TempTestSuite1676005934100.run(TempTestSuite1676005934100.groovy:36)
Caused by: com.kms.katalon.core.exception.StepFailedException: Actual text 'saran' and expected text 'kategori' of test object 'Object Repository/Quizioner/View quizioner/Name' are NOT matched.
	at com.kms.katalon.core.webui.keyword.internal.WebUIKeywordMain.stepFailed(WebUIKeywordMain.groovy:64)
	at com.kms.katalon.core.webui.keyword.builtin.VerifyElementTextKeyword$_verifyElementText_closure1.doCall(VerifyElementTextKeyword.groovy:57)
	at com.kms.katalon.core.webui.keyword.builtin.VerifyElementTextKeyword$_verifyElementText_closure1.call(VerifyElementTextKeyword.groovy)
	at com.kms.katalon.core.webui.keyword.internal.WebUIKeywordMain.runKeyword(WebUIKeywordMain.groovy:20)
	... 19 more
"/>
         <system-out><![CDATA[2023-02-10 12:25:34 - [TEST_CASE][FAILED] - Test Cases/Quizioner/TC82_View quizioner: Test Cases/Quizioner/TC82_View quizioner FAILED.
Reason:
com.kms.katalon.core.exception.StepFailedException: Verify element text of test object 'Object Repository/Quizioner/View quizioner/Name' FAILED.
	at com.kms.katalon.core.webui.keyword.internal.WebUIKeywordMain.stepFailed(WebUIKeywordMain.groovy:64)
	at com.kms.katalon.core.webui.keyword.internal.WebUIKeywordMain.runKeyword(WebUIKeywordMain.groovy:26)
	at com.kms.katalon.core.webui.keyword.builtin.VerifyElementTextKeyword.verifyElementText(VerifyElementTextKeyword.groovy:72)
	at com.kms.katalon.core.webui.keyword.builtin.VerifyElementTextKeyword.execute(VerifyElementTextKeyword.groovy:40)
	at com.kms.katalon.core.keyword.internal.KeywordExecutor.executeKeywordForPlatform(KeywordExecutor.groovy:74)
	at com.kms.katalon.core.webui.keyword.WebUiBuiltInKeywords.verifyElementText(WebUiBuiltInKeywords.groovy:4749)
	at com.kms.katalon.core.webui.keyword.WebUiBuiltInKeywords$verifyElementText$4.call(Unknown Source)
	at TC82_View quizioner.run(TC82_View quizioner:24)
	at com.kms.katalon.core.main.ScriptEngine.run(ScriptEngine.java:194)
	at com.kms.katalon.core.main.ScriptEngine.runScriptAsRawText(ScriptEngine.java:119)
	at com.kms.katalon.core.main.TestCaseExecutor.runScript(TestCaseExecutor.java:448)
	at com.kms.katalon.core.main.TestCaseExecutor.doExecute(TestCaseExecutor.java:439)
	at com.kms.katalon.core.main.TestCaseExecutor.processExecutionPhase(TestCaseExecutor.java:418)
	at com.kms.katalon.core.main.TestCaseExecutor.accessMainPhase(TestCaseExecutor.java:410)
	at com.kms.katalon.core.main.TestCaseExecutor.execute(TestCaseExecutor.java:285)
	at com.kms.katalon.core.common.CommonExecutor.accessTestCaseMainPhase(CommonExecutor.java:65)
	at com.kms.katalon.core.main.TestSuiteExecutor.accessTestSuiteMainPhase(TestSuiteExecutor.java:151)
	at com.kms.katalon.core.main.TestSuiteExecutor.execute(TestSuiteExecutor.java:106)
	at com.kms.katalon.core.main.TestCaseMain.startTestSuite(TestCaseMain.java:185)
	at com.kms.katalon.core.main.TestCaseMain$startTestSuite$0.call(Unknown Source)
	at TempTestSuite1676005934100.run(TempTestSuite1676005934100.groovy:36)
Caused by: com.kms.katalon.core.exception.StepFailedException: Actual text 'saran' and expected text 'kategori' of test object 'Object Repository/Quizioner/View quizioner/Name' are NOT matched.
	at com.kms.katalon.core.webui.keyword.internal.WebUIKeywordMain.stepFailed(WebUIKeywordMain.groovy:64)
	at com.kms.katalon.core.webui.keyword.builtin.VerifyElementTextKeyword$_verifyElementText_closure1.doCall(VerifyElementTextKeyword.groovy:57)
	at com.kms.katalon.core.webui.keyword.builtin.VerifyElementTextKeyword$_verifyElementText_closure1.call(VerifyElementTextKeyword.groovy)
	at com.kms.katalon.core.webui.keyword.internal.WebUIKeywordMain.runKeyword(WebUIKeywordMain.groovy:20)
	... 19 more


2023-02-10 12:25:36 - [TEST_STEP][PASSED] - click(findTestObject("Quizioner/View quizioner/Export")): Object: 'Object Repository/Quizioner/View quizioner/Export' is clicked on

2023-02-10 12:25:36 - [MESSAGE][PASSED] - Object: 'Object Repository/Quizioner/View quizioner/Export' is clicked on

2023-02-10 12:25:36 - [TEST_STEP][PASSED] - setText(findTestObject("Quizioner/View quizioner/Search"), "kategori"): Text 'kategori' is set on object 'Object Repository/Quizioner/View quizioner/Search'

2023-02-10 12:25:38 - [MESSAGE][PASSED] - Text 'kategori' is set on object 'Object Repository/Quizioner/View quizioner/Search'

2023-02-10 12:25:38 - [TEST_STEP][FAILED] - verifyElementText(findTestObject("Quizioner/View quizioner/Name"), "kategori"): Verify element text of test object 'Object Repository/Quizioner/View quizioner/Name' FAILED. (Root cause: com.kms.katalon.core.exception.StepFailedException: Verify element text of test object 'Object Repository/Quizioner/View quizioner/Name' FAILED.
	at com.kms.katalon.core.webui.keyword.internal.WebUIKeywordMain.stepFailed(WebUIKeywordMain.groovy:64)
	at com.kms.katalon.core.webui.keyword.internal.WebUIKeywordMain.runKeyword(WebUIKeywordMain.groovy:26)
	at com.kms.katalon.core.webui.keyword.builtin.VerifyElementTextKeyword.verifyElementText(VerifyElementTextKeyword.groovy:72)
	at com.kms.katalon.core.webui.keyword.builtin.VerifyElementTextKeyword.execute(VerifyElementTextKeyword.groovy:40)
	at com.kms.katalon.core.keyword.internal.KeywordExecutor.executeKeywordForPlatform(KeywordExecutor.groovy:74)
	at com.kms.katalon.core.webui.keyword.WebUiBuiltInKeywords.verifyElementText(WebUiBuiltInKeywords.groovy:4749)
	at com.kms.katalon.core.webui.keyword.WebUiBuiltInKeywords$verifyElementText$4.call(Unknown Source)
	at TC82_View quizioner.run(TC82_View quizioner:24)
	at com.kms.katalon.core.main.ScriptEngine.run(ScriptEngine.java:194)
	at com.kms.katalon.core.main.ScriptEngine.runScriptAsRawText(ScriptEngine.java:119)
	at com.kms.katalon.core.main.TestCaseExecutor.runScript(TestCaseExecutor.java:448)
	at com.kms.katalon.core.main.TestCaseExecutor.doExecute(TestCaseExecutor.java:439)
	at com.kms.katalon.core.main.TestCaseExecutor.processExecutionPhase(TestCaseExecutor.java:418)
	at com.kms.katalon.core.main.TestCaseExecutor.accessMainPhase(TestCaseExecutor.java:410)
	at com.kms.katalon.core.main.TestCaseExecutor.execute(TestCaseExecutor.java:285)
	at com.kms.katalon.core.common.CommonExecutor.accessTestCaseMainPhase(CommonExecutor.java:65)
	at com.kms.katalon.core.main.TestSuiteExecutor.accessTestSuiteMainPhase(TestSuiteExecutor.java:151)
	at com.kms.katalon.core.main.TestSuiteExecutor.execute(TestSuiteExecutor.java:106)
	at com.kms.katalon.core.main.TestCaseMain.startTestSuite(TestCaseMain.java:185)
	at com.kms.katalon.core.main.TestCaseMain$startTestSuite$0.call(Unknown Source)
	at TempTestSuite1676005934100.run(TempTestSuite1676005934100.groovy:36)
Caused by: com.kms.katalon.core.exception.StepFailedException: Actual text 'saran' and expected text 'kategori' of test object 'Object Repository/Quizioner/View quizioner/Name' are NOT matched.
	at com.kms.katalon.core.webui.keyword.internal.WebUIKeywordMain.stepFailed(WebUIKeywordMain.groovy:64)
	at com.kms.katalon.core.webui.keyword.builtin.VerifyElementTextKeyword$_verifyElementText_closure1.doCall(VerifyElementTextKeyword.groovy:57)
	at com.kms.katalon.core.webui.keyword.builtin.VerifyElementTextKeyword$_verifyElementText_closure1.call(VerifyElementTextKeyword.groovy)
	at com.kms.katalon.core.webui.keyword.internal.WebUIKeywordMain.runKeyword(WebUIKeywordMain.groovy:20)
	... 19 more
)

2023-02-10 12:25:38 - [MESSAGE][WARNING] - Cannot take screenshot

2023-02-10 12:25:38 - [MESSAGE][FAILED] - Actual text 'saran' and expected text 'kategori' of test object 'Object Repository/Quizioner/View quizioner/Name' are NOT matched. (Root cause: com.kms.katalon.core.exception.StepFailedException: Actual text 'saran' and expected text 'kategori' of test object 'Object Repository/Quizioner/View quizioner/Name' are NOT matched.
	at com.kms.katalon.core.webui.keyword.internal.WebUIKeywordMain.stepFailed(WebUIKeywordMain.groovy:64)
	at com.kms.katalon.core.webui.keyword.builtin.VerifyElementTextKeyword$_verifyElementText_closure1.doCall(VerifyElementTextKeyword.groovy:57)
	at com.kms.katalon.core.webui.keyword.builtin.VerifyElementTextKeyword$_verifyElementText_closure1.call(VerifyElementTextKeyword.groovy)
	at com.kms.katalon.core.webui.keyword.internal.WebUIKeywordMain.runKeyword(WebUIKeywordMain.groovy:20)
	at com.kms.katalon.core.webui.keyword.builtin.VerifyElementTextKeyword.verifyElementText(VerifyElementTextKeyword.groovy:72)
	at com.kms.katalon.core.webui.keyword.builtin.VerifyElementTextKeyword.execute(VerifyElementTextKeyword.groovy:40)
	at com.kms.katalon.core.keyword.internal.KeywordExecutor.executeKeywordForPlatform(KeywordExecutor.groovy:74)
	at com.kms.katalon.core.webui.keyword.WebUiBuiltInKeywords.verifyElementText(WebUiBuiltInKeywords.groovy:4749)
	at com.kms.katalon.core.webui.keyword.WebUiBuiltInKeywords$verifyElementText$4.call(Unknown Source)
	at TC82_View quizioner.run(TC82_View quizioner:24)
	at com.kms.katalon.core.main.ScriptEngine.run(ScriptEngine.java:194)
	at com.kms.katalon.core.main.ScriptEngine.runScriptAsRawText(ScriptEngine.java:119)
	at com.kms.katalon.core.main.TestCaseExecutor.runScript(TestCaseExecutor.java:448)
	at com.kms.katalon.core.main.TestCaseExecutor.doExecute(TestCaseExecutor.java:439)
	at com.kms.katalon.core.main.TestCaseExecutor.processExecutionPhase(TestCaseExecutor.java:418)
	at com.kms.katalon.core.main.TestCaseExecutor.accessMainPhase(TestCaseExecutor.java:410)
	at com.kms.katalon.core.main.TestCaseExecutor.execute(TestCaseExecutor.java:285)
	at com.kms.katalon.core.common.CommonExecutor.accessTestCaseMainPhase(CommonExecutor.java:65)
	at com.kms.katalon.core.main.TestSuiteExecutor.accessTestSuiteMainPhase(TestSuiteExecutor.java:151)
	at com.kms.katalon.core.main.TestSuiteExecutor.execute(TestSuiteExecutor.java:106)
	at com.kms.katalon.core.main.TestCaseMain.startTestSuite(TestCaseMain.java:185)
	at com.kms.katalon.core.main.TestCaseMain$startTestSuite$0.call(Unknown Source)
	at TempTestSuite1676005934100.run(TempTestSuite1676005934100.groovy:36)
)

2023-02-10 12:25:38 - [MESSAGE][WARNING] - Cannot take screenshot

2023-02-10 12:25:38 - [MESSAGE][FAILED] - Verify element text of test object 'Object Repository/Quizioner/View quizioner/Name' FAILED. (Root cause: com.kms.katalon.core.exception.StepFailedException: Verify element text of test object 'Object Repository/Quizioner/View quizioner/Name' FAILED.
	at com.kms.katalon.core.webui.keyword.internal.WebUIKeywordMain.stepFailed(WebUIKeywordMain.groovy:64)
	at com.kms.katalon.core.webui.keyword.internal.WebUIKeywordMain.runKeyword(WebUIKeywordMain.groovy:26)
	at com.kms.katalon.core.webui.keyword.builtin.VerifyElementTextKeyword.verifyElementText(VerifyElementTextKeyword.groovy:72)
	at com.kms.katalon.core.webui.keyword.builtin.VerifyElementTextKeyword.execute(VerifyElementTextKeyword.groovy:40)
	at com.kms.katalon.core.keyword.internal.KeywordExecutor.executeKeywordForPlatform(KeywordExecutor.groovy:74)
	at com.kms.katalon.core.webui.keyword.WebUiBuiltInKeywords.verifyElementText(WebUiBuiltInKeywords.groovy:4749)
	at com.kms.katalon.core.webui.keyword.WebUiBuiltInKeywords$verifyElementText$4.call(Unknown Source)
	at TC82_View quizioner.run(TC82_View quizioner:24)
	at com.kms.katalon.core.main.ScriptEngine.run(ScriptEngine.java:194)
	at com.kms.katalon.core.main.ScriptEngine.runScriptAsRawText(ScriptEngine.java:119)
	at com.kms.katalon.core.main.TestCaseExecutor.runScript(TestCaseExecutor.java:448)
	at com.kms.katalon.core.main.TestCaseExecutor.doExecute(TestCaseExecutor.java:439)
	at com.kms.katalon.core.main.TestCaseExecutor.processExecutionPhase(TestCaseExecutor.java:418)
	at com.kms.katalon.core.main.TestCaseExecutor.accessMainPhase(TestCaseExecutor.java:410)
	at com.kms.katalon.core.main.TestCaseExecutor.execute(TestCaseExecutor.java:285)
	at com.kms.katalon.core.common.CommonExecutor.accessTestCaseMainPhase(CommonExecutor.java:65)
	at com.kms.katalon.core.main.TestSuiteExecutor.accessTestSuiteMainPhase(TestSuiteExecutor.java:151)
	at com.kms.katalon.core.main.TestSuiteExecutor.execute(TestSuiteExecutor.java:106)
	at com.kms.katalon.core.main.TestCaseMain.startTestSuite(TestCaseMain.java:185)
	at com.kms.katalon.core.main.TestCaseMain$startTestSuite$0.call(Unknown Source)
	at TempTestSuite1676005934100.run(TempTestSuite1676005934100.groovy:36)
Caused by: com.kms.katalon.core.exception.StepFailedException: Actual text 'saran' and expected text 'kategori' of test object 'Object Repository/Quizioner/View quizioner/Name' are NOT matched.
	at com.kms.katalon.core.webui.keyword.internal.WebUIKeywordMain.stepFailed(WebUIKeywordMain.groovy:64)
	at com.kms.katalon.core.webui.keyword.builtin.VerifyElementTextKeyword$_verifyElementText_closure1.doCall(VerifyElementTextKeyword.groovy:57)
	at com.kms.katalon.core.webui.keyword.builtin.VerifyElementTextKeyword$_verifyElementText_closure1.call(VerifyElementTextKeyword.groovy)
	at com.kms.katalon.core.webui.keyword.internal.WebUIKeywordMain.runKeyword(WebUIKeywordMain.groovy:20)
	... 19 more
)]]></system-out>
         <system-err><![CDATA[2023-02-10 12:25:34 - [TEST_CASE][FAILED] - Test Cases/Quizioner/TC82_View quizioner: Test Cases/Quizioner/TC82_View quizioner FAILED.
Reason:
com.kms.katalon.core.exception.StepFailedException: Verify element text of test object 'Object Repository/Quizioner/View quizioner/Name' FAILED.
	at com.kms.katalon.core.webui.keyword.internal.WebUIKeywordMain.stepFailed(WebUIKeywordMain.groovy:64)
	at com.kms.katalon.core.webui.keyword.internal.WebUIKeywordMain.runKeyword(WebUIKeywordMain.groovy:26)
	at com.kms.katalon.core.webui.keyword.builtin.VerifyElementTextKeyword.verifyElementText(VerifyElementTextKeyword.groovy:72)
	at com.kms.katalon.core.webui.keyword.builtin.VerifyElementTextKeyword.execute(VerifyElementTextKeyword.groovy:40)
	at com.kms.katalon.core.keyword.internal.KeywordExecutor.executeKeywordForPlatform(KeywordExecutor.groovy:74)
	at com.kms.katalon.core.webui.keyword.WebUiBuiltInKeywords.verifyElementText(WebUiBuiltInKeywords.groovy:4749)
	at com.kms.katalon.core.webui.keyword.WebUiBuiltInKeywords$verifyElementText$4.call(Unknown Source)
	at TC82_View quizioner.run(TC82_View quizioner:24)
	at com.kms.katalon.core.main.ScriptEngine.run(ScriptEngine.java:194)
	at com.kms.katalon.core.main.ScriptEngine.runScriptAsRawText(ScriptEngine.java:119)
	at com.kms.katalon.core.main.TestCaseExecutor.runScript(TestCaseExecutor.java:448)
	at com.kms.katalon.core.main.TestCaseExecutor.doExecute(TestCaseExecutor.java:439)
	at com.kms.katalon.core.main.TestCaseExecutor.processExecutionPhase(TestCaseExecutor.java:418)
	at com.kms.katalon.core.main.TestCaseExecutor.accessMainPhase(TestCaseExecutor.java:410)
	at com.kms.katalon.core.main.TestCaseExecutor.execute(TestCaseExecutor.java:285)
	at com.kms.katalon.core.common.CommonExecutor.accessTestCaseMainPhase(CommonExecutor.java:65)
	at com.kms.katalon.core.main.TestSuiteExecutor.accessTestSuiteMainPhase(TestSuiteExecutor.java:151)
	at com.kms.katalon.core.main.TestSuiteExecutor.execute(TestSuiteExecutor.java:106)
	at com.kms.katalon.core.main.TestCaseMain.startTestSuite(TestCaseMain.java:185)
	at com.kms.katalon.core.main.TestCaseMain$startTestSuite$0.call(Unknown Source)
	at TempTestSuite1676005934100.run(TempTestSuite1676005934100.groovy:36)
Caused by: com.kms.katalon.core.exception.StepFailedException: Actual text 'saran' and expected text 'kategori' of test object 'Object Repository/Quizioner/View quizioner/Name' are NOT matched.
	at com.kms.katalon.core.webui.keyword.internal.WebUIKeywordMain.stepFailed(WebUIKeywordMain.groovy:64)
	at com.kms.katalon.core.webui.keyword.builtin.VerifyElementTextKeyword$_verifyElementText_closure1.doCall(VerifyElementTextKeyword.groovy:57)
	at com.kms.katalon.core.webui.keyword.builtin.VerifyElementTextKeyword$_verifyElementText_closure1.call(VerifyElementTextKeyword.groovy)
	at com.kms.katalon.core.webui.keyword.internal.WebUIKeywordMain.runKeyword(WebUIKeywordMain.groovy:20)
	... 19 more]]></system-err>
      </testcase>
      <testcase name="Test Cases/Quizioner/TC83_Edit quizioner" time="10.814" classname="Test Cases/Quizioner/TC83_Edit quizioner" status="PASSED">
         <system-out><![CDATA[2023-02-10 12:25:38 - [TEST_CASE][PASSED] - Test Cases/Quizioner/TC83_Edit quizioner: Test Cases/Quizioner/TC83_Edit quizioner

2023-02-10 12:25:40 - [TEST_STEP][PASSED] - click(findTestObject("Quizioner/Edit quizioner/Edit button")): Object: 'Object Repository/Quizioner/Edit quizioner/Edit button' is clicked on

2023-02-10 12:25:41 - [MESSAGE][PASSED] - Object: 'Object Repository/Quizioner/Edit quizioner/Edit button' is clicked on

2023-02-10 12:25:41 - [TEST_STEP][PASSED] - clearText(findTestObject("Quizioner/Edit quizioner/Question")): Text of object 'Object Repository/Quizioner/Edit quizioner/Question' is cleared

2023-02-10 12:25:41 - [MESSAGE][PASSED] - Text of object 'Object Repository/Quizioner/Edit quizioner/Question' is cleared

2023-02-10 12:25:41 - [TEST_STEP][PASSED] - setText(findTestObject("Quizioner/Edit quizioner/Question"), "Edit pertanyaan baru"): Text 'Edit pertanyaan baru' is set on object 'Object Repository/Quizioner/Edit quizioner/Question'

2023-02-10 12:25:42 - [MESSAGE][PASSED] - Text 'Edit pertanyaan baru' is set on object 'Object Repository/Quizioner/Edit quizioner/Question'

2023-02-10 12:25:42 - [TEST_STEP][PASSED] - clearText(findTestObject("Quizioner/Edit quizioner/Name")): Text of object 'Object Repository/Quizioner/Edit quizioner/Name' is cleared

2023-02-10 12:25:43 - [MESSAGE][PASSED] - Text of object 'Object Repository/Quizioner/Edit quizioner/Name' is cleared

2023-02-10 12:25:43 - [TEST_STEP][PASSED] - setText(findTestObject("Quizioner/Edit quizioner/Name"), "ini name"): Text 'ini name' is set on object 'Object Repository/Quizioner/Edit quizioner/Name'

2023-02-10 12:25:44 - [MESSAGE][PASSED] - Text 'ini name' is set on object 'Object Repository/Quizioner/Edit quizioner/Name'

2023-02-10 12:25:44 - [TEST_STEP][PASSED] - clearText(findTestObject("Quizioner/Edit quizioner/Placeholder")): Text of object 'Object Repository/Quizioner/Edit quizioner/Placeholder' is cleared

2023-02-10 12:25:45 - [MESSAGE][PASSED] - Text of object 'Object Repository/Quizioner/Edit quizioner/Placeholder' is cleared

2023-02-10 12:25:45 - [TEST_STEP][PASSED] - setText(findTestObject("Quizioner/Edit quizioner/Placeholder"), "ini placeholder"): Text 'ini placeholder' is set on object 'Object Repository/Quizioner/Edit quizioner/Placeholder'

2023-02-10 12:25:46 - [MESSAGE][PASSED] - Text 'ini placeholder' is set on object 'Object Repository/Quizioner/Edit quizioner/Placeholder'

2023-02-10 12:25:46 - [TEST_STEP][PASSED] - clearText(findTestObject("Quizioner/Edit quizioner/Caption")): Text of object 'Object Repository/Quizioner/Edit quizioner/Caption' is cleared

2023-02-10 12:25:46 - [MESSAGE][PASSED] - Text of object 'Object Repository/Quizioner/Edit quizioner/Caption' is cleared

2023-02-10 12:25:46 - [TEST_STEP][PASSED] - setText(findTestObject("Quizioner/Edit quizioner/Caption"), "ini caption"): Text 'ini caption' is set on object 'Object Repository/Quizioner/Edit quizioner/Caption'

2023-02-10 12:25:47 - [MESSAGE][PASSED] - Text 'ini caption' is set on object 'Object Repository/Quizioner/Edit quizioner/Caption'

2023-02-10 12:25:47 - [TEST_STEP][PASSED] - click(findTestObject("Quizioner/Edit quizioner/Submit button")): Object: 'Object Repository/Quizioner/Edit quizioner/Submit button' is clicked on

2023-02-10 12:25:49 - [MESSAGE][PASSED] - Object: 'Object Repository/Quizioner/Edit quizioner/Submit button' is clicked on]]></system-out>
         <system-err><![CDATA[]]></system-err>
      </testcase>
      <testcase name="Test Cases/Quizioner/TC84_Edit quizioner dengan mengosongkan form" time="8.337" classname="Test Cases/Quizioner/TC84_Edit quizioner dengan mengosongkan form" status="PASSED">
         <system-out><![CDATA[2023-02-10 12:25:49 - [TEST_CASE][PASSED] - Test Cases/Quizioner/TC84_Edit quizioner dengan mengosongkan form: Test Cases/Quizioner/TC84_Edit quizioner dengan mengosongkan form

2023-02-10 12:25:50 - [TEST_STEP][PASSED] - click(findTestObject("Quizioner/Edit quizioner/Edit button")): Object: 'Object Repository/Quizioner/Edit quizioner/Edit button' is clicked on

2023-02-10 12:25:54 - [MESSAGE][PASSED] - Object: 'Object Repository/Quizioner/Edit quizioner/Edit button' is clicked on

2023-02-10 12:25:54 - [TEST_STEP][PASSED] - clearText(findTestObject("Quizioner/Edit quizioner/Question")): Text of object 'Object Repository/Quizioner/Edit quizioner/Question' is cleared

2023-02-10 12:25:55 - [MESSAGE][PASSED] - Text of object 'Object Repository/Quizioner/Edit quizioner/Question' is cleared

2023-02-10 12:25:55 - [TEST_STEP][PASSED] - clearText(findTestObject("Quizioner/Edit quizioner/Name")): Text of object 'Object Repository/Quizioner/Edit quizioner/Name' is cleared

2023-02-10 12:25:55 - [MESSAGE][PASSED] - Text of object 'Object Repository/Quizioner/Edit quizioner/Name' is cleared

2023-02-10 12:25:55 - [TEST_STEP][PASSED] - clearText(findTestObject("Quizioner/Edit quizioner/Placeholder")): Text of object 'Object Repository/Quizioner/Edit quizioner/Placeholder' is cleared

2023-02-10 12:25:56 - [MESSAGE][PASSED] - Text of object 'Object Repository/Quizioner/Edit quizioner/Placeholder' is cleared

2023-02-10 12:25:56 - [TEST_STEP][PASSED] - clearText(findTestObject("Quizioner/Edit quizioner/Caption")): Text of object 'Object Repository/Quizioner/Edit quizioner/Caption' is cleared

2023-02-10 12:25:57 - [MESSAGE][PASSED] - Text of object 'Object Repository/Quizioner/Edit quizioner/Caption' is cleared

2023-02-10 12:25:57 - [TEST_STEP][PASSED] - click(findTestObject("Quizioner/Edit quizioner/Submit button")): Object: 'Object Repository/Quizioner/Edit quizioner/Submit button' is clicked on

2023-02-10 12:25:57 - [MESSAGE][PASSED] - Object: 'Object Repository/Quizioner/Edit quizioner/Submit button' is clicked on

2023-02-10 12:25:57 - [TEST_STEP][PASSED] - back(): Navigate back successfully

2023-02-10 12:25:57 - [MESSAGE][PASSED] - Navigate back successfully]]></system-out>
         <system-err><![CDATA[]]></system-err>
      </testcase>
      <testcase name="Test Cases/Quizioner/TC85_Delete quizioner" time="3.829" classname="Test Cases/Quizioner/TC85_Delete quizioner" status="PASSED">
         <system-out><![CDATA[2023-02-10 12:25:57 - [TEST_CASE][PASSED] - Test Cases/Quizioner/TC85_Delete quizioner: Test Cases/Quizioner/TC85_Delete quizioner

2023-02-10 12:25:59 - [TEST_STEP][PASSED] - click(findTestObject("z test/Delete1/Delete button quizioner")): Object: 'Object Repository/z test/Delete1/Delete button quizioner' is clicked on

2023-02-10 12:25:59 - [MESSAGE][PASSED] - Object: 'Object Repository/z test/Delete1/Delete button quizioner' is clicked on

2023-02-10 12:25:59 - [TEST_STEP][PASSED] - click(findTestObject("Quizioner/Delete quizioner/Yes button")): Object: 'Object Repository/Quizioner/Delete quizioner/Yes button' is clicked on

2023-02-10 12:26:01 - [MESSAGE][PASSED] - Object: 'Object Repository/Quizioner/Delete quizioner/Yes button' is clicked on]]></system-out>
         <system-err><![CDATA[]]></system-err>
      </testcase>
      <testcase name="Test Cases/Quizioner/TC86_View response quizioner" time="6.609" classname="Test Cases/Quizioner/TC86_View response quizioner" status="PASSED">
         <system-out><![CDATA[2023-02-10 12:26:01 - [TEST_CASE][PASSED] - Test Cases/Quizioner/TC86_View response quizioner: Test Cases/Quizioner/TC86_View response quizioner

2023-02-10 12:26:02 - [TEST_STEP][PASSED] - click(findTestObject("Quizioner/Response quizioner/Response button")): Object: 'Object Repository/Quizioner/Response quizioner/Response button' is clicked on

2023-02-10 12:26:07 - [MESSAGE][PASSED] - Object: 'Object Repository/Quizioner/Response quizioner/Response button' is clicked on

2023-02-10 12:26:07 - [TEST_STEP][PASSED] - verifyElementText(findTestObject("Quizioner/Response quizioner/Data Response"), "Data Response"): Actual text and expected text of test object 'Object Repository/Quizioner/Response quizioner/Data Response' are matched.

2023-02-10 12:26:07 - [MESSAGE][PASSED] - Actual text and expected text of test object 'Object Repository/Quizioner/Response quizioner/Data Response' are matched.

2023-02-10 12:26:07 - [TEST_STEP][PASSED] - scrollToElement(findTestObject("Quizioner/Response quizioner/Answer"), 0): Scroll to object 'Object Repository/Quizioner/Response quizioner/Answer' successfully

2023-02-10 12:26:07 - [MESSAGE][WARNING] - Timeout '0' is invalid. Using default page load timeout: '30'

2023-02-10 12:26:08 - [MESSAGE][PASSED] - Scroll to object 'Object Repository/Quizioner/Response quizioner/Answer' successfully]]></system-out>
         <system-err><![CDATA[]]></system-err>
      </testcase>
      <testcase name="Test Cases/Auth/TC05_Logout" time="5.458" classname="Test Cases/Auth/TC05_Logout" status="PASSED">
         <system-out><![CDATA[2023-02-10 12:26:08 - [TEST_CASE][PASSED] - Test Cases/Auth/TC05_Logout: Test Cases/Auth/TC05_Logout

2023-02-10 12:26:09 - [TEST_STEP][PASSED] - click(findTestObject("Auth/User icon")): Object: 'Object Repository/Auth/User icon' is clicked on

2023-02-10 12:26:10 - [MESSAGE][PASSED] - Object: 'Object Repository/Auth/User icon' is clicked on

2023-02-10 12:26:10 - [TEST_STEP][PASSED] - click(findTestObject("Auth/Sign Out")): Object: 'Object Repository/Auth/Sign Out' is clicked on

2023-02-10 12:26:12 - [MESSAGE][PASSED] - Object: 'Object Repository/Auth/Sign Out' is clicked on

2023-02-10 12:26:12 - [TEST_STEP][PASSED] - closeBrowser(): Browser is closed

2023-02-10 12:26:13 - [MESSAGE][PASSED] - Browser is closed]]></system-out>
         <system-err><![CDATA[]]></system-err>
      </testcase>
      <system-out><![CDATA[2023-02-10 12:12:23 - [TEST_SUITE][FAILED] - TS01_TechnofestAdmin: Test Cases/Setting/TC07_General setting FAILED.
Reason:
com.kms.katalon.core.exception.StepFailedException: Unable to clear text of object 'Object Repository/Setting/General/About'
	at com.kms.katalon.core.webui.keyword.internal.WebUIKeywordMain.stepFailed(WebUIKeywordMain.groovy:64)
	at com.kms.katalon.core.webui.keyword.internal.WebUIKeywordMain.runKeyword(WebUIKeywordMain.groovy:42)
	at com.kms.katalon.core.webui.keyword.builtin.ClearTextKeyword.clearText(ClearTextKeyword.groovy:61)
	at com.kms.katalon.core.webui.keyword.builtin.ClearTextKeyword.execute(ClearTextKeyword.groovy:34)
	at com.kms.katalon.core.keyword.internal.KeywordExecutor.executeKeywordForPlatform(KeywordExecutor.groovy:74)
	at com.kms.katalon.core.webui.keyword.WebUiBuiltInKeywords.clearText(WebUiBuiltInKeywords.groovy:4903)
	at com.kms.katalon.core.webui.keyword.WebUiBuiltInKeywords$clearText$5.call(Unknown Source)
	at TC07_General setting.run(TC07_General setting:28)
	at com.kms.katalon.core.main.ScriptEngine.run(ScriptEngine.java:194)
	at com.kms.katalon.core.main.ScriptEngine.runScriptAsRawText(ScriptEngine.java:119)
	at com.kms.katalon.core.main.TestCaseExecutor.runScript(TestCaseExecutor.java:448)
	at com.kms.katalon.core.main.TestCaseExecutor.doExecute(TestCaseExecutor.java:439)
	at com.kms.katalon.core.main.TestCaseExecutor.processExecutionPhase(TestCaseExecutor.java:418)
	at com.kms.katalon.core.main.TestCaseExecutor.accessMainPhase(TestCaseExecutor.java:410)
	at com.kms.katalon.core.main.TestCaseExecutor.execute(TestCaseExecutor.java:285)
	at com.kms.katalon.core.common.CommonExecutor.accessTestCaseMainPhase(CommonExecutor.java:65)
	at com.kms.katalon.core.main.TestSuiteExecutor.accessTestSuiteMainPhase(TestSuiteExecutor.java:151)
	at com.kms.katalon.core.main.TestSuiteExecutor.execute(TestSuiteExecutor.java:106)
	at com.kms.katalon.core.main.TestCaseMain.startTestSuite(TestCaseMain.java:185)
	at com.kms.katalon.core.main.TestCaseMain$startTestSuite$0.call(Unknown Source)
	at TempTestSuite1676005934100.run(TempTestSuite1676005934100.groovy:36)
Caused by: org.openqa.selenium.InvalidElementStateException: invalid element state
  (Session info: chrome=110.0.5481.77)
Build info: version: '3.141.59', revision: 'e82be7d358', time: '2018-11-14T08:25:53'
System info: host: 'DESKTOP-O2JTDS3', ip: '192.168.1.5', os.name: 'Windows 10', os.arch: 'amd64', os.version: '10.0', java.version: '1.8.0_282'
Driver info: com.kms.katalon.selenium.driver.CChromeDriver
Capabilities {acceptInsecureCerts: false, browserName: chrome, browserVersion: 110.0.5481.77, chrome: {chromedriverVersion: 109.0.5414.74 (e7c5703604da..., userDataDir: C:\Users\GA502GU\AppData\Lo...}, goog:chromeOptions: {debuggerAddress: localhost:57352}, javascriptEnabled: true, networkConnectionEnabled: false, pageLoadStrategy: normal, platform: WINDOWS, platformName: WINDOWS, proxy: Proxy(), setWindowRect: true, strictFileInteractability: false, timeouts: {implicit: 0, pageLoad: 300000, script: 30000}, unhandledPromptBehavior: dismiss and notify, webauthn:extension:credBlob: true, webauthn:extension:largeBlob: true, webauthn:virtualAuthenticators: true}
Session ID: 3890c6da2bec318820792e0c7fca5527
	at org.openqa.selenium.remote.http.W3CHttpResponseCodec.createException(W3CHttpResponseCodec.java:187)
	at org.openqa.selenium.remote.http.W3CHttpResponseCodec.decode(W3CHttpResponseCodec.java:122)
	at org.openqa.selenium.remote.http.W3CHttpResponseCodec.decode(W3CHttpResponseCodec.java:49)
	at org.openqa.selenium.remote.HttpCommandExecutor.execute(HttpCommandExecutor.java:158)
	at org.openqa.selenium.remote.service.DriverCommandExecutor.execute(DriverCommandExecutor.java:83)
	at org.openqa.selenium.remote.RemoteWebDriver.execute(RemoteWebDriver.java:552)
	at com.kms.katalon.selenium.driver.CChromeDriver.execute(CChromeDriver.java:19)
	at org.openqa.selenium.remote.RemoteWebElement.execute(RemoteWebElement.java:285)
	at org.openqa.selenium.remote.RemoteWebElement.clear(RemoteWebElement.java:124)
	at org.openqa.selenium.support.events.EventFiringWebDriver$EventFiringWebElement.lambda$new$0(EventFiringWebDriver.java:404)
	at com.sun.proxy.$Proxy11.clear(Unknown Source)
	at org.openqa.selenium.support.events.EventFiringWebDriver$EventFiringWebElement.clear(EventFiringWebDriver.java:436)
	at com.kms.katalon.core.webui.keyword.builtin.ClearTextKeyword$_clearText_closure1.doCall(ClearTextKeyword.groovy:46)
	at com.kms.katalon.core.webui.keyword.builtin.ClearTextKeyword$_clearText_closure1.call(ClearTextKeyword.groovy)
	at com.kms.katalon.core.webui.keyword.internal.WebUIKeywordMain.runKeyword(WebUIKeywordMain.groovy:33)
	... 19 more]]></system-out>
      <system-err><![CDATA[2023-02-10 12:12:23 - [TEST_SUITE][FAILED] - TS01_TechnofestAdmin: Test Cases/Setting/TC07_General setting FAILED.
Reason:
com.kms.katalon.core.exception.StepFailedException: Unable to clear text of object 'Object Repository/Setting/General/About'
	at com.kms.katalon.core.webui.keyword.internal.WebUIKeywordMain.stepFailed(WebUIKeywordMain.groovy:64)
	at com.kms.katalon.core.webui.keyword.internal.WebUIKeywordMain.runKeyword(WebUIKeywordMain.groovy:42)
	at com.kms.katalon.core.webui.keyword.builtin.ClearTextKeyword.clearText(ClearTextKeyword.groovy:61)
	at com.kms.katalon.core.webui.keyword.builtin.ClearTextKeyword.execute(ClearTextKeyword.groovy:34)
	at com.kms.katalon.core.keyword.internal.KeywordExecutor.executeKeywordForPlatform(KeywordExecutor.groovy:74)
	at com.kms.katalon.core.webui.keyword.WebUiBuiltInKeywords.clearText(WebUiBuiltInKeywords.groovy:4903)
	at com.kms.katalon.core.webui.keyword.WebUiBuiltInKeywords$clearText$5.call(Unknown Source)
	at TC07_General setting.run(TC07_General setting:28)
	at com.kms.katalon.core.main.ScriptEngine.run(ScriptEngine.java:194)
	at com.kms.katalon.core.main.ScriptEngine.runScriptAsRawText(ScriptEngine.java:119)
	at com.kms.katalon.core.main.TestCaseExecutor.runScript(TestCaseExecutor.java:448)
	at com.kms.katalon.core.main.TestCaseExecutor.doExecute(TestCaseExecutor.java:439)
	at com.kms.katalon.core.main.TestCaseExecutor.processExecutionPhase(TestCaseExecutor.java:418)
	at com.kms.katalon.core.main.TestCaseExecutor.accessMainPhase(TestCaseExecutor.java:410)
	at com.kms.katalon.core.main.TestCaseExecutor.execute(TestCaseExecutor.java:285)
	at com.kms.katalon.core.common.CommonExecutor.accessTestCaseMainPhase(CommonExecutor.java:65)
	at com.kms.katalon.core.main.TestSuiteExecutor.accessTestSuiteMainPhase(TestSuiteExecutor.java:151)
	at com.kms.katalon.core.main.TestSuiteExecutor.execute(TestSuiteExecutor.java:106)
	at com.kms.katalon.core.main.TestCaseMain.startTestSuite(TestCaseMain.java:185)
	at com.kms.katalon.core.main.TestCaseMain$startTestSuite$0.call(Unknown Source)
	at TempTestSuite1676005934100.run(TempTestSuite1676005934100.groovy:36)
Caused by: org.openqa.selenium.InvalidElementStateException: invalid element state
  (Session info: chrome=110.0.5481.77)
Build info: version: '3.141.59', revision: 'e82be7d358', time: '2018-11-14T08:25:53'
System info: host: 'DESKTOP-O2JTDS3', ip: '192.168.1.5', os.name: 'Windows 10', os.arch: 'amd64', os.version: '10.0', java.version: '1.8.0_282'
Driver info: com.kms.katalon.selenium.driver.CChromeDriver
Capabilities {acceptInsecureCerts: false, browserName: chrome, browserVersion: 110.0.5481.77, chrome: {chromedriverVersion: 109.0.5414.74 (e7c5703604da..., userDataDir: C:\Users\GA502GU\AppData\Lo...}, goog:chromeOptions: {debuggerAddress: localhost:57352}, javascriptEnabled: true, networkConnectionEnabled: false, pageLoadStrategy: normal, platform: WINDOWS, platformName: WINDOWS, proxy: Proxy(), setWindowRect: true, strictFileInteractability: false, timeouts: {implicit: 0, pageLoad: 300000, script: 30000}, unhandledPromptBehavior: dismiss and notify, webauthn:extension:credBlob: true, webauthn:extension:largeBlob: true, webauthn:virtualAuthenticators: true}
Session ID: 3890c6da2bec318820792e0c7fca5527
	at org.openqa.selenium.remote.http.W3CHttpResponseCodec.createException(W3CHttpResponseCodec.java:187)
	at org.openqa.selenium.remote.http.W3CHttpResponseCodec.decode(W3CHttpResponseCodec.java:122)
	at org.openqa.selenium.remote.http.W3CHttpResponseCodec.decode(W3CHttpResponseCodec.java:49)
	at org.openqa.selenium.remote.HttpCommandExecutor.execute(HttpCommandExecutor.java:158)
	at org.openqa.selenium.remote.service.DriverCommandExecutor.execute(DriverCommandExecutor.java:83)
	at org.openqa.selenium.remote.RemoteWebDriver.execute(RemoteWebDriver.java:552)
	at com.kms.katalon.selenium.driver.CChromeDriver.execute(CChromeDriver.java:19)
	at org.openqa.selenium.remote.RemoteWebElement.execute(RemoteWebElement.java:285)
	at org.openqa.selenium.remote.RemoteWebElement.clear(RemoteWebElement.java:124)
	at org.openqa.selenium.support.events.EventFiringWebDriver$EventFiringWebElement.lambda$new$0(EventFiringWebDriver.java:404)
	at com.sun.proxy.$Proxy11.clear(Unknown Source)
	at org.openqa.selenium.support.events.EventFiringWebDriver$EventFiringWebElement.clear(EventFiringWebDriver.java:436)
	at com.kms.katalon.core.webui.keyword.builtin.ClearTextKeyword$_clearText_closure1.doCall(ClearTextKeyword.groovy:46)
	at com.kms.katalon.core.webui.keyword.builtin.ClearTextKeyword$_clearText_closure1.call(ClearTextKeyword.groovy)
	at com.kms.katalon.core.webui.keyword.internal.WebUIKeywordMain.runKeyword(WebUIKeywordMain.groovy:33)
	... 19 more]]></system-err>
   </testsuite>
</testsuites>
