<?xml version="1.0" encoding="UTF-8"?>
<testsuites name="TS01_Technofest Guest" time="105.961" tests="12" failures="0" errors="0">
   <testsuite name="TS01_Technofest Guest" tests="12" failures="0" errors="0" time="105.961" skipped="0" timestamp="2023-02-11 13:11:03" hostname="GA502GU - DESKTOP-O2JTDS3" id="Test Suites/TS01_Technofest Guest">
      <properties>
         <property name="deviceName" value=""/>
         <property name="devicePlatform" value=""/>
         <property name="logFolder" value="C:\\Users\\GA502GU\\Katalon Studio\\TechnofestGuest5\\Reports\\20230211_131047\\TS01_Technofest Guest\\20230211_131047"/>
         <property name="logFiles" value="C:\\Users\\GA502GU\\Katalon Studio\\TechnofestGuest5\\Reports\\20230211_131047\\TS01_Technofest Guest\\20230211_131047\\execution0.log"/>
         <property name="attachments" value=""/>
         <property name="hostName" value="GA502GU - DESKTOP-O2JTDS3"/>
         <property name="os" value="Windows 10 64bit"/>
         <property name="katalonVersion" value="8.5.5.208"/>
         <property name="browser" value="Chrome 110.0.0.0"/>
         <property name="hostAddress" value="192.168.1.5"/>
         <property name="sessionId" value="a015701d6658467600166fcf3975800a"/>
         <property name="seleniumVersion" value="3.141.59"/>
         <property name="proxyInformation" value="ProxyInformation { proxyOption=NO_PROXY, proxyServerType=HTTP, username=, password=********, proxyServerAddress=, proxyServerPort=0, executionList=&quot;&quot;, isApplyToDesiredCapabilities=true }"/>
         <property name="platform" value="Windows 10"/>
      </properties>
      <testcase name="Test Cases/Home/TC01_View jumlah participant, project, dan agenda" time="38.933" classname="Test Cases/Home/TC01_View jumlah participant, project, dan agenda" status="PASSED">
         <system-out><![CDATA[2023-02-11 13:11:04 - [TEST_CASE][PASSED] - Test Cases/Home/TC01_View jumlah participant, project, dan agenda: Test Cases/Home/TC01_View jumlah participant, project, dan agenda

2023-02-11 13:11:05 - [TEST_STEP][PASSED] - openBrowser(""): Browser is opened with url: ''

2023-02-11 13:11:06 - [MESSAGE][INFO] - Starting 'Chrome' driver

2023-02-11 13:11:07 - [MESSAGE][INFO] - Action delay is set to 0 milliseconds

2023-02-11 13:11:11 - [MESSAGE][PASSED] - Browser is opened with url: ''

2023-02-11 13:11:11 - [TEST_STEP][PASSED] - navigateToUrl("https://technofest.stiki.ac.id/"): Navigate to 'https://technofest.stiki.ac.id/' successfully

2023-02-11 13:11:23 - [MESSAGE][PASSED] - Navigate to 'https://technofest.stiki.ac.id/' successfully

2023-02-11 13:11:23 - [TEST_STEP][PASSED] - maximizeWindow(): Current window maximized

2023-02-11 13:11:23 - [MESSAGE][PASSED] - Current window maximized

2023-02-11 13:11:23 - [TEST_STEP][PASSED] - click(findTestObject("Home/Home")): Object: 'Object Repository/Home/Home' is clicked on

2023-02-11 13:11:37 - [MESSAGE][PASSED] - Object: 'Object Repository/Home/Home' is clicked on

2023-02-11 13:11:37 - [TEST_STEP][PASSED] - scrollToElement(findTestObject("Home/Welcome to STIKI TECHNOFEST 5.0"), 0): Scroll to object 'Object Repository/Home/Welcome to STIKI TECHNOFEST 5.0' successfully

2023-02-11 13:11:37 - [MESSAGE][WARNING] - Timeout '0' is invalid. Using default page load timeout: '30'

2023-02-11 13:11:38 - [MESSAGE][PASSED] - Scroll to object 'Object Repository/Home/Welcome to STIKI TECHNOFEST 5.0' successfully

2023-02-11 13:11:38 - [TEST_STEP][PASSED] - verifyElementText(findTestObject("Home/Participants"), "Participants"): Actual text and expected text of test object 'Object Repository/Home/Participants' are matched.

2023-02-11 13:11:42 - [MESSAGE][PASSED] - Actual text and expected text of test object 'Object Repository/Home/Participants' are matched.

2023-02-11 13:11:42 - [TEST_STEP][PASSED] - verifyElementText(findTestObject("Home/Project"), "Project"): Actual text and expected text of test object 'Object Repository/Home/Project' are matched.

2023-02-11 13:11:42 - [MESSAGE][PASSED] - Actual text and expected text of test object 'Object Repository/Home/Project' are matched.

2023-02-11 13:11:42 - [TEST_STEP][PASSED] - verifyElementText(findTestObject("Home/Agenda"), "Agenda"): Actual text and expected text of test object 'Object Repository/Home/Agenda' are matched.

2023-02-11 13:11:43 - [MESSAGE][PASSED] - Actual text and expected text of test object 'Object Repository/Home/Agenda' are matched.]]></system-out>
         <system-err><![CDATA[]]></system-err>
      </testcase>
      <testcase name="Test Cases/Participants/TC02_View participants" time="7.673" classname="Test Cases/Participants/TC02_View participants" status="PASSED">
         <system-out><![CDATA[2023-02-11 13:11:43 - [TEST_CASE][PASSED] - Test Cases/Participants/TC02_View participants: Test Cases/Participants/TC02_View participants

2023-02-11 13:11:44 - [TEST_STEP][PASSED] - click(findTestObject("Participants/Participants1")): Object: 'Object Repository/Participants/Participants1' is clicked on

2023-02-11 13:11:46 - [MESSAGE][PASSED] - Object: 'Object Repository/Participants/Participants1' is clicked on

2023-02-11 13:11:46 - [TEST_STEP][PASSED] - verifyElementText(findTestObject("Participants/T_Participants"), "Participants"): Actual text and expected text of test object 'Object Repository/Participants/T_Participants' are matched.

2023-02-11 13:11:47 - [MESSAGE][PASSED] - Actual text and expected text of test object 'Object Repository/Participants/T_Participants' are matched.

2023-02-11 13:11:47 - [TEST_STEP][PASSED] - scrollToElement(findTestObject("Participants/Our Participants"), 0): Scroll to object 'Object Repository/Participants/Our Participants' successfully

2023-02-11 13:11:47 - [MESSAGE][WARNING] - Timeout '0' is invalid. Using default page load timeout: '30'

2023-02-11 13:11:47 - [MESSAGE][PASSED] - Scroll to object 'Object Repository/Participants/Our Participants' successfully

2023-02-11 13:11:47 - [TEST_STEP][PASSED] - click(findTestObject("Participants/Next")): Object: 'Object Repository/Participants/Next' is clicked on

2023-02-11 13:11:48 - [MESSAGE][PASSED] - Object: 'Object Repository/Participants/Next' is clicked on

2023-02-11 13:11:48 - [TEST_STEP][PASSED] - click(findTestObject("Participants/Previous")): Object: 'Object Repository/Participants/Previous' is clicked on

2023-02-11 13:11:49 - [MESSAGE][PASSED] - Object: 'Object Repository/Participants/Previous' is clicked on

2023-02-11 13:11:49 - [TEST_STEP][PASSED] - setText(findTestObject("Participants/Search"), "alif"): Text 'alif' is set on object 'Object Repository/Participants/Search'

2023-02-11 13:11:50 - [MESSAGE][PASSED] - Text 'alif' is set on object 'Object Repository/Participants/Search'

2023-02-11 13:11:50 - [TEST_STEP][PASSED] - verifyElementText(findTestObject("Participants/Alif Fadil Syaifullah"), "Alif Fadil Syaifullah"): Actual text and expected text of test object 'Object Repository/Participants/Alif Fadil Syaifullah' are matched.

2023-02-11 13:11:50 - [MESSAGE][PASSED] - Actual text and expected text of test object 'Object Repository/Participants/Alif Fadil Syaifullah' are matched.]]></system-out>
         <system-err><![CDATA[]]></system-err>
      </testcase>
      <testcase name="Test Cases/Agenda/TC03_View agenda" time="4.794" classname="Test Cases/Agenda/TC03_View agenda" status="PASSED">
         <system-out><![CDATA[2023-02-11 13:11:50 - [TEST_CASE][PASSED] - Test Cases/Agenda/TC03_View agenda: Test Cases/Agenda/TC03_View agenda

2023-02-11 13:11:52 - [TEST_STEP][PASSED] - click(findTestObject("Agenda/Agenda")): Object: 'Object Repository/Agenda/Agenda' is clicked on

2023-02-11 13:11:53 - [MESSAGE][PASSED] - Object: 'Object Repository/Agenda/Agenda' is clicked on

2023-02-11 13:11:53 - [TEST_STEP][PASSED] - verifyElementText(findTestObject("Agenda/T_Agenda"), "Agenda"): Actual text and expected text of test object 'Object Repository/Agenda/T_Agenda' are matched.

2023-02-11 13:11:53 - [MESSAGE][PASSED] - Actual text and expected text of test object 'Object Repository/Agenda/T_Agenda' are matched.

2023-02-11 13:11:53 - [TEST_STEP][PASSED] - click(findTestObject("Agenda/How to Design A Mobile App in Lunacy")): Object: 'Object Repository/Agenda/How to Design A Mobile App in Lunacy' is clicked on

2023-02-11 13:11:55 - [MESSAGE][PASSED] - Object: 'Object Repository/Agenda/How to Design A Mobile App in Lunacy' is clicked on

2023-02-11 13:11:55 - [TEST_STEP][PASSED] - click(findTestObject("Agenda/Close button")): Object: 'Object Repository/Agenda/Close button' is clicked on

2023-02-11 13:11:55 - [MESSAGE][PASSED] - Object: 'Object Repository/Agenda/Close button' is clicked on]]></system-out>
         <system-err><![CDATA[]]></system-err>
      </testcase>
      <testcase name="Test Cases/Speaker/TC04_View speaker" time="3.054" classname="Test Cases/Speaker/TC04_View speaker" status="PASSED">
         <system-out><![CDATA[2023-02-11 13:11:55 - [TEST_CASE][PASSED] - Test Cases/Speaker/TC04_View speaker: Test Cases/Speaker/TC04_View speaker

2023-02-11 13:11:56 - [TEST_STEP][PASSED] - click(findTestObject("Speaker/Speaker")): Object: 'Object Repository/Speaker/Speaker' is clicked on

2023-02-11 13:11:57 - [MESSAGE][PASSED] - Object: 'Object Repository/Speaker/Speaker' is clicked on

2023-02-11 13:11:57 - [TEST_STEP][PASSED] - verifyElementText(findTestObject("Speaker/T_Speaker"), "SPEAKER"): Actual text and expected text of test object 'Object Repository/Speaker/T_Speaker' are matched.

2023-02-11 13:11:58 - [MESSAGE][PASSED] - Actual text and expected text of test object 'Object Repository/Speaker/T_Speaker' are matched.

2023-02-11 13:11:58 - [TEST_STEP][PASSED] - verifyElementText(findTestObject("Speaker/Adnan Zulkarnain, S.Kom., M.M.S.I"), "Adnan Zulkarnain, S.Kom., M.M.S.I"): Actual text and expected text of test object 'Object Repository/Speaker/Adnan Zulkarnain, S.Kom., M.M.S.I' are matched.

2023-02-11 13:11:58 - [MESSAGE][PASSED] - Actual text and expected text of test object 'Object Repository/Speaker/Adnan Zulkarnain, S.Kom., M.M.S.I' are matched.]]></system-out>
         <system-err><![CDATA[]]></system-err>
      </testcase>
      <testcase name="Test Cases/Project/TC05_View project" time="8.552" classname="Test Cases/Project/TC05_View project" status="PASSED">
         <system-out><![CDATA[2023-02-11 13:11:58 - [TEST_CASE][PASSED] - Test Cases/Project/TC05_View project: Test Cases/Project/TC05_View project

2023-02-11 13:11:59 - [TEST_STEP][PASSED] - click(findTestObject("Project/Project")): Object: 'Object Repository/Project/Project' is clicked on

2023-02-11 13:12:00 - [MESSAGE][PASSED] - Object: 'Object Repository/Project/Project' is clicked on

2023-02-11 13:12:00 - [TEST_STEP][PASSED] - verifyElementText(findTestObject("Project/List of Project"), "List of Project"): Actual text and expected text of test object 'Object Repository/Project/List of Project' are matched.

2023-02-11 13:12:00 - [MESSAGE][PASSED] - Actual text and expected text of test object 'Object Repository/Project/List of Project' are matched.

2023-02-11 13:12:00 - [TEST_STEP][PASSED] - scrollToElement(findTestObject("Project/See More Projects"), 0): Scroll to object 'Object Repository/Project/See More Projects' successfully

2023-02-11 13:12:01 - [MESSAGE][WARNING] - Timeout '0' is invalid. Using default page load timeout: '30'

2023-02-11 13:12:01 - [MESSAGE][PASSED] - Scroll to object 'Object Repository/Project/See More Projects' successfully

2023-02-11 13:12:01 - [TEST_STEP][PASSED] - click(findTestObject("Project/See More Projects")): Object: 'Object Repository/Project/See More Projects' is clicked on

2023-02-11 13:12:02 - [MESSAGE][PASSED] - Object: 'Object Repository/Project/See More Projects' is clicked on

2023-02-11 13:12:02 - [TEST_STEP][PASSED] - setText(findTestObject("Project/Search"), "game"): Text 'game' is set on object 'Object Repository/Project/Search'

2023-02-11 13:12:04 - [MESSAGE][PASSED] - Text 'game' is set on object 'Object Repository/Project/Search'

2023-02-11 13:12:04 - [TEST_STEP][PASSED] - click(findTestObject("Project/Cari button")): Object: 'Object Repository/Project/Cari button' is clicked on

2023-02-11 13:12:05 - [MESSAGE][PASSED] - Object: 'Object Repository/Project/Cari button' is clicked on

2023-02-11 13:12:05 - [TEST_STEP][PASSED] - click(findTestObject("Project/Selengkapnya")): Object: 'Object Repository/Project/Selengkapnya' is clicked on

2023-02-11 13:12:07 - [MESSAGE][PASSED] - Object: 'Object Repository/Project/Selengkapnya' is clicked on]]></system-out>
         <system-err><![CDATA[]]></system-err>
      </testcase>
      <testcase name="Test Cases/Event/TC06_TECHNOFEST 1.0" time="5.72" classname="Test Cases/Event/TC06_TECHNOFEST 1.0" status="PASSED">
         <system-out><![CDATA[2023-02-11 13:12:07 - [TEST_CASE][PASSED] - Test Cases/Event/TC06_TECHNOFEST 1.0: Test Cases/Event/TC06_TECHNOFEST 1.0

2023-02-11 13:12:08 - [TEST_STEP][PASSED] - click(findTestObject("Event/Event")): Object: 'Object Repository/Event/Event' is clicked on

2023-02-11 13:12:09 - [MESSAGE][PASSED] - Object: 'Object Repository/Event/Event' is clicked on

2023-02-11 13:12:09 - [TEST_STEP][PASSED] - navigateToUrl("https://technofest.stiki.ac.id/en/event/1"): Navigate to 'https://technofest.stiki.ac.id/en/event/1' successfully

2023-02-11 13:12:12 - [MESSAGE][PASSED] - Navigate to 'https://technofest.stiki.ac.id/en/event/1' successfully

2023-02-11 13:12:12 - [TEST_STEP][PASSED] - verifyElementText(findTestObject("Event/Event Gallery TECHNOFEST 1.0"), "Event Gallery TECHNOFEST 1.0"): Actual text and expected text of test object 'Object Repository/Event/Event Gallery TECHNOFEST 1.0' are matched.

2023-02-11 13:12:13 - [MESSAGE][PASSED] - Actual text and expected text of test object 'Object Repository/Event/Event Gallery TECHNOFEST 1.0' are matched.]]></system-out>
         <system-err><![CDATA[]]></system-err>
      </testcase>
      <testcase name="Test Cases/Event/TC07_TECHNOFEST 2.0" time="3.138" classname="Test Cases/Event/TC07_TECHNOFEST 2.0" status="PASSED">
         <system-out><![CDATA[2023-02-11 13:12:13 - [TEST_CASE][PASSED] - Test Cases/Event/TC07_TECHNOFEST 2.0: Test Cases/Event/TC07_TECHNOFEST 2.0

2023-02-11 13:12:14 - [TEST_STEP][PASSED] - click(findTestObject("Event/Event")): Object: 'Object Repository/Event/Event' is clicked on

2023-02-11 13:12:14 - [MESSAGE][PASSED] - Object: 'Object Repository/Event/Event' is clicked on

2023-02-11 13:12:14 - [TEST_STEP][PASSED] - navigateToUrl("https://technofest.stiki.ac.id/en/event/2"): Navigate to 'https://technofest.stiki.ac.id/en/event/2' successfully

2023-02-11 13:12:15 - [MESSAGE][PASSED] - Navigate to 'https://technofest.stiki.ac.id/en/event/2' successfully

2023-02-11 13:12:15 - [TEST_STEP][PASSED] - verifyElementText(findTestObject("Event/Event Gallery TECHNOFEST 2.0"), "Event Gallery TECHNOFEST 2.0"): Actual text and expected text of test object 'Object Repository/Event/Event Gallery TECHNOFEST 2.0' are matched.

2023-02-11 13:12:16 - [MESSAGE][PASSED] - Actual text and expected text of test object 'Object Repository/Event/Event Gallery TECHNOFEST 2.0' are matched.]]></system-out>
         <system-err><![CDATA[]]></system-err>
      </testcase>
      <testcase name="Test Cases/Event/TC08_TECHNOFEST 3.0" time="2.669" classname="Test Cases/Event/TC08_TECHNOFEST 3.0" status="PASSED">
         <system-out><![CDATA[2023-02-11 13:12:16 - [TEST_CASE][PASSED] - Test Cases/Event/TC08_TECHNOFEST 3.0: Test Cases/Event/TC08_TECHNOFEST 3.0

2023-02-11 13:12:17 - [TEST_STEP][PASSED] - click(findTestObject("Event/Event")): Object: 'Object Repository/Event/Event' is clicked on

2023-02-11 13:12:17 - [MESSAGE][PASSED] - Object: 'Object Repository/Event/Event' is clicked on

2023-02-11 13:12:17 - [TEST_STEP][PASSED] - navigateToUrl("https://technofest.stiki.ac.id/en/event/3"): Navigate to 'https://technofest.stiki.ac.id/en/event/3' successfully

2023-02-11 13:12:18 - [MESSAGE][PASSED] - Navigate to 'https://technofest.stiki.ac.id/en/event/3' successfully

2023-02-11 13:12:18 - [TEST_STEP][PASSED] - verifyElementText(findTestObject("Event/Event Gallery TECHNOFEST 3.0"), "Event Gallery TECHNOFEST 3.0"): Actual text and expected text of test object 'Object Repository/Event/Event Gallery TECHNOFEST 3.0' are matched.

2023-02-11 13:12:18 - [MESSAGE][PASSED] - Actual text and expected text of test object 'Object Repository/Event/Event Gallery TECHNOFEST 3.0' are matched.]]></system-out>
         <system-err><![CDATA[]]></system-err>
      </testcase>
      <testcase name="Test Cases/Event/TC09_TECHNOFEST 4.0" time="2.744" classname="Test Cases/Event/TC09_TECHNOFEST 4.0" status="PASSED">
         <system-out><![CDATA[2023-02-11 13:12:18 - [TEST_CASE][PASSED] - Test Cases/Event/TC09_TECHNOFEST 4.0: Test Cases/Event/TC09_TECHNOFEST 4.0

2023-02-11 13:12:19 - [TEST_STEP][PASSED] - click(findTestObject("Event/Event")): Object: 'Object Repository/Event/Event' is clicked on

2023-02-11 13:12:20 - [MESSAGE][PASSED] - Object: 'Object Repository/Event/Event' is clicked on

2023-02-11 13:12:20 - [TEST_STEP][PASSED] - navigateToUrl("https://technofest.stiki.ac.id/en/event/5"): Navigate to 'https://technofest.stiki.ac.id/en/event/5' successfully

2023-02-11 13:12:20 - [MESSAGE][PASSED] - Navigate to 'https://technofest.stiki.ac.id/en/event/5' successfully

2023-02-11 13:12:20 - [TEST_STEP][PASSED] - verifyElementText(findTestObject("Event/Event Gallery TECHNOFEST 4.0"), "Event Gallery TECHNOFEST 4.0"): Actual text and expected text of test object 'Object Repository/Event/Event Gallery TECHNOFEST 4.0' are matched.

2023-02-11 13:12:21 - [MESSAGE][PASSED] - Actual text and expected text of test object 'Object Repository/Event/Event Gallery TECHNOFEST 4.0' are matched.]]></system-out>
         <system-err><![CDATA[]]></system-err>
      </testcase>
      <testcase name="Test Cases/Event/TC10_TECHNOFEST 5.0" time="2.731" classname="Test Cases/Event/TC10_TECHNOFEST 5.0" status="PASSED">
         <system-out><![CDATA[2023-02-11 13:12:21 - [TEST_CASE][PASSED] - Test Cases/Event/TC10_TECHNOFEST 5.0: Test Cases/Event/TC10_TECHNOFEST 5.0

2023-02-11 13:12:22 - [TEST_STEP][PASSED] - click(findTestObject("Event/Event")): Object: 'Object Repository/Event/Event' is clicked on

2023-02-11 13:12:23 - [MESSAGE][PASSED] - Object: 'Object Repository/Event/Event' is clicked on

2023-02-11 13:12:23 - [TEST_STEP][PASSED] - navigateToUrl("https://technofest.stiki.ac.id/en/event/6"): Navigate to 'https://technofest.stiki.ac.id/en/event/6' successfully

2023-02-11 13:12:23 - [MESSAGE][PASSED] - Navigate to 'https://technofest.stiki.ac.id/en/event/6' successfully

2023-02-11 13:12:23 - [TEST_STEP][PASSED] - verifyElementText(findTestObject("Event/Event Gallery TECHNOFEST 5.0"), "Event Gallery TECHNOFEST 5.0"): Actual text and expected text of test object 'Object Repository/Event/Event Gallery TECHNOFEST 5.0' are matched.

2023-02-11 13:12:24 - [MESSAGE][PASSED] - Actual text and expected text of test object 'Object Repository/Event/Event Gallery TECHNOFEST 5.0' are matched.]]></system-out>
         <system-err><![CDATA[]]></system-err>
      </testcase>
      <testcase name="Test Cases/Quizioner/TC11_Submit quizioner" time="13.77" classname="Test Cases/Quizioner/TC11_Submit quizioner" status="PASSED">
         <system-out><![CDATA[2023-02-11 13:12:24 - [TEST_CASE][PASSED] - Test Cases/Quizioner/TC11_Submit quizioner: Test Cases/Quizioner/TC11_Submit quizioner

2023-02-11 13:12:25 - [TEST_STEP][PASSED] - click(findTestObject("Quizioner/Quizioner")): Object: 'Object Repository/Quizioner/Quizioner' is clicked on

2023-02-11 13:12:27 - [MESSAGE][PASSED] - Object: 'Object Repository/Quizioner/Quizioner' is clicked on

2023-02-11 13:12:27 - [TEST_STEP][PASSED] - verifyElementText(findTestObject("Quizioner/Kuesioner"), "Kuesioner"): Actual text and expected text of test object 'Object Repository/Quizioner/Kuesioner' are matched.

2023-02-11 13:12:28 - [MESSAGE][PASSED] - Actual text and expected text of test object 'Object Repository/Quizioner/Kuesioner' are matched.

2023-02-11 13:12:28 - [TEST_STEP][PASSED] - setText(findTestObject("Quizioner/Q1"), "Alif"): Text 'Alif' is set on object 'Object Repository/Quizioner/Q1'

2023-02-11 13:12:30 - [MESSAGE][PASSED] - Text 'Alif' is set on object 'Object Repository/Quizioner/Q1'

2023-02-11 13:12:30 - [TEST_STEP][PASSED] - setText(findTestObject("Quizioner/Q2"), "Malang"): Text 'Malang' is set on object 'Object Repository/Quizioner/Q2'

2023-02-11 13:12:31 - [MESSAGE][PASSED] - Text 'Malang' is set on object 'Object Repository/Quizioner/Q2'

2023-02-11 13:12:31 - [TEST_STEP][PASSED] - click(findTestObject("Quizioner/Q3")): Object: 'Object Repository/Quizioner/Q3' is clicked on

2023-02-11 13:12:31 - [MESSAGE][PASSED] - Object: 'Object Repository/Quizioner/Q3' is clicked on

2023-02-11 13:12:31 - [TEST_STEP][PASSED] - click(findTestObject("Quizioner/Q4")): Object: 'Object Repository/Quizioner/Q4' is clicked on

2023-02-11 13:12:32 - [MESSAGE][PASSED] - Object: 'Object Repository/Quizioner/Q4' is clicked on

2023-02-11 13:12:32 - [TEST_STEP][PASSED] - click(findTestObject("Quizioner/Q5")): Object: 'Object Repository/Quizioner/Q5' is clicked on

2023-02-11 13:12:32 - [MESSAGE][PASSED] - Object: 'Object Repository/Quizioner/Q5' is clicked on

2023-02-11 13:12:32 - [TEST_STEP][PASSED] - click(findTestObject("Quizioner/Q6")): Object: 'Object Repository/Quizioner/Q6' is clicked on

2023-02-11 13:12:33 - [MESSAGE][PASSED] - Object: 'Object Repository/Quizioner/Q6' is clicked on

2023-02-11 13:12:33 - [TEST_STEP][PASSED] - click(findTestObject("Quizioner/Q7")): Object: 'Object Repository/Quizioner/Q7' is clicked on

2023-02-11 13:12:33 - [MESSAGE][PASSED] - Object: 'Object Repository/Quizioner/Q7' is clicked on

2023-02-11 13:12:33 - [TEST_STEP][PASSED] - click(findTestObject("Quizioner/Q8")): Object: 'Object Repository/Quizioner/Q8' is clicked on

2023-02-11 13:12:34 - [MESSAGE][PASSED] - Object: 'Object Repository/Quizioner/Q8' is clicked on

2023-02-11 13:12:34 - [TEST_STEP][PASSED] - click(findTestObject("Quizioner/Q9")): Object: 'Object Repository/Quizioner/Q9' is clicked on

2023-02-11 13:12:34 - [MESSAGE][PASSED] - Object: 'Object Repository/Quizioner/Q9' is clicked on

2023-02-11 13:12:34 - [TEST_STEP][PASSED] - setText(findTestObject("Quizioner/Q10"), "Mantap"): Text 'Mantap' is set on object 'Object Repository/Quizioner/Q10'

2023-02-11 13:12:35 - [MESSAGE][PASSED] - Text 'Mantap' is set on object 'Object Repository/Quizioner/Q10'

2023-02-11 13:12:35 - [TEST_STEP][PASSED] - click(findTestObject("Quizioner/Submit button")): Object: 'Object Repository/Quizioner/Submit button' is clicked on

2023-02-11 13:12:38 - [MESSAGE][PASSED] - Object: 'Object Repository/Quizioner/Submit button' is clicked on]]></system-out>
         <system-err><![CDATA[]]></system-err>
      </testcase>
      <testcase name="Test Cases/Archive/TC12_View archive" time="11.085" classname="Test Cases/Archive/TC12_View archive" status="PASSED">
         <system-out><![CDATA[2023-02-11 13:12:38 - [TEST_CASE][PASSED] - Test Cases/Archive/TC12_View archive: Test Cases/Archive/TC12_View archive

2023-02-11 13:12:39 - [TEST_STEP][PASSED] - click(findTestObject("Archive/Archive")): Object: 'Object Repository/Archive/Archive' is clicked on

2023-02-11 13:12:43 - [MESSAGE][PASSED] - Object: 'Object Repository/Archive/Archive' is clicked on

2023-02-11 13:12:43 - [TEST_STEP][PASSED] - verifyElementText(findTestObject("Archive/Project Archive"), "Project Archive"): Actual text and expected text of test object 'Object Repository/Archive/Project Archive' are matched.

2023-02-11 13:12:44 - [MESSAGE][PASSED] - Actual text and expected text of test object 'Object Repository/Archive/Project Archive' are matched.

2023-02-11 13:12:44 - [TEST_STEP][PASSED] - setText(findTestObject("Archive/Search"), "TECHNOFEST 1.0"): Text 'TECHNOFEST 1.0' is set on object 'Object Repository/Archive/Search'

2023-02-11 13:12:45 - [MESSAGE][PASSED] - Text 'TECHNOFEST 1.0' is set on object 'Object Repository/Archive/Search'

2023-02-11 13:12:45 - [TEST_STEP][PASSED] - click(findTestObject("Archive/Search button")): Object: 'Object Repository/Archive/Search button' is clicked on

2023-02-11 13:12:46 - [MESSAGE][PASSED] - Object: 'Object Repository/Archive/Search button' is clicked on

2023-02-11 13:12:46 - [TEST_STEP][PASSED] - click(findTestObject("Archive/See More button")): Object: 'Object Repository/Archive/See More button' is clicked on

2023-02-11 13:12:48 - [MESSAGE][PASSED] - Object: 'Object Repository/Archive/See More button' is clicked on

2023-02-11 13:12:48 - [TEST_STEP][PASSED] - closeBrowser(): Browser is closed

2023-02-11 13:12:49 - [MESSAGE][PASSED] - Browser is closed]]></system-out>
         <system-err><![CDATA[]]></system-err>
      </testcase>
      <system-out><![CDATA[2023-02-11 13:11:03 - [TEST_SUITE][PASSED] - TS01_Technofest Guest: Test Cases/Archive/TC12_View archive]]></system-out>
      <system-err><![CDATA[]]></system-err>
   </testsuite>
</testsuites>
